[1.316s] Invoking command in '/home/orin_nano/microros_ws/build/micro_ros_setup': CMAKE_PREFIX_PATH=${CMAKE_PREFIX_PATH}:/opt/ros/foxy /usr/bin/cmake --build /home/orin_nano/microros_ws/build/micro_ros_setup -- -j6 -l6
[1.540s] Invoked command in '/home/orin_nano/microros_ws/build/micro_ros_setup' returned '0': CMAKE_PREFIX_PATH=${CMAKE_PREFIX_PATH}:/opt/ros/foxy /usr/bin/cmake --build /home/orin_nano/microros_ws/build/micro_ros_setup -- -j6 -l6
[1.637s] Invoking command in '/home/orin_nano/microros_ws/build/micro_ros_setup': CMAKE_PREFIX_PATH=${CMAKE_PREFIX_PATH}:/opt/ros/foxy /usr/bin/cmake --install /home/orin_nano/microros_ws/build/micro_ros_setup
[1.737s] -- Install configuration: ""
[1.737s] -- Up-to-date: /home/orin_nano/microros_ws/install/micro_ros_setup/share/ament_index/resource_index/package_run_dependencies/micro_ros_setup
[1.737s] -- Up-to-date: /home/orin_nano/microros_ws/install/micro_ros_setup/share/ament_index/resource_index/parent_prefix_path/micro_ros_setup
[1.737s] -- Up-to-date: /home/orin_nano/microros_ws/install/micro_ros_setup/share/micro_ros_setup/environment/ament_prefix_path.sh
[1.738s] -- Up-to-date: /home/orin_nano/microros_ws/install/micro_ros_setup/share/micro_ros_setup/environment/ament_prefix_path.dsv
[1.738s] -- Up-to-date: /home/orin_nano/microros_ws/install/micro_ros_setup/share/micro_ros_setup/environment/path.sh
[1.738s] -- Up-to-date: /home/orin_nano/microros_ws/install/micro_ros_setup/share/micro_ros_setup/environment/path.dsv
[1.738s] -- Up-to-date: /home/orin_nano/microros_ws/install/micro_ros_setup/share/micro_ros_setup/local_setup.bash
[1.739s] -- Up-to-date: /home/orin_nano/microros_ws/install/micro_ros_setup/share/micro_ros_setup/local_setup.sh
[1.739s] -- Up-to-date: /home/orin_nano/microros_ws/install/micro_ros_setup/share/micro_ros_setup/local_setup.zsh
[1.739s] -- Up-to-date: /home/orin_nano/microros_ws/install/micro_ros_setup/share/micro_ros_setup/local_setup.dsv
[1.739s] -- Installing: /home/orin_nano/microros_ws/install/micro_ros_setup/share/micro_ros_setup/package.dsv
[1.740s] -- Up-to-date: /home/orin_nano/microros_ws/install/micro_ros_setup/share/ament_index/resource_index/packages/micro_ros_setup
[1.740s] -- Up-to-date: /home/orin_nano/microros_ws/install/micro_ros_setup/share/micro_ros_setup/cmake/micro_ros_setupConfig.cmake
[1.740s] -- Up-to-date: /home/orin_nano/microros_ws/install/micro_ros_setup/share/micro_ros_setup/cmake/micro_ros_setupConfig-version.cmake
[1.740s] -- Up-to-date: /home/orin_nano/microros_ws/install/micro_ros_setup/share/micro_ros_setup/package.xml
[1.740s] -- Up-to-date: /home/orin_nano/microros_ws/install/micro_ros_setup/./config
[1.741s] -- Up-to-date: /home/orin_nano/microros_ws/install/micro_ros_setup/./config/agent_ros2_packages.txt
[1.741s] -- Up-to-date: /home/orin_nano/microros_ws/install/micro_ros_setup/./config/client_ros2_packages.txt
[1.741s] -- Up-to-date: /home/orin_nano/microros_ws/install/micro_ros_setup/./config/host
[1.741s] -- Up-to-date: /home/orin_nano/microros_ws/install/micro_ros_setup/./config/host/client_ros2_packages.txt
[1.741s] -- Up-to-date: /home/orin_nano/microros_ws/install/micro_ros_setup/./config/host/dev_ros2_packages.txt
[1.741s] -- Up-to-date: /home/orin_nano/microros_ws/install/micro_ros_setup/./config/host/generic
[1.741s] -- Up-to-date: /home/orin_nano/microros_ws/install/micro_ros_setup/./config/host/generic/reset.sh
[1.749s] -- Up-to-date: /home/orin_nano/microros_ws/install/micro_ros_setup/./config/host/generic/flash.sh
[1.749s] -- Up-to-date: /home/orin_nano/microros_ws/install/micro_ros_setup/./config/host/generic/package.xml
[1.749s] -- Up-to-date: /home/orin_nano/microros_ws/install/micro_ros_setup/./config/host/generic/build.sh
[1.749s] -- Up-to-date: /home/orin_nano/microros_ws/install/micro_ros_setup/./config/host/generic/client-host-colcon.meta
[1.749s] -- Up-to-date: /home/orin_nano/microros_ws/install/micro_ros_setup/./config/host/generic/client_host_packages.repos
[1.757s] -- Up-to-date: /home/orin_nano/microros_ws/install/micro_ros_setup/./config/host/generic/create.sh
[1.757s] -- Up-to-date: /home/orin_nano/microros_ws/install/micro_ros_setup/./config/host/dev_uros_packages.repos
[1.758s] -- Up-to-date: /home/orin_nano/microros_ws/install/micro_ros_setup/./config/generate_lib
[1.758s] -- Up-to-date: /home/orin_nano/microros_ws/install/micro_ros_setup/./config/generate_lib/dev_ros2_packages.txt
[1.758s] -- Up-to-date: /home/orin_nano/microros_ws/install/micro_ros_setup/./config/generate_lib/generic
[1.758s] -- Up-to-date: /home/orin_nano/microros_ws/install/micro_ros_setup/./config/generate_lib/generic/flash.sh
[1.758s] -- Up-to-date: /home/orin_nano/microros_ws/install/micro_ros_setup/./config/generate_lib/generic/client-colcon.meta
[1.758s] -- Up-to-date: /home/orin_nano/microros_ws/install/micro_ros_setup/./config/generate_lib/generic/package.xml
[1.758s] -- Up-to-date: /home/orin_nano/microros_ws/install/micro_ros_setup/./config/generate_lib/generic/client_uros_packages.repos
[1.759s] -- Up-to-date: /home/orin_nano/microros_ws/install/micro_ros_setup/./config/generate_lib/generic/build.sh
[1.760s] -- Up-to-date: /home/orin_nano/microros_ws/install/micro_ros_setup/./config/generate_lib/generic/demo_toolchain.cmake
[1.760s] -- Up-to-date: /home/orin_nano/microros_ws/install/micro_ros_setup/./config/generate_lib/generic/create.sh
[1.760s] -- Up-to-date: /home/orin_nano/microros_ws/install/micro_ros_setup/./config/generate_lib/dev_uros_packages.repos
[1.760s] -- Up-to-date: /home/orin_nano/microros_ws/install/micro_ros_setup/./config/utils.sh
[1.760s] -- Up-to-date: /home/orin_nano/microros_ws/install/micro_ros_setup/./config/client_uros_packages.repos
[1.760s] -- Up-to-date: /home/orin_nano/microros_ws/install/micro_ros_setup/./config/renesas_ra
[1.760s] -- Up-to-date: /home/orin_nano/microros_ws/install/micro_ros_setup/./config/renesas_ra/ra6m5
[1.760s] -- Up-to-date: /home/orin_nano/microros_ws/install/micro_ros_setup/./config/renesas_ra/ra6m5/flash.sh
[1.761s] -- Up-to-date: /home/orin_nano/microros_ws/install/micro_ros_setup/./config/renesas_ra/ra6m5/client-colcon.meta
[1.761s] -- Up-to-date: /home/orin_nano/microros_ws/install/micro_ros_setup/./config/renesas_ra/ra6m5/client_uros_packages.repos
[1.761s] -- Up-to-date: /home/orin_nano/microros_ws/install/micro_ros_setup/./config/renesas_ra/ra6m5/configure.sh
[1.761s] -- Up-to-date: /home/orin_nano/microros_ws/install/micro_ros_setup/./config/renesas_ra/ra6m5/board.repos
[1.761s] -- Up-to-date: /home/orin_nano/microros_ws/install/micro_ros_setup/./config/renesas_ra/ra6m5/build.sh
[1.761s] -- Up-to-date: /home/orin_nano/microros_ws/install/micro_ros_setup/./config/renesas_ra/ra6m5/create.sh
[1.761s] -- Up-to-date: /home/orin_nano/microros_ws/install/micro_ros_setup/./config/renesas_ra/dev_ros2_packages.txt
[1.762s] -- Up-to-date: /home/orin_nano/microros_ws/install/micro_ros_setup/./config/renesas_ra/list_apps.sh
[1.762s] -- Up-to-date: /home/orin_nano/microros_ws/install/micro_ros_setup/./config/renesas_ra/dev_uros_packages.repos
[1.762s] -- Up-to-date: /home/orin_nano/microros_ws/install/micro_ros_setup/./config/zephyr
[1.762s] -- Up-to-date: /home/orin_nano/microros_ws/install/micro_ros_setup/./config/zephyr/dev_ros2_packages.txt
[1.762s] -- Up-to-date: /home/orin_nano/microros_ws/install/micro_ros_setup/./config/zephyr/generic
[1.762s] -- Up-to-date: /home/orin_nano/microros_ws/install/micro_ros_setup/./config/zephyr/generic/reset.sh
[1.762s] -- Up-to-date: /home/orin_nano/microros_ws/install/micro_ros_setup/./config/zephyr/generic/flash.sh
[1.762s] -- Up-to-date: /home/orin_nano/microros_ws/install/micro_ros_setup/./config/zephyr/generic/client-colcon.meta
[1.763s] -- Up-to-date: /home/orin_nano/microros_ws/install/micro_ros_setup/./config/zephyr/generic/supported_platforms
[1.763s] -- Up-to-date: /home/orin_nano/microros_ws/install/micro_ros_setup/./config/zephyr/generic/package.xml
[1.763s] -- Up-to-date: /home/orin_nano/microros_ws/install/micro_ros_setup/./config/zephyr/generic/client_uros_packages.repos
[1.763s] -- Up-to-date: /home/orin_nano/microros_ws/install/micro_ros_setup/./config/zephyr/generic/configure.sh
[1.763s] -- Up-to-date: /home/orin_nano/microros_ws/install/micro_ros_setup/./config/zephyr/generic/board.repos
[1.763s] -- Up-to-date: /home/orin_nano/microros_ws/install/micro_ros_setup/./config/zephyr/generic/build.sh
[1.763s] -- Up-to-date: /home/orin_nano/microros_ws/install/micro_ros_setup/./config/zephyr/generic/create.sh
[1.763s] -- Up-to-date: /home/orin_nano/microros_ws/install/micro_ros_setup/./config/zephyr/list_apps.sh
[1.764s] -- Up-to-date: /home/orin_nano/microros_ws/install/micro_ros_setup/./config/zephyr/dev_uros_packages.repos
[1.764s] -- Up-to-date: /home/orin_nano/microros_ws/install/micro_ros_setup/./config/raspbian
[1.764s] -- Up-to-date: /home/orin_nano/microros_ws/install/micro_ros_setup/./config/raspbian/dev_ros2_packages.txt
[1.764s] -- Up-to-date: /home/orin_nano/microros_ws/install/micro_ros_setup/./config/raspbian/generic
[1.764s] -- Up-to-date: /home/orin_nano/microros_ws/install/micro_ros_setup/./config/raspbian/generic/flash.sh
[1.764s] -- Up-to-date: /home/orin_nano/microros_ws/install/micro_ros_setup/./config/raspbian/generic/client-colcon.meta
[1.764s] -- Up-to-date: /home/orin_nano/microros_ws/install/micro_ros_setup/./config/raspbian/generic/supported_platforms
[1.764s] -- Up-to-date: /home/orin_nano/microros_ws/install/micro_ros_setup/./config/raspbian/generic/client_uros_packages.repos
[1.765s] -- Up-to-date: /home/orin_nano/microros_ws/install/micro_ros_setup/./config/raspbian/generic/configure.sh
[1.765s] -- Up-to-date: /home/orin_nano/microros_ws/install/micro_ros_setup/./config/raspbian/generic/build.sh
[1.765s] -- Up-to-date: /home/orin_nano/microros_ws/install/micro_ros_setup/./config/raspbian/generic/create.sh
[1.765s] -- Up-to-date: /home/orin_nano/microros_ws/install/micro_ros_setup/./config/raspbian/dev_uros_packages.repos
[1.765s] -- Up-to-date: /home/orin_nano/microros_ws/install/micro_ros_setup/./config/nuttx
[1.765s] -- Up-to-date: /home/orin_nano/microros_ws/install/micro_ros_setup/./config/nuttx/dev_ros2_packages.txt
[1.765s] -- Up-to-date: /home/orin_nano/microros_ws/install/micro_ros_setup/./config/nuttx/generic
[1.766s] -- Up-to-date: /home/orin_nano/microros_ws/install/micro_ros_setup/./config/nuttx/generic/reset.sh
[1.766s] -- Up-to-date: /home/orin_nano/microros_ws/install/micro_ros_setup/./config/nuttx/generic/uros_packages.repos
[1.766s] -- Up-to-date: /home/orin_nano/microros_ws/install/micro_ros_setup/./config/nuttx/generic/flash.sh
[1.766s] -- Up-to-date: /home/orin_nano/microros_ws/install/micro_ros_setup/./config/nuttx/generic/client-colcon.meta
[1.766s] -- Up-to-date: /home/orin_nano/microros_ws/install/micro_ros_setup/./config/nuttx/generic/supported_platforms
[1.766s] -- Up-to-date: /home/orin_nano/microros_ws/install/micro_ros_setup/./config/nuttx/generic/package.xml
[1.766s] -- Up-to-date: /home/orin_nano/microros_ws/install/micro_ros_setup/./config/nuttx/generic/client_uros_packages.repos
[1.766s] -- Up-to-date: /home/orin_nano/microros_ws/install/micro_ros_setup/./config/nuttx/generic/configure.sh
[1.767s] -- Up-to-date: /home/orin_nano/microros_ws/install/micro_ros_setup/./config/nuttx/generic/build.sh
[1.767s] -- Up-to-date: /home/orin_nano/microros_ws/install/micro_ros_setup/./config/nuttx/generic/create.sh
[1.767s] -- Up-to-date: /home/orin_nano/microros_ws/install/micro_ros_setup/./config/nuttx/dev_uros_packages.repos
[1.767s] -- Up-to-date: /home/orin_nano/microros_ws/install/micro_ros_setup/./config/agent_uros_packages.repos
[1.767s] -- Up-to-date: /home/orin_nano/microros_ws/install/micro_ros_setup/./config/freertos
[1.767s] -- Up-to-date: /home/orin_nano/microros_ws/install/micro_ros_setup/./config/freertos/nucleo_f767zi
[1.767s] -- Up-to-date: /home/orin_nano/microros_ws/install/micro_ros_setup/./config/freertos/nucleo_f767zi/reset.sh
[1.767s] -- Up-to-date: /home/orin_nano/microros_ws/install/micro_ros_setup/./config/freertos/nucleo_f767zi/flash.sh
[1.768s] -- Up-to-date: /home/orin_nano/microros_ws/install/micro_ros_setup/./config/freertos/nucleo_f767zi/client-colcon.meta
[1.768s] -- Up-to-date: /home/orin_nano/microros_ws/install/micro_ros_setup/./config/freertos/nucleo_f767zi/package.xml
[1.768s] -- Up-to-date: /home/orin_nano/microros_ws/install/micro_ros_setup/./config/freertos/nucleo_f767zi/client_uros_packages.repos
[1.768s] -- Up-to-date: /home/orin_nano/microros_ws/install/micro_ros_setup/./config/freertos/nucleo_f767zi/configure.sh
[1.768s] -- Up-to-date: /home/orin_nano/microros_ws/install/micro_ros_setup/./config/freertos/nucleo_f767zi/board.repos
[1.768s] -- Up-to-date: /home/orin_nano/microros_ws/install/micro_ros_setup/./config/freertos/nucleo_f767zi/build.sh
[1.768s] -- Up-to-date: /home/orin_nano/microros_ws/install/micro_ros_setup/./config/freertos/nucleo_f767zi/create.sh
[1.768s] -- Up-to-date: /home/orin_nano/microros_ws/install/micro_ros_setup/./config/freertos/olimex-stm32-e407
[1.768s] -- Up-to-date: /home/orin_nano/microros_ws/install/micro_ros_setup/./config/freertos/olimex-stm32-e407/reset.sh
[1.769s] -- Up-to-date: /home/orin_nano/microros_ws/install/micro_ros_setup/./config/freertos/olimex-stm32-e407/flash.sh
[1.769s] -- Up-to-date: /home/orin_nano/microros_ws/install/micro_ros_setup/./config/freertos/olimex-stm32-e407/client-colcon.meta
[1.769s] -- Up-to-date: /home/orin_nano/microros_ws/install/micro_ros_setup/./config/freertos/olimex-stm32-e407/package.xml
[1.782s] -- Up-to-date: /home/orin_nano/microros_ws/install/micro_ros_setup/./config/freertos/olimex-stm32-e407/client_uros_packages.repos
[1.782s] -- Up-to-date: /home/orin_nano/microros_ws/install/micro_ros_setup/./config/freertos/olimex-stm32-e407/configure.sh
[1.783s] -- Up-to-date: /home/orin_nano/microros_ws/install/micro_ros_setup/./config/freertos/olimex-stm32-e407/board.repos
[1.784s] -- Up-to-date: /home/orin_nano/microros_ws/install/micro_ros_setup/./config/freertos/olimex-stm32-e407/build.sh
[1.784s] -- Up-to-date: /home/orin_nano/microros_ws/install/micro_ros_setup/./config/freertos/olimex-stm32-e407/create.sh
[1.785s] -- Up-to-date: /home/orin_nano/microros_ws/install/micro_ros_setup/./config/freertos/esp32
[1.786s] -- Up-to-date: /home/orin_nano/microros_ws/install/micro_ros_setup/./config/freertos/esp32/flash.sh
[1.786s] -- Up-to-date: /home/orin_nano/microros_ws/install/micro_ros_setup/./config/freertos/esp32/client-colcon.meta
[1.787s] -- Up-to-date: /home/orin_nano/microros_ws/install/micro_ros_setup/./config/freertos/esp32/package.xml
[1.788s] -- Up-to-date: /home/orin_nano/microros_ws/install/micro_ros_setup/./config/freertos/esp32/client_uros_packages.repos
[1.789s] -- Up-to-date: /home/orin_nano/microros_ws/install/micro_ros_setup/./config/freertos/esp32/configure.sh
[1.789s] -- Up-to-date: /home/orin_nano/microros_ws/install/micro_ros_setup/./config/freertos/esp32/board.repos
[1.790s] -- Up-to-date: /home/orin_nano/microros_ws/install/micro_ros_setup/./config/freertos/esp32/README.md
[1.790s] -- Up-to-date: /home/orin_nano/microros_ws/install/micro_ros_setup/./config/freertos/esp32/build.sh
[1.791s] -- Up-to-date: /home/orin_nano/microros_ws/install/micro_ros_setup/./config/freertos/esp32/create.sh
[1.792s] -- Up-to-date: /home/orin_nano/microros_ws/install/micro_ros_setup/./config/freertos/crazyflie21
[1.792s] -- Up-to-date: /home/orin_nano/microros_ws/install/micro_ros_setup/./config/freertos/crazyflie21/flash.sh
[1.793s] -- Up-to-date: /home/orin_nano/microros_ws/install/micro_ros_setup/./config/freertos/crazyflie21/client-colcon.meta
[1.794s] -- Up-to-date: /home/orin_nano/microros_ws/install/micro_ros_setup/./config/freertos/crazyflie21/package.xml
[1.794s] -- Up-to-date: /home/orin_nano/microros_ws/install/micro_ros_setup/./config/freertos/crazyflie21/client_uros_packages.repos
[1.795s] -- Up-to-date: /home/orin_nano/microros_ws/install/micro_ros_setup/./config/freertos/crazyflie21/configure.sh
[1.795s] -- Up-to-date: /home/orin_nano/microros_ws/install/micro_ros_setup/./config/freertos/crazyflie21/board.repos
[1.796s] -- Up-to-date: /home/orin_nano/microros_ws/install/micro_ros_setup/./config/freertos/crazyflie21/build.sh
[1.797s] -- Up-to-date: /home/orin_nano/microros_ws/install/micro_ros_setup/./config/freertos/crazyflie21/create.sh
[1.798s] -- Up-to-date: /home/orin_nano/microros_ws/install/micro_ros_setup/./config/freertos/dev_ros2_packages.txt
[1.798s] -- Up-to-date: /home/orin_nano/microros_ws/install/micro_ros_setup/./config/freertos/nucleo_f446ze
[1.799s] -- Up-to-date: /home/orin_nano/microros_ws/install/micro_ros_setup/./config/freertos/nucleo_f446ze/reset.sh
[1.800s] -- Up-to-date: /home/orin_nano/microros_ws/install/micro_ros_setup/./config/freertos/nucleo_f446ze/flash.sh
[1.800s] -- Up-to-date: /home/orin_nano/microros_ws/install/micro_ros_setup/./config/freertos/nucleo_f446ze/client-colcon.meta
[1.801s] -- Up-to-date: /home/orin_nano/microros_ws/install/micro_ros_setup/./config/freertos/nucleo_f446ze/package.xml
[1.802s] -- Up-to-date: /home/orin_nano/microros_ws/install/micro_ros_setup/./config/freertos/nucleo_f446ze/client_uros_packages.repos
[1.803s] -- Up-to-date: /home/orin_nano/microros_ws/install/micro_ros_setup/./config/freertos/nucleo_f446ze/configure.sh
[1.803s] -- Up-to-date: /home/orin_nano/microros_ws/install/micro_ros_setup/./config/freertos/nucleo_f446ze/board.repos
[1.803s] -- Up-to-date: /home/orin_nano/microros_ws/install/micro_ros_setup/./config/freertos/nucleo_f446ze/build.sh
[1.803s] -- Up-to-date: /home/orin_nano/microros_ws/install/micro_ros_setup/./config/freertos/nucleo_f446ze/create.sh
[1.803s] -- Up-to-date: /home/orin_nano/microros_ws/install/micro_ros_setup/./config/freertos/nucleo_f446re
[1.803s] -- Up-to-date: /home/orin_nano/microros_ws/install/micro_ros_setup/./config/freertos/nucleo_f446re/reset.sh
[1.803s] -- Up-to-date: /home/orin_nano/microros_ws/install/micro_ros_setup/./config/freertos/nucleo_f446re/flash.sh
[1.804s] -- Up-to-date: /home/orin_nano/microros_ws/install/micro_ros_setup/./config/freertos/nucleo_f446re/client-colcon.meta
[1.804s] -- Up-to-date: /home/orin_nano/microros_ws/install/micro_ros_setup/./config/freertos/nucleo_f446re/package.xml
[1.804s] -- Up-to-date: /home/orin_nano/microros_ws/install/micro_ros_setup/./config/freertos/nucleo_f446re/client_uros_packages.repos
[1.804s] -- Up-to-date: /home/orin_nano/microros_ws/install/micro_ros_setup/./config/freertos/nucleo_f446re/configure.sh
[1.805s] -- Up-to-date: /home/orin_nano/microros_ws/install/micro_ros_setup/./config/freertos/nucleo_f446re/board.repos
[1.809s] -- Up-to-date: /home/orin_nano/microros_ws/install/micro_ros_setup/./config/freertos/nucleo_f446re/build.sh
[1.810s] -- Up-to-date: /home/orin_nano/microros_ws/install/micro_ros_setup/./config/freertos/nucleo_f446re/create.sh
[1.811s] -- Up-to-date: /home/orin_nano/microros_ws/install/micro_ros_setup/./config/freertos/list_apps.sh
[1.811s] -- Up-to-date: /home/orin_nano/microros_ws/install/micro_ros_setup/./config/freertos/dev_uros_packages.repos
[1.811s] -- Up-to-date: /home/orin_nano/microros_ws/install/micro_ros_setup/./config/freertos/nucleo_f746zg
[1.811s] -- Up-to-date: /home/orin_nano/microros_ws/install/micro_ros_setup/./config/freertos/nucleo_f746zg/reset.sh
[1.813s] -- Up-to-date: /home/orin_nano/microros_ws/install/micro_ros_setup/./config/freertos/nucleo_f746zg/flash.sh
[1.813s] -- Up-to-date: /home/orin_nano/microros_ws/install/micro_ros_setup/./config/freertos/nucleo_f746zg/client-colcon.meta
[1.813s] -- Up-to-date: /home/orin_nano/microros_ws/install/micro_ros_setup/./config/freertos/nucleo_f746zg/package.xml
[1.813s] -- Up-to-date: /home/orin_nano/microros_ws/install/micro_ros_setup/./config/freertos/nucleo_f746zg/client_uros_packages.repos
[1.814s] -- Up-to-date: /home/orin_nano/microros_ws/install/micro_ros_setup/./config/freertos/nucleo_f746zg/configure.sh
[1.814s] -- Up-to-date: /home/orin_nano/microros_ws/install/micro_ros_setup/./config/freertos/nucleo_f746zg/board.repos
[1.814s] -- Up-to-date: /home/orin_nano/microros_ws/install/micro_ros_setup/./config/freertos/nucleo_f746zg/build.sh
[1.815s] -- Up-to-date: /home/orin_nano/microros_ws/install/micro_ros_setup/./config/freertos/nucleo_f746zg/create.sh
[1.815s] -- Up-to-date: /home/orin_nano/microros_ws/install/micro_ros_setup/lib/micro_ros_setup/create_ws.sh
[1.815s] -- Up-to-date: /home/orin_nano/microros_ws/install/micro_ros_setup/lib/micro_ros_setup/create_agent_ws.sh
[1.816s] -- Up-to-date: /home/orin_nano/microros_ws/install/micro_ros_setup/lib/micro_ros_setup/create_firmware_ws.sh
[1.816s] -- Up-to-date: /home/orin_nano/microros_ws/install/micro_ros_setup/lib/micro_ros_setup/configure_firmware.sh
[1.816s] -- Up-to-date: /home/orin_nano/microros_ws/install/micro_ros_setup/lib/micro_ros_setup/flash_firmware.sh
[1.816s] -- Up-to-date: /home/orin_nano/microros_ws/install/micro_ros_setup/lib/micro_ros_setup/reset_firmware.sh
[1.816s] -- Up-to-date: /home/orin_nano/microros_ws/install/micro_ros_setup/lib/micro_ros_setup/build_firmware.sh
[1.816s] -- Up-to-date: /home/orin_nano/microros_ws/install/micro_ros_setup/lib/micro_ros_setup/build_agent.sh
[1.817s] -- Up-to-date: /home/orin_nano/microros_ws/install/micro_ros_setup/lib/micro_ros_setup/yaml_filter.py
[1.817s] -- Up-to-date: /home/orin_nano/microros_ws/install/micro_ros_setup/lib/micro_ros_setup/clean_env.sh
[2.960s] Invoked command in '/home/orin_nano/microros_ws/build/micro_ros_setup' returned '0': CMAKE_PREFIX_PATH=${CMAKE_PREFIX_PATH}:/opt/ros/foxy /usr/bin/cmake --install /home/orin_nano/microros_ws/build/micro_ros_setup
