[13.418s] DEBUG:colcon:Command line arguments: ['/usr/bin/colcon', 'build']
[13.419s] DEBUG:colcon:Parsed command line arguments: Namespace(allow_overriding=[], ament_cmake_args=None, base_paths=['.'], build_base='build', catkin_cmake_args=None, catkin_skip_building_tests=False, cmake_args=None, cmake_clean_cache=False, cmake_clean_first=False, cmake_force_configure=False, cmake_target=None, cmake_target_skip_unavailable=False, continue_on_error=False, event_handlers=None, executor='parallel', ignore_user_meta=False, install_base='install', log_base=None, log_level=None, main=<bound method BuildVerb.main of <colcon_core.verb.build.BuildVerb object at 0xffff95f58dc0>>, merge_install=False, metas=['./colcon.meta'], packages_above=None, packages_above_and_dependencies=None, packages_above_depth=None, packages_end=None, packages_ignore=None, packages_ignore_regex=None, packages_select=None, packages_select_build_failed=False, packages_select_by_dep=None, packages_select_regex=None, packages_select_test_failures=False, packages_skip=None, packages_skip_build_finished=False, packages_skip_by_dep=None, packages_skip_regex=None, packages_skip_test_passed=False, packages_skip_up_to=None, packages_start=None, packages_up_to=None, packages_up_to_regex=None, parallel_workers=6, paths=None, symlink_install=False, test_result_base=None, verb_extension=<colcon_core.verb.build.BuildVerb object at 0xffff95f58dc0>, verb_name='build', verb_parser=<colcon_defaults.argument_parser.defaults.DefaultArgumentsDecorator object at 0xffff95e927c0>)
[13.946s] Level 1:colcon.colcon_core.package_discovery:discover_packages(colcon_meta) check parameters
[13.946s] Level 1:colcon.colcon_core.package_discovery:discover_packages(recursive) check parameters
[13.946s] Level 1:colcon.colcon_core.package_discovery:discover_packages(ignore) check parameters
[13.946s] Level 1:colcon.colcon_core.package_discovery:discover_packages(path) check parameters
[13.946s] Level 1:colcon.colcon_core.package_discovery:discover_packages(colcon_meta) discover
[13.946s] Level 1:colcon.colcon_core.package_discovery:discover_packages(recursive) discover
[13.947s] INFO:colcon.colcon_core.package_discovery:Crawling recursively for packages in '/home/orin_nano/microros_ws'
[13.947s] Level 1:colcon.colcon_core.package_identification:_identify(.) by extensions ['ignore', 'ignore_ament_install']
[13.947s] Level 1:colcon.colcon_core.package_identification:_identify(.) by extension 'ignore'
[13.947s] Level 1:colcon.colcon_core.package_identification:_identify(.) by extension 'ignore_ament_install'
[13.947s] Level 1:colcon.colcon_core.package_identification:_identify(.) by extensions ['colcon_pkg']
[13.947s] Level 1:colcon.colcon_core.package_identification:_identify(.) by extension 'colcon_pkg'
[13.948s] Level 1:colcon.colcon_core.package_identification:_identify(.) by extensions ['colcon_meta']
[13.948s] Level 1:colcon.colcon_core.package_identification:_identify(.) by extension 'colcon_meta'
[13.948s] Level 1:colcon.colcon_core.package_identification:_identify(.) by extensions ['ros']
[13.948s] Level 1:colcon.colcon_core.package_identification:_identify(.) by extension 'ros'
[13.969s] Level 1:colcon.colcon_core.package_identification:_identify(.) by extensions ['cmake', 'python']
[13.969s] Level 1:colcon.colcon_core.package_identification:_identify(.) by extension 'cmake'
[13.970s] Level 1:colcon.colcon_core.package_identification:_identify(.) by extension 'python'
[13.970s] Level 1:colcon.colcon_core.package_identification:_identify(.) by extensions ['python_setup_py']
[13.970s] Level 1:colcon.colcon_core.package_identification:_identify(.) by extension 'python_setup_py'
[13.970s] Level 1:colcon.colcon_core.package_identification:_identify(build) by extensions ['ignore', 'ignore_ament_install']
[13.970s] Level 1:colcon.colcon_core.package_identification:_identify(build) by extension 'ignore'
[13.970s] Level 1:colcon.colcon_core.package_identification:_identify(build) ignored
[13.971s] Level 1:colcon.colcon_core.package_identification:_identify(install) by extensions ['ignore', 'ignore_ament_install']
[13.971s] Level 1:colcon.colcon_core.package_identification:_identify(install) by extension 'ignore'
[13.971s] Level 1:colcon.colcon_core.package_identification:_identify(install) ignored
[13.971s] Level 1:colcon.colcon_core.package_identification:_identify(log) by extensions ['ignore', 'ignore_ament_install']
[13.972s] Level 1:colcon.colcon_core.package_identification:_identify(log) by extension 'ignore'
[13.972s] Level 1:colcon.colcon_core.package_identification:_identify(log) ignored
[13.972s] Level 1:colcon.colcon_core.package_identification:_identify(micro_ros_msgs) by extensions ['ignore', 'ignore_ament_install']
[13.972s] Level 1:colcon.colcon_core.package_identification:_identify(micro_ros_msgs) by extension 'ignore'
[13.972s] Level 1:colcon.colcon_core.package_identification:_identify(micro_ros_msgs) by extension 'ignore_ament_install'
[13.972s] Level 1:colcon.colcon_core.package_identification:_identify(micro_ros_msgs) by extensions ['colcon_pkg']
[13.972s] Level 1:colcon.colcon_core.package_identification:_identify(micro_ros_msgs) by extension 'colcon_pkg'
[13.972s] Level 1:colcon.colcon_core.package_identification:_identify(micro_ros_msgs) by extensions ['colcon_meta']
[13.973s] Level 1:colcon.colcon_core.package_identification:_identify(micro_ros_msgs) by extension 'colcon_meta'
[13.973s] Level 1:colcon.colcon_core.package_identification:_identify(micro_ros_msgs) by extensions ['ros']
[13.973s] Level 1:colcon.colcon_core.package_identification:_identify(micro_ros_msgs) by extension 'ros'
[13.973s] Level 1:colcon.colcon_core.package_identification:_identify(micro_ros_msgs) by extensions ['cmake', 'python']
[13.973s] Level 1:colcon.colcon_core.package_identification:_identify(micro_ros_msgs) by extension 'cmake'
[13.973s] Level 1:colcon.colcon_core.package_identification:_identify(micro_ros_msgs) by extension 'python'
[13.973s] Level 1:colcon.colcon_core.package_identification:_identify(micro_ros_msgs) by extensions ['python_setup_py']
[13.973s] Level 1:colcon.colcon_core.package_identification:_identify(micro_ros_msgs) by extension 'python_setup_py'
[13.973s] Level 1:colcon.colcon_core.package_identification:_identify(micro_ros_msgs/msg) by extensions ['ignore', 'ignore_ament_install']
[13.974s] Level 1:colcon.colcon_core.package_identification:_identify(micro_ros_msgs/msg) by extension 'ignore'
[13.974s] Level 1:colcon.colcon_core.package_identification:_identify(micro_ros_msgs/msg) by extension 'ignore_ament_install'
[13.974s] Level 1:colcon.colcon_core.package_identification:_identify(micro_ros_msgs/msg) by extensions ['colcon_pkg']
[13.974s] Level 1:colcon.colcon_core.package_identification:_identify(micro_ros_msgs/msg) by extension 'colcon_pkg'
[13.974s] Level 1:colcon.colcon_core.package_identification:_identify(micro_ros_msgs/msg) by extensions ['colcon_meta']
[13.974s] Level 1:colcon.colcon_core.package_identification:_identify(micro_ros_msgs/msg) by extension 'colcon_meta'
[13.974s] Level 1:colcon.colcon_core.package_identification:_identify(micro_ros_msgs/msg) by extensions ['ros']
[13.974s] Level 1:colcon.colcon_core.package_identification:_identify(micro_ros_msgs/msg) by extension 'ros'
[13.974s] Level 1:colcon.colcon_core.package_identification:_identify(micro_ros_msgs/msg) by extensions ['cmake', 'python']
[13.974s] Level 1:colcon.colcon_core.package_identification:_identify(micro_ros_msgs/msg) by extension 'cmake'
[13.975s] Level 1:colcon.colcon_core.package_identification:_identify(micro_ros_msgs/msg) by extension 'python'
[13.975s] Level 1:colcon.colcon_core.package_identification:_identify(micro_ros_msgs/msg) by extensions ['python_setup_py']
[13.975s] Level 1:colcon.colcon_core.package_identification:_identify(micro_ros_msgs/msg) by extension 'python_setup_py'
[13.975s] Level 1:colcon.colcon_core.package_identification:_identify(micro_ros_msgs/msg/detail) by extensions ['ignore', 'ignore_ament_install']
[13.975s] Level 1:colcon.colcon_core.package_identification:_identify(micro_ros_msgs/msg/detail) by extension 'ignore'
[13.975s] Level 1:colcon.colcon_core.package_identification:_identify(micro_ros_msgs/msg/detail) by extension 'ignore_ament_install'
[13.975s] Level 1:colcon.colcon_core.package_identification:_identify(micro_ros_msgs/msg/detail) by extensions ['colcon_pkg']
[13.975s] Level 1:colcon.colcon_core.package_identification:_identify(micro_ros_msgs/msg/detail) by extension 'colcon_pkg'
[13.976s] Level 1:colcon.colcon_core.package_identification:_identify(micro_ros_msgs/msg/detail) by extensions ['colcon_meta']
[13.976s] Level 1:colcon.colcon_core.package_identification:_identify(micro_ros_msgs/msg/detail) by extension 'colcon_meta'
[13.976s] Level 1:colcon.colcon_core.package_identification:_identify(micro_ros_msgs/msg/detail) by extensions ['ros']
[13.976s] Level 1:colcon.colcon_core.package_identification:_identify(micro_ros_msgs/msg/detail) by extension 'ros'
[13.976s] Level 1:colcon.colcon_core.package_identification:_identify(micro_ros_msgs/msg/detail) by extensions ['cmake', 'python']
[13.976s] Level 1:colcon.colcon_core.package_identification:_identify(micro_ros_msgs/msg/detail) by extension 'cmake'
[13.976s] Level 1:colcon.colcon_core.package_identification:_identify(micro_ros_msgs/msg/detail) by extension 'python'
[13.976s] Level 1:colcon.colcon_core.package_identification:_identify(micro_ros_msgs/msg/detail) by extensions ['python_setup_py']
[13.976s] Level 1:colcon.colcon_core.package_identification:_identify(micro_ros_msgs/msg/detail) by extension 'python_setup_py'
[13.976s] Level 1:colcon.colcon_core.package_identification:_identify(micro_ros_setup) by extensions ['ignore', 'ignore_ament_install']
[13.977s] Level 1:colcon.colcon_core.package_identification:_identify(micro_ros_setup) by extension 'ignore'
[13.977s] Level 1:colcon.colcon_core.package_identification:_identify(micro_ros_setup) by extension 'ignore_ament_install'
[13.977s] Level 1:colcon.colcon_core.package_identification:_identify(micro_ros_setup) by extensions ['colcon_pkg']
[13.977s] Level 1:colcon.colcon_core.package_identification:_identify(micro_ros_setup) by extension 'colcon_pkg'
[13.977s] Level 1:colcon.colcon_core.package_identification:_identify(micro_ros_setup) by extensions ['colcon_meta']
[13.977s] Level 1:colcon.colcon_core.package_identification:_identify(micro_ros_setup) by extension 'colcon_meta'
[13.977s] Level 1:colcon.colcon_core.package_identification:_identify(micro_ros_setup) by extensions ['ros']
[13.977s] Level 1:colcon.colcon_core.package_identification:_identify(micro_ros_setup) by extension 'ros'
[13.983s] DEBUG:colcon.colcon_core.package_identification:Package 'micro_ros_setup' with type 'ros.ament_cmake' and name 'micro_ros_setup'
[13.983s] Level 1:colcon.colcon_core.package_identification:_identify(src) by extensions ['ignore', 'ignore_ament_install']
[13.983s] Level 1:colcon.colcon_core.package_identification:_identify(src) by extension 'ignore'
[13.983s] Level 1:colcon.colcon_core.package_identification:_identify(src) by extension 'ignore_ament_install'
[13.984s] Level 1:colcon.colcon_core.package_identification:_identify(src) by extensions ['colcon_pkg']
[13.984s] Level 1:colcon.colcon_core.package_identification:_identify(src) by extension 'colcon_pkg'
[13.984s] Level 1:colcon.colcon_core.package_identification:_identify(src) by extensions ['colcon_meta']
[13.984s] Level 1:colcon.colcon_core.package_identification:_identify(src) by extension 'colcon_meta'
[13.984s] Level 1:colcon.colcon_core.package_identification:_identify(src) by extensions ['ros']
[13.984s] Level 1:colcon.colcon_core.package_identification:_identify(src) by extension 'ros'
[13.984s] Level 1:colcon.colcon_core.package_identification:_identify(src) by extensions ['cmake', 'python']
[13.984s] Level 1:colcon.colcon_core.package_identification:_identify(src) by extension 'cmake'
[13.984s] Level 1:colcon.colcon_core.package_identification:_identify(src) by extension 'python'
[13.984s] Level 1:colcon.colcon_core.package_identification:_identify(src) by extensions ['python_setup_py']
[13.985s] Level 1:colcon.colcon_core.package_identification:_identify(src) by extension 'python_setup_py'
[13.985s] Level 1:colcon.colcon_core.package_identification:_identify(src/micro_ros_utilities) by extensions ['ignore', 'ignore_ament_install']
[13.985s] Level 1:colcon.colcon_core.package_identification:_identify(src/micro_ros_utilities) by extension 'ignore'
[13.985s] Level 1:colcon.colcon_core.package_identification:_identify(src/micro_ros_utilities) by extension 'ignore_ament_install'
[13.985s] Level 1:colcon.colcon_core.package_identification:_identify(src/micro_ros_utilities) by extensions ['colcon_pkg']
[13.985s] Level 1:colcon.colcon_core.package_identification:_identify(src/micro_ros_utilities) by extension 'colcon_pkg'
[13.985s] Level 1:colcon.colcon_core.package_identification:_identify(src/micro_ros_utilities) by extensions ['colcon_meta']
[13.985s] Level 1:colcon.colcon_core.package_identification:_identify(src/micro_ros_utilities) by extension 'colcon_meta'
[13.986s] Level 1:colcon.colcon_core.package_identification:_identify(src/micro_ros_utilities) by extensions ['ros']
[13.986s] Level 1:colcon.colcon_core.package_identification:_identify(src/micro_ros_utilities) by extension 'ros'
[13.986s] Level 1:colcon.colcon_core.package_identification:_identify(src/micro_ros_utilities) by extensions ['cmake', 'python']
[13.986s] Level 1:colcon.colcon_core.package_identification:_identify(src/micro_ros_utilities) by extension 'cmake'
[13.986s] Level 1:colcon.colcon_core.package_identification:_identify(src/micro_ros_utilities) by extension 'python'
[13.986s] Level 1:colcon.colcon_core.package_identification:_identify(src/micro_ros_utilities) by extensions ['python_setup_py']
[13.986s] Level 1:colcon.colcon_core.package_identification:_identify(src/micro_ros_utilities) by extension 'python_setup_py'
[13.986s] Level 1:colcon.colcon_core.package_identification:_identify(src/micro_ros_utilities/micro_ros_utilities) by extensions ['ignore', 'ignore_ament_install']
[13.986s] Level 1:colcon.colcon_core.package_identification:_identify(src/micro_ros_utilities/micro_ros_utilities) by extension 'ignore'
[13.987s] Level 1:colcon.colcon_core.package_identification:_identify(src/micro_ros_utilities/micro_ros_utilities) by extension 'ignore_ament_install'
[13.987s] Level 1:colcon.colcon_core.package_identification:_identify(src/micro_ros_utilities/micro_ros_utilities) by extensions ['colcon_pkg']
[13.987s] Level 1:colcon.colcon_core.package_identification:_identify(src/micro_ros_utilities/micro_ros_utilities) by extension 'colcon_pkg'
[13.987s] Level 1:colcon.colcon_core.package_identification:_identify(src/micro_ros_utilities/micro_ros_utilities) by extensions ['colcon_meta']
[13.987s] Level 1:colcon.colcon_core.package_identification:_identify(src/micro_ros_utilities/micro_ros_utilities) by extension 'colcon_meta'
[13.987s] Level 1:colcon.colcon_core.package_identification:_identify(src/micro_ros_utilities/micro_ros_utilities) by extensions ['ros']
[13.987s] Level 1:colcon.colcon_core.package_identification:_identify(src/micro_ros_utilities/micro_ros_utilities) by extension 'ros'
[13.988s] DEBUG:colcon.colcon_core.package_identification:Package 'src/micro_ros_utilities/micro_ros_utilities' with type 'ros.ament_cmake' and name 'micro_ros_utilities'
[13.989s] Level 1:colcon.colcon_core.package_identification:_identify(src/uros) by extensions ['ignore', 'ignore_ament_install']
[13.989s] Level 1:colcon.colcon_core.package_identification:_identify(src/uros) by extension 'ignore'
[13.989s] Level 1:colcon.colcon_core.package_identification:_identify(src/uros) by extension 'ignore_ament_install'
[13.989s] Level 1:colcon.colcon_core.package_identification:_identify(src/uros) by extensions ['colcon_pkg']
[13.989s] Level 1:colcon.colcon_core.package_identification:_identify(src/uros) by extension 'colcon_pkg'
[13.989s] Level 1:colcon.colcon_core.package_identification:_identify(src/uros) by extensions ['colcon_meta']
[13.989s] Level 1:colcon.colcon_core.package_identification:_identify(src/uros) by extension 'colcon_meta'
[13.989s] Level 1:colcon.colcon_core.package_identification:_identify(src/uros) by extensions ['ros']
[13.989s] Level 1:colcon.colcon_core.package_identification:_identify(src/uros) by extension 'ros'
[13.990s] Level 1:colcon.colcon_core.package_identification:_identify(src/uros) by extensions ['cmake', 'python']
[13.990s] Level 1:colcon.colcon_core.package_identification:_identify(src/uros) by extension 'cmake'
[13.990s] Level 1:colcon.colcon_core.package_identification:_identify(src/uros) by extension 'python'
[13.990s] Level 1:colcon.colcon_core.package_identification:_identify(src/uros) by extensions ['python_setup_py']
[13.990s] Level 1:colcon.colcon_core.package_identification:_identify(src/uros) by extension 'python_setup_py'
[13.990s] Level 1:colcon.colcon_core.package_identification:_identify(src/uros/drive_base) by extensions ['ignore', 'ignore_ament_install']
[13.990s] Level 1:colcon.colcon_core.package_identification:_identify(src/uros/drive_base) by extension 'ignore'
[13.990s] Level 1:colcon.colcon_core.package_identification:_identify(src/uros/drive_base) by extension 'ignore_ament_install'
[13.991s] Level 1:colcon.colcon_core.package_identification:_identify(src/uros/drive_base) by extensions ['colcon_pkg']
[13.991s] Level 1:colcon.colcon_core.package_identification:_identify(src/uros/drive_base) by extension 'colcon_pkg'
[13.991s] Level 1:colcon.colcon_core.package_identification:_identify(src/uros/drive_base) by extensions ['colcon_meta']
[13.991s] Level 1:colcon.colcon_core.package_identification:_identify(src/uros/drive_base) by extension 'colcon_meta'
[13.991s] Level 1:colcon.colcon_core.package_identification:_identify(src/uros/drive_base) by extensions ['ros']
[13.991s] Level 1:colcon.colcon_core.package_identification:_identify(src/uros/drive_base) by extension 'ros'
[13.991s] Level 1:colcon.colcon_core.package_identification:_identify(src/uros/drive_base) by extensions ['cmake', 'python']
[13.991s] Level 1:colcon.colcon_core.package_identification:_identify(src/uros/drive_base) by extension 'cmake'
[13.991s] Level 1:colcon.colcon_core.package_identification:_identify(src/uros/drive_base) by extension 'python'
[13.991s] Level 1:colcon.colcon_core.package_identification:_identify(src/uros/drive_base) by extensions ['python_setup_py']
[13.991s] Level 1:colcon.colcon_core.package_identification:_identify(src/uros/drive_base) by extension 'python_setup_py'
[13.992s] Level 1:colcon.colcon_core.package_identification:_identify(src/uros/drive_base/drive_base_msgs) by extensions ['ignore', 'ignore_ament_install']
[13.992s] Level 1:colcon.colcon_core.package_identification:_identify(src/uros/drive_base/drive_base_msgs) by extension 'ignore'
[13.992s] Level 1:colcon.colcon_core.package_identification:_identify(src/uros/drive_base/drive_base_msgs) by extension 'ignore_ament_install'
[13.992s] Level 1:colcon.colcon_core.package_identification:_identify(src/uros/drive_base/drive_base_msgs) by extensions ['colcon_pkg']
[13.992s] Level 1:colcon.colcon_core.package_identification:_identify(src/uros/drive_base/drive_base_msgs) by extension 'colcon_pkg'
[13.992s] Level 1:colcon.colcon_core.package_identification:_identify(src/uros/drive_base/drive_base_msgs) by extensions ['colcon_meta']
[13.992s] Level 1:colcon.colcon_core.package_identification:_identify(src/uros/drive_base/drive_base_msgs) by extension 'colcon_meta'
[13.992s] Level 1:colcon.colcon_core.package_identification:_identify(src/uros/drive_base/drive_base_msgs) by extensions ['ros']
[13.992s] Level 1:colcon.colcon_core.package_identification:_identify(src/uros/drive_base/drive_base_msgs) by extension 'ros'
[13.993s] DEBUG:colcon.colcon_core.package_identification:Package 'src/uros/drive_base/drive_base_msgs' with type 'ros.ament_cmake' and name 'drive_base_msgs'
[13.994s] Level 1:colcon.colcon_core.package_identification:_identify(src/uros/micro-ROS-Agent) by extensions ['ignore', 'ignore_ament_install']
[13.994s] Level 1:colcon.colcon_core.package_identification:_identify(src/uros/micro-ROS-Agent) by extension 'ignore'
[13.994s] Level 1:colcon.colcon_core.package_identification:_identify(src/uros/micro-ROS-Agent) by extension 'ignore_ament_install'
[13.994s] Level 1:colcon.colcon_core.package_identification:_identify(src/uros/micro-ROS-Agent) by extensions ['colcon_pkg']
[13.994s] Level 1:colcon.colcon_core.package_identification:_identify(src/uros/micro-ROS-Agent) by extension 'colcon_pkg'
[13.994s] Level 1:colcon.colcon_core.package_identification:_identify(src/uros/micro-ROS-Agent) by extensions ['colcon_meta']
[13.994s] Level 1:colcon.colcon_core.package_identification:_identify(src/uros/micro-ROS-Agent) by extension 'colcon_meta'
[13.995s] Level 1:colcon.colcon_core.package_identification:_identify(src/uros/micro-ROS-Agent) by extensions ['ros']
[13.995s] Level 1:colcon.colcon_core.package_identification:_identify(src/uros/micro-ROS-Agent) by extension 'ros'
[13.995s] Level 1:colcon.colcon_core.package_identification:_identify(src/uros/micro-ROS-Agent) by extensions ['cmake', 'python']
[13.995s] Level 1:colcon.colcon_core.package_identification:_identify(src/uros/micro-ROS-Agent) by extension 'cmake'
[13.995s] Level 1:colcon.colcon_core.package_identification:_identify(src/uros/micro-ROS-Agent) by extension 'python'
[13.995s] Level 1:colcon.colcon_core.package_identification:_identify(src/uros/micro-ROS-Agent) by extensions ['python_setup_py']
[13.995s] Level 1:colcon.colcon_core.package_identification:_identify(src/uros/micro-ROS-Agent) by extension 'python_setup_py'
[13.995s] Level 1:colcon.colcon_core.package_identification:_identify(src/uros/micro-ROS-Agent/micro_ros_agent) by extensions ['ignore', 'ignore_ament_install']
[13.996s] Level 1:colcon.colcon_core.package_identification:_identify(src/uros/micro-ROS-Agent/micro_ros_agent) by extension 'ignore'
[13.996s] Level 1:colcon.colcon_core.package_identification:_identify(src/uros/micro-ROS-Agent/micro_ros_agent) by extension 'ignore_ament_install'
[13.996s] Level 1:colcon.colcon_core.package_identification:_identify(src/uros/micro-ROS-Agent/micro_ros_agent) by extensions ['colcon_pkg']
[13.996s] Level 1:colcon.colcon_core.package_identification:_identify(src/uros/micro-ROS-Agent/micro_ros_agent) by extension 'colcon_pkg'
[13.996s] Level 1:colcon.colcon_core.package_identification:_identify(src/uros/micro-ROS-Agent/micro_ros_agent) by extensions ['colcon_meta']
[13.996s] Level 1:colcon.colcon_core.package_identification:_identify(src/uros/micro-ROS-Agent/micro_ros_agent) by extension 'colcon_meta'
[13.996s] Level 1:colcon.colcon_core.package_identification:_identify(src/uros/micro-ROS-Agent/micro_ros_agent) by extensions ['ros']
[13.996s] Level 1:colcon.colcon_core.package_identification:_identify(src/uros/micro-ROS-Agent/micro_ros_agent) by extension 'ros'
[13.998s] DEBUG:colcon.colcon_core.package_identification:Package 'src/uros/micro-ROS-Agent/micro_ros_agent' with type 'ros.ament_cmake' and name 'micro_ros_agent'
[13.998s] Level 1:colcon.colcon_core.package_identification:_identify(src/uros/micro-ROS-Agent/snap) by extensions ['ignore', 'ignore_ament_install']
[13.998s] Level 1:colcon.colcon_core.package_identification:_identify(src/uros/micro-ROS-Agent/snap) by extension 'ignore'
[13.998s] Level 1:colcon.colcon_core.package_identification:_identify(src/uros/micro-ROS-Agent/snap) by extension 'ignore_ament_install'
[13.998s] Level 1:colcon.colcon_core.package_identification:_identify(src/uros/micro-ROS-Agent/snap) by extensions ['colcon_pkg']
[13.998s] Level 1:colcon.colcon_core.package_identification:_identify(src/uros/micro-ROS-Agent/snap) by extension 'colcon_pkg'
[13.999s] Level 1:colcon.colcon_core.package_identification:_identify(src/uros/micro-ROS-Agent/snap) by extensions ['colcon_meta']
[13.999s] Level 1:colcon.colcon_core.package_identification:_identify(src/uros/micro-ROS-Agent/snap) by extension 'colcon_meta'
[13.999s] Level 1:colcon.colcon_core.package_identification:_identify(src/uros/micro-ROS-Agent/snap) by extensions ['ros']
[13.999s] Level 1:colcon.colcon_core.package_identification:_identify(src/uros/micro-ROS-Agent/snap) by extension 'ros'
[13.999s] Level 1:colcon.colcon_core.package_identification:_identify(src/uros/micro-ROS-Agent/snap) by extensions ['cmake', 'python']
[13.999s] Level 1:colcon.colcon_core.package_identification:_identify(src/uros/micro-ROS-Agent/snap) by extension 'cmake'
[13.999s] Level 1:colcon.colcon_core.package_identification:_identify(src/uros/micro-ROS-Agent/snap) by extension 'python'
[13.999s] Level 1:colcon.colcon_core.package_identification:_identify(src/uros/micro-ROS-Agent/snap) by extensions ['python_setup_py']
[13.999s] Level 1:colcon.colcon_core.package_identification:_identify(src/uros/micro-ROS-Agent/snap) by extension 'python_setup_py'
[14.000s] Level 1:colcon.colcon_core.package_identification:_identify(src/uros/micro-ROS-Agent/snap/hooks) by extensions ['ignore', 'ignore_ament_install']
[14.000s] Level 1:colcon.colcon_core.package_identification:_identify(src/uros/micro-ROS-Agent/snap/hooks) by extension 'ignore'
[14.000s] Level 1:colcon.colcon_core.package_identification:_identify(src/uros/micro-ROS-Agent/snap/hooks) by extension 'ignore_ament_install'
[14.000s] Level 1:colcon.colcon_core.package_identification:_identify(src/uros/micro-ROS-Agent/snap/hooks) by extensions ['colcon_pkg']
[14.000s] Level 1:colcon.colcon_core.package_identification:_identify(src/uros/micro-ROS-Agent/snap/hooks) by extension 'colcon_pkg'
[14.000s] Level 1:colcon.colcon_core.package_identification:_identify(src/uros/micro-ROS-Agent/snap/hooks) by extensions ['colcon_meta']
[14.000s] Level 1:colcon.colcon_core.package_identification:_identify(src/uros/micro-ROS-Agent/snap/hooks) by extension 'colcon_meta'
[14.000s] Level 1:colcon.colcon_core.package_identification:_identify(src/uros/micro-ROS-Agent/snap/hooks) by extensions ['ros']
[14.001s] Level 1:colcon.colcon_core.package_identification:_identify(src/uros/micro-ROS-Agent/snap/hooks) by extension 'ros'
[14.001s] Level 1:colcon.colcon_core.package_identification:_identify(src/uros/micro-ROS-Agent/snap/hooks) by extensions ['cmake', 'python']
[14.001s] Level 1:colcon.colcon_core.package_identification:_identify(src/uros/micro-ROS-Agent/snap/hooks) by extension 'cmake'
[14.001s] Level 1:colcon.colcon_core.package_identification:_identify(src/uros/micro-ROS-Agent/snap/hooks) by extension 'python'
[14.001s] Level 1:colcon.colcon_core.package_identification:_identify(src/uros/micro-ROS-Agent/snap/hooks) by extensions ['python_setup_py']
[14.001s] Level 1:colcon.colcon_core.package_identification:_identify(src/uros/micro-ROS-Agent/snap/hooks) by extension 'python_setup_py'
[14.001s] Level 1:colcon.colcon_core.package_identification:_identify(src/uros/micro-ROS-Agent/snap/local) by extensions ['ignore', 'ignore_ament_install']
[14.001s] Level 1:colcon.colcon_core.package_identification:_identify(src/uros/micro-ROS-Agent/snap/local) by extension 'ignore'
[14.001s] Level 1:colcon.colcon_core.package_identification:_identify(src/uros/micro-ROS-Agent/snap/local) by extension 'ignore_ament_install'
[14.002s] Level 1:colcon.colcon_core.package_identification:_identify(src/uros/micro-ROS-Agent/snap/local) by extensions ['colcon_pkg']
[14.002s] Level 1:colcon.colcon_core.package_identification:_identify(src/uros/micro-ROS-Agent/snap/local) by extension 'colcon_pkg'
[14.002s] Level 1:colcon.colcon_core.package_identification:_identify(src/uros/micro-ROS-Agent/snap/local) by extensions ['colcon_meta']
[14.002s] Level 1:colcon.colcon_core.package_identification:_identify(src/uros/micro-ROS-Agent/snap/local) by extension 'colcon_meta'
[14.002s] Level 1:colcon.colcon_core.package_identification:_identify(src/uros/micro-ROS-Agent/snap/local) by extensions ['ros']
[14.002s] Level 1:colcon.colcon_core.package_identification:_identify(src/uros/micro-ROS-Agent/snap/local) by extension 'ros'
[14.002s] Level 1:colcon.colcon_core.package_identification:_identify(src/uros/micro-ROS-Agent/snap/local) by extensions ['cmake', 'python']
[14.002s] Level 1:colcon.colcon_core.package_identification:_identify(src/uros/micro-ROS-Agent/snap/local) by extension 'cmake'
[14.002s] Level 1:colcon.colcon_core.package_identification:_identify(src/uros/micro-ROS-Agent/snap/local) by extension 'python'
[14.002s] Level 1:colcon.colcon_core.package_identification:_identify(src/uros/micro-ROS-Agent/snap/local) by extensions ['python_setup_py']
[14.002s] Level 1:colcon.colcon_core.package_identification:_identify(src/uros/micro-ROS-Agent/snap/local) by extension 'python_setup_py'
[14.003s] Level 1:colcon.colcon_core.package_identification:_identify(src/uros/micro_ros_msgs) by extensions ['ignore', 'ignore_ament_install']
[14.003s] Level 1:colcon.colcon_core.package_identification:_identify(src/uros/micro_ros_msgs) by extension 'ignore'
[14.003s] Level 1:colcon.colcon_core.package_identification:_identify(src/uros/micro_ros_msgs) by extension 'ignore_ament_install'
[14.003s] Level 1:colcon.colcon_core.package_identification:_identify(src/uros/micro_ros_msgs) by extensions ['colcon_pkg']
[14.003s] Level 1:colcon.colcon_core.package_identification:_identify(src/uros/micro_ros_msgs) by extension 'colcon_pkg'
[14.003s] Level 1:colcon.colcon_core.package_identification:_identify(src/uros/micro_ros_msgs) by extensions ['colcon_meta']
[14.003s] Level 1:colcon.colcon_core.package_identification:_identify(src/uros/micro_ros_msgs) by extension 'colcon_meta'
[14.003s] Level 1:colcon.colcon_core.package_identification:_identify(src/uros/micro_ros_msgs) by extensions ['ros']
[14.004s] Level 1:colcon.colcon_core.package_identification:_identify(src/uros/micro_ros_msgs) by extension 'ros'
[14.005s] DEBUG:colcon.colcon_core.package_identification:Package 'src/uros/micro_ros_msgs' with type 'ros.ament_cmake' and name 'micro_ros_msgs'
[14.005s] Level 1:colcon.colcon_core.package_discovery:discover_packages(recursive) using defaults
[14.005s] Level 1:colcon.colcon_core.package_discovery:discover_packages(ignore) discover
[14.005s] Level 1:colcon.colcon_core.package_discovery:discover_packages(ignore) using defaults
[14.005s] Level 1:colcon.colcon_core.package_discovery:discover_packages(path) discover
[14.005s] Level 1:colcon.colcon_core.package_discovery:discover_packages(path) using defaults
[15.279s] Level 1:colcon.colcon_core.package_discovery:discover_packages(prefix_path) check parameters
[15.279s] Level 1:colcon.colcon_core.package_discovery:discover_packages(prefix_path) discover
[15.767s] DEBUG:colcon.colcon_installed_package_information.package_discovery:Found 2 installed packages in /home/orin_nano/install
[16.010s] DEBUG:colcon.colcon_installed_package_information.package_discovery:Found 263 installed packages in /opt/ros/foxy
[16.013s] Level 1:colcon.colcon_core.package_discovery:discover_packages(prefix_path) using defaults
[16.665s] Level 5:colcon.colcon_core.verb:set package 'drive_base_msgs' build argument 'cmake_args' from command line to 'None'
[16.665s] Level 5:colcon.colcon_core.verb:set package 'drive_base_msgs' build argument 'cmake_target' from command line to 'None'
[16.665s] Level 5:colcon.colcon_core.verb:set package 'drive_base_msgs' build argument 'cmake_target_skip_unavailable' from command line to 'False'
[16.666s] Level 5:colcon.colcon_core.verb:set package 'drive_base_msgs' build argument 'cmake_clean_cache' from command line to 'False'
[16.666s] Level 5:colcon.colcon_core.verb:set package 'drive_base_msgs' build argument 'cmake_clean_first' from command line to 'False'
[16.666s] Level 5:colcon.colcon_core.verb:set package 'drive_base_msgs' build argument 'cmake_force_configure' from command line to 'False'
[16.666s] Level 5:colcon.colcon_core.verb:set package 'drive_base_msgs' build argument 'ament_cmake_args' from command line to 'None'
[16.666s] Level 5:colcon.colcon_core.verb:set package 'drive_base_msgs' build argument 'catkin_cmake_args' from command line to 'None'
[16.666s] Level 5:colcon.colcon_core.verb:set package 'drive_base_msgs' build argument 'catkin_skip_building_tests' from command line to 'False'
[16.666s] DEBUG:colcon.colcon_core.verb:Building package 'drive_base_msgs' with the following arguments: {'ament_cmake_args': None, 'build_base': '/home/orin_nano/microros_ws/build/drive_base_msgs', 'catkin_cmake_args': None, 'catkin_skip_building_tests': False, 'cmake_args': None, 'cmake_clean_cache': False, 'cmake_clean_first': False, 'cmake_force_configure': False, 'cmake_target': None, 'cmake_target_skip_unavailable': False, 'install_base': '/home/orin_nano/microros_ws/install/drive_base_msgs', 'merge_install': False, 'path': '/home/orin_nano/microros_ws/src/uros/drive_base/drive_base_msgs', 'symlink_install': False, 'test_result_base': None}
[16.910s] Level 5:colcon.colcon_core.verb:set package 'micro_ros_msgs' build argument 'cmake_args' from command line to 'None'
[16.910s] Level 5:colcon.colcon_core.verb:set package 'micro_ros_msgs' build argument 'cmake_target' from command line to 'None'
[16.910s] Level 5:colcon.colcon_core.verb:set package 'micro_ros_msgs' build argument 'cmake_target_skip_unavailable' from command line to 'False'
[16.910s] Level 5:colcon.colcon_core.verb:set package 'micro_ros_msgs' build argument 'cmake_clean_cache' from command line to 'False'
[16.910s] Level 5:colcon.colcon_core.verb:set package 'micro_ros_msgs' build argument 'cmake_clean_first' from command line to 'False'
[16.910s] Level 5:colcon.colcon_core.verb:set package 'micro_ros_msgs' build argument 'cmake_force_configure' from command line to 'False'
[16.910s] Level 5:colcon.colcon_core.verb:set package 'micro_ros_msgs' build argument 'ament_cmake_args' from command line to 'None'
[16.910s] Level 5:colcon.colcon_core.verb:set package 'micro_ros_msgs' build argument 'catkin_cmake_args' from command line to 'None'
[16.910s] Level 5:colcon.colcon_core.verb:set package 'micro_ros_msgs' build argument 'catkin_skip_building_tests' from command line to 'False'
[16.910s] DEBUG:colcon.colcon_core.verb:Building package 'micro_ros_msgs' with the following arguments: {'ament_cmake_args': None, 'build_base': '/home/orin_nano/microros_ws/build/micro_ros_msgs', 'catkin_cmake_args': None, 'catkin_skip_building_tests': False, 'cmake_args': None, 'cmake_clean_cache': False, 'cmake_clean_first': False, 'cmake_force_configure': False, 'cmake_target': None, 'cmake_target_skip_unavailable': False, 'install_base': '/home/orin_nano/microros_ws/install/micro_ros_msgs', 'merge_install': False, 'path': '/home/orin_nano/microros_ws/src/uros/micro_ros_msgs', 'symlink_install': False, 'test_result_base': None}
[17.153s] Level 5:colcon.colcon_core.verb:set package 'micro_ros_setup' build argument 'cmake_args' from command line to 'None'
[17.153s] Level 5:colcon.colcon_core.verb:set package 'micro_ros_setup' build argument 'cmake_target' from command line to 'None'
[17.153s] Level 5:colcon.colcon_core.verb:set package 'micro_ros_setup' build argument 'cmake_target_skip_unavailable' from command line to 'False'
[17.153s] Level 5:colcon.colcon_core.verb:set package 'micro_ros_setup' build argument 'cmake_clean_cache' from command line to 'False'
[17.153s] Level 5:colcon.colcon_core.verb:set package 'micro_ros_setup' build argument 'cmake_clean_first' from command line to 'False'
[17.153s] Level 5:colcon.colcon_core.verb:set package 'micro_ros_setup' build argument 'cmake_force_configure' from command line to 'False'
[17.153s] Level 5:colcon.colcon_core.verb:set package 'micro_ros_setup' build argument 'ament_cmake_args' from command line to 'None'
[17.153s] Level 5:colcon.colcon_core.verb:set package 'micro_ros_setup' build argument 'catkin_cmake_args' from command line to 'None'
[17.153s] Level 5:colcon.colcon_core.verb:set package 'micro_ros_setup' build argument 'catkin_skip_building_tests' from command line to 'False'
[17.153s] DEBUG:colcon.colcon_core.verb:Building package 'micro_ros_setup' with the following arguments: {'ament_cmake_args': None, 'build_base': '/home/orin_nano/microros_ws/build/micro_ros_setup', 'catkin_cmake_args': None, 'catkin_skip_building_tests': False, 'cmake_args': None, 'cmake_clean_cache': False, 'cmake_clean_first': False, 'cmake_force_configure': False, 'cmake_target': None, 'cmake_target_skip_unavailable': False, 'install_base': '/home/orin_nano/microros_ws/install/micro_ros_setup', 'merge_install': False, 'path': '/home/orin_nano/microros_ws/micro_ros_setup', 'symlink_install': False, 'test_result_base': None}
[17.396s] Level 5:colcon.colcon_core.verb:set package 'micro_ros_utilities' build argument 'cmake_args' from command line to 'None'
[17.396s] Level 5:colcon.colcon_core.verb:set package 'micro_ros_utilities' build argument 'cmake_target' from command line to 'None'
[17.396s] Level 5:colcon.colcon_core.verb:set package 'micro_ros_utilities' build argument 'cmake_target_skip_unavailable' from command line to 'False'
[17.396s] Level 5:colcon.colcon_core.verb:set package 'micro_ros_utilities' build argument 'cmake_clean_cache' from command line to 'False'
[17.396s] Level 5:colcon.colcon_core.verb:set package 'micro_ros_utilities' build argument 'cmake_clean_first' from command line to 'False'
[17.397s] Level 5:colcon.colcon_core.verb:set package 'micro_ros_utilities' build argument 'cmake_force_configure' from command line to 'False'
[17.397s] Level 5:colcon.colcon_core.verb:set package 'micro_ros_utilities' build argument 'ament_cmake_args' from command line to 'None'
[17.397s] Level 5:colcon.colcon_core.verb:set package 'micro_ros_utilities' build argument 'catkin_cmake_args' from command line to 'None'
[17.397s] Level 5:colcon.colcon_core.verb:set package 'micro_ros_utilities' build argument 'catkin_skip_building_tests' from command line to 'False'
[17.397s] DEBUG:colcon.colcon_core.verb:Building package 'micro_ros_utilities' with the following arguments: {'ament_cmake_args': None, 'build_base': '/home/orin_nano/microros_ws/build/micro_ros_utilities', 'catkin_cmake_args': None, 'catkin_skip_building_tests': False, 'cmake_args': None, 'cmake_clean_cache': False, 'cmake_clean_first': False, 'cmake_force_configure': False, 'cmake_target': None, 'cmake_target_skip_unavailable': False, 'install_base': '/home/orin_nano/microros_ws/install/micro_ros_utilities', 'merge_install': False, 'path': '/home/orin_nano/microros_ws/src/micro_ros_utilities/micro_ros_utilities', 'symlink_install': False, 'test_result_base': None}
[17.640s] Level 5:colcon.colcon_core.verb:set package 'micro_ros_agent' build argument 'cmake_args' from command line to 'None'
[17.641s] Level 5:colcon.colcon_core.verb:set package 'micro_ros_agent' build argument 'cmake_target' from command line to 'None'
[17.641s] Level 5:colcon.colcon_core.verb:set package 'micro_ros_agent' build argument 'cmake_target_skip_unavailable' from command line to 'False'
[17.641s] Level 5:colcon.colcon_core.verb:set package 'micro_ros_agent' build argument 'cmake_clean_cache' from command line to 'False'
[17.641s] Level 5:colcon.colcon_core.verb:set package 'micro_ros_agent' build argument 'cmake_clean_first' from command line to 'False'
[17.641s] Level 5:colcon.colcon_core.verb:set package 'micro_ros_agent' build argument 'cmake_force_configure' from command line to 'False'
[17.641s] Level 5:colcon.colcon_core.verb:set package 'micro_ros_agent' build argument 'ament_cmake_args' from command line to 'None'
[17.641s] Level 5:colcon.colcon_core.verb:set package 'micro_ros_agent' build argument 'catkin_cmake_args' from command line to 'None'
[17.641s] Level 5:colcon.colcon_core.verb:set package 'micro_ros_agent' build argument 'catkin_skip_building_tests' from command line to 'False'
[17.641s] DEBUG:colcon.colcon_core.verb:Building package 'micro_ros_agent' with the following arguments: {'ament_cmake_args': None, 'build_base': '/home/orin_nano/microros_ws/build/micro_ros_agent', 'catkin_cmake_args': None, 'catkin_skip_building_tests': False, 'cmake_args': None, 'cmake_clean_cache': False, 'cmake_clean_first': False, 'cmake_force_configure': False, 'cmake_target': None, 'cmake_target_skip_unavailable': False, 'install_base': '/home/orin_nano/microros_ws/install/micro_ros_agent', 'merge_install': False, 'path': '/home/orin_nano/microros_ws/src/uros/micro-ROS-Agent/micro_ros_agent', 'symlink_install': False, 'test_result_base': None}
[17.884s] INFO:colcon.colcon_core.executor:Executing jobs using 'parallel' executor
[18.128s] DEBUG:colcon.colcon_parallel_executor.executor.parallel:run_until_complete
[18.129s] INFO:colcon.colcon_ros.task.ament_cmake.build:Building ROS package in '/home/orin_nano/microros_ws/src/uros/micro_ros_msgs' with build type 'ament_cmake'
[18.129s] INFO:colcon.colcon_cmake.task.cmake.build:Building CMake package in '/home/orin_nano/microros_ws/src/uros/micro_ros_msgs'
[18.386s] INFO:colcon.colcon_core.plugin_system:Skipping extension 'colcon_core.shell.bat': Not used on non-Windows systems
[18.387s] INFO:colcon.colcon_core.shell:Skip shell extension 'powershell' for command environment: Not usable outside of PowerShell
[18.387s] DEBUG:colcon.colcon_core.shell:Skip shell extension 'dsv' for command environment
[19.148s] INFO:colcon.colcon_ros.task.ament_cmake.build:Building ROS package in '/home/orin_nano/microros_ws/src/uros/drive_base/drive_base_msgs' with build type 'ament_cmake'
[19.150s] INFO:colcon.colcon_cmake.task.cmake.build:Building CMake package in '/home/orin_nano/microros_ws/src/uros/drive_base/drive_base_msgs'
[19.412s] INFO:colcon.colcon_core.shell:Skip shell extension 'powershell' for command environment: Not usable outside of PowerShell
[19.412s] DEBUG:colcon.colcon_core.shell:Skip shell extension 'dsv' for command environment
[20.168s] INFO:colcon.colcon_ros.task.ament_cmake.build:Building ROS package in '/home/orin_nano/microros_ws/micro_ros_setup' with build type 'ament_cmake'
[20.169s] INFO:colcon.colcon_cmake.task.cmake.build:Building CMake package in '/home/orin_nano/microros_ws/micro_ros_setup'
[20.421s] INFO:colcon.colcon_core.shell:Skip shell extension 'powershell' for command environment: Not usable outside of PowerShell
[20.421s] DEBUG:colcon.colcon_core.shell:Skip shell extension 'dsv' for command environment
[21.187s] INFO:colcon.colcon_ros.task.ament_cmake.build:Building ROS package in '/home/orin_nano/microros_ws/src/micro_ros_utilities/micro_ros_utilities' with build type 'ament_cmake'
[21.188s] INFO:colcon.colcon_cmake.task.cmake.build:Building CMake package in '/home/orin_nano/microros_ws/src/micro_ros_utilities/micro_ros_utilities'
[21.450s] INFO:colcon.colcon_core.shell:Skip shell extension 'powershell' for command environment: Not usable outside of PowerShell
[21.450s] DEBUG:colcon.colcon_core.shell:Skip shell extension 'dsv' for command environment
[22.238s] DEBUG:colcon.colcon_core.event_handler.log_command:Invoking command in '/home/orin_nano/microros_ws/build/micro_ros_msgs': CMAKE_PREFIX_PATH=${CMAKE_PREFIX_PATH}:/opt/ros/foxy /usr/bin/cmake /home/orin_nano/microros_ws/src/uros/micro_ros_msgs -DCMAKE_INSTALL_PREFIX=/home/orin_nano/microros_ws/install/micro_ros_msgs
[22.255s] DEBUG:colcon.colcon_core.event_handler.log_command:Invoking command in '/home/orin_nano/microros_ws/build/drive_base_msgs': CMAKE_PREFIX_PATH=${CMAKE_PREFIX_PATH}:/opt/ros/foxy /usr/bin/cmake --build /home/orin_nano/microros_ws/build/drive_base_msgs -- -j6 -l6
[22.266s] DEBUG:colcon.colcon_core.event_handler.log_command:Invoking command in '/home/orin_nano/microros_ws/build/micro_ros_setup': CMAKE_PREFIX_PATH=${CMAKE_PREFIX_PATH}:/opt/ros/foxy /usr/bin/cmake --build /home/orin_nano/microros_ws/build/micro_ros_setup -- -j6 -l6
[22.278s] DEBUG:colcon.colcon_core.event_handler.log_command:Invoking command in '/home/orin_nano/microros_ws/build/micro_ros_utilities': CMAKE_PREFIX_PATH=${CMAKE_PREFIX_PATH}:/opt/ros/foxy /usr/bin/cmake --build /home/orin_nano/microros_ws/build/micro_ros_utilities -- -j6 -l6
[22.323s] DEBUG:colcon.colcon_core.event_handler.log_command:Invoked command in '/home/orin_nano/microros_ws/build/micro_ros_setup' returned '2': CMAKE_PREFIX_PATH=${CMAKE_PREFIX_PATH}:/opt/ros/foxy /usr/bin/cmake --build /home/orin_nano/microros_ws/build/micro_ros_setup -- -j6 -l6
[22.340s] DEBUG:colcon.colcon_core.event_handler.log_command:Invoked command in '/home/orin_nano/microros_ws/build/micro_ros_utilities' returned '2': CMAKE_PREFIX_PATH=${CMAKE_PREFIX_PATH}:/opt/ros/foxy /usr/bin/cmake --build /home/orin_nano/microros_ws/build/micro_ros_utilities -- -j6 -l6
[22.678s] Level 1:colcon.colcon_core.environment:create_environment_scripts_only(micro_ros_setup)
[22.953s] Level 1:colcon.colcon_core.environment:checking '/home/orin_nano/microros_ws/install/micro_ros_setup' for CMake module files
[22.955s] Level 1:colcon.colcon_core.environment:checking '/home/orin_nano/microros_ws/install/micro_ros_setup' for CMake config files
[22.956s] Level 1:colcon.colcon_core.shell:create_environment_hook('micro_ros_setup', 'cmake_prefix_path')
[23.211s] INFO:colcon.colcon_core.shell:Creating environment hook '/home/orin_nano/microros_ws/install/micro_ros_setup/share/micro_ros_setup/hook/cmake_prefix_path.ps1'
[23.213s] INFO:colcon.colcon_core.shell:Creating environment descriptor '/home/orin_nano/microros_ws/install/micro_ros_setup/share/micro_ros_setup/hook/cmake_prefix_path.dsv'
[23.215s] INFO:colcon.colcon_core.shell:Creating environment hook '/home/orin_nano/microros_ws/install/micro_ros_setup/share/micro_ros_setup/hook/cmake_prefix_path.sh'
[23.217s] Level 1:colcon.colcon_core.environment:checking '/home/orin_nano/microros_ws/install/micro_ros_setup/lib'
[23.217s] Level 1:colcon.colcon_core.environment:checking '/home/orin_nano/microros_ws/install/micro_ros_setup/bin'
[23.217s] Level 1:colcon.colcon_core.environment:checking '/home/orin_nano/microros_ws/install/micro_ros_setup/lib/pkgconfig/micro_ros_setup.pc'
[23.218s] Level 1:colcon.colcon_core.environment:checking '/home/orin_nano/microros_ws/install/micro_ros_setup/lib/python3.8/site-packages'
[23.218s] Level 1:colcon.colcon_core.environment:checking '/home/orin_nano/microros_ws/install/micro_ros_setup/bin'
[23.479s] INFO:colcon.colcon_core.shell:Creating package script '/home/orin_nano/microros_ws/install/micro_ros_setup/share/micro_ros_setup/package.ps1'
[23.482s] INFO:colcon.colcon_core.shell:Creating package descriptor '/home/orin_nano/microros_ws/install/micro_ros_setup/share/micro_ros_setup/package.dsv'
[23.483s] INFO:colcon.colcon_core.shell:Creating package script '/home/orin_nano/microros_ws/install/micro_ros_setup/share/micro_ros_setup/package.sh'
[23.485s] INFO:colcon.colcon_core.shell:Creating package script '/home/orin_nano/microros_ws/install/micro_ros_setup/share/micro_ros_setup/package.bash'
[23.487s] INFO:colcon.colcon_core.shell:Creating package script '/home/orin_nano/microros_ws/install/micro_ros_setup/share/micro_ros_setup/package.zsh'
[23.489s] Level 1:colcon.colcon_core.environment:create_file_with_runtime_dependencies(/home/orin_nano/microros_ws/install/micro_ros_setup/share/colcon-core/packages/micro_ros_setup)
[24.064s] DEBUG:colcon.colcon_parallel_executor.executor.parallel:closing loop
[24.065s] DEBUG:colcon.colcon_parallel_executor.executor.parallel:loop closed
[24.065s] DEBUG:colcon.colcon_parallel_executor.executor.parallel:run_until_complete finished with '2'
[24.065s] DEBUG:colcon.colcon_core.event_reactor:joining thread
[24.337s] INFO:colcon.colcon_core.plugin_system:Skipping extension 'colcon_notification.desktop_notification.terminal_notifier': Not used on non-Darwin systems
[24.337s] INFO:colcon.colcon_core.plugin_system:Skipping extension 'colcon_notification.desktop_notification.win32': Not used on non-Windows systems
[24.337s] INFO:colcon.colcon_notification.desktop_notification:Sending desktop notification using 'notify2'
[24.375s] DEBUG:colcon.colcon_core.event_reactor:joined thread
[24.623s] INFO:colcon.colcon_core.shell:Creating prefix script '/home/orin_nano/microros_ws/install/local_setup.ps1'
[24.626s] INFO:colcon.colcon_core.shell:Creating prefix util module '/home/orin_nano/microros_ws/install/_local_setup_util_ps1.py'
[24.628s] INFO:colcon.colcon_core.shell:Creating prefix chain script '/home/orin_nano/microros_ws/install/setup.ps1'
[24.874s] INFO:colcon.colcon_core.shell:Creating prefix script '/home/orin_nano/microros_ws/install/local_setup.sh'
[24.875s] INFO:colcon.colcon_core.shell:Creating prefix util module '/home/orin_nano/microros_ws/install/_local_setup_util_sh.py'
[24.876s] INFO:colcon.colcon_core.shell:Creating prefix chain script '/home/orin_nano/microros_ws/install/setup.sh'
[25.121s] INFO:colcon.colcon_core.shell:Creating prefix script '/home/orin_nano/microros_ws/install/local_setup.bash'
[25.122s] INFO:colcon.colcon_core.shell:Creating prefix chain script '/home/orin_nano/microros_ws/install/setup.bash'
[25.367s] INFO:colcon.colcon_core.shell:Creating prefix script '/home/orin_nano/microros_ws/install/local_setup.zsh'
[25.369s] INFO:colcon.colcon_core.shell:Creating prefix chain script '/home/orin_nano/microros_ws/install/setup.zsh'
