[13.305s] DEBUG:colcon:Command line arguments: ['/usr/bin/colcon', 'build', '--packages-up-to', 'micro_ros_agent', '--cmake-args', '-DUAGENT_BUILD_EXECUTABLE=OFF', '-DUAGENT_P2P_PROFILE=OFF', '--no-warn-unused-cli']
[13.305s] DEBUG:colcon:Parsed command line arguments: Namespace(allow_overriding=[], ament_cmake_args=None, base_paths=['.'], build_base='build', catkin_cmake_args=None, catkin_skip_building_tests=False, cmake_args=['-DUAGENT_BUILD_EXECUTABLE=OFF', '-DUAGENT_P2P_PROFILE=OFF', '--no-warn-unused-cli'], cmake_clean_cache=False, cmake_clean_first=False, cmake_force_configure=False, cmake_target=None, cmake_target_skip_unavailable=False, continue_on_error=False, event_handlers=None, executor='parallel', ignore_user_meta=False, install_base='install', log_base=None, log_level=None, main=<bound method BuildVerb.main of <colcon_core.verb.build.BuildVerb object at 0xffffbd8f0910>>, merge_install=False, metas=['./colcon.meta'], packages_above=None, packages_above_and_dependencies=None, packages_above_depth=None, packages_end=None, packages_ignore=None, packages_ignore_regex=None, packages_select=None, packages_select_build_failed=False, packages_select_by_dep=None, packages_select_regex=None, packages_select_test_failures=False, packages_skip=None, packages_skip_build_finished=False, packages_skip_by_dep=None, packages_skip_regex=None, packages_skip_test_passed=False, packages_skip_up_to=None, packages_start=None, packages_up_to=['micro_ros_agent'], packages_up_to_regex=None, parallel_workers=6, paths=None, symlink_install=False, test_result_base=None, verb_extension=<colcon_core.verb.build.BuildVerb object at 0xffffbd8f0910>, verb_name='build', verb_parser=<colcon_defaults.argument_parser.defaults.DefaultArgumentsDecorator object at 0xffffbd477550>)
[13.846s] Level 1:colcon.colcon_core.package_discovery:discover_packages(colcon_meta) check parameters
[13.846s] Level 1:colcon.colcon_core.package_discovery:discover_packages(recursive) check parameters
[13.846s] Level 1:colcon.colcon_core.package_discovery:discover_packages(ignore) check parameters
[13.846s] Level 1:colcon.colcon_core.package_discovery:discover_packages(path) check parameters
[13.846s] Level 1:colcon.colcon_core.package_discovery:discover_packages(colcon_meta) discover
[13.846s] Level 1:colcon.colcon_core.package_discovery:discover_packages(recursive) discover
[13.846s] INFO:colcon.colcon_core.package_discovery:Crawling recursively for packages in '/home/orin_nano/microros_ws'
[13.847s] Level 1:colcon.colcon_core.package_identification:_identify(.) by extensions ['ignore', 'ignore_ament_install']
[13.847s] Level 1:colcon.colcon_core.package_identification:_identify(.) by extension 'ignore'
[13.847s] Level 1:colcon.colcon_core.package_identification:_identify(.) by extension 'ignore_ament_install'
[13.847s] Level 1:colcon.colcon_core.package_identification:_identify(.) by extensions ['colcon_pkg']
[13.847s] Level 1:colcon.colcon_core.package_identification:_identify(.) by extension 'colcon_pkg'
[13.847s] Level 1:colcon.colcon_core.package_identification:_identify(.) by extensions ['colcon_meta']
[13.847s] Level 1:colcon.colcon_core.package_identification:_identify(.) by extension 'colcon_meta'
[13.848s] Level 1:colcon.colcon_core.package_identification:_identify(.) by extensions ['ros']
[13.848s] Level 1:colcon.colcon_core.package_identification:_identify(.) by extension 'ros'
[13.871s] Level 1:colcon.colcon_core.package_identification:_identify(.) by extensions ['cmake', 'python']
[13.871s] Level 1:colcon.colcon_core.package_identification:_identify(.) by extension 'cmake'
[13.871s] Level 1:colcon.colcon_core.package_identification:_identify(.) by extension 'python'
[13.871s] Level 1:colcon.colcon_core.package_identification:_identify(.) by extensions ['python_setup_py']
[13.871s] Level 1:colcon.colcon_core.package_identification:_identify(.) by extension 'python_setup_py'
[13.872s] Level 1:colcon.colcon_core.package_identification:_identify(build) by extensions ['ignore', 'ignore_ament_install']
[13.872s] Level 1:colcon.colcon_core.package_identification:_identify(build) by extension 'ignore'
[13.872s] Level 1:colcon.colcon_core.package_identification:_identify(build) ignored
[13.872s] Level 1:colcon.colcon_core.package_identification:_identify(install) by extensions ['ignore', 'ignore_ament_install']
[13.872s] Level 1:colcon.colcon_core.package_identification:_identify(install) by extension 'ignore'
[13.873s] Level 1:colcon.colcon_core.package_identification:_identify(install) ignored
[13.873s] Level 1:colcon.colcon_core.package_identification:_identify(log) by extensions ['ignore', 'ignore_ament_install']
[13.873s] Level 1:colcon.colcon_core.package_identification:_identify(log) by extension 'ignore'
[13.873s] Level 1:colcon.colcon_core.package_identification:_identify(log) ignored
[13.873s] Level 1:colcon.colcon_core.package_identification:_identify(micro_ros_msgs) by extensions ['ignore', 'ignore_ament_install']
[13.873s] Level 1:colcon.colcon_core.package_identification:_identify(micro_ros_msgs) by extension 'ignore'
[13.873s] Level 1:colcon.colcon_core.package_identification:_identify(micro_ros_msgs) by extension 'ignore_ament_install'
[13.874s] Level 1:colcon.colcon_core.package_identification:_identify(micro_ros_msgs) by extensions ['colcon_pkg']
[13.874s] Level 1:colcon.colcon_core.package_identification:_identify(micro_ros_msgs) by extension 'colcon_pkg'
[13.874s] Level 1:colcon.colcon_core.package_identification:_identify(micro_ros_msgs) by extensions ['colcon_meta']
[13.874s] Level 1:colcon.colcon_core.package_identification:_identify(micro_ros_msgs) by extension 'colcon_meta'
[13.874s] Level 1:colcon.colcon_core.package_identification:_identify(micro_ros_msgs) by extensions ['ros']
[13.874s] Level 1:colcon.colcon_core.package_identification:_identify(micro_ros_msgs) by extension 'ros'
[13.874s] Level 1:colcon.colcon_core.package_identification:_identify(micro_ros_msgs) by extensions ['cmake', 'python']
[13.874s] Level 1:colcon.colcon_core.package_identification:_identify(micro_ros_msgs) by extension 'cmake'
[13.874s] Level 1:colcon.colcon_core.package_identification:_identify(micro_ros_msgs) by extension 'python'
[13.874s] Level 1:colcon.colcon_core.package_identification:_identify(micro_ros_msgs) by extensions ['python_setup_py']
[13.875s] Level 1:colcon.colcon_core.package_identification:_identify(micro_ros_msgs) by extension 'python_setup_py'
[13.875s] Level 1:colcon.colcon_core.package_identification:_identify(micro_ros_msgs/msg) by extensions ['ignore', 'ignore_ament_install']
[13.875s] Level 1:colcon.colcon_core.package_identification:_identify(micro_ros_msgs/msg) by extension 'ignore'
[13.875s] Level 1:colcon.colcon_core.package_identification:_identify(micro_ros_msgs/msg) by extension 'ignore_ament_install'
[13.875s] Level 1:colcon.colcon_core.package_identification:_identify(micro_ros_msgs/msg) by extensions ['colcon_pkg']
[13.875s] Level 1:colcon.colcon_core.package_identification:_identify(micro_ros_msgs/msg) by extension 'colcon_pkg'
[13.876s] Level 1:colcon.colcon_core.package_identification:_identify(micro_ros_msgs/msg) by extensions ['colcon_meta']
[13.876s] Level 1:colcon.colcon_core.package_identification:_identify(micro_ros_msgs/msg) by extension 'colcon_meta'
[13.876s] Level 1:colcon.colcon_core.package_identification:_identify(micro_ros_msgs/msg) by extensions ['ros']
[13.876s] Level 1:colcon.colcon_core.package_identification:_identify(micro_ros_msgs/msg) by extension 'ros'
[13.876s] Level 1:colcon.colcon_core.package_identification:_identify(micro_ros_msgs/msg) by extensions ['cmake', 'python']
[13.876s] Level 1:colcon.colcon_core.package_identification:_identify(micro_ros_msgs/msg) by extension 'cmake'
[13.876s] Level 1:colcon.colcon_core.package_identification:_identify(micro_ros_msgs/msg) by extension 'python'
[13.876s] Level 1:colcon.colcon_core.package_identification:_identify(micro_ros_msgs/msg) by extensions ['python_setup_py']
[13.876s] Level 1:colcon.colcon_core.package_identification:_identify(micro_ros_msgs/msg) by extension 'python_setup_py'
[13.877s] Level 1:colcon.colcon_core.package_identification:_identify(micro_ros_msgs/msg/detail) by extensions ['ignore', 'ignore_ament_install']
[13.877s] Level 1:colcon.colcon_core.package_identification:_identify(micro_ros_msgs/msg/detail) by extension 'ignore'
[13.877s] Level 1:colcon.colcon_core.package_identification:_identify(micro_ros_msgs/msg/detail) by extension 'ignore_ament_install'
[13.877s] Level 1:colcon.colcon_core.package_identification:_identify(micro_ros_msgs/msg/detail) by extensions ['colcon_pkg']
[13.877s] Level 1:colcon.colcon_core.package_identification:_identify(micro_ros_msgs/msg/detail) by extension 'colcon_pkg'
[13.877s] Level 1:colcon.colcon_core.package_identification:_identify(micro_ros_msgs/msg/detail) by extensions ['colcon_meta']
[13.877s] Level 1:colcon.colcon_core.package_identification:_identify(micro_ros_msgs/msg/detail) by extension 'colcon_meta'
[13.878s] Level 1:colcon.colcon_core.package_identification:_identify(micro_ros_msgs/msg/detail) by extensions ['ros']
[13.878s] Level 1:colcon.colcon_core.package_identification:_identify(micro_ros_msgs/msg/detail) by extension 'ros'
[13.878s] Level 1:colcon.colcon_core.package_identification:_identify(micro_ros_msgs/msg/detail) by extensions ['cmake', 'python']
[13.878s] Level 1:colcon.colcon_core.package_identification:_identify(micro_ros_msgs/msg/detail) by extension 'cmake'
[13.878s] Level 1:colcon.colcon_core.package_identification:_identify(micro_ros_msgs/msg/detail) by extension 'python'
[13.878s] Level 1:colcon.colcon_core.package_identification:_identify(micro_ros_msgs/msg/detail) by extensions ['python_setup_py']
[13.878s] Level 1:colcon.colcon_core.package_identification:_identify(micro_ros_msgs/msg/detail) by extension 'python_setup_py'
[13.878s] Level 1:colcon.colcon_core.package_identification:_identify(micro_ros_setup) by extensions ['ignore', 'ignore_ament_install']
[13.878s] Level 1:colcon.colcon_core.package_identification:_identify(micro_ros_setup) by extension 'ignore'
[13.879s] Level 1:colcon.colcon_core.package_identification:_identify(micro_ros_setup) by extension 'ignore_ament_install'
[13.879s] Level 1:colcon.colcon_core.package_identification:_identify(micro_ros_setup) by extensions ['colcon_pkg']
[13.879s] Level 1:colcon.colcon_core.package_identification:_identify(micro_ros_setup) by extension 'colcon_pkg'
[13.879s] Level 1:colcon.colcon_core.package_identification:_identify(micro_ros_setup) by extensions ['colcon_meta']
[13.879s] Level 1:colcon.colcon_core.package_identification:_identify(micro_ros_setup) by extension 'colcon_meta'
[13.879s] Level 1:colcon.colcon_core.package_identification:_identify(micro_ros_setup) by extensions ['ros']
[13.879s] Level 1:colcon.colcon_core.package_identification:_identify(micro_ros_setup) by extension 'ros'
[13.885s] DEBUG:colcon.colcon_core.package_identification:Package 'micro_ros_setup' with type 'ros.ament_cmake' and name 'micro_ros_setup'
[13.886s] Level 1:colcon.colcon_core.package_identification:_identify(src) by extensions ['ignore', 'ignore_ament_install']
[13.886s] Level 1:colcon.colcon_core.package_identification:_identify(src) by extension 'ignore'
[13.886s] Level 1:colcon.colcon_core.package_identification:_identify(src) by extension 'ignore_ament_install'
[13.886s] Level 1:colcon.colcon_core.package_identification:_identify(src) by extensions ['colcon_pkg']
[13.886s] Level 1:colcon.colcon_core.package_identification:_identify(src) by extension 'colcon_pkg'
[13.886s] Level 1:colcon.colcon_core.package_identification:_identify(src) by extensions ['colcon_meta']
[13.887s] Level 1:colcon.colcon_core.package_identification:_identify(src) by extension 'colcon_meta'
[13.887s] Level 1:colcon.colcon_core.package_identification:_identify(src) by extensions ['ros']
[13.887s] Level 1:colcon.colcon_core.package_identification:_identify(src) by extension 'ros'
[13.887s] Level 1:colcon.colcon_core.package_identification:_identify(src) by extensions ['cmake', 'python']
[13.887s] Level 1:colcon.colcon_core.package_identification:_identify(src) by extension 'cmake'
[13.887s] Level 1:colcon.colcon_core.package_identification:_identify(src) by extension 'python'
[13.887s] Level 1:colcon.colcon_core.package_identification:_identify(src) by extensions ['python_setup_py']
[13.887s] Level 1:colcon.colcon_core.package_identification:_identify(src) by extension 'python_setup_py'
[13.887s] Level 1:colcon.colcon_core.package_identification:_identify(src/micro_ros_utilities) by extensions ['ignore', 'ignore_ament_install']
[13.888s] Level 1:colcon.colcon_core.package_identification:_identify(src/micro_ros_utilities) by extension 'ignore'
[13.888s] Level 1:colcon.colcon_core.package_identification:_identify(src/micro_ros_utilities) by extension 'ignore_ament_install'
[13.888s] Level 1:colcon.colcon_core.package_identification:_identify(src/micro_ros_utilities) by extensions ['colcon_pkg']
[13.888s] Level 1:colcon.colcon_core.package_identification:_identify(src/micro_ros_utilities) by extension 'colcon_pkg'
[13.888s] Level 1:colcon.colcon_core.package_identification:_identify(src/micro_ros_utilities) by extensions ['colcon_meta']
[13.888s] Level 1:colcon.colcon_core.package_identification:_identify(src/micro_ros_utilities) by extension 'colcon_meta'
[13.888s] Level 1:colcon.colcon_core.package_identification:_identify(src/micro_ros_utilities) by extensions ['ros']
[13.888s] Level 1:colcon.colcon_core.package_identification:_identify(src/micro_ros_utilities) by extension 'ros'
[13.888s] Level 1:colcon.colcon_core.package_identification:_identify(src/micro_ros_utilities) by extensions ['cmake', 'python']
[13.889s] Level 1:colcon.colcon_core.package_identification:_identify(src/micro_ros_utilities) by extension 'cmake'
[13.889s] Level 1:colcon.colcon_core.package_identification:_identify(src/micro_ros_utilities) by extension 'python'
[13.889s] Level 1:colcon.colcon_core.package_identification:_identify(src/micro_ros_utilities) by extensions ['python_setup_py']
[13.889s] Level 1:colcon.colcon_core.package_identification:_identify(src/micro_ros_utilities) by extension 'python_setup_py'
[13.889s] Level 1:colcon.colcon_core.package_identification:_identify(src/micro_ros_utilities/micro_ros_utilities) by extensions ['ignore', 'ignore_ament_install']
[13.889s] Level 1:colcon.colcon_core.package_identification:_identify(src/micro_ros_utilities/micro_ros_utilities) by extension 'ignore'
[13.890s] Level 1:colcon.colcon_core.package_identification:_identify(src/micro_ros_utilities/micro_ros_utilities) by extension 'ignore_ament_install'
[13.890s] Level 1:colcon.colcon_core.package_identification:_identify(src/micro_ros_utilities/micro_ros_utilities) by extensions ['colcon_pkg']
[13.890s] Level 1:colcon.colcon_core.package_identification:_identify(src/micro_ros_utilities/micro_ros_utilities) by extension 'colcon_pkg'
[13.890s] Level 1:colcon.colcon_core.package_identification:_identify(src/micro_ros_utilities/micro_ros_utilities) by extensions ['colcon_meta']
[13.890s] Level 1:colcon.colcon_core.package_identification:_identify(src/micro_ros_utilities/micro_ros_utilities) by extension 'colcon_meta'
[13.890s] Level 1:colcon.colcon_core.package_identification:_identify(src/micro_ros_utilities/micro_ros_utilities) by extensions ['ros']
[13.890s] Level 1:colcon.colcon_core.package_identification:_identify(src/micro_ros_utilities/micro_ros_utilities) by extension 'ros'
[13.892s] DEBUG:colcon.colcon_core.package_identification:Package 'src/micro_ros_utilities/micro_ros_utilities' with type 'ros.ament_cmake' and name 'micro_ros_utilities'
[13.892s] Level 1:colcon.colcon_core.package_identification:_identify(src/uros) by extensions ['ignore', 'ignore_ament_install']
[13.892s] Level 1:colcon.colcon_core.package_identification:_identify(src/uros) by extension 'ignore'
[13.892s] Level 1:colcon.colcon_core.package_identification:_identify(src/uros) by extension 'ignore_ament_install'
[13.892s] Level 1:colcon.colcon_core.package_identification:_identify(src/uros) by extensions ['colcon_pkg']
[13.892s] Level 1:colcon.colcon_core.package_identification:_identify(src/uros) by extension 'colcon_pkg'
[13.893s] Level 1:colcon.colcon_core.package_identification:_identify(src/uros) by extensions ['colcon_meta']
[13.893s] Level 1:colcon.colcon_core.package_identification:_identify(src/uros) by extension 'colcon_meta'
[13.893s] Level 1:colcon.colcon_core.package_identification:_identify(src/uros) by extensions ['ros']
[13.893s] Level 1:colcon.colcon_core.package_identification:_identify(src/uros) by extension 'ros'
[13.893s] Level 1:colcon.colcon_core.package_identification:_identify(src/uros) by extensions ['cmake', 'python']
[13.893s] Level 1:colcon.colcon_core.package_identification:_identify(src/uros) by extension 'cmake'
[13.893s] Level 1:colcon.colcon_core.package_identification:_identify(src/uros) by extension 'python'
[13.893s] Level 1:colcon.colcon_core.package_identification:_identify(src/uros) by extensions ['python_setup_py']
[13.893s] Level 1:colcon.colcon_core.package_identification:_identify(src/uros) by extension 'python_setup_py'
[13.894s] Level 1:colcon.colcon_core.package_identification:_identify(src/uros/drive_base) by extensions ['ignore', 'ignore_ament_install']
[13.894s] Level 1:colcon.colcon_core.package_identification:_identify(src/uros/drive_base) by extension 'ignore'
[13.894s] Level 1:colcon.colcon_core.package_identification:_identify(src/uros/drive_base) by extension 'ignore_ament_install'
[13.894s] Level 1:colcon.colcon_core.package_identification:_identify(src/uros/drive_base) by extensions ['colcon_pkg']
[13.894s] Level 1:colcon.colcon_core.package_identification:_identify(src/uros/drive_base) by extension 'colcon_pkg'
[13.894s] Level 1:colcon.colcon_core.package_identification:_identify(src/uros/drive_base) by extensions ['colcon_meta']
[13.894s] Level 1:colcon.colcon_core.package_identification:_identify(src/uros/drive_base) by extension 'colcon_meta'
[13.894s] Level 1:colcon.colcon_core.package_identification:_identify(src/uros/drive_base) by extensions ['ros']
[13.894s] Level 1:colcon.colcon_core.package_identification:_identify(src/uros/drive_base) by extension 'ros'
[13.895s] Level 1:colcon.colcon_core.package_identification:_identify(src/uros/drive_base) by extensions ['cmake', 'python']
[13.895s] Level 1:colcon.colcon_core.package_identification:_identify(src/uros/drive_base) by extension 'cmake'
[13.895s] Level 1:colcon.colcon_core.package_identification:_identify(src/uros/drive_base) by extension 'python'
[13.895s] Level 1:colcon.colcon_core.package_identification:_identify(src/uros/drive_base) by extensions ['python_setup_py']
[13.895s] Level 1:colcon.colcon_core.package_identification:_identify(src/uros/drive_base) by extension 'python_setup_py'
[13.895s] Level 1:colcon.colcon_core.package_identification:_identify(src/uros/drive_base/drive_base_msgs) by extensions ['ignore', 'ignore_ament_install']
[13.895s] Level 1:colcon.colcon_core.package_identification:_identify(src/uros/drive_base/drive_base_msgs) by extension 'ignore'
[13.896s] Level 1:colcon.colcon_core.package_identification:_identify(src/uros/drive_base/drive_base_msgs) by extension 'ignore_ament_install'
[13.896s] Level 1:colcon.colcon_core.package_identification:_identify(src/uros/drive_base/drive_base_msgs) by extensions ['colcon_pkg']
[13.896s] Level 1:colcon.colcon_core.package_identification:_identify(src/uros/drive_base/drive_base_msgs) by extension 'colcon_pkg'
[13.896s] Level 1:colcon.colcon_core.package_identification:_identify(src/uros/drive_base/drive_base_msgs) by extensions ['colcon_meta']
[13.896s] Level 1:colcon.colcon_core.package_identification:_identify(src/uros/drive_base/drive_base_msgs) by extension 'colcon_meta'
[13.896s] Level 1:colcon.colcon_core.package_identification:_identify(src/uros/drive_base/drive_base_msgs) by extensions ['ros']
[13.896s] Level 1:colcon.colcon_core.package_identification:_identify(src/uros/drive_base/drive_base_msgs) by extension 'ros'
[13.897s] DEBUG:colcon.colcon_core.package_identification:Package 'src/uros/drive_base/drive_base_msgs' with type 'ros.ament_cmake' and name 'drive_base_msgs'
[13.898s] Level 1:colcon.colcon_core.package_identification:_identify(src/uros/micro-ROS-Agent) by extensions ['ignore', 'ignore_ament_install']
[13.898s] Level 1:colcon.colcon_core.package_identification:_identify(src/uros/micro-ROS-Agent) by extension 'ignore'
[13.898s] Level 1:colcon.colcon_core.package_identification:_identify(src/uros/micro-ROS-Agent) by extension 'ignore_ament_install'
[13.898s] Level 1:colcon.colcon_core.package_identification:_identify(src/uros/micro-ROS-Agent) by extensions ['colcon_pkg']
[13.898s] Level 1:colcon.colcon_core.package_identification:_identify(src/uros/micro-ROS-Agent) by extension 'colcon_pkg'
[13.898s] Level 1:colcon.colcon_core.package_identification:_identify(src/uros/micro-ROS-Agent) by extensions ['colcon_meta']
[13.898s] Level 1:colcon.colcon_core.package_identification:_identify(src/uros/micro-ROS-Agent) by extension 'colcon_meta'
[13.898s] Level 1:colcon.colcon_core.package_identification:_identify(src/uros/micro-ROS-Agent) by extensions ['ros']
[13.898s] Level 1:colcon.colcon_core.package_identification:_identify(src/uros/micro-ROS-Agent) by extension 'ros'
[13.899s] Level 1:colcon.colcon_core.package_identification:_identify(src/uros/micro-ROS-Agent) by extensions ['cmake', 'python']
[13.899s] Level 1:colcon.colcon_core.package_identification:_identify(src/uros/micro-ROS-Agent) by extension 'cmake'
[13.899s] Level 1:colcon.colcon_core.package_identification:_identify(src/uros/micro-ROS-Agent) by extension 'python'
[13.899s] Level 1:colcon.colcon_core.package_identification:_identify(src/uros/micro-ROS-Agent) by extensions ['python_setup_py']
[13.899s] Level 1:colcon.colcon_core.package_identification:_identify(src/uros/micro-ROS-Agent) by extension 'python_setup_py'
[13.899s] Level 1:colcon.colcon_core.package_identification:_identify(src/uros/micro-ROS-Agent/micro_ros_agent) by extensions ['ignore', 'ignore_ament_install']
[13.900s] Level 1:colcon.colcon_core.package_identification:_identify(src/uros/micro-ROS-Agent/micro_ros_agent) by extension 'ignore'
[13.900s] Level 1:colcon.colcon_core.package_identification:_identify(src/uros/micro-ROS-Agent/micro_ros_agent) by extension 'ignore_ament_install'
[13.900s] Level 1:colcon.colcon_core.package_identification:_identify(src/uros/micro-ROS-Agent/micro_ros_agent) by extensions ['colcon_pkg']
[13.900s] Level 1:colcon.colcon_core.package_identification:_identify(src/uros/micro-ROS-Agent/micro_ros_agent) by extension 'colcon_pkg'
[13.900s] Level 1:colcon.colcon_core.package_identification:_identify(src/uros/micro-ROS-Agent/micro_ros_agent) by extensions ['colcon_meta']
[13.900s] Level 1:colcon.colcon_core.package_identification:_identify(src/uros/micro-ROS-Agent/micro_ros_agent) by extension 'colcon_meta'
[13.900s] Level 1:colcon.colcon_core.package_identification:_identify(src/uros/micro-ROS-Agent/micro_ros_agent) by extensions ['ros']
[13.900s] Level 1:colcon.colcon_core.package_identification:_identify(src/uros/micro-ROS-Agent/micro_ros_agent) by extension 'ros'
[13.902s] DEBUG:colcon.colcon_core.package_identification:Package 'src/uros/micro-ROS-Agent/micro_ros_agent' with type 'ros.ament_cmake' and name 'micro_ros_agent'
[13.902s] Level 1:colcon.colcon_core.package_identification:_identify(src/uros/micro-ROS-Agent/snap) by extensions ['ignore', 'ignore_ament_install']
[13.903s] Level 1:colcon.colcon_core.package_identification:_identify(src/uros/micro-ROS-Agent/snap) by extension 'ignore'
[13.903s] Level 1:colcon.colcon_core.package_identification:_identify(src/uros/micro-ROS-Agent/snap) by extension 'ignore_ament_install'
[13.903s] Level 1:colcon.colcon_core.package_identification:_identify(src/uros/micro-ROS-Agent/snap) by extensions ['colcon_pkg']
[13.903s] Level 1:colcon.colcon_core.package_identification:_identify(src/uros/micro-ROS-Agent/snap) by extension 'colcon_pkg'
[13.903s] Level 1:colcon.colcon_core.package_identification:_identify(src/uros/micro-ROS-Agent/snap) by extensions ['colcon_meta']
[13.903s] Level 1:colcon.colcon_core.package_identification:_identify(src/uros/micro-ROS-Agent/snap) by extension 'colcon_meta'
[13.903s] Level 1:colcon.colcon_core.package_identification:_identify(src/uros/micro-ROS-Agent/snap) by extensions ['ros']
[13.903s] Level 1:colcon.colcon_core.package_identification:_identify(src/uros/micro-ROS-Agent/snap) by extension 'ros'
[13.904s] Level 1:colcon.colcon_core.package_identification:_identify(src/uros/micro-ROS-Agent/snap) by extensions ['cmake', 'python']
[13.904s] Level 1:colcon.colcon_core.package_identification:_identify(src/uros/micro-ROS-Agent/snap) by extension 'cmake'
[13.904s] Level 1:colcon.colcon_core.package_identification:_identify(src/uros/micro-ROS-Agent/snap) by extension 'python'
[13.904s] Level 1:colcon.colcon_core.package_identification:_identify(src/uros/micro-ROS-Agent/snap) by extensions ['python_setup_py']
[13.904s] Level 1:colcon.colcon_core.package_identification:_identify(src/uros/micro-ROS-Agent/snap) by extension 'python_setup_py'
[13.904s] Level 1:colcon.colcon_core.package_identification:_identify(src/uros/micro-ROS-Agent/snap/hooks) by extensions ['ignore', 'ignore_ament_install']
[13.904s] Level 1:colcon.colcon_core.package_identification:_identify(src/uros/micro-ROS-Agent/snap/hooks) by extension 'ignore'
[13.905s] Level 1:colcon.colcon_core.package_identification:_identify(src/uros/micro-ROS-Agent/snap/hooks) by extension 'ignore_ament_install'
[13.905s] Level 1:colcon.colcon_core.package_identification:_identify(src/uros/micro-ROS-Agent/snap/hooks) by extensions ['colcon_pkg']
[13.905s] Level 1:colcon.colcon_core.package_identification:_identify(src/uros/micro-ROS-Agent/snap/hooks) by extension 'colcon_pkg'
[13.905s] Level 1:colcon.colcon_core.package_identification:_identify(src/uros/micro-ROS-Agent/snap/hooks) by extensions ['colcon_meta']
[13.905s] Level 1:colcon.colcon_core.package_identification:_identify(src/uros/micro-ROS-Agent/snap/hooks) by extension 'colcon_meta'
[13.905s] Level 1:colcon.colcon_core.package_identification:_identify(src/uros/micro-ROS-Agent/snap/hooks) by extensions ['ros']
[13.905s] Level 1:colcon.colcon_core.package_identification:_identify(src/uros/micro-ROS-Agent/snap/hooks) by extension 'ros'
[13.905s] Level 1:colcon.colcon_core.package_identification:_identify(src/uros/micro-ROS-Agent/snap/hooks) by extensions ['cmake', 'python']
[13.905s] Level 1:colcon.colcon_core.package_identification:_identify(src/uros/micro-ROS-Agent/snap/hooks) by extension 'cmake'
[13.905s] Level 1:colcon.colcon_core.package_identification:_identify(src/uros/micro-ROS-Agent/snap/hooks) by extension 'python'
[13.906s] Level 1:colcon.colcon_core.package_identification:_identify(src/uros/micro-ROS-Agent/snap/hooks) by extensions ['python_setup_py']
[13.906s] Level 1:colcon.colcon_core.package_identification:_identify(src/uros/micro-ROS-Agent/snap/hooks) by extension 'python_setup_py'
[13.906s] Level 1:colcon.colcon_core.package_identification:_identify(src/uros/micro-ROS-Agent/snap/local) by extensions ['ignore', 'ignore_ament_install']
[13.906s] Level 1:colcon.colcon_core.package_identification:_identify(src/uros/micro-ROS-Agent/snap/local) by extension 'ignore'
[13.906s] Level 1:colcon.colcon_core.package_identification:_identify(src/uros/micro-ROS-Agent/snap/local) by extension 'ignore_ament_install'
[13.906s] Level 1:colcon.colcon_core.package_identification:_identify(src/uros/micro-ROS-Agent/snap/local) by extensions ['colcon_pkg']
[13.906s] Level 1:colcon.colcon_core.package_identification:_identify(src/uros/micro-ROS-Agent/snap/local) by extension 'colcon_pkg'
[13.907s] Level 1:colcon.colcon_core.package_identification:_identify(src/uros/micro-ROS-Agent/snap/local) by extensions ['colcon_meta']
[13.907s] Level 1:colcon.colcon_core.package_identification:_identify(src/uros/micro-ROS-Agent/snap/local) by extension 'colcon_meta'
[13.907s] Level 1:colcon.colcon_core.package_identification:_identify(src/uros/micro-ROS-Agent/snap/local) by extensions ['ros']
[13.907s] Level 1:colcon.colcon_core.package_identification:_identify(src/uros/micro-ROS-Agent/snap/local) by extension 'ros'
[13.907s] Level 1:colcon.colcon_core.package_identification:_identify(src/uros/micro-ROS-Agent/snap/local) by extensions ['cmake', 'python']
[13.907s] Level 1:colcon.colcon_core.package_identification:_identify(src/uros/micro-ROS-Agent/snap/local) by extension 'cmake'
[13.907s] Level 1:colcon.colcon_core.package_identification:_identify(src/uros/micro-ROS-Agent/snap/local) by extension 'python'
[13.907s] Level 1:colcon.colcon_core.package_identification:_identify(src/uros/micro-ROS-Agent/snap/local) by extensions ['python_setup_py']
[13.907s] Level 1:colcon.colcon_core.package_identification:_identify(src/uros/micro-ROS-Agent/snap/local) by extension 'python_setup_py'
[13.908s] Level 1:colcon.colcon_core.package_identification:_identify(src/uros/micro_ros_msgs) by extensions ['ignore', 'ignore_ament_install']
[13.908s] Level 1:colcon.colcon_core.package_identification:_identify(src/uros/micro_ros_msgs) by extension 'ignore'
[13.908s] Level 1:colcon.colcon_core.package_identification:_identify(src/uros/micro_ros_msgs) by extension 'ignore_ament_install'
[13.908s] Level 1:colcon.colcon_core.package_identification:_identify(src/uros/micro_ros_msgs) by extensions ['colcon_pkg']
[13.908s] Level 1:colcon.colcon_core.package_identification:_identify(src/uros/micro_ros_msgs) by extension 'colcon_pkg'
[13.908s] Level 1:colcon.colcon_core.package_identification:_identify(src/uros/micro_ros_msgs) by extensions ['colcon_meta']
[13.908s] Level 1:colcon.colcon_core.package_identification:_identify(src/uros/micro_ros_msgs) by extension 'colcon_meta'
[13.908s] Level 1:colcon.colcon_core.package_identification:_identify(src/uros/micro_ros_msgs) by extensions ['ros']
[13.908s] Level 1:colcon.colcon_core.package_identification:_identify(src/uros/micro_ros_msgs) by extension 'ros'
[13.910s] DEBUG:colcon.colcon_core.package_identification:Package 'src/uros/micro_ros_msgs' with type 'ros.ament_cmake' and name 'micro_ros_msgs'
[13.910s] Level 1:colcon.colcon_core.package_discovery:discover_packages(recursive) using defaults
[13.910s] Level 1:colcon.colcon_core.package_discovery:discover_packages(ignore) discover
[13.910s] Level 1:colcon.colcon_core.package_discovery:discover_packages(ignore) using defaults
[13.910s] Level 1:colcon.colcon_core.package_discovery:discover_packages(path) discover
[13.910s] Level 1:colcon.colcon_core.package_discovery:discover_packages(path) using defaults
[14.701s] INFO:colcon.colcon_core.package_selection:Skipping package 'micro_ros_utilities' in 'src/micro_ros_utilities/micro_ros_utilities'
[14.701s] INFO:colcon.colcon_core.package_selection:Skipping package 'micro_ros_setup' in 'micro_ros_setup'
[14.701s] INFO:colcon.colcon_core.package_selection:Skipping package 'drive_base_msgs' in 'src/uros/drive_base/drive_base_msgs'
[15.180s] Level 1:colcon.colcon_core.package_discovery:discover_packages(prefix_path) check parameters
[15.181s] Level 1:colcon.colcon_core.package_discovery:discover_packages(prefix_path) discover
[15.667s] DEBUG:colcon.colcon_installed_package_information.package_discovery:Found 15 installed packages in /home/orin_nano/microros_ws/install
[15.907s] DEBUG:colcon.colcon_installed_package_information.package_discovery:Found 2 installed packages in /home/orin_nano/install
[16.147s] DEBUG:colcon.colcon_installed_package_information.package_discovery:Found 263 installed packages in /opt/ros/foxy
[16.151s] Level 1:colcon.colcon_core.package_discovery:discover_packages(prefix_path) using defaults
[16.820s] Level 5:colcon.colcon_core.verb:set package 'micro_ros_msgs' build argument 'cmake_args' from command line to '['-DUAGENT_BUILD_EXECUTABLE=OFF', '-DUAGENT_P2P_PROFILE=OFF', '--no-warn-unused-cli']'
[16.820s] Level 5:colcon.colcon_core.verb:set package 'micro_ros_msgs' build argument 'cmake_target' from command line to 'None'
[16.820s] Level 5:colcon.colcon_core.verb:set package 'micro_ros_msgs' build argument 'cmake_target_skip_unavailable' from command line to 'False'
[16.820s] Level 5:colcon.colcon_core.verb:set package 'micro_ros_msgs' build argument 'cmake_clean_cache' from command line to 'False'
[16.820s] Level 5:colcon.colcon_core.verb:set package 'micro_ros_msgs' build argument 'cmake_clean_first' from command line to 'False'
[16.820s] Level 5:colcon.colcon_core.verb:set package 'micro_ros_msgs' build argument 'cmake_force_configure' from command line to 'False'
[16.820s] Level 5:colcon.colcon_core.verb:set package 'micro_ros_msgs' build argument 'ament_cmake_args' from command line to 'None'
[16.820s] Level 5:colcon.colcon_core.verb:set package 'micro_ros_msgs' build argument 'catkin_cmake_args' from command line to 'None'
[16.821s] Level 5:colcon.colcon_core.verb:set package 'micro_ros_msgs' build argument 'catkin_skip_building_tests' from command line to 'False'
[16.821s] DEBUG:colcon.colcon_core.verb:Building package 'micro_ros_msgs' with the following arguments: {'ament_cmake_args': None, 'build_base': '/home/orin_nano/microros_ws/build/micro_ros_msgs', 'catkin_cmake_args': None, 'catkin_skip_building_tests': False, 'cmake_args': ['-DUAGENT_BUILD_EXECUTABLE=OFF', '-DUAGENT_P2P_PROFILE=OFF', '--no-warn-unused-cli'], 'cmake_clean_cache': False, 'cmake_clean_first': False, 'cmake_force_configure': False, 'cmake_target': None, 'cmake_target_skip_unavailable': False, 'install_base': '/home/orin_nano/microros_ws/install/micro_ros_msgs', 'merge_install': False, 'path': '/home/orin_nano/microros_ws/src/uros/micro_ros_msgs', 'symlink_install': False, 'test_result_base': None}
[17.061s] Level 5:colcon.colcon_core.verb:set package 'micro_ros_agent' build argument 'cmake_args' from command line to '['-DUAGENT_BUILD_EXECUTABLE=OFF', '-DUAGENT_P2P_PROFILE=OFF', '--no-warn-unused-cli']'
[17.061s] Level 5:colcon.colcon_core.verb:set package 'micro_ros_agent' build argument 'cmake_target' from command line to 'None'
[17.061s] Level 5:colcon.colcon_core.verb:set package 'micro_ros_agent' build argument 'cmake_target_skip_unavailable' from command line to 'False'
[17.062s] Level 5:colcon.colcon_core.verb:set package 'micro_ros_agent' build argument 'cmake_clean_cache' from command line to 'False'
[17.062s] Level 5:colcon.colcon_core.verb:set package 'micro_ros_agent' build argument 'cmake_clean_first' from command line to 'False'
[17.062s] Level 5:colcon.colcon_core.verb:set package 'micro_ros_agent' build argument 'cmake_force_configure' from command line to 'False'
[17.062s] Level 5:colcon.colcon_core.verb:set package 'micro_ros_agent' build argument 'ament_cmake_args' from command line to 'None'
[17.062s] Level 5:colcon.colcon_core.verb:set package 'micro_ros_agent' build argument 'catkin_cmake_args' from command line to 'None'
[17.062s] Level 5:colcon.colcon_core.verb:set package 'micro_ros_agent' build argument 'catkin_skip_building_tests' from command line to 'False'
[17.062s] DEBUG:colcon.colcon_core.verb:Building package 'micro_ros_agent' with the following arguments: {'ament_cmake_args': None, 'build_base': '/home/orin_nano/microros_ws/build/micro_ros_agent', 'catkin_cmake_args': None, 'catkin_skip_building_tests': False, 'cmake_args': ['-DUAGENT_BUILD_EXECUTABLE=OFF', '-DUAGENT_P2P_PROFILE=OFF', '--no-warn-unused-cli'], 'cmake_clean_cache': False, 'cmake_clean_first': False, 'cmake_force_configure': False, 'cmake_target': None, 'cmake_target_skip_unavailable': False, 'install_base': '/home/orin_nano/microros_ws/install/micro_ros_agent', 'merge_install': False, 'path': '/home/orin_nano/microros_ws/src/uros/micro-ROS-Agent/micro_ros_agent', 'symlink_install': False, 'test_result_base': None}
[17.302s] INFO:colcon.colcon_core.executor:Executing jobs using 'parallel' executor
[17.543s] DEBUG:colcon.colcon_parallel_executor.executor.parallel:run_until_complete
[17.544s] INFO:colcon.colcon_ros.task.ament_cmake.build:Building ROS package in '/home/orin_nano/microros_ws/src/uros/micro_ros_msgs' with build type 'ament_cmake'
[17.544s] INFO:colcon.colcon_cmake.task.cmake.build:Building CMake package in '/home/orin_nano/microros_ws/src/uros/micro_ros_msgs'
[17.798s] INFO:colcon.colcon_core.plugin_system:Skipping extension 'colcon_core.shell.bat': Not used on non-Windows systems
[17.798s] INFO:colcon.colcon_core.shell:Skip shell extension 'powershell' for command environment: Not usable outside of PowerShell
[17.798s] DEBUG:colcon.colcon_core.shell:Skip shell extension 'dsv' for command environment
[18.792s] DEBUG:colcon.colcon_core.event_handler.log_command:Invoking command in '/home/orin_nano/microros_ws/build/micro_ros_msgs': CMAKE_PREFIX_PATH=${CMAKE_PREFIX_PATH}:/home/orin_nano/microros_ws/install/micro_ros_setup:/opt/ros/foxy /usr/bin/cmake /home/orin_nano/microros_ws/src/uros/micro_ros_msgs -DUAGENT_BUILD_EXECUTABLE=OFF -DUAGENT_P2P_PROFILE=OFF --no-warn-unused-cli -DCMAKE_INSTALL_PREFIX=/home/orin_nano/microros_ws/install/micro_ros_msgs
[20.613s] DEBUG:colcon.colcon_core.event_handler.log_command:Invoked command in '/home/orin_nano/microros_ws/build/micro_ros_msgs' returned '0': CMAKE_PREFIX_PATH=${CMAKE_PREFIX_PATH}:/home/orin_nano/microros_ws/install/micro_ros_setup:/opt/ros/foxy /usr/bin/cmake /home/orin_nano/microros_ws/src/uros/micro_ros_msgs -DUAGENT_BUILD_EXECUTABLE=OFF -DUAGENT_P2P_PROFILE=OFF --no-warn-unused-cli -DCMAKE_INSTALL_PREFIX=/home/orin_nano/microros_ws/install/micro_ros_msgs
[20.620s] DEBUG:colcon.colcon_core.event_handler.log_command:Invoking command in '/home/orin_nano/microros_ws/build/micro_ros_msgs': CMAKE_PREFIX_PATH=${CMAKE_PREFIX_PATH}:/home/orin_nano/microros_ws/install/micro_ros_setup:/opt/ros/foxy /usr/bin/cmake --build /home/orin_nano/microros_ws/build/micro_ros_msgs -- -j6 -l6
[22.873s] DEBUG:colcon.colcon_core.event_handler.log_command:Invoked command in '/home/orin_nano/microros_ws/build/micro_ros_msgs' returned '0': CMAKE_PREFIX_PATH=${CMAKE_PREFIX_PATH}:/home/orin_nano/microros_ws/install/micro_ros_setup:/opt/ros/foxy /usr/bin/cmake --build /home/orin_nano/microros_ws/build/micro_ros_msgs -- -j6 -l6
[23.082s] DEBUG:colcon.colcon_core.event_handler.log_command:Invoking command in '/home/orin_nano/microros_ws/build/micro_ros_msgs': CMAKE_PREFIX_PATH=${CMAKE_PREFIX_PATH}:/home/orin_nano/microros_ws/install/micro_ros_setup:/opt/ros/foxy /usr/bin/cmake --install /home/orin_nano/microros_ws/build/micro_ros_msgs
[23.219s] Level 1:colcon.colcon_core.environment:create_environment_scripts_only(micro_ros_msgs)
[23.221s] DEBUG:colcon.colcon_core.event_handler.log_command:Invoked command in '/home/orin_nano/microros_ws/build/micro_ros_msgs' returned '0': CMAKE_PREFIX_PATH=${CMAKE_PREFIX_PATH}:/home/orin_nano/microros_ws/install/micro_ros_setup:/opt/ros/foxy /usr/bin/cmake --install /home/orin_nano/microros_ws/build/micro_ros_msgs
[23.499s] Level 1:colcon.colcon_core.environment:checking '/home/orin_nano/microros_ws/install/micro_ros_msgs' for CMake module files
[23.500s] Level 1:colcon.colcon_core.environment:checking '/home/orin_nano/microros_ws/install/micro_ros_msgs' for CMake config files
[23.501s] Level 1:colcon.colcon_core.shell:create_environment_hook('micro_ros_msgs', 'cmake_prefix_path')
[23.744s] INFO:colcon.colcon_core.shell:Creating environment hook '/home/orin_nano/microros_ws/install/micro_ros_msgs/share/micro_ros_msgs/hook/cmake_prefix_path.ps1'
[23.747s] INFO:colcon.colcon_core.shell:Creating environment descriptor '/home/orin_nano/microros_ws/install/micro_ros_msgs/share/micro_ros_msgs/hook/cmake_prefix_path.dsv'
[23.748s] INFO:colcon.colcon_core.shell:Creating environment hook '/home/orin_nano/microros_ws/install/micro_ros_msgs/share/micro_ros_msgs/hook/cmake_prefix_path.sh'
[23.750s] Level 1:colcon.colcon_core.environment:checking '/home/orin_nano/microros_ws/install/micro_ros_msgs/lib'
[23.750s] Level 1:colcon.colcon_core.shell:create_environment_hook('micro_ros_msgs', 'ld_library_path_lib')
[23.994s] INFO:colcon.colcon_core.shell:Creating environment hook '/home/orin_nano/microros_ws/install/micro_ros_msgs/share/micro_ros_msgs/hook/ld_library_path_lib.ps1'
[23.995s] INFO:colcon.colcon_core.shell:Creating environment descriptor '/home/orin_nano/microros_ws/install/micro_ros_msgs/share/micro_ros_msgs/hook/ld_library_path_lib.dsv'
[23.996s] INFO:colcon.colcon_core.shell:Creating environment hook '/home/orin_nano/microros_ws/install/micro_ros_msgs/share/micro_ros_msgs/hook/ld_library_path_lib.sh'
[23.997s] Level 1:colcon.colcon_core.environment:checking '/home/orin_nano/microros_ws/install/micro_ros_msgs/bin'
[23.997s] Level 1:colcon.colcon_core.environment:checking '/home/orin_nano/microros_ws/install/micro_ros_msgs/lib/pkgconfig/micro_ros_msgs.pc'
[23.998s] Level 1:colcon.colcon_core.environment:checking '/home/orin_nano/microros_ws/install/micro_ros_msgs/lib/python3.8/site-packages'
[23.998s] Level 1:colcon.colcon_core.shell:create_environment_hook('micro_ros_msgs', 'pythonpath')
[24.242s] INFO:colcon.colcon_core.shell:Creating environment hook '/home/orin_nano/microros_ws/install/micro_ros_msgs/share/micro_ros_msgs/hook/pythonpath.ps1'
[24.243s] INFO:colcon.colcon_core.shell:Creating environment descriptor '/home/orin_nano/microros_ws/install/micro_ros_msgs/share/micro_ros_msgs/hook/pythonpath.dsv'
[24.243s] INFO:colcon.colcon_core.shell:Creating environment hook '/home/orin_nano/microros_ws/install/micro_ros_msgs/share/micro_ros_msgs/hook/pythonpath.sh'
[24.244s] Level 1:colcon.colcon_core.environment:checking '/home/orin_nano/microros_ws/install/micro_ros_msgs/bin'
[24.490s] INFO:colcon.colcon_core.shell:Creating package script '/home/orin_nano/microros_ws/install/micro_ros_msgs/share/micro_ros_msgs/package.ps1'
[24.492s] INFO:colcon.colcon_core.shell:Creating package descriptor '/home/orin_nano/microros_ws/install/micro_ros_msgs/share/micro_ros_msgs/package.dsv'
[24.494s] INFO:colcon.colcon_core.shell:Creating package script '/home/orin_nano/microros_ws/install/micro_ros_msgs/share/micro_ros_msgs/package.sh'
[24.495s] INFO:colcon.colcon_core.shell:Creating package script '/home/orin_nano/microros_ws/install/micro_ros_msgs/share/micro_ros_msgs/package.bash'
[24.497s] INFO:colcon.colcon_core.shell:Creating package script '/home/orin_nano/microros_ws/install/micro_ros_msgs/share/micro_ros_msgs/package.zsh'
[24.498s] Level 1:colcon.colcon_core.environment:create_file_with_runtime_dependencies(/home/orin_nano/microros_ws/install/micro_ros_msgs/share/colcon-core/packages/micro_ros_msgs)
[24.930s] Level 1:colcon.colcon_core.environment:create_environment_scripts_only(micro_ros_msgs)
[25.175s] Level 1:colcon.colcon_core.environment:checking '/home/orin_nano/microros_ws/install/micro_ros_msgs' for CMake module files
[25.176s] Level 1:colcon.colcon_core.environment:checking '/home/orin_nano/microros_ws/install/micro_ros_msgs' for CMake config files
[25.177s] Level 1:colcon.colcon_core.shell:create_environment_hook('micro_ros_msgs', 'cmake_prefix_path')
[25.423s] INFO:colcon.colcon_core.shell:Creating environment hook '/home/orin_nano/microros_ws/install/micro_ros_msgs/share/micro_ros_msgs/hook/cmake_prefix_path.ps1'
[25.425s] INFO:colcon.colcon_core.shell:Creating environment descriptor '/home/orin_nano/microros_ws/install/micro_ros_msgs/share/micro_ros_msgs/hook/cmake_prefix_path.dsv'
[25.425s] INFO:colcon.colcon_core.shell:Creating environment hook '/home/orin_nano/microros_ws/install/micro_ros_msgs/share/micro_ros_msgs/hook/cmake_prefix_path.sh'
[25.427s] Level 1:colcon.colcon_core.environment:checking '/home/orin_nano/microros_ws/install/micro_ros_msgs/lib'
[25.427s] Level 1:colcon.colcon_core.shell:create_environment_hook('micro_ros_msgs', 'ld_library_path_lib')
[25.673s] INFO:colcon.colcon_core.shell:Creating environment hook '/home/orin_nano/microros_ws/install/micro_ros_msgs/share/micro_ros_msgs/hook/ld_library_path_lib.ps1'
[25.674s] INFO:colcon.colcon_core.shell:Creating environment descriptor '/home/orin_nano/microros_ws/install/micro_ros_msgs/share/micro_ros_msgs/hook/ld_library_path_lib.dsv'
[25.675s] INFO:colcon.colcon_core.shell:Creating environment hook '/home/orin_nano/microros_ws/install/micro_ros_msgs/share/micro_ros_msgs/hook/ld_library_path_lib.sh'
[25.676s] Level 1:colcon.colcon_core.environment:checking '/home/orin_nano/microros_ws/install/micro_ros_msgs/bin'
[25.676s] Level 1:colcon.colcon_core.environment:checking '/home/orin_nano/microros_ws/install/micro_ros_msgs/lib/pkgconfig/micro_ros_msgs.pc'
[25.676s] Level 1:colcon.colcon_core.environment:checking '/home/orin_nano/microros_ws/install/micro_ros_msgs/lib/python3.8/site-packages'
[25.676s] Level 1:colcon.colcon_core.shell:create_environment_hook('micro_ros_msgs', 'pythonpath')
[25.923s] INFO:colcon.colcon_core.shell:Creating environment hook '/home/orin_nano/microros_ws/install/micro_ros_msgs/share/micro_ros_msgs/hook/pythonpath.ps1'
[25.924s] INFO:colcon.colcon_core.shell:Creating environment descriptor '/home/orin_nano/microros_ws/install/micro_ros_msgs/share/micro_ros_msgs/hook/pythonpath.dsv'
[25.924s] INFO:colcon.colcon_core.shell:Creating environment hook '/home/orin_nano/microros_ws/install/micro_ros_msgs/share/micro_ros_msgs/hook/pythonpath.sh'
[25.926s] Level 1:colcon.colcon_core.environment:checking '/home/orin_nano/microros_ws/install/micro_ros_msgs/bin'
[26.173s] INFO:colcon.colcon_core.shell:Creating package script '/home/orin_nano/microros_ws/install/micro_ros_msgs/share/micro_ros_msgs/package.ps1'
[26.174s] INFO:colcon.colcon_core.shell:Creating package descriptor '/home/orin_nano/microros_ws/install/micro_ros_msgs/share/micro_ros_msgs/package.dsv'
[26.175s] INFO:colcon.colcon_core.shell:Creating package script '/home/orin_nano/microros_ws/install/micro_ros_msgs/share/micro_ros_msgs/package.sh'
[26.176s] INFO:colcon.colcon_core.shell:Creating package script '/home/orin_nano/microros_ws/install/micro_ros_msgs/share/micro_ros_msgs/package.bash'
[26.177s] INFO:colcon.colcon_core.shell:Creating package script '/home/orin_nano/microros_ws/install/micro_ros_msgs/share/micro_ros_msgs/package.zsh'
[26.178s] Level 1:colcon.colcon_core.environment:create_file_with_runtime_dependencies(/home/orin_nano/microros_ws/install/micro_ros_msgs/share/colcon-core/packages/micro_ros_msgs)
[26.179s] INFO:colcon.colcon_ros.task.ament_cmake.build:Building ROS package in '/home/orin_nano/microros_ws/src/uros/micro-ROS-Agent/micro_ros_agent' with build type 'ament_cmake'
[26.179s] INFO:colcon.colcon_cmake.task.cmake.build:Building CMake package in '/home/orin_nano/microros_ws/src/uros/micro-ROS-Agent/micro_ros_agent'
[26.427s] INFO:colcon.colcon_core.shell:Skip shell extension 'powershell' for command environment: Not usable outside of PowerShell
[26.428s] DEBUG:colcon.colcon_core.shell:Skip shell extension 'dsv' for command environment
[27.440s] DEBUG:colcon.colcon_core.event_handler.log_command:Invoking command in '/home/orin_nano/microros_ws/build/micro_ros_agent': CMAKE_PREFIX_PATH=/home/orin_nano/microros_ws/install/micro_ros_msgs:/home/orin_nano/microros_ws/install/rosidl_typesupport_introspection_cpp:/home/orin_nano/microros_ws/install/micro_ros_utilities:/home/orin_nano/microros_ws/install/rosidl_typesupport_introspection_c:/home/orin_nano/microros_ws/install/rosidl_runtime_c:/home/orin_nano/microros_ws/install/rosidl_generator_cpp:/home/orin_nano/microros_ws/install/rosidl_generator_c:/home/orin_nano/microros_ws/install/rosidl_typesupport_interface:/home/orin_nano/microros_ws/install/rosidl_runtime_cpp:/home/orin_nano/microros_ws/install/rosidl_cmake:/home/orin_nano/microros_ws/install/rosidl_parser:/home/orin_nano/microros_ws/install/rosidl_adapter:/home/orin_nano/microros_ws/install/micro_ros_agent:/home/orin_nano/microros_ws/install/drive_base_msgs:/home/orin_nano/install/joy:/home/orin_nano/microros_ws/install/micro_ros_setup:/opt/ros/foxy LD_LIBRARY_PATH=/home/orin_nano/microros_ws/install/micro_ros_msgs/lib:/home/orin_nano/microros_ws/install/rosidl_typesupport_introspection_cpp/lib:/home/orin_nano/microros_ws/install/micro_ros_utilities/lib:/home/orin_nano/microros_ws/install/rosidl_typesupport_introspection_c/lib:/home/orin_nano/microros_ws/install/rosidl_runtime_c/lib:/home/orin_nano/microros_ws/install/micro_ros_agent/lib:/home/orin_nano/microros_ws/install/drive_base_msgs/lib:/home/orin_nano/install/joy/lib:/opt/ros/foxy/opt/yaml_cpp_vendor/lib:/opt/ros/foxy/opt/rviz_ogre_vendor/lib:/opt/ros/foxy/lib/aarch64-linux-gnu:/opt/ros/foxy/lib:/usr/local/cuda-11.4/lib64 PYTHONPATH=/home/orin_nano/microros_ws/install/micro_ros_msgs/lib/python3.8/site-packages:/home/orin_nano/microros_ws/install/rosidl_typesupport_introspection_cpp/lib/python3.8/site-packages:/home/orin_nano/microros_ws/install/rosidl_typesupport_introspection_c/lib/python3.8/site-packages:/home/orin_nano/microros_ws/install/rosidl_generator_cpp/lib/python3.8/site-packages:/home/orin_nano/microros_ws/install/rosidl_generator_c/lib/python3.8/site-packages:/home/orin_nano/microros_ws/install/rosidl_cmake/lib/python3.8/site-packages:/home/orin_nano/microros_ws/install/rosidl_parser/lib/python3.8/site-packages:/home/orin_nano/microros_ws/install/rosidl_adapter/lib/python3.8/site-packages:/home/orin_nano/microros_ws/install/drive_base_msgs/lib/python3.8/site-packages:/opt/ros/foxy/lib/python3.8/site-packages /usr/bin/cmake /home/orin_nano/microros_ws/src/uros/micro-ROS-Agent/micro_ros_agent -DUAGENT_BUILD_EXECUTABLE=OFF -DUAGENT_P2P_PROFILE=OFF --no-warn-unused-cli -DCMAKE_INSTALL_PREFIX=/home/orin_nano/microros_ws/install/micro_ros_agent
[28.641s] DEBUG:colcon.colcon_core.event_handler.log_command:Invoked command in '/home/orin_nano/microros_ws/build/micro_ros_agent' returned '0': CMAKE_PREFIX_PATH=/home/orin_nano/microros_ws/install/micro_ros_msgs:/home/orin_nano/microros_ws/install/rosidl_typesupport_introspection_cpp:/home/orin_nano/microros_ws/install/micro_ros_utilities:/home/orin_nano/microros_ws/install/rosidl_typesupport_introspection_c:/home/orin_nano/microros_ws/install/rosidl_runtime_c:/home/orin_nano/microros_ws/install/rosidl_generator_cpp:/home/orin_nano/microros_ws/install/rosidl_generator_c:/home/orin_nano/microros_ws/install/rosidl_typesupport_interface:/home/orin_nano/microros_ws/install/rosidl_runtime_cpp:/home/orin_nano/microros_ws/install/rosidl_cmake:/home/orin_nano/microros_ws/install/rosidl_parser:/home/orin_nano/microros_ws/install/rosidl_adapter:/home/orin_nano/microros_ws/install/micro_ros_agent:/home/orin_nano/microros_ws/install/drive_base_msgs:/home/orin_nano/install/joy:/home/orin_nano/microros_ws/install/micro_ros_setup:/opt/ros/foxy LD_LIBRARY_PATH=/home/orin_nano/microros_ws/install/micro_ros_msgs/lib:/home/orin_nano/microros_ws/install/rosidl_typesupport_introspection_cpp/lib:/home/orin_nano/microros_ws/install/micro_ros_utilities/lib:/home/orin_nano/microros_ws/install/rosidl_typesupport_introspection_c/lib:/home/orin_nano/microros_ws/install/rosidl_runtime_c/lib:/home/orin_nano/microros_ws/install/micro_ros_agent/lib:/home/orin_nano/microros_ws/install/drive_base_msgs/lib:/home/orin_nano/install/joy/lib:/opt/ros/foxy/opt/yaml_cpp_vendor/lib:/opt/ros/foxy/opt/rviz_ogre_vendor/lib:/opt/ros/foxy/lib/aarch64-linux-gnu:/opt/ros/foxy/lib:/usr/local/cuda-11.4/lib64 PYTHONPATH=/home/orin_nano/microros_ws/install/micro_ros_msgs/lib/python3.8/site-packages:/home/orin_nano/microros_ws/install/rosidl_typesupport_introspection_cpp/lib/python3.8/site-packages:/home/orin_nano/microros_ws/install/rosidl_typesupport_introspection_c/lib/python3.8/site-packages:/home/orin_nano/microros_ws/install/rosidl_generator_cpp/lib/python3.8/site-packages:/home/orin_nano/microros_ws/install/rosidl_generator_c/lib/python3.8/site-packages:/home/orin_nano/microros_ws/install/rosidl_cmake/lib/python3.8/site-packages:/home/orin_nano/microros_ws/install/rosidl_parser/lib/python3.8/site-packages:/home/orin_nano/microros_ws/install/rosidl_adapter/lib/python3.8/site-packages:/home/orin_nano/microros_ws/install/drive_base_msgs/lib/python3.8/site-packages:/opt/ros/foxy/lib/python3.8/site-packages /usr/bin/cmake /home/orin_nano/microros_ws/src/uros/micro-ROS-Agent/micro_ros_agent -DUAGENT_BUILD_EXECUTABLE=OFF -DUAGENT_P2P_PROFILE=OFF --no-warn-unused-cli -DCMAKE_INSTALL_PREFIX=/home/orin_nano/microros_ws/install/micro_ros_agent
[28.647s] DEBUG:colcon.colcon_core.event_handler.log_command:Invoking command in '/home/orin_nano/microros_ws/build/micro_ros_agent': CMAKE_PREFIX_PATH=/home/orin_nano/microros_ws/install/micro_ros_msgs:/home/orin_nano/microros_ws/install/rosidl_typesupport_introspection_cpp:/home/orin_nano/microros_ws/install/micro_ros_utilities:/home/orin_nano/microros_ws/install/rosidl_typesupport_introspection_c:/home/orin_nano/microros_ws/install/rosidl_runtime_c:/home/orin_nano/microros_ws/install/rosidl_generator_cpp:/home/orin_nano/microros_ws/install/rosidl_generator_c:/home/orin_nano/microros_ws/install/rosidl_typesupport_interface:/home/orin_nano/microros_ws/install/rosidl_runtime_cpp:/home/orin_nano/microros_ws/install/rosidl_cmake:/home/orin_nano/microros_ws/install/rosidl_parser:/home/orin_nano/microros_ws/install/rosidl_adapter:/home/orin_nano/microros_ws/install/micro_ros_agent:/home/orin_nano/microros_ws/install/drive_base_msgs:/home/orin_nano/install/joy:/home/orin_nano/microros_ws/install/micro_ros_setup:/opt/ros/foxy LD_LIBRARY_PATH=/home/orin_nano/microros_ws/install/micro_ros_msgs/lib:/home/orin_nano/microros_ws/install/rosidl_typesupport_introspection_cpp/lib:/home/orin_nano/microros_ws/install/micro_ros_utilities/lib:/home/orin_nano/microros_ws/install/rosidl_typesupport_introspection_c/lib:/home/orin_nano/microros_ws/install/rosidl_runtime_c/lib:/home/orin_nano/microros_ws/install/micro_ros_agent/lib:/home/orin_nano/microros_ws/install/drive_base_msgs/lib:/home/orin_nano/install/joy/lib:/opt/ros/foxy/opt/yaml_cpp_vendor/lib:/opt/ros/foxy/opt/rviz_ogre_vendor/lib:/opt/ros/foxy/lib/aarch64-linux-gnu:/opt/ros/foxy/lib:/usr/local/cuda-11.4/lib64 PYTHONPATH=/home/orin_nano/microros_ws/install/micro_ros_msgs/lib/python3.8/site-packages:/home/orin_nano/microros_ws/install/rosidl_typesupport_introspection_cpp/lib/python3.8/site-packages:/home/orin_nano/microros_ws/install/rosidl_typesupport_introspection_c/lib/python3.8/site-packages:/home/orin_nano/microros_ws/install/rosidl_generator_cpp/lib/python3.8/site-packages:/home/orin_nano/microros_ws/install/rosidl_generator_c/lib/python3.8/site-packages:/home/orin_nano/microros_ws/install/rosidl_cmake/lib/python3.8/site-packages:/home/orin_nano/microros_ws/install/rosidl_parser/lib/python3.8/site-packages:/home/orin_nano/microros_ws/install/rosidl_adapter/lib/python3.8/site-packages:/home/orin_nano/microros_ws/install/drive_base_msgs/lib/python3.8/site-packages:/opt/ros/foxy/lib/python3.8/site-packages /usr/bin/cmake --build /home/orin_nano/microros_ws/build/micro_ros_agent -- -j6 -l6
[29.373s] DEBUG:colcon.colcon_core.event_handler.log_command:Invoked command in '/home/orin_nano/microros_ws/build/micro_ros_agent' returned '0': CMAKE_PREFIX_PATH=/home/orin_nano/microros_ws/install/micro_ros_msgs:/home/orin_nano/microros_ws/install/rosidl_typesupport_introspection_cpp:/home/orin_nano/microros_ws/install/micro_ros_utilities:/home/orin_nano/microros_ws/install/rosidl_typesupport_introspection_c:/home/orin_nano/microros_ws/install/rosidl_runtime_c:/home/orin_nano/microros_ws/install/rosidl_generator_cpp:/home/orin_nano/microros_ws/install/rosidl_generator_c:/home/orin_nano/microros_ws/install/rosidl_typesupport_interface:/home/orin_nano/microros_ws/install/rosidl_runtime_cpp:/home/orin_nano/microros_ws/install/rosidl_cmake:/home/orin_nano/microros_ws/install/rosidl_parser:/home/orin_nano/microros_ws/install/rosidl_adapter:/home/orin_nano/microros_ws/install/micro_ros_agent:/home/orin_nano/microros_ws/install/drive_base_msgs:/home/orin_nano/install/joy:/home/orin_nano/microros_ws/install/micro_ros_setup:/opt/ros/foxy LD_LIBRARY_PATH=/home/orin_nano/microros_ws/install/micro_ros_msgs/lib:/home/orin_nano/microros_ws/install/rosidl_typesupport_introspection_cpp/lib:/home/orin_nano/microros_ws/install/micro_ros_utilities/lib:/home/orin_nano/microros_ws/install/rosidl_typesupport_introspection_c/lib:/home/orin_nano/microros_ws/install/rosidl_runtime_c/lib:/home/orin_nano/microros_ws/install/micro_ros_agent/lib:/home/orin_nano/microros_ws/install/drive_base_msgs/lib:/home/orin_nano/install/joy/lib:/opt/ros/foxy/opt/yaml_cpp_vendor/lib:/opt/ros/foxy/opt/rviz_ogre_vendor/lib:/opt/ros/foxy/lib/aarch64-linux-gnu:/opt/ros/foxy/lib:/usr/local/cuda-11.4/lib64 PYTHONPATH=/home/orin_nano/microros_ws/install/micro_ros_msgs/lib/python3.8/site-packages:/home/orin_nano/microros_ws/install/rosidl_typesupport_introspection_cpp/lib/python3.8/site-packages:/home/orin_nano/microros_ws/install/rosidl_typesupport_introspection_c/lib/python3.8/site-packages:/home/orin_nano/microros_ws/install/rosidl_generator_cpp/lib/python3.8/site-packages:/home/orin_nano/microros_ws/install/rosidl_generator_c/lib/python3.8/site-packages:/home/orin_nano/microros_ws/install/rosidl_cmake/lib/python3.8/site-packages:/home/orin_nano/microros_ws/install/rosidl_parser/lib/python3.8/site-packages:/home/orin_nano/microros_ws/install/rosidl_adapter/lib/python3.8/site-packages:/home/orin_nano/microros_ws/install/drive_base_msgs/lib/python3.8/site-packages:/opt/ros/foxy/lib/python3.8/site-packages /usr/bin/cmake --build /home/orin_nano/microros_ws/build/micro_ros_agent -- -j6 -l6
[29.451s] DEBUG:colcon.colcon_core.event_handler.log_command:Invoking command in '/home/orin_nano/microros_ws/build/micro_ros_agent': CMAKE_PREFIX_PATH=/home/orin_nano/microros_ws/install/micro_ros_msgs:/home/orin_nano/microros_ws/install/rosidl_typesupport_introspection_cpp:/home/orin_nano/microros_ws/install/micro_ros_utilities:/home/orin_nano/microros_ws/install/rosidl_typesupport_introspection_c:/home/orin_nano/microros_ws/install/rosidl_runtime_c:/home/orin_nano/microros_ws/install/rosidl_generator_cpp:/home/orin_nano/microros_ws/install/rosidl_generator_c:/home/orin_nano/microros_ws/install/rosidl_typesupport_interface:/home/orin_nano/microros_ws/install/rosidl_runtime_cpp:/home/orin_nano/microros_ws/install/rosidl_cmake:/home/orin_nano/microros_ws/install/rosidl_parser:/home/orin_nano/microros_ws/install/rosidl_adapter:/home/orin_nano/microros_ws/install/micro_ros_agent:/home/orin_nano/microros_ws/install/drive_base_msgs:/home/orin_nano/install/joy:/home/orin_nano/microros_ws/install/micro_ros_setup:/opt/ros/foxy LD_LIBRARY_PATH=/home/orin_nano/microros_ws/install/micro_ros_msgs/lib:/home/orin_nano/microros_ws/install/rosidl_typesupport_introspection_cpp/lib:/home/orin_nano/microros_ws/install/micro_ros_utilities/lib:/home/orin_nano/microros_ws/install/rosidl_typesupport_introspection_c/lib:/home/orin_nano/microros_ws/install/rosidl_runtime_c/lib:/home/orin_nano/microros_ws/install/micro_ros_agent/lib:/home/orin_nano/microros_ws/install/drive_base_msgs/lib:/home/orin_nano/install/joy/lib:/opt/ros/foxy/opt/yaml_cpp_vendor/lib:/opt/ros/foxy/opt/rviz_ogre_vendor/lib:/opt/ros/foxy/lib/aarch64-linux-gnu:/opt/ros/foxy/lib:/usr/local/cuda-11.4/lib64 PYTHONPATH=/home/orin_nano/microros_ws/install/micro_ros_msgs/lib/python3.8/site-packages:/home/orin_nano/microros_ws/install/rosidl_typesupport_introspection_cpp/lib/python3.8/site-packages:/home/orin_nano/microros_ws/install/rosidl_typesupport_introspection_c/lib/python3.8/site-packages:/home/orin_nano/microros_ws/install/rosidl_generator_cpp/lib/python3.8/site-packages:/home/orin_nano/microros_ws/install/rosidl_generator_c/lib/python3.8/site-packages:/home/orin_nano/microros_ws/install/rosidl_cmake/lib/python3.8/site-packages:/home/orin_nano/microros_ws/install/rosidl_parser/lib/python3.8/site-packages:/home/orin_nano/microros_ws/install/rosidl_adapter/lib/python3.8/site-packages:/home/orin_nano/microros_ws/install/drive_base_msgs/lib/python3.8/site-packages:/opt/ros/foxy/lib/python3.8/site-packages /usr/bin/cmake --install /home/orin_nano/microros_ws/build/micro_ros_agent
[29.480s] Level 1:colcon.colcon_core.environment:create_environment_scripts_only(micro_ros_agent)
[29.482s] DEBUG:colcon.colcon_core.event_handler.log_command:Invoked command in '/home/orin_nano/microros_ws/build/micro_ros_agent' returned '0': CMAKE_PREFIX_PATH=/home/orin_nano/microros_ws/install/micro_ros_msgs:/home/orin_nano/microros_ws/install/rosidl_typesupport_introspection_cpp:/home/orin_nano/microros_ws/install/micro_ros_utilities:/home/orin_nano/microros_ws/install/rosidl_typesupport_introspection_c:/home/orin_nano/microros_ws/install/rosidl_runtime_c:/home/orin_nano/microros_ws/install/rosidl_generator_cpp:/home/orin_nano/microros_ws/install/rosidl_generator_c:/home/orin_nano/microros_ws/install/rosidl_typesupport_interface:/home/orin_nano/microros_ws/install/rosidl_runtime_cpp:/home/orin_nano/microros_ws/install/rosidl_cmake:/home/orin_nano/microros_ws/install/rosidl_parser:/home/orin_nano/microros_ws/install/rosidl_adapter:/home/orin_nano/microros_ws/install/micro_ros_agent:/home/orin_nano/microros_ws/install/drive_base_msgs:/home/orin_nano/install/joy:/home/orin_nano/microros_ws/install/micro_ros_setup:/opt/ros/foxy LD_LIBRARY_PATH=/home/orin_nano/microros_ws/install/micro_ros_msgs/lib:/home/orin_nano/microros_ws/install/rosidl_typesupport_introspection_cpp/lib:/home/orin_nano/microros_ws/install/micro_ros_utilities/lib:/home/orin_nano/microros_ws/install/rosidl_typesupport_introspection_c/lib:/home/orin_nano/microros_ws/install/rosidl_runtime_c/lib:/home/orin_nano/microros_ws/install/micro_ros_agent/lib:/home/orin_nano/microros_ws/install/drive_base_msgs/lib:/home/orin_nano/install/joy/lib:/opt/ros/foxy/opt/yaml_cpp_vendor/lib:/opt/ros/foxy/opt/rviz_ogre_vendor/lib:/opt/ros/foxy/lib/aarch64-linux-gnu:/opt/ros/foxy/lib:/usr/local/cuda-11.4/lib64 PYTHONPATH=/home/orin_nano/microros_ws/install/micro_ros_msgs/lib/python3.8/site-packages:/home/orin_nano/microros_ws/install/rosidl_typesupport_introspection_cpp/lib/python3.8/site-packages:/home/orin_nano/microros_ws/install/rosidl_typesupport_introspection_c/lib/python3.8/site-packages:/home/orin_nano/microros_ws/install/rosidl_generator_cpp/lib/python3.8/site-packages:/home/orin_nano/microros_ws/install/rosidl_generator_c/lib/python3.8/site-packages:/home/orin_nano/microros_ws/install/rosidl_cmake/lib/python3.8/site-packages:/home/orin_nano/microros_ws/install/rosidl_parser/lib/python3.8/site-packages:/home/orin_nano/microros_ws/install/rosidl_adapter/lib/python3.8/site-packages:/home/orin_nano/microros_ws/install/drive_base_msgs/lib/python3.8/site-packages:/opt/ros/foxy/lib/python3.8/site-packages /usr/bin/cmake --install /home/orin_nano/microros_ws/build/micro_ros_agent
[29.748s] Level 1:colcon.colcon_core.environment:checking '/home/orin_nano/microros_ws/install/micro_ros_agent' for CMake module files
[29.749s] Level 1:colcon.colcon_core.environment:checking '/home/orin_nano/microros_ws/install/micro_ros_agent' for CMake config files
[29.755s] Level 1:colcon.colcon_core.shell:create_environment_hook('micro_ros_agent', 'cmake_prefix_path')
[30.000s] INFO:colcon.colcon_core.shell:Creating environment hook '/home/orin_nano/microros_ws/install/micro_ros_agent/share/micro_ros_agent/hook/cmake_prefix_path.ps1'
[30.001s] INFO:colcon.colcon_core.shell:Creating environment descriptor '/home/orin_nano/microros_ws/install/micro_ros_agent/share/micro_ros_agent/hook/cmake_prefix_path.dsv'
[30.002s] INFO:colcon.colcon_core.shell:Creating environment hook '/home/orin_nano/microros_ws/install/micro_ros_agent/share/micro_ros_agent/hook/cmake_prefix_path.sh'
[30.004s] Level 1:colcon.colcon_core.environment:checking '/home/orin_nano/microros_ws/install/micro_ros_agent/lib'
[30.004s] Level 1:colcon.colcon_core.shell:create_environment_hook('micro_ros_agent', 'ld_library_path_lib')
[30.249s] INFO:colcon.colcon_core.shell:Creating environment hook '/home/orin_nano/microros_ws/install/micro_ros_agent/share/micro_ros_agent/hook/ld_library_path_lib.ps1'
[30.251s] INFO:colcon.colcon_core.shell:Creating environment descriptor '/home/orin_nano/microros_ws/install/micro_ros_agent/share/micro_ros_agent/hook/ld_library_path_lib.dsv'
[30.251s] INFO:colcon.colcon_core.shell:Creating environment hook '/home/orin_nano/microros_ws/install/micro_ros_agent/share/micro_ros_agent/hook/ld_library_path_lib.sh'
[30.252s] Level 1:colcon.colcon_core.environment:checking '/home/orin_nano/microros_ws/install/micro_ros_agent/bin'
[30.252s] Level 1:colcon.colcon_core.environment:checking '/home/orin_nano/microros_ws/install/micro_ros_agent/lib/pkgconfig/micro_ros_agent.pc'
[30.253s] Level 1:colcon.colcon_core.environment:checking '/home/orin_nano/microros_ws/install/micro_ros_agent/lib/python3.8/site-packages'
[30.253s] Level 1:colcon.colcon_core.environment:checking '/home/orin_nano/microros_ws/install/micro_ros_agent/bin'
[30.499s] INFO:colcon.colcon_core.shell:Creating package script '/home/orin_nano/microros_ws/install/micro_ros_agent/share/micro_ros_agent/package.ps1'
[30.501s] INFO:colcon.colcon_core.shell:Creating package descriptor '/home/orin_nano/microros_ws/install/micro_ros_agent/share/micro_ros_agent/package.dsv'
[30.502s] INFO:colcon.colcon_core.shell:Creating package script '/home/orin_nano/microros_ws/install/micro_ros_agent/share/micro_ros_agent/package.sh'
[30.503s] INFO:colcon.colcon_core.shell:Creating package script '/home/orin_nano/microros_ws/install/micro_ros_agent/share/micro_ros_agent/package.bash'
[30.503s] INFO:colcon.colcon_core.shell:Creating package script '/home/orin_nano/microros_ws/install/micro_ros_agent/share/micro_ros_agent/package.zsh'
[30.504s] Level 1:colcon.colcon_core.environment:create_file_with_runtime_dependencies(/home/orin_nano/microros_ws/install/micro_ros_agent/share/colcon-core/packages/micro_ros_agent)
[30.821s] Level 1:colcon.colcon_core.environment:create_environment_scripts_only(micro_ros_agent)
[31.067s] Level 1:colcon.colcon_core.environment:checking '/home/orin_nano/microros_ws/install/micro_ros_agent' for CMake module files
[31.068s] Level 1:colcon.colcon_core.environment:checking '/home/orin_nano/microros_ws/install/micro_ros_agent' for CMake config files
[31.070s] Level 1:colcon.colcon_core.shell:create_environment_hook('micro_ros_agent', 'cmake_prefix_path')
[31.315s] INFO:colcon.colcon_core.shell:Creating environment hook '/home/orin_nano/microros_ws/install/micro_ros_agent/share/micro_ros_agent/hook/cmake_prefix_path.ps1'
[31.316s] INFO:colcon.colcon_core.shell:Creating environment descriptor '/home/orin_nano/microros_ws/install/micro_ros_agent/share/micro_ros_agent/hook/cmake_prefix_path.dsv'
[31.317s] INFO:colcon.colcon_core.shell:Creating environment hook '/home/orin_nano/microros_ws/install/micro_ros_agent/share/micro_ros_agent/hook/cmake_prefix_path.sh'
[31.318s] Level 1:colcon.colcon_core.environment:checking '/home/orin_nano/microros_ws/install/micro_ros_agent/lib'
[31.318s] Level 1:colcon.colcon_core.shell:create_environment_hook('micro_ros_agent', 'ld_library_path_lib')
[31.564s] INFO:colcon.colcon_core.shell:Creating environment hook '/home/orin_nano/microros_ws/install/micro_ros_agent/share/micro_ros_agent/hook/ld_library_path_lib.ps1'
[31.565s] INFO:colcon.colcon_core.shell:Creating environment descriptor '/home/orin_nano/microros_ws/install/micro_ros_agent/share/micro_ros_agent/hook/ld_library_path_lib.dsv'
[31.566s] INFO:colcon.colcon_core.shell:Creating environment hook '/home/orin_nano/microros_ws/install/micro_ros_agent/share/micro_ros_agent/hook/ld_library_path_lib.sh'
[31.567s] Level 1:colcon.colcon_core.environment:checking '/home/orin_nano/microros_ws/install/micro_ros_agent/bin'
[31.567s] Level 1:colcon.colcon_core.environment:checking '/home/orin_nano/microros_ws/install/micro_ros_agent/lib/pkgconfig/micro_ros_agent.pc'
[31.567s] Level 1:colcon.colcon_core.environment:checking '/home/orin_nano/microros_ws/install/micro_ros_agent/lib/python3.8/site-packages'
[31.568s] Level 1:colcon.colcon_core.environment:checking '/home/orin_nano/microros_ws/install/micro_ros_agent/bin'
[31.813s] INFO:colcon.colcon_core.shell:Creating package script '/home/orin_nano/microros_ws/install/micro_ros_agent/share/micro_ros_agent/package.ps1'
[31.814s] INFO:colcon.colcon_core.shell:Creating package descriptor '/home/orin_nano/microros_ws/install/micro_ros_agent/share/micro_ros_agent/package.dsv'
[31.815s] INFO:colcon.colcon_core.shell:Creating package script '/home/orin_nano/microros_ws/install/micro_ros_agent/share/micro_ros_agent/package.sh'
[31.816s] INFO:colcon.colcon_core.shell:Creating package script '/home/orin_nano/microros_ws/install/micro_ros_agent/share/micro_ros_agent/package.bash'
[31.817s] INFO:colcon.colcon_core.shell:Creating package script '/home/orin_nano/microros_ws/install/micro_ros_agent/share/micro_ros_agent/package.zsh'
[31.818s] Level 1:colcon.colcon_core.environment:create_file_with_runtime_dependencies(/home/orin_nano/microros_ws/install/micro_ros_agent/share/colcon-core/packages/micro_ros_agent)
[31.818s] DEBUG:colcon.colcon_parallel_executor.executor.parallel:closing loop
[31.819s] DEBUG:colcon.colcon_parallel_executor.executor.parallel:loop closed
[31.820s] DEBUG:colcon.colcon_parallel_executor.executor.parallel:run_until_complete finished with '0'
[31.820s] DEBUG:colcon.colcon_core.event_reactor:joining thread
[32.092s] INFO:colcon.colcon_core.plugin_system:Skipping extension 'colcon_notification.desktop_notification.terminal_notifier': Not used on non-Darwin systems
[32.092s] INFO:colcon.colcon_core.plugin_system:Skipping extension 'colcon_notification.desktop_notification.win32': Not used on non-Windows systems
[32.092s] INFO:colcon.colcon_notification.desktop_notification:Sending desktop notification using 'notify2'
[32.134s] DEBUG:colcon.colcon_core.event_reactor:joined thread
[32.379s] INFO:colcon.colcon_core.shell:Creating prefix script '/home/orin_nano/microros_ws/install/local_setup.ps1'
[32.381s] INFO:colcon.colcon_core.shell:Creating prefix util module '/home/orin_nano/microros_ws/install/_local_setup_util_ps1.py'
[32.384s] INFO:colcon.colcon_core.shell:Creating prefix chain script '/home/orin_nano/microros_ws/install/setup.ps1'
[32.628s] INFO:colcon.colcon_core.shell:Creating prefix script '/home/orin_nano/microros_ws/install/local_setup.sh'
[32.629s] INFO:colcon.colcon_core.shell:Creating prefix util module '/home/orin_nano/microros_ws/install/_local_setup_util_sh.py'
[32.630s] INFO:colcon.colcon_core.shell:Creating prefix chain script '/home/orin_nano/microros_ws/install/setup.sh'
[32.873s] INFO:colcon.colcon_core.shell:Creating prefix script '/home/orin_nano/microros_ws/install/local_setup.bash'
[32.875s] INFO:colcon.colcon_core.shell:Creating prefix chain script '/home/orin_nano/microros_ws/install/setup.bash'
[33.118s] INFO:colcon.colcon_core.shell:Creating prefix script '/home/orin_nano/microros_ws/install/local_setup.zsh'
[33.119s] INFO:colcon.colcon_core.shell:Creating prefix chain script '/home/orin_nano/microros_ws/install/setup.zsh'
