-- Install configuration: ""
-- Installing: /home/orin_nano/microros_ws/install/rosidl_adapter/share/rosidl_adapter/environment/pythonpath.sh
-- Installing: /home/orin_nano/microros_ws/install/rosidl_adapter/share/rosidl_adapter/environment/pythonpath.dsv
-- Installing: /home/orin_nano/microros_ws/install/rosidl_adapter/lib/python3.8/site-packages/rosidl_adapter
-- Installing: /home/orin_nano/microros_ws/install/rosidl_adapter/lib/python3.8/site-packages/rosidl_adapter/action
-- Installing: /home/orin_nano/microros_ws/install/rosidl_adapter/lib/python3.8/site-packages/rosidl_adapter/action/__init__.py
-- Installing: /home/orin_nano/microros_ws/install/rosidl_adapter/lib/python3.8/site-packages/rosidl_adapter/srv
-- Installing: /home/orin_nano/microros_ws/install/rosidl_adapter/lib/python3.8/site-packages/rosidl_adapter/srv/__init__.py
-- Installing: /home/orin_nano/microros_ws/install/rosidl_adapter/lib/python3.8/site-packages/rosidl_adapter/resource
-- Installing: /home/orin_nano/microros_ws/install/rosidl_adapter/lib/python3.8/site-packages/rosidl_adapter/resource/srv.idl.em
-- Installing: /home/orin_nano/microros_ws/install/rosidl_adapter/lib/python3.8/site-packages/rosidl_adapter/resource/msg.idl.em
-- Installing: /home/orin_nano/microros_ws/install/rosidl_adapter/lib/python3.8/site-packages/rosidl_adapter/resource/__init__.py
-- Installing: /home/orin_nano/microros_ws/install/rosidl_adapter/lib/python3.8/site-packages/rosidl_adapter/resource/action.idl.em
-- Installing: /home/orin_nano/microros_ws/install/rosidl_adapter/lib/python3.8/site-packages/rosidl_adapter/resource/struct.idl.em
-- Installing: /home/orin_nano/microros_ws/install/rosidl_adapter/lib/python3.8/site-packages/rosidl_adapter/__init__.py
-- Installing: /home/orin_nano/microros_ws/install/rosidl_adapter/lib/python3.8/site-packages/rosidl_adapter/__main__.py
-- Installing: /home/orin_nano/microros_ws/install/rosidl_adapter/lib/python3.8/site-packages/rosidl_adapter/cli.py
-- Installing: /home/orin_nano/microros_ws/install/rosidl_adapter/lib/python3.8/site-packages/rosidl_adapter/main.py
-- Installing: /home/orin_nano/microros_ws/install/rosidl_adapter/lib/python3.8/site-packages/rosidl_adapter/parser.py
-- Installing: /home/orin_nano/microros_ws/install/rosidl_adapter/lib/python3.8/site-packages/rosidl_adapter/msg
-- Installing: /home/orin_nano/microros_ws/install/rosidl_adapter/lib/python3.8/site-packages/rosidl_adapter/msg/__init__.py
Listing '/home/orin_nano/microros_ws/install/rosidl_adapter/lib/python3.8/site-packages/rosidl_adapter'...
Compiling '/home/orin_nano/microros_ws/install/rosidl_adapter/lib/python3.8/site-packages/rosidl_adapter/__init__.py'...
Compiling '/home/orin_nano/microros_ws/install/rosidl_adapter/lib/python3.8/site-packages/rosidl_adapter/__main__.py'...
Listing '/home/orin_nano/microros_ws/install/rosidl_adapter/lib/python3.8/site-packages/rosidl_adapter/action'...
Compiling '/home/orin_nano/microros_ws/install/rosidl_adapter/lib/python3.8/site-packages/rosidl_adapter/action/__init__.py'...
Compiling '/home/orin_nano/microros_ws/install/rosidl_adapter/lib/python3.8/site-packages/rosidl_adapter/cli.py'...
Compiling '/home/orin_nano/microros_ws/install/rosidl_adapter/lib/python3.8/site-packages/rosidl_adapter/main.py'...
Listing '/home/orin_nano/microros_ws/install/rosidl_adapter/lib/python3.8/site-packages/rosidl_adapter/msg'...
Compiling '/home/orin_nano/microros_ws/install/rosidl_adapter/lib/python3.8/site-packages/rosidl_adapter/msg/__init__.py'...
Compiling '/home/orin_nano/microros_ws/install/rosidl_adapter/lib/python3.8/site-packages/rosidl_adapter/parser.py'...
Listing '/home/orin_nano/microros_ws/install/rosidl_adapter/lib/python3.8/site-packages/rosidl_adapter/resource'...
Compiling '/home/orin_nano/microros_ws/install/rosidl_adapter/lib/python3.8/site-packages/rosidl_adapter/resource/__init__.py'...
Listing '/home/orin_nano/microros_ws/install/rosidl_adapter/lib/python3.8/site-packages/rosidl_adapter/srv'...
Compiling '/home/orin_nano/microros_ws/install/rosidl_adapter/lib/python3.8/site-packages/rosidl_adapter/srv/__init__.py'...
-- Installing: /home/orin_nano/microros_ws/install/rosidl_adapter/share/ament_index/resource_index/package_run_dependencies/rosidl_adapter
-- Installing: /home/orin_nano/microros_ws/install/rosidl_adapter/share/ament_index/resource_index/parent_prefix_path/rosidl_adapter
-- Installing: /home/orin_nano/microros_ws/install/rosidl_adapter/share/rosidl_adapter/environment/ament_prefix_path.sh
-- Installing: /home/orin_nano/microros_ws/install/rosidl_adapter/share/rosidl_adapter/environment/ament_prefix_path.dsv
-- Installing: /home/orin_nano/microros_ws/install/rosidl_adapter/share/rosidl_adapter/environment/path.sh
-- Installing: /home/orin_nano/microros_ws/install/rosidl_adapter/share/rosidl_adapter/environment/path.dsv
-- Installing: /home/orin_nano/microros_ws/install/rosidl_adapter/share/rosidl_adapter/local_setup.bash
-- Installing: /home/orin_nano/microros_ws/install/rosidl_adapter/share/rosidl_adapter/local_setup.sh
-- Installing: /home/orin_nano/microros_ws/install/rosidl_adapter/share/rosidl_adapter/local_setup.zsh
-- Installing: /home/orin_nano/microros_ws/install/rosidl_adapter/share/rosidl_adapter/local_setup.dsv
-- Installing: /home/orin_nano/microros_ws/install/rosidl_adapter/share/rosidl_adapter/package.dsv
-- Installing: /home/orin_nano/microros_ws/install/rosidl_adapter/share/ament_index/resource_index/packages/rosidl_adapter
-- Installing: /home/orin_nano/microros_ws/install/rosidl_adapter/share/rosidl_adapter/cmake/rosidl_adapter-extras.cmake
-- Installing: /home/orin_nano/microros_ws/install/rosidl_adapter/share/rosidl_adapter/cmake/rosidl_adapterConfig.cmake
-- Installing: /home/orin_nano/microros_ws/install/rosidl_adapter/share/rosidl_adapter/cmake/rosidl_adapterConfig-version.cmake
-- Installing: /home/orin_nano/microros_ws/install/rosidl_adapter/share/rosidl_adapter/package.xml
-- Up-to-date: /home/orin_nano/microros_ws/install/rosidl_adapter/share/rosidl_adapter/cmake
-- Installing: /home/orin_nano/microros_ws/install/rosidl_adapter/share/rosidl_adapter/cmake/rosidl_adapt_interfaces.cmake
-- Installing: /home/orin_nano/microros_ws/install/rosidl_adapter/lib/rosidl_adapter/msg2idl.py
-- Installing: /home/orin_nano/microros_ws/install/rosidl_adapter/lib/rosidl_adapter/srv2idl.py
