[13.340s] DEBUG:colcon:Command line arguments: ['/usr/bin/colcon', 'build']
[13.340s] DEBUG:colcon:Parsed command line arguments: Namespace(allow_overriding=[], ament_cmake_args=None, base_paths=['.'], build_base='build', catkin_cmake_args=None, catkin_skip_building_tests=False, cmake_args=None, cmake_clean_cache=False, cmake_clean_first=False, cmake_force_configure=False, cmake_target=None, cmake_target_skip_unavailable=False, continue_on_error=False, event_handlers=None, executor='parallel', ignore_user_meta=False, install_base='install', log_base=None, log_level=None, main=<bound method BuildVerb.main of <colcon_core.verb.build.BuildVerb object at 0xffff9f078880>>, merge_install=False, metas=['./colcon.meta'], packages_above=None, packages_above_and_dependencies=None, packages_above_depth=None, packages_end=None, packages_ignore=None, packages_ignore_regex=None, packages_select=None, packages_select_build_failed=False, packages_select_by_dep=None, packages_select_regex=None, packages_select_test_failures=False, packages_skip=None, packages_skip_build_finished=False, packages_skip_by_dep=None, packages_skip_regex=None, packages_skip_test_passed=False, packages_skip_up_to=None, packages_start=None, packages_up_to=None, packages_up_to_regex=None, parallel_workers=6, paths=None, symlink_install=False, test_result_base=None, verb_extension=<colcon_core.verb.build.BuildVerb object at 0xffff9f078880>, verb_name='build', verb_parser=<colcon_defaults.argument_parser.defaults.DefaultArgumentsDecorator object at 0xffff9ebfd580>)
[13.866s] Level 1:colcon.colcon_core.package_discovery:discover_packages(colcon_meta) check parameters
[13.866s] Level 1:colcon.colcon_core.package_discovery:discover_packages(recursive) check parameters
[13.866s] Level 1:colcon.colcon_core.package_discovery:discover_packages(ignore) check parameters
[13.866s] Level 1:colcon.colcon_core.package_discovery:discover_packages(path) check parameters
[13.866s] Level 1:colcon.colcon_core.package_discovery:discover_packages(colcon_meta) discover
[13.866s] Level 1:colcon.colcon_core.package_discovery:discover_packages(recursive) discover
[13.866s] INFO:colcon.colcon_core.package_discovery:Crawling recursively for packages in '/home/orin_nano/microros_ws'
[13.867s] Level 1:colcon.colcon_core.package_identification:_identify(.) by extensions ['ignore', 'ignore_ament_install']
[13.867s] Level 1:colcon.colcon_core.package_identification:_identify(.) by extension 'ignore'
[13.867s] Level 1:colcon.colcon_core.package_identification:_identify(.) by extension 'ignore_ament_install'
[13.867s] Level 1:colcon.colcon_core.package_identification:_identify(.) by extensions ['colcon_pkg']
[13.867s] Level 1:colcon.colcon_core.package_identification:_identify(.) by extension 'colcon_pkg'
[13.867s] Level 1:colcon.colcon_core.package_identification:_identify(.) by extensions ['colcon_meta']
[13.867s] Level 1:colcon.colcon_core.package_identification:_identify(.) by extension 'colcon_meta'
[13.868s] Level 1:colcon.colcon_core.package_identification:_identify(.) by extensions ['ros']
[13.868s] Level 1:colcon.colcon_core.package_identification:_identify(.) by extension 'ros'
[13.889s] Level 1:colcon.colcon_core.package_identification:_identify(.) by extensions ['cmake', 'python']
[13.889s] Level 1:colcon.colcon_core.package_identification:_identify(.) by extension 'cmake'
[13.889s] Level 1:colcon.colcon_core.package_identification:_identify(.) by extension 'python'
[13.889s] Level 1:colcon.colcon_core.package_identification:_identify(.) by extensions ['python_setup_py']
[13.889s] Level 1:colcon.colcon_core.package_identification:_identify(.) by extension 'python_setup_py'
[13.890s] Level 1:colcon.colcon_core.package_identification:_identify(build) by extensions ['ignore', 'ignore_ament_install']
[13.890s] Level 1:colcon.colcon_core.package_identification:_identify(build) by extension 'ignore'
[13.890s] Level 1:colcon.colcon_core.package_identification:_identify(build) ignored
[13.890s] Level 1:colcon.colcon_core.package_identification:_identify(install) by extensions ['ignore', 'ignore_ament_install']
[13.890s] Level 1:colcon.colcon_core.package_identification:_identify(install) by extension 'ignore'
[13.891s] Level 1:colcon.colcon_core.package_identification:_identify(install) ignored
[13.891s] Level 1:colcon.colcon_core.package_identification:_identify(log) by extensions ['ignore', 'ignore_ament_install']
[13.891s] Level 1:colcon.colcon_core.package_identification:_identify(log) by extension 'ignore'
[13.891s] Level 1:colcon.colcon_core.package_identification:_identify(log) ignored
[13.891s] Level 1:colcon.colcon_core.package_identification:_identify(src) by extensions ['ignore', 'ignore_ament_install']
[13.891s] Level 1:colcon.colcon_core.package_identification:_identify(src) by extension 'ignore'
[13.892s] Level 1:colcon.colcon_core.package_identification:_identify(src) by extension 'ignore_ament_install'
[13.892s] Level 1:colcon.colcon_core.package_identification:_identify(src) by extensions ['colcon_pkg']
[13.892s] Level 1:colcon.colcon_core.package_identification:_identify(src) by extension 'colcon_pkg'
[13.892s] Level 1:colcon.colcon_core.package_identification:_identify(src) by extensions ['colcon_meta']
[13.892s] Level 1:colcon.colcon_core.package_identification:_identify(src) by extension 'colcon_meta'
[13.892s] Level 1:colcon.colcon_core.package_identification:_identify(src) by extensions ['ros']
[13.892s] Level 1:colcon.colcon_core.package_identification:_identify(src) by extension 'ros'
[13.892s] Level 1:colcon.colcon_core.package_identification:_identify(src) by extensions ['cmake', 'python']
[13.892s] Level 1:colcon.colcon_core.package_identification:_identify(src) by extension 'cmake'
[13.892s] Level 1:colcon.colcon_core.package_identification:_identify(src) by extension 'python'
[13.893s] Level 1:colcon.colcon_core.package_identification:_identify(src) by extensions ['python_setup_py']
[13.893s] Level 1:colcon.colcon_core.package_identification:_identify(src) by extension 'python_setup_py'
[13.893s] Level 1:colcon.colcon_core.package_identification:_identify(src/micro_ros_msgs) by extensions ['ignore', 'ignore_ament_install']
[13.893s] Level 1:colcon.colcon_core.package_identification:_identify(src/micro_ros_msgs) by extension 'ignore'
[13.893s] Level 1:colcon.colcon_core.package_identification:_identify(src/micro_ros_msgs) by extension 'ignore_ament_install'
[13.893s] Level 1:colcon.colcon_core.package_identification:_identify(src/micro_ros_msgs) by extensions ['colcon_pkg']
[13.893s] Level 1:colcon.colcon_core.package_identification:_identify(src/micro_ros_msgs) by extension 'colcon_pkg'
[13.893s] Level 1:colcon.colcon_core.package_identification:_identify(src/micro_ros_msgs) by extensions ['colcon_meta']
[13.893s] Level 1:colcon.colcon_core.package_identification:_identify(src/micro_ros_msgs) by extension 'colcon_meta'
[13.894s] Level 1:colcon.colcon_core.package_identification:_identify(src/micro_ros_msgs) by extensions ['ros']
[13.894s] Level 1:colcon.colcon_core.package_identification:_identify(src/micro_ros_msgs) by extension 'ros'
[13.894s] Level 1:colcon.colcon_core.package_identification:_identify(src/micro_ros_msgs) by extensions ['cmake', 'python']
[13.894s] Level 1:colcon.colcon_core.package_identification:_identify(src/micro_ros_msgs) by extension 'cmake'
[13.894s] Level 1:colcon.colcon_core.package_identification:_identify(src/micro_ros_msgs) by extension 'python'
[13.894s] Level 1:colcon.colcon_core.package_identification:_identify(src/micro_ros_msgs) by extensions ['python_setup_py']
[13.894s] Level 1:colcon.colcon_core.package_identification:_identify(src/micro_ros_msgs) by extension 'python_setup_py'
[13.894s] Level 1:colcon.colcon_core.package_identification:_identify(src/micro_ros_msgs/msg) by extensions ['ignore', 'ignore_ament_install']
[13.895s] Level 1:colcon.colcon_core.package_identification:_identify(src/micro_ros_msgs/msg) by extension 'ignore'
[13.895s] Level 1:colcon.colcon_core.package_identification:_identify(src/micro_ros_msgs/msg) by extension 'ignore_ament_install'
[13.895s] Level 1:colcon.colcon_core.package_identification:_identify(src/micro_ros_msgs/msg) by extensions ['colcon_pkg']
[13.895s] Level 1:colcon.colcon_core.package_identification:_identify(src/micro_ros_msgs/msg) by extension 'colcon_pkg'
[13.895s] Level 1:colcon.colcon_core.package_identification:_identify(src/micro_ros_msgs/msg) by extensions ['colcon_meta']
[13.895s] Level 1:colcon.colcon_core.package_identification:_identify(src/micro_ros_msgs/msg) by extension 'colcon_meta'
[13.895s] Level 1:colcon.colcon_core.package_identification:_identify(src/micro_ros_msgs/msg) by extensions ['ros']
[13.895s] Level 1:colcon.colcon_core.package_identification:_identify(src/micro_ros_msgs/msg) by extension 'ros'
[13.895s] Level 1:colcon.colcon_core.package_identification:_identify(src/micro_ros_msgs/msg) by extensions ['cmake', 'python']
[13.895s] Level 1:colcon.colcon_core.package_identification:_identify(src/micro_ros_msgs/msg) by extension 'cmake'
[13.896s] Level 1:colcon.colcon_core.package_identification:_identify(src/micro_ros_msgs/msg) by extension 'python'
[13.896s] Level 1:colcon.colcon_core.package_identification:_identify(src/micro_ros_msgs/msg) by extensions ['python_setup_py']
[13.896s] Level 1:colcon.colcon_core.package_identification:_identify(src/micro_ros_msgs/msg) by extension 'python_setup_py'
[13.896s] Level 1:colcon.colcon_core.package_identification:_identify(src/micro_ros_msgs/msg/detail) by extensions ['ignore', 'ignore_ament_install']
[13.896s] Level 1:colcon.colcon_core.package_identification:_identify(src/micro_ros_msgs/msg/detail) by extension 'ignore'
[13.896s] Level 1:colcon.colcon_core.package_identification:_identify(src/micro_ros_msgs/msg/detail) by extension 'ignore_ament_install'
[13.896s] Level 1:colcon.colcon_core.package_identification:_identify(src/micro_ros_msgs/msg/detail) by extensions ['colcon_pkg']
[13.896s] Level 1:colcon.colcon_core.package_identification:_identify(src/micro_ros_msgs/msg/detail) by extension 'colcon_pkg'
[13.896s] Level 1:colcon.colcon_core.package_identification:_identify(src/micro_ros_msgs/msg/detail) by extensions ['colcon_meta']
[13.897s] Level 1:colcon.colcon_core.package_identification:_identify(src/micro_ros_msgs/msg/detail) by extension 'colcon_meta'
[13.897s] Level 1:colcon.colcon_core.package_identification:_identify(src/micro_ros_msgs/msg/detail) by extensions ['ros']
[13.897s] Level 1:colcon.colcon_core.package_identification:_identify(src/micro_ros_msgs/msg/detail) by extension 'ros'
[13.897s] Level 1:colcon.colcon_core.package_identification:_identify(src/micro_ros_msgs/msg/detail) by extensions ['cmake', 'python']
[13.897s] Level 1:colcon.colcon_core.package_identification:_identify(src/micro_ros_msgs/msg/detail) by extension 'cmake'
[13.897s] Level 1:colcon.colcon_core.package_identification:_identify(src/micro_ros_msgs/msg/detail) by extension 'python'
[13.897s] Level 1:colcon.colcon_core.package_identification:_identify(src/micro_ros_msgs/msg/detail) by extensions ['python_setup_py']
[13.897s] Level 1:colcon.colcon_core.package_identification:_identify(src/micro_ros_msgs/msg/detail) by extension 'python_setup_py'
[13.897s] Level 1:colcon.colcon_core.package_identification:_identify(src/micro_ros_setup) by extensions ['ignore', 'ignore_ament_install']
[13.898s] Level 1:colcon.colcon_core.package_identification:_identify(src/micro_ros_setup) by extension 'ignore'
[13.898s] Level 1:colcon.colcon_core.package_identification:_identify(src/micro_ros_setup) by extension 'ignore_ament_install'
[13.898s] Level 1:colcon.colcon_core.package_identification:_identify(src/micro_ros_setup) by extensions ['colcon_pkg']
[13.898s] Level 1:colcon.colcon_core.package_identification:_identify(src/micro_ros_setup) by extension 'colcon_pkg'
[13.898s] Level 1:colcon.colcon_core.package_identification:_identify(src/micro_ros_setup) by extensions ['colcon_meta']
[13.898s] Level 1:colcon.colcon_core.package_identification:_identify(src/micro_ros_setup) by extension 'colcon_meta'
[13.898s] Level 1:colcon.colcon_core.package_identification:_identify(src/micro_ros_setup) by extensions ['ros']
[13.898s] Level 1:colcon.colcon_core.package_identification:_identify(src/micro_ros_setup) by extension 'ros'
[13.904s] DEBUG:colcon.colcon_core.package_identification:Package 'src/micro_ros_setup' with type 'ros.ament_cmake' and name 'micro_ros_setup'
[13.904s] Level 1:colcon.colcon_core.package_identification:_identify(src/micro_ros_utilities) by extensions ['ignore', 'ignore_ament_install']
[13.904s] Level 1:colcon.colcon_core.package_identification:_identify(src/micro_ros_utilities) by extension 'ignore'
[13.904s] Level 1:colcon.colcon_core.package_identification:_identify(src/micro_ros_utilities) by extension 'ignore_ament_install'
[13.905s] Level 1:colcon.colcon_core.package_identification:_identify(src/micro_ros_utilities) by extensions ['colcon_pkg']
[13.905s] Level 1:colcon.colcon_core.package_identification:_identify(src/micro_ros_utilities) by extension 'colcon_pkg'
[13.905s] Level 1:colcon.colcon_core.package_identification:_identify(src/micro_ros_utilities) by extensions ['colcon_meta']
[13.905s] Level 1:colcon.colcon_core.package_identification:_identify(src/micro_ros_utilities) by extension 'colcon_meta'
[13.905s] Level 1:colcon.colcon_core.package_identification:_identify(src/micro_ros_utilities) by extensions ['ros']
[13.905s] Level 1:colcon.colcon_core.package_identification:_identify(src/micro_ros_utilities) by extension 'ros'
[13.905s] Level 1:colcon.colcon_core.package_identification:_identify(src/micro_ros_utilities) by extensions ['cmake', 'python']
[13.905s] Level 1:colcon.colcon_core.package_identification:_identify(src/micro_ros_utilities) by extension 'cmake'
[13.905s] Level 1:colcon.colcon_core.package_identification:_identify(src/micro_ros_utilities) by extension 'python'
[13.905s] Level 1:colcon.colcon_core.package_identification:_identify(src/micro_ros_utilities) by extensions ['python_setup_py']
[13.906s] Level 1:colcon.colcon_core.package_identification:_identify(src/micro_ros_utilities) by extension 'python_setup_py'
[13.906s] Level 1:colcon.colcon_core.package_identification:_identify(src/micro_ros_utilities/micro_ros_utilities) by extensions ['ignore', 'ignore_ament_install']
[13.906s] Level 1:colcon.colcon_core.package_identification:_identify(src/micro_ros_utilities/micro_ros_utilities) by extension 'ignore'
[13.906s] Level 1:colcon.colcon_core.package_identification:_identify(src/micro_ros_utilities/micro_ros_utilities) by extension 'ignore_ament_install'
[13.906s] Level 1:colcon.colcon_core.package_identification:_identify(src/micro_ros_utilities/micro_ros_utilities) by extensions ['colcon_pkg']
[13.906s] Level 1:colcon.colcon_core.package_identification:_identify(src/micro_ros_utilities/micro_ros_utilities) by extension 'colcon_pkg'
[13.906s] Level 1:colcon.colcon_core.package_identification:_identify(src/micro_ros_utilities/micro_ros_utilities) by extensions ['colcon_meta']
[13.906s] Level 1:colcon.colcon_core.package_identification:_identify(src/micro_ros_utilities/micro_ros_utilities) by extension 'colcon_meta'
[13.907s] Level 1:colcon.colcon_core.package_identification:_identify(src/micro_ros_utilities/micro_ros_utilities) by extensions ['ros']
[13.907s] Level 1:colcon.colcon_core.package_identification:_identify(src/micro_ros_utilities/micro_ros_utilities) by extension 'ros'
[13.908s] DEBUG:colcon.colcon_core.package_identification:Package 'src/micro_ros_utilities/micro_ros_utilities' with type 'ros.ament_cmake' and name 'micro_ros_utilities'
[13.908s] Level 1:colcon.colcon_core.package_identification:_identify(src/rosidl-foxy) by extensions ['ignore', 'ignore_ament_install']
[13.908s] Level 1:colcon.colcon_core.package_identification:_identify(src/rosidl-foxy) by extension 'ignore'
[13.908s] Level 1:colcon.colcon_core.package_identification:_identify(src/rosidl-foxy) by extension 'ignore_ament_install'
[13.909s] Level 1:colcon.colcon_core.package_identification:_identify(src/rosidl-foxy) by extensions ['colcon_pkg']
[13.909s] Level 1:colcon.colcon_core.package_identification:_identify(src/rosidl-foxy) by extension 'colcon_pkg'
[13.909s] Level 1:colcon.colcon_core.package_identification:_identify(src/rosidl-foxy) by extensions ['colcon_meta']
[13.909s] Level 1:colcon.colcon_core.package_identification:_identify(src/rosidl-foxy) by extension 'colcon_meta'
[13.909s] Level 1:colcon.colcon_core.package_identification:_identify(src/rosidl-foxy) by extensions ['ros']
[13.909s] Level 1:colcon.colcon_core.package_identification:_identify(src/rosidl-foxy) by extension 'ros'
[13.909s] Level 1:colcon.colcon_core.package_identification:_identify(src/rosidl-foxy) by extensions ['cmake', 'python']
[13.909s] Level 1:colcon.colcon_core.package_identification:_identify(src/rosidl-foxy) by extension 'cmake'
[13.909s] Level 1:colcon.colcon_core.package_identification:_identify(src/rosidl-foxy) by extension 'python'
[13.909s] Level 1:colcon.colcon_core.package_identification:_identify(src/rosidl-foxy) by extensions ['python_setup_py']
[13.910s] Level 1:colcon.colcon_core.package_identification:_identify(src/rosidl-foxy) by extension 'python_setup_py'
[13.910s] Level 1:colcon.colcon_core.package_identification:_identify(src/rosidl-foxy/rosidl_adapter) by extensions ['ignore', 'ignore_ament_install']
[13.910s] Level 1:colcon.colcon_core.package_identification:_identify(src/rosidl-foxy/rosidl_adapter) by extension 'ignore'
[13.910s] Level 1:colcon.colcon_core.package_identification:_identify(src/rosidl-foxy/rosidl_adapter) by extension 'ignore_ament_install'
[13.910s] Level 1:colcon.colcon_core.package_identification:_identify(src/rosidl-foxy/rosidl_adapter) by extensions ['colcon_pkg']
[13.910s] Level 1:colcon.colcon_core.package_identification:_identify(src/rosidl-foxy/rosidl_adapter) by extension 'colcon_pkg'
[13.910s] Level 1:colcon.colcon_core.package_identification:_identify(src/rosidl-foxy/rosidl_adapter) by extensions ['colcon_meta']
[13.910s] Level 1:colcon.colcon_core.package_identification:_identify(src/rosidl-foxy/rosidl_adapter) by extension 'colcon_meta'
[13.911s] Level 1:colcon.colcon_core.package_identification:_identify(src/rosidl-foxy/rosidl_adapter) by extensions ['ros']
[13.911s] Level 1:colcon.colcon_core.package_identification:_identify(src/rosidl-foxy/rosidl_adapter) by extension 'ros'
[13.911s] DEBUG:colcon.colcon_core.package_identification:Package 'src/rosidl-foxy/rosidl_adapter' with type 'ros.ament_cmake' and name 'rosidl_adapter'
[13.912s] Level 1:colcon.colcon_core.package_identification:_identify(src/rosidl-foxy/rosidl_cmake) by extensions ['ignore', 'ignore_ament_install']
[13.912s] Level 1:colcon.colcon_core.package_identification:_identify(src/rosidl-foxy/rosidl_cmake) by extension 'ignore'
[13.912s] Level 1:colcon.colcon_core.package_identification:_identify(src/rosidl-foxy/rosidl_cmake) by extension 'ignore_ament_install'
[13.912s] Level 1:colcon.colcon_core.package_identification:_identify(src/rosidl-foxy/rosidl_cmake) by extensions ['colcon_pkg']
[13.912s] Level 1:colcon.colcon_core.package_identification:_identify(src/rosidl-foxy/rosidl_cmake) by extension 'colcon_pkg'
[13.912s] Level 1:colcon.colcon_core.package_identification:_identify(src/rosidl-foxy/rosidl_cmake) by extensions ['colcon_meta']
[13.912s] Level 1:colcon.colcon_core.package_identification:_identify(src/rosidl-foxy/rosidl_cmake) by extension 'colcon_meta'
[13.913s] Level 1:colcon.colcon_core.package_identification:_identify(src/rosidl-foxy/rosidl_cmake) by extensions ['ros']
[13.913s] Level 1:colcon.colcon_core.package_identification:_identify(src/rosidl-foxy/rosidl_cmake) by extension 'ros'
[13.913s] DEBUG:colcon.colcon_core.package_identification:Package 'src/rosidl-foxy/rosidl_cmake' with type 'ros.ament_cmake' and name 'rosidl_cmake'
[13.914s] Level 1:colcon.colcon_core.package_identification:_identify(src/rosidl-foxy/rosidl_generator_c) by extensions ['ignore', 'ignore_ament_install']
[13.914s] Level 1:colcon.colcon_core.package_identification:_identify(src/rosidl-foxy/rosidl_generator_c) by extension 'ignore'
[13.914s] Level 1:colcon.colcon_core.package_identification:_identify(src/rosidl-foxy/rosidl_generator_c) by extension 'ignore_ament_install'
[13.914s] Level 1:colcon.colcon_core.package_identification:_identify(src/rosidl-foxy/rosidl_generator_c) by extensions ['colcon_pkg']
[13.914s] Level 1:colcon.colcon_core.package_identification:_identify(src/rosidl-foxy/rosidl_generator_c) by extension 'colcon_pkg'
[13.914s] Level 1:colcon.colcon_core.package_identification:_identify(src/rosidl-foxy/rosidl_generator_c) by extensions ['colcon_meta']
[13.914s] Level 1:colcon.colcon_core.package_identification:_identify(src/rosidl-foxy/rosidl_generator_c) by extension 'colcon_meta'
[13.914s] Level 1:colcon.colcon_core.package_identification:_identify(src/rosidl-foxy/rosidl_generator_c) by extensions ['ros']
[13.915s] Level 1:colcon.colcon_core.package_identification:_identify(src/rosidl-foxy/rosidl_generator_c) by extension 'ros'
[13.916s] DEBUG:colcon.colcon_core.package_identification:Package 'src/rosidl-foxy/rosidl_generator_c' with type 'ros.ament_cmake' and name 'rosidl_generator_c'
[13.916s] Level 1:colcon.colcon_core.package_identification:_identify(src/rosidl-foxy/rosidl_generator_cpp) by extensions ['ignore', 'ignore_ament_install']
[13.916s] Level 1:colcon.colcon_core.package_identification:_identify(src/rosidl-foxy/rosidl_generator_cpp) by extension 'ignore'
[13.916s] Level 1:colcon.colcon_core.package_identification:_identify(src/rosidl-foxy/rosidl_generator_cpp) by extension 'ignore_ament_install'
[13.916s] Level 1:colcon.colcon_core.package_identification:_identify(src/rosidl-foxy/rosidl_generator_cpp) by extensions ['colcon_pkg']
[13.916s] Level 1:colcon.colcon_core.package_identification:_identify(src/rosidl-foxy/rosidl_generator_cpp) by extension 'colcon_pkg'
[13.916s] Level 1:colcon.colcon_core.package_identification:_identify(src/rosidl-foxy/rosidl_generator_cpp) by extensions ['colcon_meta']
[13.917s] Level 1:colcon.colcon_core.package_identification:_identify(src/rosidl-foxy/rosidl_generator_cpp) by extension 'colcon_meta'
[13.917s] Level 1:colcon.colcon_core.package_identification:_identify(src/rosidl-foxy/rosidl_generator_cpp) by extensions ['ros']
[13.917s] Level 1:colcon.colcon_core.package_identification:_identify(src/rosidl-foxy/rosidl_generator_cpp) by extension 'ros'
[13.918s] DEBUG:colcon.colcon_core.package_identification:Package 'src/rosidl-foxy/rosidl_generator_cpp' with type 'ros.ament_cmake' and name 'rosidl_generator_cpp'
[13.918s] Level 1:colcon.colcon_core.package_identification:_identify(src/rosidl-foxy/rosidl_parser) by extensions ['ignore', 'ignore_ament_install']
[13.918s] Level 1:colcon.colcon_core.package_identification:_identify(src/rosidl-foxy/rosidl_parser) by extension 'ignore'
[13.918s] Level 1:colcon.colcon_core.package_identification:_identify(src/rosidl-foxy/rosidl_parser) by extension 'ignore_ament_install'
[13.919s] Level 1:colcon.colcon_core.package_identification:_identify(src/rosidl-foxy/rosidl_parser) by extensions ['colcon_pkg']
[13.919s] Level 1:colcon.colcon_core.package_identification:_identify(src/rosidl-foxy/rosidl_parser) by extension 'colcon_pkg'
[13.919s] Level 1:colcon.colcon_core.package_identification:_identify(src/rosidl-foxy/rosidl_parser) by extensions ['colcon_meta']
[13.919s] Level 1:colcon.colcon_core.package_identification:_identify(src/rosidl-foxy/rosidl_parser) by extension 'colcon_meta'
[13.919s] Level 1:colcon.colcon_core.package_identification:_identify(src/rosidl-foxy/rosidl_parser) by extensions ['ros']
[13.919s] Level 1:colcon.colcon_core.package_identification:_identify(src/rosidl-foxy/rosidl_parser) by extension 'ros'
[13.920s] DEBUG:colcon.colcon_core.package_identification:Package 'src/rosidl-foxy/rosidl_parser' with type 'ros.ament_cmake' and name 'rosidl_parser'
[13.920s] Level 1:colcon.colcon_core.package_identification:_identify(src/rosidl-foxy/rosidl_runtime_c) by extensions ['ignore', 'ignore_ament_install']
[13.920s] Level 1:colcon.colcon_core.package_identification:_identify(src/rosidl-foxy/rosidl_runtime_c) by extension 'ignore'
[13.920s] Level 1:colcon.colcon_core.package_identification:_identify(src/rosidl-foxy/rosidl_runtime_c) by extension 'ignore_ament_install'
[13.920s] Level 1:colcon.colcon_core.package_identification:_identify(src/rosidl-foxy/rosidl_runtime_c) by extensions ['colcon_pkg']
[13.921s] Level 1:colcon.colcon_core.package_identification:_identify(src/rosidl-foxy/rosidl_runtime_c) by extension 'colcon_pkg'
[13.921s] Level 1:colcon.colcon_core.package_identification:_identify(src/rosidl-foxy/rosidl_runtime_c) by extensions ['colcon_meta']
[13.921s] Level 1:colcon.colcon_core.package_identification:_identify(src/rosidl-foxy/rosidl_runtime_c) by extension 'colcon_meta'
[13.921s] Level 1:colcon.colcon_core.package_identification:_identify(src/rosidl-foxy/rosidl_runtime_c) by extensions ['ros']
[13.921s] Level 1:colcon.colcon_core.package_identification:_identify(src/rosidl-foxy/rosidl_runtime_c) by extension 'ros'
[13.922s] DEBUG:colcon.colcon_core.package_identification:Package 'src/rosidl-foxy/rosidl_runtime_c' with type 'ros.ament_cmake' and name 'rosidl_runtime_c'
[13.922s] Level 1:colcon.colcon_core.package_identification:_identify(src/rosidl-foxy/rosidl_runtime_cpp) by extensions ['ignore', 'ignore_ament_install']
[13.922s] Level 1:colcon.colcon_core.package_identification:_identify(src/rosidl-foxy/rosidl_runtime_cpp) by extension 'ignore'
[13.922s] Level 1:colcon.colcon_core.package_identification:_identify(src/rosidl-foxy/rosidl_runtime_cpp) by extension 'ignore_ament_install'
[13.923s] Level 1:colcon.colcon_core.package_identification:_identify(src/rosidl-foxy/rosidl_runtime_cpp) by extensions ['colcon_pkg']
[13.923s] Level 1:colcon.colcon_core.package_identification:_identify(src/rosidl-foxy/rosidl_runtime_cpp) by extension 'colcon_pkg'
[13.923s] Level 1:colcon.colcon_core.package_identification:_identify(src/rosidl-foxy/rosidl_runtime_cpp) by extensions ['colcon_meta']
[13.923s] Level 1:colcon.colcon_core.package_identification:_identify(src/rosidl-foxy/rosidl_runtime_cpp) by extension 'colcon_meta'
[13.923s] Level 1:colcon.colcon_core.package_identification:_identify(src/rosidl-foxy/rosidl_runtime_cpp) by extensions ['ros']
[13.923s] Level 1:colcon.colcon_core.package_identification:_identify(src/rosidl-foxy/rosidl_runtime_cpp) by extension 'ros'
[13.924s] DEBUG:colcon.colcon_core.package_identification:Package 'src/rosidl-foxy/rosidl_runtime_cpp' with type 'ros.ament_cmake' and name 'rosidl_runtime_cpp'
[13.924s] Level 1:colcon.colcon_core.package_identification:_identify(src/rosidl-foxy/rosidl_typesupport_interface) by extensions ['ignore', 'ignore_ament_install']
[13.924s] Level 1:colcon.colcon_core.package_identification:_identify(src/rosidl-foxy/rosidl_typesupport_interface) by extension 'ignore'
[13.925s] Level 1:colcon.colcon_core.package_identification:_identify(src/rosidl-foxy/rosidl_typesupport_interface) by extension 'ignore_ament_install'
[13.925s] Level 1:colcon.colcon_core.package_identification:_identify(src/rosidl-foxy/rosidl_typesupport_interface) by extensions ['colcon_pkg']
[13.925s] Level 1:colcon.colcon_core.package_identification:_identify(src/rosidl-foxy/rosidl_typesupport_interface) by extension 'colcon_pkg'
[13.925s] Level 1:colcon.colcon_core.package_identification:_identify(src/rosidl-foxy/rosidl_typesupport_interface) by extensions ['colcon_meta']
[13.925s] Level 1:colcon.colcon_core.package_identification:_identify(src/rosidl-foxy/rosidl_typesupport_interface) by extension 'colcon_meta'
[13.925s] Level 1:colcon.colcon_core.package_identification:_identify(src/rosidl-foxy/rosidl_typesupport_interface) by extensions ['ros']
[13.925s] Level 1:colcon.colcon_core.package_identification:_identify(src/rosidl-foxy/rosidl_typesupport_interface) by extension 'ros'
[13.926s] DEBUG:colcon.colcon_core.package_identification:Package 'src/rosidl-foxy/rosidl_typesupport_interface' with type 'ros.ament_cmake' and name 'rosidl_typesupport_interface'
[13.926s] Level 1:colcon.colcon_core.package_identification:_identify(src/rosidl-foxy/rosidl_typesupport_introspection_c) by extensions ['ignore', 'ignore_ament_install']
[13.926s] Level 1:colcon.colcon_core.package_identification:_identify(src/rosidl-foxy/rosidl_typesupport_introspection_c) by extension 'ignore'
[13.926s] Level 1:colcon.colcon_core.package_identification:_identify(src/rosidl-foxy/rosidl_typesupport_introspection_c) by extension 'ignore_ament_install'
[13.927s] Level 1:colcon.colcon_core.package_identification:_identify(src/rosidl-foxy/rosidl_typesupport_introspection_c) by extensions ['colcon_pkg']
[13.927s] Level 1:colcon.colcon_core.package_identification:_identify(src/rosidl-foxy/rosidl_typesupport_introspection_c) by extension 'colcon_pkg'
[13.927s] Level 1:colcon.colcon_core.package_identification:_identify(src/rosidl-foxy/rosidl_typesupport_introspection_c) by extensions ['colcon_meta']
[13.927s] Level 1:colcon.colcon_core.package_identification:_identify(src/rosidl-foxy/rosidl_typesupport_introspection_c) by extension 'colcon_meta'
[13.927s] Level 1:colcon.colcon_core.package_identification:_identify(src/rosidl-foxy/rosidl_typesupport_introspection_c) by extensions ['ros']
[13.927s] Level 1:colcon.colcon_core.package_identification:_identify(src/rosidl-foxy/rosidl_typesupport_introspection_c) by extension 'ros'
[13.928s] DEBUG:colcon.colcon_core.package_identification:Package 'src/rosidl-foxy/rosidl_typesupport_introspection_c' with type 'ros.ament_cmake' and name 'rosidl_typesupport_introspection_c'
[13.928s] Level 1:colcon.colcon_core.package_identification:_identify(src/rosidl-foxy/rosidl_typesupport_introspection_cpp) by extensions ['ignore', 'ignore_ament_install']
[13.928s] Level 1:colcon.colcon_core.package_identification:_identify(src/rosidl-foxy/rosidl_typesupport_introspection_cpp) by extension 'ignore'
[13.929s] Level 1:colcon.colcon_core.package_identification:_identify(src/rosidl-foxy/rosidl_typesupport_introspection_cpp) by extension 'ignore_ament_install'
[13.929s] Level 1:colcon.colcon_core.package_identification:_identify(src/rosidl-foxy/rosidl_typesupport_introspection_cpp) by extensions ['colcon_pkg']
[13.929s] Level 1:colcon.colcon_core.package_identification:_identify(src/rosidl-foxy/rosidl_typesupport_introspection_cpp) by extension 'colcon_pkg'
[13.929s] Level 1:colcon.colcon_core.package_identification:_identify(src/rosidl-foxy/rosidl_typesupport_introspection_cpp) by extensions ['colcon_meta']
[13.929s] Level 1:colcon.colcon_core.package_identification:_identify(src/rosidl-foxy/rosidl_typesupport_introspection_cpp) by extension 'colcon_meta'
[13.929s] Level 1:colcon.colcon_core.package_identification:_identify(src/rosidl-foxy/rosidl_typesupport_introspection_cpp) by extensions ['ros']
[13.929s] Level 1:colcon.colcon_core.package_identification:_identify(src/rosidl-foxy/rosidl_typesupport_introspection_cpp) by extension 'ros'
[13.932s] DEBUG:colcon.colcon_core.package_identification:Package 'src/rosidl-foxy/rosidl_typesupport_introspection_cpp' with type 'ros.ament_cmake' and name 'rosidl_typesupport_introspection_cpp'
[13.932s] Level 1:colcon.colcon_core.package_identification:_identify(src/uros) by extensions ['ignore', 'ignore_ament_install']
[13.932s] Level 1:colcon.colcon_core.package_identification:_identify(src/uros) by extension 'ignore'
[13.933s] Level 1:colcon.colcon_core.package_identification:_identify(src/uros) by extension 'ignore_ament_install'
[13.933s] Level 1:colcon.colcon_core.package_identification:_identify(src/uros) by extensions ['colcon_pkg']
[13.933s] Level 1:colcon.colcon_core.package_identification:_identify(src/uros) by extension 'colcon_pkg'
[13.933s] Level 1:colcon.colcon_core.package_identification:_identify(src/uros) by extensions ['colcon_meta']
[13.933s] Level 1:colcon.colcon_core.package_identification:_identify(src/uros) by extension 'colcon_meta'
[13.933s] Level 1:colcon.colcon_core.package_identification:_identify(src/uros) by extensions ['ros']
[13.933s] Level 1:colcon.colcon_core.package_identification:_identify(src/uros) by extension 'ros'
[13.933s] Level 1:colcon.colcon_core.package_identification:_identify(src/uros) by extensions ['cmake', 'python']
[13.933s] Level 1:colcon.colcon_core.package_identification:_identify(src/uros) by extension 'cmake'
[13.933s] Level 1:colcon.colcon_core.package_identification:_identify(src/uros) by extension 'python'
[13.934s] Level 1:colcon.colcon_core.package_identification:_identify(src/uros) by extensions ['python_setup_py']
[13.934s] Level 1:colcon.colcon_core.package_identification:_identify(src/uros) by extension 'python_setup_py'
[13.934s] Level 1:colcon.colcon_core.package_identification:_identify(src/uros/drive_base) by extensions ['ignore', 'ignore_ament_install']
[13.934s] Level 1:colcon.colcon_core.package_identification:_identify(src/uros/drive_base) by extension 'ignore'
[13.934s] Level 1:colcon.colcon_core.package_identification:_identify(src/uros/drive_base) by extension 'ignore_ament_install'
[13.934s] Level 1:colcon.colcon_core.package_identification:_identify(src/uros/drive_base) by extensions ['colcon_pkg']
[13.934s] Level 1:colcon.colcon_core.package_identification:_identify(src/uros/drive_base) by extension 'colcon_pkg'
[13.934s] Level 1:colcon.colcon_core.package_identification:_identify(src/uros/drive_base) by extensions ['colcon_meta']
[13.935s] Level 1:colcon.colcon_core.package_identification:_identify(src/uros/drive_base) by extension 'colcon_meta'
[13.935s] Level 1:colcon.colcon_core.package_identification:_identify(src/uros/drive_base) by extensions ['ros']
[13.935s] Level 1:colcon.colcon_core.package_identification:_identify(src/uros/drive_base) by extension 'ros'
[13.935s] Level 1:colcon.colcon_core.package_identification:_identify(src/uros/drive_base) by extensions ['cmake', 'python']
[13.935s] Level 1:colcon.colcon_core.package_identification:_identify(src/uros/drive_base) by extension 'cmake'
[13.935s] Level 1:colcon.colcon_core.package_identification:_identify(src/uros/drive_base) by extension 'python'
[13.935s] Level 1:colcon.colcon_core.package_identification:_identify(src/uros/drive_base) by extensions ['python_setup_py']
[13.935s] Level 1:colcon.colcon_core.package_identification:_identify(src/uros/drive_base) by extension 'python_setup_py'
[13.935s] Level 1:colcon.colcon_core.package_identification:_identify(src/uros/drive_base/drive_base_msgs) by extensions ['ignore', 'ignore_ament_install']
[13.936s] Level 1:colcon.colcon_core.package_identification:_identify(src/uros/drive_base/drive_base_msgs) by extension 'ignore'
[13.936s] Level 1:colcon.colcon_core.package_identification:_identify(src/uros/drive_base/drive_base_msgs) by extension 'ignore_ament_install'
[13.936s] Level 1:colcon.colcon_core.package_identification:_identify(src/uros/drive_base/drive_base_msgs) by extensions ['colcon_pkg']
[13.936s] Level 1:colcon.colcon_core.package_identification:_identify(src/uros/drive_base/drive_base_msgs) by extension 'colcon_pkg'
[13.936s] Level 1:colcon.colcon_core.package_identification:_identify(src/uros/drive_base/drive_base_msgs) by extensions ['colcon_meta']
[13.936s] Level 1:colcon.colcon_core.package_identification:_identify(src/uros/drive_base/drive_base_msgs) by extension 'colcon_meta'
[13.936s] Level 1:colcon.colcon_core.package_identification:_identify(src/uros/drive_base/drive_base_msgs) by extensions ['ros']
[13.936s] Level 1:colcon.colcon_core.package_identification:_identify(src/uros/drive_base/drive_base_msgs) by extension 'ros'
[13.937s] DEBUG:colcon.colcon_core.package_identification:Package 'src/uros/drive_base/drive_base_msgs' with type 'ros.ament_cmake' and name 'drive_base_msgs'
[13.937s] Level 1:colcon.colcon_core.package_identification:_identify(src/uros/micro-ROS-Agent) by extensions ['ignore', 'ignore_ament_install']
[13.938s] Level 1:colcon.colcon_core.package_identification:_identify(src/uros/micro-ROS-Agent) by extension 'ignore'
[13.938s] Level 1:colcon.colcon_core.package_identification:_identify(src/uros/micro-ROS-Agent) by extension 'ignore_ament_install'
[13.938s] Level 1:colcon.colcon_core.package_identification:_identify(src/uros/micro-ROS-Agent) by extensions ['colcon_pkg']
[13.938s] Level 1:colcon.colcon_core.package_identification:_identify(src/uros/micro-ROS-Agent) by extension 'colcon_pkg'
[13.938s] Level 1:colcon.colcon_core.package_identification:_identify(src/uros/micro-ROS-Agent) by extensions ['colcon_meta']
[13.938s] Level 1:colcon.colcon_core.package_identification:_identify(src/uros/micro-ROS-Agent) by extension 'colcon_meta'
[13.938s] Level 1:colcon.colcon_core.package_identification:_identify(src/uros/micro-ROS-Agent) by extensions ['ros']
[13.938s] Level 1:colcon.colcon_core.package_identification:_identify(src/uros/micro-ROS-Agent) by extension 'ros'
[13.939s] Level 1:colcon.colcon_core.package_identification:_identify(src/uros/micro-ROS-Agent) by extensions ['cmake', 'python']
[13.939s] Level 1:colcon.colcon_core.package_identification:_identify(src/uros/micro-ROS-Agent) by extension 'cmake'
[13.939s] Level 1:colcon.colcon_core.package_identification:_identify(src/uros/micro-ROS-Agent) by extension 'python'
[13.939s] Level 1:colcon.colcon_core.package_identification:_identify(src/uros/micro-ROS-Agent) by extensions ['python_setup_py']
[13.939s] Level 1:colcon.colcon_core.package_identification:_identify(src/uros/micro-ROS-Agent) by extension 'python_setup_py'
[13.939s] Level 1:colcon.colcon_core.package_identification:_identify(src/uros/micro-ROS-Agent/micro_ros_agent) by extensions ['ignore', 'ignore_ament_install']
[13.939s] Level 1:colcon.colcon_core.package_identification:_identify(src/uros/micro-ROS-Agent/micro_ros_agent) by extension 'ignore'
[13.939s] Level 1:colcon.colcon_core.package_identification:_identify(src/uros/micro-ROS-Agent/micro_ros_agent) by extension 'ignore_ament_install'
[13.940s] Level 1:colcon.colcon_core.package_identification:_identify(src/uros/micro-ROS-Agent/micro_ros_agent) by extensions ['colcon_pkg']
[13.940s] Level 1:colcon.colcon_core.package_identification:_identify(src/uros/micro-ROS-Agent/micro_ros_agent) by extension 'colcon_pkg'
[13.940s] Level 1:colcon.colcon_core.package_identification:_identify(src/uros/micro-ROS-Agent/micro_ros_agent) by extensions ['colcon_meta']
[13.940s] Level 1:colcon.colcon_core.package_identification:_identify(src/uros/micro-ROS-Agent/micro_ros_agent) by extension 'colcon_meta'
[13.940s] Level 1:colcon.colcon_core.package_identification:_identify(src/uros/micro-ROS-Agent/micro_ros_agent) by extensions ['ros']
[13.940s] Level 1:colcon.colcon_core.package_identification:_identify(src/uros/micro-ROS-Agent/micro_ros_agent) by extension 'ros'
[13.941s] DEBUG:colcon.colcon_core.package_identification:Package 'src/uros/micro-ROS-Agent/micro_ros_agent' with type 'ros.ament_cmake' and name 'micro_ros_agent'
[13.942s] Level 1:colcon.colcon_core.package_identification:_identify(src/uros/micro-ROS-Agent/snap) by extensions ['ignore', 'ignore_ament_install']
[13.942s] Level 1:colcon.colcon_core.package_identification:_identify(src/uros/micro-ROS-Agent/snap) by extension 'ignore'
[13.942s] Level 1:colcon.colcon_core.package_identification:_identify(src/uros/micro-ROS-Agent/snap) by extension 'ignore_ament_install'
[13.942s] Level 1:colcon.colcon_core.package_identification:_identify(src/uros/micro-ROS-Agent/snap) by extensions ['colcon_pkg']
[13.942s] Level 1:colcon.colcon_core.package_identification:_identify(src/uros/micro-ROS-Agent/snap) by extension 'colcon_pkg'
[13.942s] Level 1:colcon.colcon_core.package_identification:_identify(src/uros/micro-ROS-Agent/snap) by extensions ['colcon_meta']
[13.942s] Level 1:colcon.colcon_core.package_identification:_identify(src/uros/micro-ROS-Agent/snap) by extension 'colcon_meta'
[13.942s] Level 1:colcon.colcon_core.package_identification:_identify(src/uros/micro-ROS-Agent/snap) by extensions ['ros']
[13.943s] Level 1:colcon.colcon_core.package_identification:_identify(src/uros/micro-ROS-Agent/snap) by extension 'ros'
[13.943s] Level 1:colcon.colcon_core.package_identification:_identify(src/uros/micro-ROS-Agent/snap) by extensions ['cmake', 'python']
[13.943s] Level 1:colcon.colcon_core.package_identification:_identify(src/uros/micro-ROS-Agent/snap) by extension 'cmake'
[13.943s] Level 1:colcon.colcon_core.package_identification:_identify(src/uros/micro-ROS-Agent/snap) by extension 'python'
[13.943s] Level 1:colcon.colcon_core.package_identification:_identify(src/uros/micro-ROS-Agent/snap) by extensions ['python_setup_py']
[13.943s] Level 1:colcon.colcon_core.package_identification:_identify(src/uros/micro-ROS-Agent/snap) by extension 'python_setup_py'
[13.943s] Level 1:colcon.colcon_core.package_identification:_identify(src/uros/micro-ROS-Agent/snap/hooks) by extensions ['ignore', 'ignore_ament_install']
[13.943s] Level 1:colcon.colcon_core.package_identification:_identify(src/uros/micro-ROS-Agent/snap/hooks) by extension 'ignore'
[13.944s] Level 1:colcon.colcon_core.package_identification:_identify(src/uros/micro-ROS-Agent/snap/hooks) by extension 'ignore_ament_install'
[13.944s] Level 1:colcon.colcon_core.package_identification:_identify(src/uros/micro-ROS-Agent/snap/hooks) by extensions ['colcon_pkg']
[13.944s] Level 1:colcon.colcon_core.package_identification:_identify(src/uros/micro-ROS-Agent/snap/hooks) by extension 'colcon_pkg'
[13.944s] Level 1:colcon.colcon_core.package_identification:_identify(src/uros/micro-ROS-Agent/snap/hooks) by extensions ['colcon_meta']
[13.944s] Level 1:colcon.colcon_core.package_identification:_identify(src/uros/micro-ROS-Agent/snap/hooks) by extension 'colcon_meta'
[13.944s] Level 1:colcon.colcon_core.package_identification:_identify(src/uros/micro-ROS-Agent/snap/hooks) by extensions ['ros']
[13.944s] Level 1:colcon.colcon_core.package_identification:_identify(src/uros/micro-ROS-Agent/snap/hooks) by extension 'ros'
[13.944s] Level 1:colcon.colcon_core.package_identification:_identify(src/uros/micro-ROS-Agent/snap/hooks) by extensions ['cmake', 'python']
[13.944s] Level 1:colcon.colcon_core.package_identification:_identify(src/uros/micro-ROS-Agent/snap/hooks) by extension 'cmake'
[13.944s] Level 1:colcon.colcon_core.package_identification:_identify(src/uros/micro-ROS-Agent/snap/hooks) by extension 'python'
[13.945s] Level 1:colcon.colcon_core.package_identification:_identify(src/uros/micro-ROS-Agent/snap/hooks) by extensions ['python_setup_py']
[13.945s] Level 1:colcon.colcon_core.package_identification:_identify(src/uros/micro-ROS-Agent/snap/hooks) by extension 'python_setup_py'
[13.945s] Level 1:colcon.colcon_core.package_identification:_identify(src/uros/micro-ROS-Agent/snap/local) by extensions ['ignore', 'ignore_ament_install']
[13.945s] Level 1:colcon.colcon_core.package_identification:_identify(src/uros/micro-ROS-Agent/snap/local) by extension 'ignore'
[13.945s] Level 1:colcon.colcon_core.package_identification:_identify(src/uros/micro-ROS-Agent/snap/local) by extension 'ignore_ament_install'
[13.945s] Level 1:colcon.colcon_core.package_identification:_identify(src/uros/micro-ROS-Agent/snap/local) by extensions ['colcon_pkg']
[13.945s] Level 1:colcon.colcon_core.package_identification:_identify(src/uros/micro-ROS-Agent/snap/local) by extension 'colcon_pkg'
[13.945s] Level 1:colcon.colcon_core.package_identification:_identify(src/uros/micro-ROS-Agent/snap/local) by extensions ['colcon_meta']
[13.946s] Level 1:colcon.colcon_core.package_identification:_identify(src/uros/micro-ROS-Agent/snap/local) by extension 'colcon_meta'
[13.946s] Level 1:colcon.colcon_core.package_identification:_identify(src/uros/micro-ROS-Agent/snap/local) by extensions ['ros']
[13.946s] Level 1:colcon.colcon_core.package_identification:_identify(src/uros/micro-ROS-Agent/snap/local) by extension 'ros'
[13.946s] Level 1:colcon.colcon_core.package_identification:_identify(src/uros/micro-ROS-Agent/snap/local) by extensions ['cmake', 'python']
[13.946s] Level 1:colcon.colcon_core.package_identification:_identify(src/uros/micro-ROS-Agent/snap/local) by extension 'cmake'
[13.946s] Level 1:colcon.colcon_core.package_identification:_identify(src/uros/micro-ROS-Agent/snap/local) by extension 'python'
[13.946s] Level 1:colcon.colcon_core.package_identification:_identify(src/uros/micro-ROS-Agent/snap/local) by extensions ['python_setup_py']
[13.946s] Level 1:colcon.colcon_core.package_identification:_identify(src/uros/micro-ROS-Agent/snap/local) by extension 'python_setup_py'
[13.946s] Level 1:colcon.colcon_core.package_identification:_identify(src/uros/micro_ros_msgs) by extensions ['ignore', 'ignore_ament_install']
[13.947s] Level 1:colcon.colcon_core.package_identification:_identify(src/uros/micro_ros_msgs) by extension 'ignore'
[13.947s] Level 1:colcon.colcon_core.package_identification:_identify(src/uros/micro_ros_msgs) by extension 'ignore_ament_install'
[13.947s] Level 1:colcon.colcon_core.package_identification:_identify(src/uros/micro_ros_msgs) by extensions ['colcon_pkg']
[13.947s] Level 1:colcon.colcon_core.package_identification:_identify(src/uros/micro_ros_msgs) by extension 'colcon_pkg'
[13.947s] Level 1:colcon.colcon_core.package_identification:_identify(src/uros/micro_ros_msgs) by extensions ['colcon_meta']
[13.947s] Level 1:colcon.colcon_core.package_identification:_identify(src/uros/micro_ros_msgs) by extension 'colcon_meta'
[13.947s] Level 1:colcon.colcon_core.package_identification:_identify(src/uros/micro_ros_msgs) by extensions ['ros']
[13.947s] Level 1:colcon.colcon_core.package_identification:_identify(src/uros/micro_ros_msgs) by extension 'ros'
[13.948s] DEBUG:colcon.colcon_core.package_identification:Package 'src/uros/micro_ros_msgs' with type 'ros.ament_cmake' and name 'micro_ros_msgs'
[13.948s] Level 1:colcon.colcon_core.package_discovery:discover_packages(recursive) using defaults
[13.948s] Level 1:colcon.colcon_core.package_discovery:discover_packages(ignore) discover
[13.948s] Level 1:colcon.colcon_core.package_discovery:discover_packages(ignore) using defaults
[13.948s] Level 1:colcon.colcon_core.package_discovery:discover_packages(path) discover
[13.948s] Level 1:colcon.colcon_core.package_discovery:discover_packages(path) using defaults
[15.235s] Level 1:colcon.colcon_core.package_discovery:discover_packages(prefix_path) check parameters
[15.236s] Level 1:colcon.colcon_core.package_discovery:discover_packages(prefix_path) discover
[15.728s] DEBUG:colcon.colcon_installed_package_information.package_discovery:Found 15 installed packages in /home/orin_nano/microros_ws/install
[15.972s] DEBUG:colcon.colcon_installed_package_information.package_discovery:Found 2 installed packages in /home/orin_nano/install
[16.223s] DEBUG:colcon.colcon_installed_package_information.package_discovery:Found 263 installed packages in /opt/ros/foxy
[16.227s] Level 1:colcon.colcon_core.package_discovery:discover_packages(prefix_path) using defaults
[16.659s] WARNING:colcon.colcon_core.package_selection:Some selected packages are already built in one or more underlay workspaces:
	'rosidl_parser' is in: /home/orin_nano/microros_ws/install/rosidl_parser, /opt/ros/foxy
	'rosidl_typesupport_introspection_c' is in: /home/orin_nano/microros_ws/install/rosidl_typesupport_introspection_c, /opt/ros/foxy
	'rosidl_generator_c' is in: /home/orin_nano/microros_ws/install/rosidl_generator_c, /opt/ros/foxy
	'rosidl_cmake' is in: /home/orin_nano/microros_ws/install/rosidl_cmake, /opt/ros/foxy
	'rosidl_generator_cpp' is in: /home/orin_nano/microros_ws/install/rosidl_generator_cpp, /opt/ros/foxy
	'rosidl_runtime_cpp' is in: /opt/ros/foxy, /home/orin_nano/microros_ws/install/rosidl_runtime_cpp
	'rosidl_typesupport_interface' is in: /home/orin_nano/microros_ws/install/rosidl_typesupport_interface, /opt/ros/foxy
	'rosidl_typesupport_introspection_cpp' is in: /home/orin_nano/microros_ws/install/rosidl_typesupport_introspection_cpp, /opt/ros/foxy
	'rosidl_runtime_c' is in: /opt/ros/foxy, /home/orin_nano/microros_ws/install/rosidl_runtime_c
If a package in a merged underlay workspace is overridden and it installs headers, then all packages in the overlay must sort their include directories by workspace order. Failure to do so may result in build failures or undefined behavior at run time.
If the overridden package is used by another package in any underlay, then the overriding package in the overlay must be API and ABI compatible or undefined behavior at run time may occur.

If you understand the risks and want to override a package anyways, add the following to the command line:
	--allow-overriding rosidl_cmake rosidl_generator_c rosidl_generator_cpp rosidl_parser rosidl_runtime_c rosidl_runtime_cpp rosidl_typesupport_interface rosidl_typesupport_introspection_c rosidl_typesupport_introspection_cpp

This may be promoted to an error in a future release of colcon-override-check.
[16.910s] Level 5:colcon.colcon_core.verb:set package 'drive_base_msgs' build argument 'cmake_args' from command line to 'None'
[16.910s] Level 5:colcon.colcon_core.verb:set package 'drive_base_msgs' build argument 'cmake_target' from command line to 'None'
[16.910s] Level 5:colcon.colcon_core.verb:set package 'drive_base_msgs' build argument 'cmake_target_skip_unavailable' from command line to 'False'
[16.910s] Level 5:colcon.colcon_core.verb:set package 'drive_base_msgs' build argument 'cmake_clean_cache' from command line to 'False'
[16.910s] Level 5:colcon.colcon_core.verb:set package 'drive_base_msgs' build argument 'cmake_clean_first' from command line to 'False'
[16.910s] Level 5:colcon.colcon_core.verb:set package 'drive_base_msgs' build argument 'cmake_force_configure' from command line to 'False'
[16.910s] Level 5:colcon.colcon_core.verb:set package 'drive_base_msgs' build argument 'ament_cmake_args' from command line to 'None'
[16.910s] Level 5:colcon.colcon_core.verb:set package 'drive_base_msgs' build argument 'catkin_cmake_args' from command line to 'None'
[16.911s] Level 5:colcon.colcon_core.verb:set package 'drive_base_msgs' build argument 'catkin_skip_building_tests' from command line to 'False'
[16.911s] DEBUG:colcon.colcon_core.verb:Building package 'drive_base_msgs' with the following arguments: {'ament_cmake_args': None, 'build_base': '/home/orin_nano/microros_ws/build/drive_base_msgs', 'catkin_cmake_args': None, 'catkin_skip_building_tests': False, 'cmake_args': None, 'cmake_clean_cache': False, 'cmake_clean_first': False, 'cmake_force_configure': False, 'cmake_target': None, 'cmake_target_skip_unavailable': False, 'install_base': '/home/orin_nano/microros_ws/install/drive_base_msgs', 'merge_install': False, 'path': '/home/orin_nano/microros_ws/src/uros/drive_base/drive_base_msgs', 'symlink_install': False, 'test_result_base': None}
[17.155s] Level 5:colcon.colcon_core.verb:set package 'micro_ros_msgs' build argument 'cmake_args' from command line to 'None'
[17.155s] Level 5:colcon.colcon_core.verb:set package 'micro_ros_msgs' build argument 'cmake_target' from command line to 'None'
[17.155s] Level 5:colcon.colcon_core.verb:set package 'micro_ros_msgs' build argument 'cmake_target_skip_unavailable' from command line to 'False'
[17.155s] Level 5:colcon.colcon_core.verb:set package 'micro_ros_msgs' build argument 'cmake_clean_cache' from command line to 'False'
[17.155s] Level 5:colcon.colcon_core.verb:set package 'micro_ros_msgs' build argument 'cmake_clean_first' from command line to 'False'
[17.155s] Level 5:colcon.colcon_core.verb:set package 'micro_ros_msgs' build argument 'cmake_force_configure' from command line to 'False'
[17.155s] Level 5:colcon.colcon_core.verb:set package 'micro_ros_msgs' build argument 'ament_cmake_args' from command line to 'None'
[17.155s] Level 5:colcon.colcon_core.verb:set package 'micro_ros_msgs' build argument 'catkin_cmake_args' from command line to 'None'
[17.155s] Level 5:colcon.colcon_core.verb:set package 'micro_ros_msgs' build argument 'catkin_skip_building_tests' from command line to 'False'
[17.155s] DEBUG:colcon.colcon_core.verb:Building package 'micro_ros_msgs' with the following arguments: {'ament_cmake_args': None, 'build_base': '/home/orin_nano/microros_ws/build/micro_ros_msgs', 'catkin_cmake_args': None, 'catkin_skip_building_tests': False, 'cmake_args': None, 'cmake_clean_cache': False, 'cmake_clean_first': False, 'cmake_force_configure': False, 'cmake_target': None, 'cmake_target_skip_unavailable': False, 'install_base': '/home/orin_nano/microros_ws/install/micro_ros_msgs', 'merge_install': False, 'path': '/home/orin_nano/microros_ws/src/uros/micro_ros_msgs', 'symlink_install': False, 'test_result_base': None}
[17.400s] Level 5:colcon.colcon_core.verb:set package 'micro_ros_setup' build argument 'cmake_args' from command line to 'None'
[17.401s] Level 5:colcon.colcon_core.verb:set package 'micro_ros_setup' build argument 'cmake_target' from command line to 'None'
[17.401s] Level 5:colcon.colcon_core.verb:set package 'micro_ros_setup' build argument 'cmake_target_skip_unavailable' from command line to 'False'
[17.401s] Level 5:colcon.colcon_core.verb:set package 'micro_ros_setup' build argument 'cmake_clean_cache' from command line to 'False'
[17.401s] Level 5:colcon.colcon_core.verb:set package 'micro_ros_setup' build argument 'cmake_clean_first' from command line to 'False'
[17.401s] Level 5:colcon.colcon_core.verb:set package 'micro_ros_setup' build argument 'cmake_force_configure' from command line to 'False'
[17.401s] Level 5:colcon.colcon_core.verb:set package 'micro_ros_setup' build argument 'ament_cmake_args' from command line to 'None'
[17.401s] Level 5:colcon.colcon_core.verb:set package 'micro_ros_setup' build argument 'catkin_cmake_args' from command line to 'None'
[17.401s] Level 5:colcon.colcon_core.verb:set package 'micro_ros_setup' build argument 'catkin_skip_building_tests' from command line to 'False'
[17.401s] DEBUG:colcon.colcon_core.verb:Building package 'micro_ros_setup' with the following arguments: {'ament_cmake_args': None, 'build_base': '/home/orin_nano/microros_ws/build/micro_ros_setup', 'catkin_cmake_args': None, 'catkin_skip_building_tests': False, 'cmake_args': None, 'cmake_clean_cache': False, 'cmake_clean_first': False, 'cmake_force_configure': False, 'cmake_target': None, 'cmake_target_skip_unavailable': False, 'install_base': '/home/orin_nano/microros_ws/install/micro_ros_setup', 'merge_install': False, 'path': '/home/orin_nano/microros_ws/src/micro_ros_setup', 'symlink_install': False, 'test_result_base': None}
[17.666s] Level 5:colcon.colcon_core.verb:set package 'rosidl_adapter' build argument 'cmake_args' from command line to 'None'
[17.666s] Level 5:colcon.colcon_core.verb:set package 'rosidl_adapter' build argument 'cmake_target' from command line to 'None'
[17.666s] Level 5:colcon.colcon_core.verb:set package 'rosidl_adapter' build argument 'cmake_target_skip_unavailable' from command line to 'False'
[17.666s] Level 5:colcon.colcon_core.verb:set package 'rosidl_adapter' build argument 'cmake_clean_cache' from command line to 'False'
[17.666s] Level 5:colcon.colcon_core.verb:set package 'rosidl_adapter' build argument 'cmake_clean_first' from command line to 'False'
[17.666s] Level 5:colcon.colcon_core.verb:set package 'rosidl_adapter' build argument 'cmake_force_configure' from command line to 'False'
[17.666s] Level 5:colcon.colcon_core.verb:set package 'rosidl_adapter' build argument 'ament_cmake_args' from command line to 'None'
[17.666s] Level 5:colcon.colcon_core.verb:set package 'rosidl_adapter' build argument 'catkin_cmake_args' from command line to 'None'
[17.667s] Level 5:colcon.colcon_core.verb:set package 'rosidl_adapter' build argument 'catkin_skip_building_tests' from command line to 'False'
[17.667s] DEBUG:colcon.colcon_core.verb:Building package 'rosidl_adapter' with the following arguments: {'ament_cmake_args': None, 'build_base': '/home/orin_nano/microros_ws/build/rosidl_adapter', 'catkin_cmake_args': None, 'catkin_skip_building_tests': False, 'cmake_args': None, 'cmake_clean_cache': False, 'cmake_clean_first': False, 'cmake_force_configure': False, 'cmake_target': None, 'cmake_target_skip_unavailable': False, 'install_base': '/home/orin_nano/microros_ws/install/rosidl_adapter', 'merge_install': False, 'path': '/home/orin_nano/microros_ws/src/rosidl-foxy/rosidl_adapter', 'symlink_install': False, 'test_result_base': None}
[17.925s] Level 5:colcon.colcon_core.verb:set package 'rosidl_runtime_cpp' build argument 'cmake_args' from command line to 'None'
[17.925s] Level 5:colcon.colcon_core.verb:set package 'rosidl_runtime_cpp' build argument 'cmake_target' from command line to 'None'
[17.926s] Level 5:colcon.colcon_core.verb:set package 'rosidl_runtime_cpp' build argument 'cmake_target_skip_unavailable' from command line to 'False'
[17.926s] Level 5:colcon.colcon_core.verb:set package 'rosidl_runtime_cpp' build argument 'cmake_clean_cache' from command line to 'False'
[17.926s] Level 5:colcon.colcon_core.verb:set package 'rosidl_runtime_cpp' build argument 'cmake_clean_first' from command line to 'False'
[17.926s] Level 5:colcon.colcon_core.verb:set package 'rosidl_runtime_cpp' build argument 'cmake_force_configure' from command line to 'False'
[17.926s] Level 5:colcon.colcon_core.verb:set package 'rosidl_runtime_cpp' build argument 'ament_cmake_args' from command line to 'None'
[17.926s] Level 5:colcon.colcon_core.verb:set package 'rosidl_runtime_cpp' build argument 'catkin_cmake_args' from command line to 'None'
[17.926s] Level 5:colcon.colcon_core.verb:set package 'rosidl_runtime_cpp' build argument 'catkin_skip_building_tests' from command line to 'False'
[17.926s] DEBUG:colcon.colcon_core.verb:Building package 'rosidl_runtime_cpp' with the following arguments: {'ament_cmake_args': None, 'build_base': '/home/orin_nano/microros_ws/build/rosidl_runtime_cpp', 'catkin_cmake_args': None, 'catkin_skip_building_tests': False, 'cmake_args': None, 'cmake_clean_cache': False, 'cmake_clean_first': False, 'cmake_force_configure': False, 'cmake_target': None, 'cmake_target_skip_unavailable': False, 'install_base': '/home/orin_nano/microros_ws/install/rosidl_runtime_cpp', 'merge_install': False, 'path': '/home/orin_nano/microros_ws/src/rosidl-foxy/rosidl_runtime_cpp', 'symlink_install': False, 'test_result_base': None}
[18.179s] Level 5:colcon.colcon_core.verb:set package 'rosidl_typesupport_interface' build argument 'cmake_args' from command line to 'None'
[18.179s] Level 5:colcon.colcon_core.verb:set package 'rosidl_typesupport_interface' build argument 'cmake_target' from command line to 'None'
[18.179s] Level 5:colcon.colcon_core.verb:set package 'rosidl_typesupport_interface' build argument 'cmake_target_skip_unavailable' from command line to 'False'
[18.179s] Level 5:colcon.colcon_core.verb:set package 'rosidl_typesupport_interface' build argument 'cmake_clean_cache' from command line to 'False'
[18.179s] Level 5:colcon.colcon_core.verb:set package 'rosidl_typesupport_interface' build argument 'cmake_clean_first' from command line to 'False'
[18.179s] Level 5:colcon.colcon_core.verb:set package 'rosidl_typesupport_interface' build argument 'cmake_force_configure' from command line to 'False'
[18.179s] Level 5:colcon.colcon_core.verb:set package 'rosidl_typesupport_interface' build argument 'ament_cmake_args' from command line to 'None'
[18.179s] Level 5:colcon.colcon_core.verb:set package 'rosidl_typesupport_interface' build argument 'catkin_cmake_args' from command line to 'None'
[18.179s] Level 5:colcon.colcon_core.verb:set package 'rosidl_typesupport_interface' build argument 'catkin_skip_building_tests' from command line to 'False'
[18.179s] DEBUG:colcon.colcon_core.verb:Building package 'rosidl_typesupport_interface' with the following arguments: {'ament_cmake_args': None, 'build_base': '/home/orin_nano/microros_ws/build/rosidl_typesupport_interface', 'catkin_cmake_args': None, 'catkin_skip_building_tests': False, 'cmake_args': None, 'cmake_clean_cache': False, 'cmake_clean_first': False, 'cmake_force_configure': False, 'cmake_target': None, 'cmake_target_skip_unavailable': False, 'install_base': '/home/orin_nano/microros_ws/install/rosidl_typesupport_interface', 'merge_install': False, 'path': '/home/orin_nano/microros_ws/src/rosidl-foxy/rosidl_typesupport_interface', 'symlink_install': False, 'test_result_base': None}
[18.427s] Level 5:colcon.colcon_core.verb:set package 'micro_ros_agent' build argument 'cmake_args' from command line to 'None'
[18.427s] Level 5:colcon.colcon_core.verb:set package 'micro_ros_agent' build argument 'cmake_target' from command line to 'None'
[18.427s] Level 5:colcon.colcon_core.verb:set package 'micro_ros_agent' build argument 'cmake_target_skip_unavailable' from command line to 'False'
[18.427s] Level 5:colcon.colcon_core.verb:set package 'micro_ros_agent' build argument 'cmake_clean_cache' from command line to 'False'
[18.427s] Level 5:colcon.colcon_core.verb:set package 'micro_ros_agent' build argument 'cmake_clean_first' from command line to 'False'
[18.427s] Level 5:colcon.colcon_core.verb:set package 'micro_ros_agent' build argument 'cmake_force_configure' from command line to 'False'
[18.427s] Level 5:colcon.colcon_core.verb:set package 'micro_ros_agent' build argument 'ament_cmake_args' from command line to 'None'
[18.428s] Level 5:colcon.colcon_core.verb:set package 'micro_ros_agent' build argument 'catkin_cmake_args' from command line to 'None'
[18.428s] Level 5:colcon.colcon_core.verb:set package 'micro_ros_agent' build argument 'catkin_skip_building_tests' from command line to 'False'
[18.428s] DEBUG:colcon.colcon_core.verb:Building package 'micro_ros_agent' with the following arguments: {'ament_cmake_args': None, 'build_base': '/home/orin_nano/microros_ws/build/micro_ros_agent', 'catkin_cmake_args': None, 'catkin_skip_building_tests': False, 'cmake_args': None, 'cmake_clean_cache': False, 'cmake_clean_first': False, 'cmake_force_configure': False, 'cmake_target': None, 'cmake_target_skip_unavailable': False, 'install_base': '/home/orin_nano/microros_ws/install/micro_ros_agent', 'merge_install': False, 'path': '/home/orin_nano/microros_ws/src/uros/micro-ROS-Agent/micro_ros_agent', 'symlink_install': False, 'test_result_base': None}
[18.674s] Level 5:colcon.colcon_core.verb:set package 'rosidl_parser' build argument 'cmake_args' from command line to 'None'
[18.674s] Level 5:colcon.colcon_core.verb:set package 'rosidl_parser' build argument 'cmake_target' from command line to 'None'
[18.674s] Level 5:colcon.colcon_core.verb:set package 'rosidl_parser' build argument 'cmake_target_skip_unavailable' from command line to 'False'
[18.674s] Level 5:colcon.colcon_core.verb:set package 'rosidl_parser' build argument 'cmake_clean_cache' from command line to 'False'
[18.674s] Level 5:colcon.colcon_core.verb:set package 'rosidl_parser' build argument 'cmake_clean_first' from command line to 'False'
[18.674s] Level 5:colcon.colcon_core.verb:set package 'rosidl_parser' build argument 'cmake_force_configure' from command line to 'False'
[18.675s] Level 5:colcon.colcon_core.verb:set package 'rosidl_parser' build argument 'ament_cmake_args' from command line to 'None'
[18.675s] Level 5:colcon.colcon_core.verb:set package 'rosidl_parser' build argument 'catkin_cmake_args' from command line to 'None'
[18.675s] Level 5:colcon.colcon_core.verb:set package 'rosidl_parser' build argument 'catkin_skip_building_tests' from command line to 'False'
[18.675s] DEBUG:colcon.colcon_core.verb:Building package 'rosidl_parser' with the following arguments: {'ament_cmake_args': None, 'build_base': '/home/orin_nano/microros_ws/build/rosidl_parser', 'catkin_cmake_args': None, 'catkin_skip_building_tests': False, 'cmake_args': None, 'cmake_clean_cache': False, 'cmake_clean_first': False, 'cmake_force_configure': False, 'cmake_target': None, 'cmake_target_skip_unavailable': False, 'install_base': '/home/orin_nano/microros_ws/install/rosidl_parser', 'merge_install': False, 'path': '/home/orin_nano/microros_ws/src/rosidl-foxy/rosidl_parser', 'symlink_install': False, 'test_result_base': None}
[18.919s] Level 5:colcon.colcon_core.verb:set package 'rosidl_runtime_c' build argument 'cmake_args' from command line to 'None'
[18.920s] Level 5:colcon.colcon_core.verb:set package 'rosidl_runtime_c' build argument 'cmake_target' from command line to 'None'
[18.920s] Level 5:colcon.colcon_core.verb:set package 'rosidl_runtime_c' build argument 'cmake_target_skip_unavailable' from command line to 'False'
[18.920s] Level 5:colcon.colcon_core.verb:set package 'rosidl_runtime_c' build argument 'cmake_clean_cache' from command line to 'False'
[18.920s] Level 5:colcon.colcon_core.verb:set package 'rosidl_runtime_c' build argument 'cmake_clean_first' from command line to 'False'
[18.920s] Level 5:colcon.colcon_core.verb:set package 'rosidl_runtime_c' build argument 'cmake_force_configure' from command line to 'False'
[18.920s] Level 5:colcon.colcon_core.verb:set package 'rosidl_runtime_c' build argument 'ament_cmake_args' from command line to 'None'
[18.920s] Level 5:colcon.colcon_core.verb:set package 'rosidl_runtime_c' build argument 'catkin_cmake_args' from command line to 'None'
[18.920s] Level 5:colcon.colcon_core.verb:set package 'rosidl_runtime_c' build argument 'catkin_skip_building_tests' from command line to 'False'
[18.920s] DEBUG:colcon.colcon_core.verb:Building package 'rosidl_runtime_c' with the following arguments: {'ament_cmake_args': None, 'build_base': '/home/orin_nano/microros_ws/build/rosidl_runtime_c', 'catkin_cmake_args': None, 'catkin_skip_building_tests': False, 'cmake_args': None, 'cmake_clean_cache': False, 'cmake_clean_first': False, 'cmake_force_configure': False, 'cmake_target': None, 'cmake_target_skip_unavailable': False, 'install_base': '/home/orin_nano/microros_ws/install/rosidl_runtime_c', 'merge_install': False, 'path': '/home/orin_nano/microros_ws/src/rosidl-foxy/rosidl_runtime_c', 'symlink_install': False, 'test_result_base': None}
[19.161s] Level 5:colcon.colcon_core.verb:set package 'rosidl_cmake' build argument 'cmake_args' from command line to 'None'
[19.162s] Level 5:colcon.colcon_core.verb:set package 'rosidl_cmake' build argument 'cmake_target' from command line to 'None'
[19.162s] Level 5:colcon.colcon_core.verb:set package 'rosidl_cmake' build argument 'cmake_target_skip_unavailable' from command line to 'False'
[19.162s] Level 5:colcon.colcon_core.verb:set package 'rosidl_cmake' build argument 'cmake_clean_cache' from command line to 'False'
[19.162s] Level 5:colcon.colcon_core.verb:set package 'rosidl_cmake' build argument 'cmake_clean_first' from command line to 'False'
[19.162s] Level 5:colcon.colcon_core.verb:set package 'rosidl_cmake' build argument 'cmake_force_configure' from command line to 'False'
[19.162s] Level 5:colcon.colcon_core.verb:set package 'rosidl_cmake' build argument 'ament_cmake_args' from command line to 'None'
[19.162s] Level 5:colcon.colcon_core.verb:set package 'rosidl_cmake' build argument 'catkin_cmake_args' from command line to 'None'
[19.162s] Level 5:colcon.colcon_core.verb:set package 'rosidl_cmake' build argument 'catkin_skip_building_tests' from command line to 'False'
[19.162s] DEBUG:colcon.colcon_core.verb:Building package 'rosidl_cmake' with the following arguments: {'ament_cmake_args': None, 'build_base': '/home/orin_nano/microros_ws/build/rosidl_cmake', 'catkin_cmake_args': None, 'catkin_skip_building_tests': False, 'cmake_args': None, 'cmake_clean_cache': False, 'cmake_clean_first': False, 'cmake_force_configure': False, 'cmake_target': None, 'cmake_target_skip_unavailable': False, 'install_base': '/home/orin_nano/microros_ws/install/rosidl_cmake', 'merge_install': False, 'path': '/home/orin_nano/microros_ws/src/rosidl-foxy/rosidl_cmake', 'symlink_install': False, 'test_result_base': None}
[19.407s] Level 5:colcon.colcon_core.verb:set package 'rosidl_generator_c' build argument 'cmake_args' from command line to 'None'
[19.407s] Level 5:colcon.colcon_core.verb:set package 'rosidl_generator_c' build argument 'cmake_target' from command line to 'None'
[19.407s] Level 5:colcon.colcon_core.verb:set package 'rosidl_generator_c' build argument 'cmake_target_skip_unavailable' from command line to 'False'
[19.407s] Level 5:colcon.colcon_core.verb:set package 'rosidl_generator_c' build argument 'cmake_clean_cache' from command line to 'False'
[19.407s] Level 5:colcon.colcon_core.verb:set package 'rosidl_generator_c' build argument 'cmake_clean_first' from command line to 'False'
[19.407s] Level 5:colcon.colcon_core.verb:set package 'rosidl_generator_c' build argument 'cmake_force_configure' from command line to 'False'
[19.407s] Level 5:colcon.colcon_core.verb:set package 'rosidl_generator_c' build argument 'ament_cmake_args' from command line to 'None'
[19.407s] Level 5:colcon.colcon_core.verb:set package 'rosidl_generator_c' build argument 'catkin_cmake_args' from command line to 'None'
[19.408s] Level 5:colcon.colcon_core.verb:set package 'rosidl_generator_c' build argument 'catkin_skip_building_tests' from command line to 'False'
[19.408s] DEBUG:colcon.colcon_core.verb:Building package 'rosidl_generator_c' with the following arguments: {'ament_cmake_args': None, 'build_base': '/home/orin_nano/microros_ws/build/rosidl_generator_c', 'catkin_cmake_args': None, 'catkin_skip_building_tests': False, 'cmake_args': None, 'cmake_clean_cache': False, 'cmake_clean_first': False, 'cmake_force_configure': False, 'cmake_target': None, 'cmake_target_skip_unavailable': False, 'install_base': '/home/orin_nano/microros_ws/install/rosidl_generator_c', 'merge_install': False, 'path': '/home/orin_nano/microros_ws/src/rosidl-foxy/rosidl_generator_c', 'symlink_install': False, 'test_result_base': None}
[19.665s] Level 5:colcon.colcon_core.verb:set package 'rosidl_typesupport_introspection_c' build argument 'cmake_args' from command line to 'None'
[19.665s] Level 5:colcon.colcon_core.verb:set package 'rosidl_typesupport_introspection_c' build argument 'cmake_target' from command line to 'None'
[19.665s] Level 5:colcon.colcon_core.verb:set package 'rosidl_typesupport_introspection_c' build argument 'cmake_target_skip_unavailable' from command line to 'False'
[19.666s] Level 5:colcon.colcon_core.verb:set package 'rosidl_typesupport_introspection_c' build argument 'cmake_clean_cache' from command line to 'False'
[19.666s] Level 5:colcon.colcon_core.verb:set package 'rosidl_typesupport_introspection_c' build argument 'cmake_clean_first' from command line to 'False'
[19.666s] Level 5:colcon.colcon_core.verb:set package 'rosidl_typesupport_introspection_c' build argument 'cmake_force_configure' from command line to 'False'
[19.666s] Level 5:colcon.colcon_core.verb:set package 'rosidl_typesupport_introspection_c' build argument 'ament_cmake_args' from command line to 'None'
[19.666s] Level 5:colcon.colcon_core.verb:set package 'rosidl_typesupport_introspection_c' build argument 'catkin_cmake_args' from command line to 'None'
[19.666s] Level 5:colcon.colcon_core.verb:set package 'rosidl_typesupport_introspection_c' build argument 'catkin_skip_building_tests' from command line to 'False'
[19.666s] DEBUG:colcon.colcon_core.verb:Building package 'rosidl_typesupport_introspection_c' with the following arguments: {'ament_cmake_args': None, 'build_base': '/home/orin_nano/microros_ws/build/rosidl_typesupport_introspection_c', 'catkin_cmake_args': None, 'catkin_skip_building_tests': False, 'cmake_args': None, 'cmake_clean_cache': False, 'cmake_clean_first': False, 'cmake_force_configure': False, 'cmake_target': None, 'cmake_target_skip_unavailable': False, 'install_base': '/home/orin_nano/microros_ws/install/rosidl_typesupport_introspection_c', 'merge_install': False, 'path': '/home/orin_nano/microros_ws/src/rosidl-foxy/rosidl_typesupport_introspection_c', 'symlink_install': False, 'test_result_base': None}
[19.914s] Level 5:colcon.colcon_core.verb:set package 'micro_ros_utilities' build argument 'cmake_args' from command line to 'None'
[19.914s] Level 5:colcon.colcon_core.verb:set package 'micro_ros_utilities' build argument 'cmake_target' from command line to 'None'
[19.914s] Level 5:colcon.colcon_core.verb:set package 'micro_ros_utilities' build argument 'cmake_target_skip_unavailable' from command line to 'False'
[19.914s] Level 5:colcon.colcon_core.verb:set package 'micro_ros_utilities' build argument 'cmake_clean_cache' from command line to 'False'
[19.914s] Level 5:colcon.colcon_core.verb:set package 'micro_ros_utilities' build argument 'cmake_clean_first' from command line to 'False'
[19.914s] Level 5:colcon.colcon_core.verb:set package 'micro_ros_utilities' build argument 'cmake_force_configure' from command line to 'False'
[19.914s] Level 5:colcon.colcon_core.verb:set package 'micro_ros_utilities' build argument 'ament_cmake_args' from command line to 'None'
[19.914s] Level 5:colcon.colcon_core.verb:set package 'micro_ros_utilities' build argument 'catkin_cmake_args' from command line to 'None'
[19.914s] Level 5:colcon.colcon_core.verb:set package 'micro_ros_utilities' build argument 'catkin_skip_building_tests' from command line to 'False'
[19.914s] DEBUG:colcon.colcon_core.verb:Building package 'micro_ros_utilities' with the following arguments: {'ament_cmake_args': None, 'build_base': '/home/orin_nano/microros_ws/build/micro_ros_utilities', 'catkin_cmake_args': None, 'catkin_skip_building_tests': False, 'cmake_args': None, 'cmake_clean_cache': False, 'cmake_clean_first': False, 'cmake_force_configure': False, 'cmake_target': None, 'cmake_target_skip_unavailable': False, 'install_base': '/home/orin_nano/microros_ws/install/micro_ros_utilities', 'merge_install': False, 'path': '/home/orin_nano/microros_ws/src/micro_ros_utilities/micro_ros_utilities', 'symlink_install': False, 'test_result_base': None}
[20.161s] Level 5:colcon.colcon_core.verb:set package 'rosidl_generator_cpp' build argument 'cmake_args' from command line to 'None'
[20.161s] Level 5:colcon.colcon_core.verb:set package 'rosidl_generator_cpp' build argument 'cmake_target' from command line to 'None'
[20.161s] Level 5:colcon.colcon_core.verb:set package 'rosidl_generator_cpp' build argument 'cmake_target_skip_unavailable' from command line to 'False'
[20.161s] Level 5:colcon.colcon_core.verb:set package 'rosidl_generator_cpp' build argument 'cmake_clean_cache' from command line to 'False'
[20.161s] Level 5:colcon.colcon_core.verb:set package 'rosidl_generator_cpp' build argument 'cmake_clean_first' from command line to 'False'
[20.161s] Level 5:colcon.colcon_core.verb:set package 'rosidl_generator_cpp' build argument 'cmake_force_configure' from command line to 'False'
[20.161s] Level 5:colcon.colcon_core.verb:set package 'rosidl_generator_cpp' build argument 'ament_cmake_args' from command line to 'None'
[20.161s] Level 5:colcon.colcon_core.verb:set package 'rosidl_generator_cpp' build argument 'catkin_cmake_args' from command line to 'None'
[20.161s] Level 5:colcon.colcon_core.verb:set package 'rosidl_generator_cpp' build argument 'catkin_skip_building_tests' from command line to 'False'
[20.161s] DEBUG:colcon.colcon_core.verb:Building package 'rosidl_generator_cpp' with the following arguments: {'ament_cmake_args': None, 'build_base': '/home/orin_nano/microros_ws/build/rosidl_generator_cpp', 'catkin_cmake_args': None, 'catkin_skip_building_tests': False, 'cmake_args': None, 'cmake_clean_cache': False, 'cmake_clean_first': False, 'cmake_force_configure': False, 'cmake_target': None, 'cmake_target_skip_unavailable': False, 'install_base': '/home/orin_nano/microros_ws/install/rosidl_generator_cpp', 'merge_install': False, 'path': '/home/orin_nano/microros_ws/src/rosidl-foxy/rosidl_generator_cpp', 'symlink_install': False, 'test_result_base': None}
[20.406s] Level 5:colcon.colcon_core.verb:set package 'rosidl_typesupport_introspection_cpp' build argument 'cmake_args' from command line to 'None'
[20.406s] Level 5:colcon.colcon_core.verb:set package 'rosidl_typesupport_introspection_cpp' build argument 'cmake_target' from command line to 'None'
[20.406s] Level 5:colcon.colcon_core.verb:set package 'rosidl_typesupport_introspection_cpp' build argument 'cmake_target_skip_unavailable' from command line to 'False'
[20.406s] Level 5:colcon.colcon_core.verb:set package 'rosidl_typesupport_introspection_cpp' build argument 'cmake_clean_cache' from command line to 'False'
[20.406s] Level 5:colcon.colcon_core.verb:set package 'rosidl_typesupport_introspection_cpp' build argument 'cmake_clean_first' from command line to 'False'
[20.406s] Level 5:colcon.colcon_core.verb:set package 'rosidl_typesupport_introspection_cpp' build argument 'cmake_force_configure' from command line to 'False'
[20.406s] Level 5:colcon.colcon_core.verb:set package 'rosidl_typesupport_introspection_cpp' build argument 'ament_cmake_args' from command line to 'None'
[20.406s] Level 5:colcon.colcon_core.verb:set package 'rosidl_typesupport_introspection_cpp' build argument 'catkin_cmake_args' from command line to 'None'
[20.406s] Level 5:colcon.colcon_core.verb:set package 'rosidl_typesupport_introspection_cpp' build argument 'catkin_skip_building_tests' from command line to 'False'
[20.406s] DEBUG:colcon.colcon_core.verb:Building package 'rosidl_typesupport_introspection_cpp' with the following arguments: {'ament_cmake_args': None, 'build_base': '/home/orin_nano/microros_ws/build/rosidl_typesupport_introspection_cpp', 'catkin_cmake_args': None, 'catkin_skip_building_tests': False, 'cmake_args': None, 'cmake_clean_cache': False, 'cmake_clean_first': False, 'cmake_force_configure': False, 'cmake_target': None, 'cmake_target_skip_unavailable': False, 'install_base': '/home/orin_nano/microros_ws/install/rosidl_typesupport_introspection_cpp', 'merge_install': False, 'path': '/home/orin_nano/microros_ws/src/rosidl-foxy/rosidl_typesupport_introspection_cpp', 'symlink_install': False, 'test_result_base': None}
[20.649s] INFO:colcon.colcon_core.executor:Executing jobs using 'parallel' executor
[20.894s] DEBUG:colcon.colcon_parallel_executor.executor.parallel:run_until_complete
[20.895s] INFO:colcon.colcon_ros.task.ament_cmake.build:Building ROS package in '/home/orin_nano/microros_ws/src/rosidl-foxy/rosidl_adapter' with build type 'ament_cmake'
[20.896s] INFO:colcon.colcon_cmake.task.cmake.build:Building CMake package in '/home/orin_nano/microros_ws/src/rosidl-foxy/rosidl_adapter'
[21.147s] INFO:colcon.colcon_core.plugin_system:Skipping extension 'colcon_core.shell.bat': Not used on non-Windows systems
[21.147s] INFO:colcon.colcon_core.shell:Skip shell extension 'powershell' for command environment: Not usable outside of PowerShell
[21.148s] DEBUG:colcon.colcon_core.shell:Skip shell extension 'dsv' for command environment
[22.148s] INFO:colcon.colcon_ros.task.ament_cmake.build:Building ROS package in '/home/orin_nano/microros_ws/src/rosidl-foxy/rosidl_typesupport_interface' with build type 'ament_cmake'
[22.149s] INFO:colcon.colcon_cmake.task.cmake.build:Building CMake package in '/home/orin_nano/microros_ws/src/rosidl-foxy/rosidl_typesupport_interface'
[22.400s] INFO:colcon.colcon_core.shell:Skip shell extension 'powershell' for command environment: Not usable outside of PowerShell
[22.401s] DEBUG:colcon.colcon_core.shell:Skip shell extension 'dsv' for command environment
[23.431s] INFO:colcon.colcon_ros.task.ament_cmake.build:Building ROS package in '/home/orin_nano/microros_ws/src/rosidl-foxy/rosidl_runtime_cpp' with build type 'ament_cmake'
[23.432s] INFO:colcon.colcon_cmake.task.cmake.build:Building CMake package in '/home/orin_nano/microros_ws/src/rosidl-foxy/rosidl_runtime_cpp'
[23.684s] INFO:colcon.colcon_core.shell:Skip shell extension 'powershell' for command environment: Not usable outside of PowerShell
[23.684s] DEBUG:colcon.colcon_core.shell:Skip shell extension 'dsv' for command environment
[24.698s] INFO:colcon.colcon_ros.task.ament_cmake.build:Building ROS package in '/home/orin_nano/microros_ws/src/uros/micro_ros_msgs' with build type 'ament_cmake'
[24.699s] INFO:colcon.colcon_cmake.task.cmake.build:Building CMake package in '/home/orin_nano/microros_ws/src/uros/micro_ros_msgs'
[24.951s] INFO:colcon.colcon_core.shell:Skip shell extension 'powershell' for command environment: Not usable outside of PowerShell
[24.951s] DEBUG:colcon.colcon_core.shell:Skip shell extension 'dsv' for command environment
[25.967s] INFO:colcon.colcon_ros.task.ament_cmake.build:Building ROS package in '/home/orin_nano/microros_ws/src/uros/drive_base/drive_base_msgs' with build type 'ament_cmake'
[25.968s] INFO:colcon.colcon_cmake.task.cmake.build:Building CMake package in '/home/orin_nano/microros_ws/src/uros/drive_base/drive_base_msgs'
[26.220s] INFO:colcon.colcon_core.shell:Skip shell extension 'powershell' for command environment: Not usable outside of PowerShell
[26.220s] DEBUG:colcon.colcon_core.shell:Skip shell extension 'dsv' for command environment
[27.233s] INFO:colcon.colcon_ros.task.ament_cmake.build:Building ROS package in '/home/orin_nano/microros_ws/src/micro_ros_setup' with build type 'ament_cmake'
[27.234s] INFO:colcon.colcon_cmake.task.cmake.build:Building CMake package in '/home/orin_nano/microros_ws/src/micro_ros_setup'
[27.494s] INFO:colcon.colcon_core.shell:Skip shell extension 'powershell' for command environment: Not usable outside of PowerShell
[27.494s] DEBUG:colcon.colcon_core.shell:Skip shell extension 'dsv' for command environment
[28.542s] DEBUG:colcon.colcon_core.event_handler.log_command:Invoking command in '/home/orin_nano/microros_ws/build/rosidl_adapter': CMAKE_PREFIX_PATH=${CMAKE_PREFIX_PATH}:/opt/ros/foxy /usr/bin/cmake --build /home/orin_nano/microros_ws/build/rosidl_adapter -- -j6 -l6
[28.562s] DEBUG:colcon.colcon_core.event_handler.log_command:Invoking command in '/home/orin_nano/microros_ws/build/rosidl_typesupport_interface': CMAKE_PREFIX_PATH=${CMAKE_PREFIX_PATH}:/opt/ros/foxy /usr/bin/cmake --build /home/orin_nano/microros_ws/build/rosidl_typesupport_interface -- -j6 -l6
[28.569s] DEBUG:colcon.colcon_core.event_handler.log_command:Invoking command in '/home/orin_nano/microros_ws/build/rosidl_runtime_cpp': CMAKE_PREFIX_PATH=${CMAKE_PREFIX_PATH}:/opt/ros/foxy /usr/bin/cmake --build /home/orin_nano/microros_ws/build/rosidl_runtime_cpp -- -j6 -l6
[28.590s] DEBUG:colcon.colcon_core.event_handler.log_command:Invoking command in '/home/orin_nano/microros_ws/build/micro_ros_msgs': CMAKE_PREFIX_PATH=${CMAKE_PREFIX_PATH}:/opt/ros/foxy /usr/bin/cmake --build /home/orin_nano/microros_ws/build/micro_ros_msgs -- -j6 -l6
[28.611s] DEBUG:colcon.colcon_core.event_handler.log_command:Invoking command in '/home/orin_nano/microros_ws/build/drive_base_msgs': CMAKE_PREFIX_PATH=${CMAKE_PREFIX_PATH}:/opt/ros/foxy /usr/bin/cmake --build /home/orin_nano/microros_ws/build/drive_base_msgs -- -j6 -l6
[28.629s] DEBUG:colcon.colcon_core.event_handler.log_command:Invoking command in '/home/orin_nano/microros_ws/build/micro_ros_setup': CMAKE_PREFIX_PATH=${CMAKE_PREFIX_PATH}:/opt/ros/foxy /usr/bin/cmake --build /home/orin_nano/microros_ws/build/micro_ros_setup -- -j6 -l6
[28.732s] DEBUG:colcon.colcon_core.event_handler.log_command:Invoked command in '/home/orin_nano/microros_ws/build/rosidl_adapter' returned '2': CMAKE_PREFIX_PATH=${CMAKE_PREFIX_PATH}:/opt/ros/foxy /usr/bin/cmake --build /home/orin_nano/microros_ws/build/rosidl_adapter -- -j6 -l6
[28.751s] DEBUG:colcon.colcon_core.event_handler.log_command:Invoked command in '/home/orin_nano/microros_ws/build/rosidl_typesupport_interface' returned '2': CMAKE_PREFIX_PATH=${CMAKE_PREFIX_PATH}:/opt/ros/foxy /usr/bin/cmake --build /home/orin_nano/microros_ws/build/rosidl_typesupport_interface -- -j6 -l6
[28.775s] DEBUG:colcon.colcon_core.event_handler.log_command:Invoked command in '/home/orin_nano/microros_ws/build/rosidl_runtime_cpp' returned '2': CMAKE_PREFIX_PATH=${CMAKE_PREFIX_PATH}:/opt/ros/foxy /usr/bin/cmake --build /home/orin_nano/microros_ws/build/rosidl_runtime_cpp -- -j6 -l6
[28.803s] DEBUG:colcon.colcon_core.event_handler.log_command:Invoked command in '/home/orin_nano/microros_ws/build/micro_ros_setup' returned '0': CMAKE_PREFIX_PATH=${CMAKE_PREFIX_PATH}:/opt/ros/foxy /usr/bin/cmake --build /home/orin_nano/microros_ws/build/micro_ros_setup -- -j6 -l6
[29.189s] Level 1:colcon.colcon_core.environment:create_environment_scripts_only(rosidl_adapter)
[29.525s] Level 1:colcon.colcon_core.environment:checking '/home/orin_nano/microros_ws/install/rosidl_adapter' for CMake module files
[29.527s] Level 1:colcon.colcon_core.environment:checking '/home/orin_nano/microros_ws/install/rosidl_adapter' for CMake config files
[29.527s] Level 1:colcon.colcon_core.shell:create_environment_hook('rosidl_adapter', 'cmake_prefix_path')
[29.818s] INFO:colcon.colcon_core.shell:Creating environment hook '/home/orin_nano/microros_ws/install/rosidl_adapter/share/rosidl_adapter/hook/cmake_prefix_path.ps1'
[29.821s] INFO:colcon.colcon_core.shell:Creating environment descriptor '/home/orin_nano/microros_ws/install/rosidl_adapter/share/rosidl_adapter/hook/cmake_prefix_path.dsv'
[29.823s] INFO:colcon.colcon_core.shell:Creating environment hook '/home/orin_nano/microros_ws/install/rosidl_adapter/share/rosidl_adapter/hook/cmake_prefix_path.sh'
[29.825s] Level 1:colcon.colcon_core.environment:checking '/home/orin_nano/microros_ws/install/rosidl_adapter/lib'
[29.826s] Level 1:colcon.colcon_core.environment:checking '/home/orin_nano/microros_ws/install/rosidl_adapter/bin'
[29.826s] Level 1:colcon.colcon_core.environment:checking '/home/orin_nano/microros_ws/install/rosidl_adapter/lib/pkgconfig/rosidl_adapter.pc'
[29.827s] Level 1:colcon.colcon_core.environment:checking '/home/orin_nano/microros_ws/install/rosidl_adapter/lib/python3.8/site-packages'
[29.827s] Level 1:colcon.colcon_core.shell:create_environment_hook('rosidl_adapter', 'pythonpath')
[30.101s] INFO:colcon.colcon_core.shell:Creating environment hook '/home/orin_nano/microros_ws/install/rosidl_adapter/share/rosidl_adapter/hook/pythonpath.ps1'
[30.102s] INFO:colcon.colcon_core.shell:Creating environment descriptor '/home/orin_nano/microros_ws/install/rosidl_adapter/share/rosidl_adapter/hook/pythonpath.dsv'
[30.103s] INFO:colcon.colcon_core.shell:Creating environment hook '/home/orin_nano/microros_ws/install/rosidl_adapter/share/rosidl_adapter/hook/pythonpath.sh'
[30.105s] Level 1:colcon.colcon_core.environment:checking '/home/orin_nano/microros_ws/install/rosidl_adapter/bin'
[30.370s] INFO:colcon.colcon_core.shell:Creating package script '/home/orin_nano/microros_ws/install/rosidl_adapter/share/rosidl_adapter/package.ps1'
[30.373s] INFO:colcon.colcon_core.shell:Creating package descriptor '/home/orin_nano/microros_ws/install/rosidl_adapter/share/rosidl_adapter/package.dsv'
[30.374s] INFO:colcon.colcon_core.shell:Creating package script '/home/orin_nano/microros_ws/install/rosidl_adapter/share/rosidl_adapter/package.sh'
[30.376s] INFO:colcon.colcon_core.shell:Creating package script '/home/orin_nano/microros_ws/install/rosidl_adapter/share/rosidl_adapter/package.bash'
[30.377s] INFO:colcon.colcon_core.shell:Creating package script '/home/orin_nano/microros_ws/install/rosidl_adapter/share/rosidl_adapter/package.zsh'
[30.379s] Level 1:colcon.colcon_core.environment:create_file_with_runtime_dependencies(/home/orin_nano/microros_ws/install/rosidl_adapter/share/colcon-core/packages/rosidl_adapter)
[30.395s] DEBUG:colcon.colcon_parallel_executor.executor.parallel:closing loop
[30.395s] DEBUG:colcon.colcon_parallel_executor.executor.parallel:loop closed
[30.396s] DEBUG:colcon.colcon_parallel_executor.executor.parallel:run_until_complete finished with '2'
[30.396s] DEBUG:colcon.colcon_core.event_reactor:joining thread
[30.686s] INFO:colcon.colcon_core.plugin_system:Skipping extension 'colcon_notification.desktop_notification.terminal_notifier': Not used on non-Darwin systems
[30.686s] INFO:colcon.colcon_core.plugin_system:Skipping extension 'colcon_notification.desktop_notification.win32': Not used on non-Windows systems
[30.686s] INFO:colcon.colcon_notification.desktop_notification:Sending desktop notification using 'notify2'
[30.726s] DEBUG:colcon.colcon_core.event_reactor:joined thread
[30.991s] INFO:colcon.colcon_core.shell:Creating prefix script '/home/orin_nano/microros_ws/install/local_setup.ps1'
[30.993s] INFO:colcon.colcon_core.shell:Creating prefix util module '/home/orin_nano/microros_ws/install/_local_setup_util_ps1.py'
[30.997s] INFO:colcon.colcon_core.shell:Creating prefix chain script '/home/orin_nano/microros_ws/install/setup.ps1'
[31.257s] INFO:colcon.colcon_core.shell:Creating prefix script '/home/orin_nano/microros_ws/install/local_setup.sh'
[31.258s] INFO:colcon.colcon_core.shell:Creating prefix util module '/home/orin_nano/microros_ws/install/_local_setup_util_sh.py'
[31.259s] INFO:colcon.colcon_core.shell:Creating prefix chain script '/home/orin_nano/microros_ws/install/setup.sh'
[31.519s] INFO:colcon.colcon_core.shell:Creating prefix script '/home/orin_nano/microros_ws/install/local_setup.bash'
[31.520s] INFO:colcon.colcon_core.shell:Creating prefix chain script '/home/orin_nano/microros_ws/install/setup.bash'
[31.786s] INFO:colcon.colcon_core.shell:Creating prefix script '/home/orin_nano/microros_ws/install/local_setup.zsh'
[31.787s] INFO:colcon.colcon_core.shell:Creating prefix chain script '/home/orin_nano/microros_ws/install/setup.zsh'
