[1.277s] Invoking command in '/home/orin_nano/microros_ws/build/rosidl_generator_c': AMENT_PREFIX_PATH=/home/orin_nano/microros_ws/install/rosidl_cmake:/home/orin_nano/microros_ws/install/rosidl_runtime_c:/home/orin_nano/microros_ws/install/rosidl_parser:/home/orin_nano/microros_ws/install/rosidl_typesupport_interface:/home/orin_nano/microros_ws/install/rosidl_adapter:${AMENT_PREFIX_PATH} CMAKE_PREFIX_PATH=/home/orin_nano/microros_ws/install/rosidl_cmake:/home/orin_nano/microros_ws/install/rosidl_runtime_c:/home/orin_nano/microros_ws/install/rosidl_parser:/home/orin_nano/microros_ws/install/rosidl_typesupport_interface:/home/orin_nano/microros_ws/install/rosidl_adapter:/home/orin_nano/microros_ws/install/micro_ros_setup:/home/orin_nano/microros_ws/install/micro_ros_agent:/home/orin_nano/microros_ws/install/micro_ros_msgs:/home/orin_nano/install/joy:/opt/ros/foxy LD_LIBRARY_PATH=/home/orin_nano/microros_ws/install/rosidl_runtime_c/lib:/home/orin_nano/microros_ws/install/micro_ros_agent/lib:/home/orin_nano/microros_ws/install/micro_ros_msgs/lib:/home/orin_nano/install/joy/lib:/opt/ros/foxy/opt/yaml_cpp_vendor/lib:/opt/ros/foxy/opt/rviz_ogre_vendor/lib:/opt/ros/foxy/lib/aarch64-linux-gnu:/opt/ros/foxy/lib:/usr/local/cuda-11.4/lib64 PYTHONPATH=/home/orin_nano/microros_ws/install/rosidl_cmake/lib/python3.8/site-packages:/home/orin_nano/microros_ws/install/rosidl_parser/lib/python3.8/site-packages:/home/orin_nano/microros_ws/install/rosidl_adapter/lib/python3.8/site-packages:${PYTHONPATH} /usr/bin/cmake /home/orin_nano/microros_ws/rosidl-foxy/rosidl_generator_c -DCMAKE_INSTALL_PREFIX=/home/orin_nano/microros_ws/install/rosidl_generator_c
[1.301s] -- Found ament_cmake_python: 0.9.12 (/opt/ros/foxy/share/ament_cmake_python/cmake)
[1.301s] -- Found ament_cmake_ros: 0.9.2 (/opt/ros/foxy/share/ament_cmake_ros/cmake)
[1.350s] -- Using PYTHON_EXECUTABLE: /usr/bin/python3
[1.766s] -- Found ament_lint_auto: 0.9.8 (/opt/ros/foxy/share/ament_lint_auto/cmake)
[1.770s] -- Found test_interface_files: 0.8.1 (/opt/ros/foxy/share/test_interface_files/cmake)
[1.771s] -- Found rosidl_runtime_c: 1.3.1 (/home/orin_nano/microros_ws/install/rosidl_runtime_c/share/rosidl_runtime_c/cmake)
[1.959s] -- Found rosidl_adapter: 1.3.1 (/home/orin_nano/microros_ws/install/rosidl_adapter/share/rosidl_adapter/cmake)
[2.012s] -- Found PythonInterp: /usr/bin/python3 (found version "3.8.10") 
[2.273s] -- Added test 'copyright' to check source files copyright and LICENSE
[2.276s] -- Added test 'cppcheck' to perform static code analysis on C / C++ code
[2.277s] -- Configured cppcheck include dirs: 
[2.278s] -- Configured cppcheck exclude dirs and/or files: 
[2.279s] -- Added test 'cpplint' to check C / C++ code against the Google style
[2.279s] -- Configured cpplint exclude dirs and/or files: 
[2.280s] -- Added test 'flake8' to check Python code syntax and style conventions
[2.281s] -- Added test 'lint_cmake' to check CMake code style
[2.283s] -- Added test 'pep257' to check Python code against some of the style conventions in PEP 257
[2.286s] -- Added test 'uncrustify' to check C / C++ code style
[2.286s] -- Configured uncrustify additional arguments: 
[2.288s] -- Added test 'xmllint' to check XML markup files
[2.294s] -- Configuring done
[2.319s] -- Generating done
[2.321s] -- Build files have been written to: /home/orin_nano/microros_ws/build/rosidl_generator_c
[2.979s] Invoked command in '/home/orin_nano/microros_ws/build/rosidl_generator_c' returned '0': AMENT_PREFIX_PATH=/home/orin_nano/microros_ws/install/rosidl_cmake:/home/orin_nano/microros_ws/install/rosidl_runtime_c:/home/orin_nano/microros_ws/install/rosidl_parser:/home/orin_nano/microros_ws/install/rosidl_typesupport_interface:/home/orin_nano/microros_ws/install/rosidl_adapter:${AMENT_PREFIX_PATH} CMAKE_PREFIX_PATH=/home/orin_nano/microros_ws/install/rosidl_cmake:/home/orin_nano/microros_ws/install/rosidl_runtime_c:/home/orin_nano/microros_ws/install/rosidl_parser:/home/orin_nano/microros_ws/install/rosidl_typesupport_interface:/home/orin_nano/microros_ws/install/rosidl_adapter:/home/orin_nano/microros_ws/install/micro_ros_setup:/home/orin_nano/microros_ws/install/micro_ros_agent:/home/orin_nano/microros_ws/install/micro_ros_msgs:/home/orin_nano/install/joy:/opt/ros/foxy LD_LIBRARY_PATH=/home/orin_nano/microros_ws/install/rosidl_runtime_c/lib:/home/orin_nano/microros_ws/install/micro_ros_agent/lib:/home/orin_nano/microros_ws/install/micro_ros_msgs/lib:/home/orin_nano/install/joy/lib:/opt/ros/foxy/opt/yaml_cpp_vendor/lib:/opt/ros/foxy/opt/rviz_ogre_vendor/lib:/opt/ros/foxy/lib/aarch64-linux-gnu:/opt/ros/foxy/lib:/usr/local/cuda-11.4/lib64 PYTHONPATH=/home/orin_nano/microros_ws/install/rosidl_cmake/lib/python3.8/site-packages:/home/orin_nano/microros_ws/install/rosidl_parser/lib/python3.8/site-packages:/home/orin_nano/microros_ws/install/rosidl_adapter/lib/python3.8/site-packages:${PYTHONPATH} /usr/bin/cmake /home/orin_nano/microros_ws/rosidl-foxy/rosidl_generator_c -DCMAKE_INSTALL_PREFIX=/home/orin_nano/microros_ws/install/rosidl_generator_c
[2.984s] Invoking command in '/home/orin_nano/microros_ws/build/rosidl_generator_c': AMENT_PREFIX_PATH=/home/orin_nano/microros_ws/install/rosidl_cmake:/home/orin_nano/microros_ws/install/rosidl_runtime_c:/home/orin_nano/microros_ws/install/rosidl_parser:/home/orin_nano/microros_ws/install/rosidl_typesupport_interface:/home/orin_nano/microros_ws/install/rosidl_adapter:${AMENT_PREFIX_PATH} CMAKE_PREFIX_PATH=/home/orin_nano/microros_ws/install/rosidl_cmake:/home/orin_nano/microros_ws/install/rosidl_runtime_c:/home/orin_nano/microros_ws/install/rosidl_parser:/home/orin_nano/microros_ws/install/rosidl_typesupport_interface:/home/orin_nano/microros_ws/install/rosidl_adapter:/home/orin_nano/microros_ws/install/micro_ros_setup:/home/orin_nano/microros_ws/install/micro_ros_agent:/home/orin_nano/microros_ws/install/micro_ros_msgs:/home/orin_nano/install/joy:/opt/ros/foxy LD_LIBRARY_PATH=/home/orin_nano/microros_ws/install/rosidl_runtime_c/lib:/home/orin_nano/microros_ws/install/micro_ros_agent/lib:/home/orin_nano/microros_ws/install/micro_ros_msgs/lib:/home/orin_nano/install/joy/lib:/opt/ros/foxy/opt/yaml_cpp_vendor/lib:/opt/ros/foxy/opt/rviz_ogre_vendor/lib:/opt/ros/foxy/lib/aarch64-linux-gnu:/opt/ros/foxy/lib:/usr/local/cuda-11.4/lib64 PYTHONPATH=/home/orin_nano/microros_ws/install/rosidl_cmake/lib/python3.8/site-packages:/home/orin_nano/microros_ws/install/rosidl_parser/lib/python3.8/site-packages:/home/orin_nano/microros_ws/install/rosidl_adapter/lib/python3.8/site-packages:${PYTHONPATH} /usr/bin/cmake --build /home/orin_nano/microros_ws/build/rosidl_generator_c -- -j6 -l6
[3.071s] [  5%] [34m[1mGenerating C code for ROS interfaces[0m
[6.499s] [35m[1mScanning dependencies of target rosidl_generator_c_interfaces__rosidl_generator_c[0m
[6.535s] [ 15%] [32mBuilding C object CMakeFiles/rosidl_generator_c_interfaces__rosidl_generator_c.dir/rosidl_generator_c/rosidl_generator_c/msg/detail/arrays__functions.c.o[0m
[6.536s] [ 25%] [32mBuilding C object CMakeFiles/rosidl_generator_c_interfaces__rosidl_generator_c.dir/rosidl_generator_c/rosidl_generator_c/msg/detail/basic_types__functions.c.o[0m
[6.536s] [ 15%] [32mBuilding C object CMakeFiles/rosidl_generator_c_interfaces__rosidl_generator_c.dir/rosidl_generator_c/rosidl_generator_c/msg/detail/bounded_sequences__functions.c.o[0m
[6.537s] [ 25%] [32mBuilding C object CMakeFiles/rosidl_generator_c_interfaces__rosidl_generator_c.dir/rosidl_generator_c/rosidl_generator_c/msg/detail/constants__functions.c.o[0m
[6.538s] [ 30%] [32mBuilding C object CMakeFiles/rosidl_generator_c_interfaces__rosidl_generator_c.dir/rosidl_generator_c/rosidl_generator_c/msg/detail/defaults__functions.c.o[0m
[6.550s] [ 35%] [32mBuilding C object CMakeFiles/rosidl_generator_c_interfaces__rosidl_generator_c.dir/rosidl_generator_c/rosidl_generator_c/msg/detail/empty__functions.c.o[0m
[6.655s] [ 40%] [32mBuilding C object CMakeFiles/rosidl_generator_c_interfaces__rosidl_generator_c.dir/rosidl_generator_c/rosidl_generator_c/msg/detail/multi_nested__functions.c.o[0m
[6.660s] [ 45%] [32mBuilding C object CMakeFiles/rosidl_generator_c_interfaces__rosidl_generator_c.dir/rosidl_generator_c/rosidl_generator_c/msg/detail/nested__functions.c.o[0m
[6.701s] [ 60%] [32mBuilding C object CMakeFiles/rosidl_generator_c_interfaces__rosidl_generator_c.dir/rosidl_generator_c/rosidl_generator_c/msg/detail/w_strings__functions.c.o[0m
[6.702s] [ 60%] [32mBuilding C object CMakeFiles/rosidl_generator_c_interfaces__rosidl_generator_c.dir/rosidl_generator_c/rosidl_generator_c/msg/detail/unbounded_sequences__functions.c.o[0m
[6.702s] [ 60%] [32mBuilding C object CMakeFiles/rosidl_generator_c_interfaces__rosidl_generator_c.dir/rosidl_generator_c/rosidl_generator_c/msg/detail/strings__functions.c.o[0m
[6.852s] [ 65%] [32m[1mLinking C shared library librosidl_generator_c_interfaces__rosidl_generator_c.so[0m
[6.926s] [ 65%] Built target rosidl_generator_c_interfaces__rosidl_generator_c
[6.946s] [35m[1mScanning dependencies of target rosidl_generator_c_interfaces[0m
[6.946s] [35m[1mScanning dependencies of target test_compilation_c[0m
[6.946s] [35m[1mScanning dependencies of target test_invalid_initialization_c[0m
[6.946s] [35m[1mScanning dependencies of target test_interfaces_c[0m
[6.970s] [ 65%] Built target rosidl_generator_c_interfaces
[6.972s] [ 75%] [32mBuilding C object CMakeFiles/test_invalid_initialization_c.dir/test/test_invalid_initialization.c.o[0m
[6.972s] [ 75%] [32mBuilding C object CMakeFiles/test_compilation_c.dir/test/test_compilation.c.o[0m
[6.972s] [ 80%] [32mBuilding C object CMakeFiles/test_compilation_c.dir/test/separate_compilation.c.o[0m
[6.974s] [ 85%] [32mBuilding C object CMakeFiles/test_interfaces_c.dir/test/test_interfaces.c.o[0m
[7.052s] [ 95%] [32m[1mLinking C executable test_invalid_initialization_c[0m
[7.053s] [ 95%] [32m[1mLinking C executable test_compilation_c[0m
[7.127s] [ 95%] Built target test_compilation_c
[7.131s] [ 95%] Built target test_invalid_initialization_c
[7.303s] [100%] [32m[1mLinking C executable test_interfaces_c[0m
[7.375s] [100%] Built target test_interfaces_c
[7.401s] Invoked command in '/home/orin_nano/microros_ws/build/rosidl_generator_c' returned '0': AMENT_PREFIX_PATH=/home/orin_nano/microros_ws/install/rosidl_cmake:/home/orin_nano/microros_ws/install/rosidl_runtime_c:/home/orin_nano/microros_ws/install/rosidl_parser:/home/orin_nano/microros_ws/install/rosidl_typesupport_interface:/home/orin_nano/microros_ws/install/rosidl_adapter:${AMENT_PREFIX_PATH} CMAKE_PREFIX_PATH=/home/orin_nano/microros_ws/install/rosidl_cmake:/home/orin_nano/microros_ws/install/rosidl_runtime_c:/home/orin_nano/microros_ws/install/rosidl_parser:/home/orin_nano/microros_ws/install/rosidl_typesupport_interface:/home/orin_nano/microros_ws/install/rosidl_adapter:/home/orin_nano/microros_ws/install/micro_ros_setup:/home/orin_nano/microros_ws/install/micro_ros_agent:/home/orin_nano/microros_ws/install/micro_ros_msgs:/home/orin_nano/install/joy:/opt/ros/foxy LD_LIBRARY_PATH=/home/orin_nano/microros_ws/install/rosidl_runtime_c/lib:/home/orin_nano/microros_ws/install/micro_ros_agent/lib:/home/orin_nano/microros_ws/install/micro_ros_msgs/lib:/home/orin_nano/install/joy/lib:/opt/ros/foxy/opt/yaml_cpp_vendor/lib:/opt/ros/foxy/opt/rviz_ogre_vendor/lib:/opt/ros/foxy/lib/aarch64-linux-gnu:/opt/ros/foxy/lib:/usr/local/cuda-11.4/lib64 PYTHONPATH=/home/orin_nano/microros_ws/install/rosidl_cmake/lib/python3.8/site-packages:/home/orin_nano/microros_ws/install/rosidl_parser/lib/python3.8/site-packages:/home/orin_nano/microros_ws/install/rosidl_adapter/lib/python3.8/site-packages:${PYTHONPATH} /usr/bin/cmake --build /home/orin_nano/microros_ws/build/rosidl_generator_c -- -j6 -l6
[7.515s] Invoking command in '/home/orin_nano/microros_ws/build/rosidl_generator_c': AMENT_PREFIX_PATH=/home/orin_nano/microros_ws/install/rosidl_cmake:/home/orin_nano/microros_ws/install/rosidl_runtime_c:/home/orin_nano/microros_ws/install/rosidl_parser:/home/orin_nano/microros_ws/install/rosidl_typesupport_interface:/home/orin_nano/microros_ws/install/rosidl_adapter:${AMENT_PREFIX_PATH} CMAKE_PREFIX_PATH=/home/orin_nano/microros_ws/install/rosidl_cmake:/home/orin_nano/microros_ws/install/rosidl_runtime_c:/home/orin_nano/microros_ws/install/rosidl_parser:/home/orin_nano/microros_ws/install/rosidl_typesupport_interface:/home/orin_nano/microros_ws/install/rosidl_adapter:/home/orin_nano/microros_ws/install/micro_ros_setup:/home/orin_nano/microros_ws/install/micro_ros_agent:/home/orin_nano/microros_ws/install/micro_ros_msgs:/home/orin_nano/install/joy:/opt/ros/foxy LD_LIBRARY_PATH=/home/orin_nano/microros_ws/install/rosidl_runtime_c/lib:/home/orin_nano/microros_ws/install/micro_ros_agent/lib:/home/orin_nano/microros_ws/install/micro_ros_msgs/lib:/home/orin_nano/install/joy/lib:/opt/ros/foxy/opt/yaml_cpp_vendor/lib:/opt/ros/foxy/opt/rviz_ogre_vendor/lib:/opt/ros/foxy/lib/aarch64-linux-gnu:/opt/ros/foxy/lib:/usr/local/cuda-11.4/lib64 PYTHONPATH=/home/orin_nano/microros_ws/install/rosidl_cmake/lib/python3.8/site-packages:/home/orin_nano/microros_ws/install/rosidl_parser/lib/python3.8/site-packages:/home/orin_nano/microros_ws/install/rosidl_adapter/lib/python3.8/site-packages:${PYTHONPATH} /usr/bin/cmake --install /home/orin_nano/microros_ws/build/rosidl_generator_c
[7.537s] -- Install configuration: ""
[7.537s] -- Installing: /home/orin_nano/microros_ws/install/rosidl_generator_c/share/ament_index/resource_index/rosidl_generator_packages/rosidl_generator_c
[7.537s] -- Installing: /home/orin_nano/microros_ws/install/rosidl_generator_c/share/rosidl_generator_c/environment/pythonpath.sh
[7.538s] -- Installing: /home/orin_nano/microros_ws/install/rosidl_generator_c/share/rosidl_generator_c/environment/pythonpath.dsv
[7.538s] -- Installing: /home/orin_nano/microros_ws/install/rosidl_generator_c/lib/python3.8/site-packages/rosidl_generator_c
[7.538s] -- Installing: /home/orin_nano/microros_ws/install/rosidl_generator_c/lib/python3.8/site-packages/rosidl_generator_c/__init__.py
[7.606s] Listing '/home/orin_nano/microros_ws/install/rosidl_generator_c/lib/python3.8/site-packages/rosidl_generator_c'...
[7.607s] Compiling '/home/orin_nano/microros_ws/install/rosidl_generator_c/lib/python3.8/site-packages/rosidl_generator_c/__init__.py'...
[7.618s] -- Installing: /home/orin_nano/microros_ws/install/rosidl_generator_c/share/ament_index/resource_index/package_run_dependencies/rosidl_generator_c
[7.618s] -- Installing: /home/orin_nano/microros_ws/install/rosidl_generator_c/share/ament_index/resource_index/parent_prefix_path/rosidl_generator_c
[7.618s] -- Installing: /home/orin_nano/microros_ws/install/rosidl_generator_c/share/rosidl_generator_c/environment/ament_prefix_path.sh
[7.619s] -- Installing: /home/orin_nano/microros_ws/install/rosidl_generator_c/share/rosidl_generator_c/environment/ament_prefix_path.dsv
[7.619s] -- Installing: /home/orin_nano/microros_ws/install/rosidl_generator_c/share/rosidl_generator_c/environment/path.sh
[7.619s] -- Installing: /home/orin_nano/microros_ws/install/rosidl_generator_c/share/rosidl_generator_c/environment/path.dsv
[7.619s] -- Installing: /home/orin_nano/microros_ws/install/rosidl_generator_c/share/rosidl_generator_c/local_setup.bash
[7.619s] -- Installing: /home/orin_nano/microros_ws/install/rosidl_generator_c/share/rosidl_generator_c/local_setup.sh
[7.620s] -- Installing: /home/orin_nano/microros_ws/install/rosidl_generator_c/share/rosidl_generator_c/local_setup.zsh
[7.620s] -- Installing: /home/orin_nano/microros_ws/install/rosidl_generator_c/share/rosidl_generator_c/local_setup.dsv
[7.620s] -- Installing: /home/orin_nano/microros_ws/install/rosidl_generator_c/share/rosidl_generator_c/package.dsv
[7.621s] -- Installing: /home/orin_nano/microros_ws/install/rosidl_generator_c/share/ament_index/resource_index/packages/rosidl_generator_c
[7.621s] -- Installing: /home/orin_nano/microros_ws/install/rosidl_generator_c/share/rosidl_generator_c/cmake/rosidl_generator_c-extras.cmake
[7.621s] -- Installing: /home/orin_nano/microros_ws/install/rosidl_generator_c/share/rosidl_generator_c/cmake/ament_cmake_export_dependencies-extras.cmake
[7.621s] -- Installing: /home/orin_nano/microros_ws/install/rosidl_generator_c/share/rosidl_generator_c/cmake/rosidl_cmake-extras.cmake
[7.622s] -- Installing: /home/orin_nano/microros_ws/install/rosidl_generator_c/share/rosidl_generator_c/cmake/rosidl_generator_cConfig.cmake
[7.622s] -- Installing: /home/orin_nano/microros_ws/install/rosidl_generator_c/share/rosidl_generator_c/cmake/rosidl_generator_cConfig-version.cmake
[7.622s] -- Installing: /home/orin_nano/microros_ws/install/rosidl_generator_c/share/rosidl_generator_c/package.xml
[7.623s] -- Installing: /home/orin_nano/microros_ws/install/rosidl_generator_c/lib/rosidl_generator_c/rosidl_generator_c
[7.623s] -- Up-to-date: /home/orin_nano/microros_ws/install/rosidl_generator_c/share/rosidl_generator_c/cmake
[7.624s] -- Installing: /home/orin_nano/microros_ws/install/rosidl_generator_c/share/rosidl_generator_c/cmake/register_c.cmake
[7.624s] -- Installing: /home/orin_nano/microros_ws/install/rosidl_generator_c/share/rosidl_generator_c/cmake/rosidl_generator_c_generate_interfaces.cmake
[7.624s] -- Installing: /home/orin_nano/microros_ws/install/rosidl_generator_c/share/rosidl_generator_c/resource
[7.624s] -- Installing: /home/orin_nano/microros_ws/install/rosidl_generator_c/share/rosidl_generator_c/resource/rosidl_generator_c__visibility_control.h.in
[7.624s] -- Installing: /home/orin_nano/microros_ws/install/rosidl_generator_c/share/rosidl_generator_c/resource/idl.h.em
[7.624s] -- Installing: /home/orin_nano/microros_ws/install/rosidl_generator_c/share/rosidl_generator_c/resource/srv__type_support.h.em
[7.625s] -- Installing: /home/orin_nano/microros_ws/install/rosidl_generator_c/share/rosidl_generator_c/resource/idl__type_support.h.em
[7.625s] -- Installing: /home/orin_nano/microros_ws/install/rosidl_generator_c/share/rosidl_generator_c/resource/idl__functions.h.em
[7.625s] -- Installing: /home/orin_nano/microros_ws/install/rosidl_generator_c/share/rosidl_generator_c/resource/idl__struct.h.em
[7.625s] -- Installing: /home/orin_nano/microros_ws/install/rosidl_generator_c/share/rosidl_generator_c/resource/idl__functions.c.em
[7.625s] -- Installing: /home/orin_nano/microros_ws/install/rosidl_generator_c/share/rosidl_generator_c/resource/msg__functions.h.em
[7.626s] -- Installing: /home/orin_nano/microros_ws/install/rosidl_generator_c/share/rosidl_generator_c/resource/action__type_support.h.em
[7.626s] -- Installing: /home/orin_nano/microros_ws/install/rosidl_generator_c/share/rosidl_generator_c/resource/msg__struct.h.em
[7.626s] -- Installing: /home/orin_nano/microros_ws/install/rosidl_generator_c/share/rosidl_generator_c/resource/msg__type_support.h.em
[7.626s] -- Installing: /home/orin_nano/microros_ws/install/rosidl_generator_c/share/rosidl_generator_c/resource/msg__functions.c.em
[7.631s] Invoked command in '/home/orin_nano/microros_ws/build/rosidl_generator_c' returned '0': AMENT_PREFIX_PATH=/home/orin_nano/microros_ws/install/rosidl_cmake:/home/orin_nano/microros_ws/install/rosidl_runtime_c:/home/orin_nano/microros_ws/install/rosidl_parser:/home/orin_nano/microros_ws/install/rosidl_typesupport_interface:/home/orin_nano/microros_ws/install/rosidl_adapter:${AMENT_PREFIX_PATH} CMAKE_PREFIX_PATH=/home/orin_nano/microros_ws/install/rosidl_cmake:/home/orin_nano/microros_ws/install/rosidl_runtime_c:/home/orin_nano/microros_ws/install/rosidl_parser:/home/orin_nano/microros_ws/install/rosidl_typesupport_interface:/home/orin_nano/microros_ws/install/rosidl_adapter:/home/orin_nano/microros_ws/install/micro_ros_setup:/home/orin_nano/microros_ws/install/micro_ros_agent:/home/orin_nano/microros_ws/install/micro_ros_msgs:/home/orin_nano/install/joy:/opt/ros/foxy LD_LIBRARY_PATH=/home/orin_nano/microros_ws/install/rosidl_runtime_c/lib:/home/orin_nano/microros_ws/install/micro_ros_agent/lib:/home/orin_nano/microros_ws/install/micro_ros_msgs/lib:/home/orin_nano/install/joy/lib:/opt/ros/foxy/opt/yaml_cpp_vendor/lib:/opt/ros/foxy/opt/rviz_ogre_vendor/lib:/opt/ros/foxy/lib/aarch64-linux-gnu:/opt/ros/foxy/lib:/usr/local/cuda-11.4/lib64 PYTHONPATH=/home/orin_nano/microros_ws/install/rosidl_cmake/lib/python3.8/site-packages:/home/orin_nano/microros_ws/install/rosidl_parser/lib/python3.8/site-packages:/home/orin_nano/microros_ws/install/rosidl_adapter/lib/python3.8/site-packages:${PYTHONPATH} /usr/bin/cmake --install /home/orin_nano/microros_ws/build/rosidl_generator_c
