[5.030s] Invoking command in '/home/orin_nano/microros_ws/build/rosidl_runtime_cpp': CMAKE_PREFIX_PATH=${CMAKE_PREFIX_PATH}:/opt/ros/foxy /usr/bin/cmake /home/orin_nano/microros_ws/rosidl-foxy/rosidl_runtime_cpp -DCMAKE_INSTALL_PREFIX=/home/orin_nano/microros_ws/install/rosidl_runtime_cpp
[5.284s] -- The C compiler identification is GNU 9.4.0
[5.459s] -- The CXX compiler identification is GNU 9.4.0
[5.467s] -- Check for working C compiler: /usr/bin/cc
[5.612s] -- Check for working C compiler: /usr/bin/cc -- works
[5.615s] -- Detecting C compiler ABI info
[5.763s] -- Detecting C compiler ABI info - done
[5.782s] -- Detecting C compile features
[5.783s] -- Detecting C compile features - done
[5.788s] -- Check for working CXX compiler: /usr/bin/c++
[5.967s] -- Check for working CXX compiler: /usr/bin/c++ -- works
[5.970s] -- Detecting CXX compiler ABI info
[6.139s] -- Detecting CXX compiler ABI info - done
[6.160s] -- Detecting CXX compile features
[6.160s] -- Detecting CXX compile features - done
[6.166s] -- Found ament_cmake: 0.9.12 (/opt/ros/foxy/share/ament_cmake/cmake)
[6.218s] -- Found PythonInterp: /usr/bin/python3 (found suitable version "3.8.10", minimum required is "3") 
[6.219s] -- Using PYTHON_EXECUTABLE: /usr/bin/python3
[6.686s] -- Found ament_lint_auto: 0.9.8 (/opt/ros/foxy/share/ament_lint_auto/cmake)
[6.708s] CMake Error at CMakeLists.txt:19 (find_package):
[6.708s]   By not providing "Findperformance_test_fixture.cmake" in CMAKE_MODULE_PATH
[6.708s]   this project has asked CMake to find a package configuration file provided
[6.708s]   by "performance_test_fixture", but CMake did not find one.
[6.708s] 
[6.709s]   Could not find a package configuration file provided by
[6.709s]   "performance_test_fixture" with any of the following names:
[6.709s] 
[6.709s]     performance_test_fixtureConfig.cmake
[6.709s]     performance_test_fixture-config.cmake
[6.709s] 
[6.709s]   Add the installation prefix of "performance_test_fixture" to
[6.709s]   CMAKE_PREFIX_PATH or set "performance_test_fixture_DIR" to a directory
[6.710s]   containing one of the above files.  If "performance_test_fixture" provides
[6.710s]   a separate development package or SDK, be sure it has been installed.
[6.710s] 
[6.710s] 
[6.710s] -- Configuring incomplete, errors occurred!
[6.710s] See also "/home/orin_nano/microros_ws/build/rosidl_runtime_cpp/CMakeFiles/CMakeOutput.log".
[6.720s] Invoked command in '/home/orin_nano/microros_ws/build/rosidl_runtime_cpp' returned '1': CMAKE_PREFIX_PATH=${CMAKE_PREFIX_PATH}:/opt/ros/foxy /usr/bin/cmake /home/orin_nano/microros_ws/rosidl-foxy/rosidl_runtime_cpp -DCMAKE_INSTALL_PREFIX=/home/orin_nano/microros_ws/install/rosidl_runtime_cpp
