-- The C compiler identification is GNU 9.4.0
-- Check for working C compiler: /usr/bin/cc
-- Check for working C compiler: /usr/bin/cc -- works
-- Detecting C compiler ABI info
-- Detecting C compiler ABI info - done
-- Detecting C compile features
-- Detecting C compile features - done
-- Found ament_cmake_ros: 0.9.2 (/opt/ros/foxy/share/ament_cmake_ros/cmake)
-- Found PythonInterp: /usr/bin/python3 (found suitable version "3.8.10", minimum required is "3") 
-- Using PYTHON_EXECUTABLE: /usr/bin/python3
-- Found rcutils: 1.1.5 (/opt/ros/foxy/share/rcutils/cmake)
-- Found rosidl_typesupport_interface: 1.3.1 (/home/orin_nano/microros_ws/install/rosidl_typesupport_interface/share/rosidl_typesupport_interface/cmake)
-- Found ament_lint_auto: 0.9.8 (/opt/ros/foxy/share/ament_lint_auto/cmake)
-- Found performance_test_fixture: 0.0.9 (/opt/ros/foxy/share/performance_test_fixture/cmake)
-- The CXX compiler identification is GNU 9.4.0
-- Check for working CXX compiler: /usr/bin/c++
-- Check for working CXX compiler: /usr/bin/c++ -- works
-- Detecting CXX compiler ABI info
-- Detecting CXX compiler ABI info - done
-- Detecting CXX compile features
-- Detecting CXX compile features - done
-- Found gtest sources under '/opt/ros/foxy/src/gtest_vendor': C++ tests using 'Google Test' will be built
-- Looking for pthread.h
-- Looking for pthread.h - found
-- Performing Test CMAKE_HAVE_LIBC_PTHREAD
-- Performing Test CMAKE_HAVE_LIBC_PTHREAD - Failed
-- Check if compiler accepts -pthread
-- Check if compiler accepts -pthread - yes
-- Found Threads: TRUE  
-- Performance tests are disabled by default, so Google Benchmark tests will be skipped. To enable these tests, set the CMake variable 'AMENT_RUN_PERFORMANCE_TESTS'.
-- Added test 'copyright' to check source files copyright and LICENSE
-- Added test 'cppcheck' to perform static code analysis on C / C++ code
-- Configured cppcheck include dirs: /opt/ros/foxy/include;$<BUILD_INTERFACE:/home/orin_nano/microros_ws/rosidl-foxy/rosidl_runtime_c/include>;/home/orin_nano/microros_ws/rosidl-foxy/rosidl_runtime_c/include
-- Configured cppcheck exclude dirs and/or files: 
-- Added test 'cpplint' to check C / C++ code against the Google style
-- Configured cpplint exclude dirs and/or files: 
-- Added test 'lint_cmake' to check CMake code style
-- Added test 'uncrustify' to check C / C++ code style
-- Configured uncrustify additional arguments: 
-- Added test 'xmllint' to check XML markup files
-- Configuring done
-- Generating done
-- Build files have been written to: /home/orin_nano/microros_ws/build/rosidl_runtime_c
[35m[1mScanning dependencies of target gtest_main[0m
[35m[1mScanning dependencies of target gtest[0m
[35m[1mScanning dependencies of target rosidl_runtime_c[0m
[  8%] [32mBuilding C object CMakeFiles/rosidl_runtime_c.dir/src/message_type_support.c.o[0m
[  8%] [32mBuilding C object CMakeFiles/rosidl_runtime_c.dir/src/primitives_sequence_functions.c.o[0m
[ 12%] [32mBuilding C object CMakeFiles/rosidl_runtime_c.dir/src/sequence_bound.c.o[0m
[ 16%] [32mBuilding CXX object gtest/CMakeFiles/gtest_main.dir/src/gtest_main.cc.o[0m
[ 20%] [32mBuilding C object CMakeFiles/rosidl_runtime_c.dir/src/service_type_support.c.o[0m
[ 24%] [32mBuilding CXX object gtest/CMakeFiles/gtest.dir/src/gtest-all.cc.o[0m
[ 28%] [32mBuilding C object CMakeFiles/rosidl_runtime_c.dir/src/string_functions.c.o[0m
[ 32%] [32mBuilding C object CMakeFiles/rosidl_runtime_c.dir/src/u16string_functions.c.o[0m
[ 36%] [32m[1mLinking C shared library librosidl_runtime_c.so[0m
[ 36%] Built target rosidl_runtime_c
[35m[1mScanning dependencies of target benchmark_string_conversion[0m
[ 40%] [32mBuilding CXX object CMakeFiles/benchmark_string_conversion.dir/test/benchmark/benchmark_string_conversion.cpp.o[0m
[ 44%] [32m[1mLinking CXX static library libgtest_main.a[0m
[ 44%] Built target gtest_main
[ 48%] [32m[1mLinking CXX executable benchmark_string_conversion[0m
[ 48%] Built target benchmark_string_conversion
[ 52%] [32m[1mLinking CXX static library libgtest.a[0m
[ 52%] Built target gtest
[35m[1mScanning dependencies of target test_message_type_support[0m
[35m[1mScanning dependencies of target test_primitives_sequence_functions[0m
[35m[1mScanning dependencies of target test_sequence_bound[0m
[35m[1mScanning dependencies of target test_string_functions[0m
[35m[1mScanning dependencies of target test_u16string_functions[0m
[35m[1mScanning dependencies of target test_service_type_support[0m
[ 60%] [32mBuilding CXX object CMakeFiles/test_message_type_support.dir/test/test_message_type_support.cpp.o[0m
[ 68%] [32mBuilding CXX object CMakeFiles/test_u16string_functions.dir/test/test_u16string_functions.cpp.o[0m
[ 68%] [32mBuilding CXX object CMakeFiles/test_primitives_sequence_functions.dir/test/test_primitives_sequence_functions.cpp.o[0m
[ 72%] [32mBuilding CXX object CMakeFiles/test_string_functions.dir/test/test_string_functions.cpp.o[0m
[ 60%] [32mBuilding CXX object CMakeFiles/test_sequence_bound.dir/test/test_sequence_bound.cpp.o[0m
[ 76%] [32mBuilding CXX object CMakeFiles/test_service_type_support.dir/test/test_service_type_support.cpp.o[0m
[ 80%] [32m[1mLinking CXX executable test_sequence_bound[0m
[ 84%] [32m[1mLinking CXX executable test_message_type_support[0m
[ 88%] [32m[1mLinking CXX executable test_service_type_support[0m
[ 88%] Built target test_sequence_bound
[ 88%] Built target test_message_type_support
[ 88%] Built target test_service_type_support
[ 92%] [32m[1mLinking CXX executable test_string_functions[0m
[ 96%] [32m[1mLinking CXX executable test_u16string_functions[0m
[ 96%] Built target test_string_functions
[ 96%] Built target test_u16string_functions
[100%] [32m[1mLinking CXX executable test_primitives_sequence_functions[0m
[100%] Built target test_primitives_sequence_functions
-- Install configuration: ""
-- Installing: /home/orin_nano/microros_ws/install/rosidl_runtime_c/share/rosidl_runtime_c/environment/library_path.sh
-- Installing: /home/orin_nano/microros_ws/install/rosidl_runtime_c/share/rosidl_runtime_c/environment/library_path.dsv
-- Installing: /home/orin_nano/microros_ws/install/rosidl_runtime_c/share/ament_index/resource_index/rosidl_runtime_packages/rosidl_runtime_c
-- Installing: /home/orin_nano/microros_ws/install/rosidl_runtime_c/include
-- Installing: /home/orin_nano/microros_ws/install/rosidl_runtime_c/include/rosidl_runtime_c
-- Installing: /home/orin_nano/microros_ws/install/rosidl_runtime_c/include/rosidl_runtime_c/message_initialization.h
-- Installing: /home/orin_nano/microros_ws/install/rosidl_runtime_c/include/rosidl_runtime_c/service_type_support_struct.h
-- Installing: /home/orin_nano/microros_ws/install/rosidl_runtime_c/include/rosidl_runtime_c/string_bound.h
-- Installing: /home/orin_nano/microros_ws/install/rosidl_runtime_c/include/rosidl_runtime_c/visibility_control.h
-- Installing: /home/orin_nano/microros_ws/install/rosidl_runtime_c/include/rosidl_runtime_c/sequence_bound.h
-- Installing: /home/orin_nano/microros_ws/install/rosidl_runtime_c/include/rosidl_runtime_c/string.h
-- Installing: /home/orin_nano/microros_ws/install/rosidl_runtime_c/include/rosidl_runtime_c/primitives_sequence.h
-- Installing: /home/orin_nano/microros_ws/install/rosidl_runtime_c/include/rosidl_runtime_c/action_type_support_struct.h
-- Installing: /home/orin_nano/microros_ws/install/rosidl_runtime_c/include/rosidl_runtime_c/string_functions.h
-- Installing: /home/orin_nano/microros_ws/install/rosidl_runtime_c/include/rosidl_runtime_c/primitives_sequence_functions.h
-- Installing: /home/orin_nano/microros_ws/install/rosidl_runtime_c/include/rosidl_runtime_c/u16string.h
-- Installing: /home/orin_nano/microros_ws/install/rosidl_runtime_c/include/rosidl_runtime_c/message_type_support_struct.h
-- Installing: /home/orin_nano/microros_ws/install/rosidl_runtime_c/include/rosidl_runtime_c/u16string_functions.h
-- Installing: /home/orin_nano/microros_ws/install/rosidl_runtime_c/lib/librosidl_runtime_c.so
-- Set runtime path of "/home/orin_nano/microros_ws/install/rosidl_runtime_c/lib/librosidl_runtime_c.so" to ""
-- Installing: /home/orin_nano/microros_ws/install/rosidl_runtime_c/share/ament_index/resource_index/package_run_dependencies/rosidl_runtime_c
-- Installing: /home/orin_nano/microros_ws/install/rosidl_runtime_c/share/ament_index/resource_index/parent_prefix_path/rosidl_runtime_c
-- Installing: /home/orin_nano/microros_ws/install/rosidl_runtime_c/share/rosidl_runtime_c/environment/ament_prefix_path.sh
-- Installing: /home/orin_nano/microros_ws/install/rosidl_runtime_c/share/rosidl_runtime_c/environment/ament_prefix_path.dsv
-- Installing: /home/orin_nano/microros_ws/install/rosidl_runtime_c/share/rosidl_runtime_c/environment/path.sh
-- Installing: /home/orin_nano/microros_ws/install/rosidl_runtime_c/share/rosidl_runtime_c/environment/path.dsv
-- Installing: /home/orin_nano/microros_ws/install/rosidl_runtime_c/share/rosidl_runtime_c/local_setup.bash
-- Installing: /home/orin_nano/microros_ws/install/rosidl_runtime_c/share/rosidl_runtime_c/local_setup.sh
-- Installing: /home/orin_nano/microros_ws/install/rosidl_runtime_c/share/rosidl_runtime_c/local_setup.zsh
-- Installing: /home/orin_nano/microros_ws/install/rosidl_runtime_c/share/rosidl_runtime_c/local_setup.dsv
-- Installing: /home/orin_nano/microros_ws/install/rosidl_runtime_c/share/rosidl_runtime_c/package.dsv
-- Installing: /home/orin_nano/microros_ws/install/rosidl_runtime_c/share/ament_index/resource_index/packages/rosidl_runtime_c
-- Installing: /home/orin_nano/microros_ws/install/rosidl_runtime_c/share/rosidl_runtime_c/cmake/rosidl_runtime_cExport.cmake
-- Installing: /home/orin_nano/microros_ws/install/rosidl_runtime_c/share/rosidl_runtime_c/cmake/rosidl_runtime_cExport-noconfig.cmake
-- Installing: /home/orin_nano/microros_ws/install/rosidl_runtime_c/share/rosidl_runtime_c/cmake/ament_cmake_export_dependencies-extras.cmake
-- Installing: /home/orin_nano/microros_ws/install/rosidl_runtime_c/share/rosidl_runtime_c/cmake/ament_cmake_export_include_directories-extras.cmake
-- Installing: /home/orin_nano/microros_ws/install/rosidl_runtime_c/share/rosidl_runtime_c/cmake/ament_cmake_export_libraries-extras.cmake
-- Installing: /home/orin_nano/microros_ws/install/rosidl_runtime_c/share/rosidl_runtime_c/cmake/ament_cmake_export_targets-extras.cmake
-- Installing: /home/orin_nano/microros_ws/install/rosidl_runtime_c/share/rosidl_runtime_c/cmake/rosidl_runtime_cConfig.cmake
-- Installing: /home/orin_nano/microros_ws/install/rosidl_runtime_c/share/rosidl_runtime_c/cmake/rosidl_runtime_cConfig-version.cmake
-- Installing: /home/orin_nano/microros_ws/install/rosidl_runtime_c/share/rosidl_runtime_c/package.xml
