[3.530s] Invoking command in '/home/orin_nano/microros_ws/build/rosidl_runtime_c': AMENT_PREFIX_PATH=/home/orin_nano/microros_ws/install/rosidl_typesupport_interface:${AMENT_PREFIX_PATH} CMAKE_PREFIX_PATH=/home/orin_nano/microros_ws/install/rosidl_typesupport_interface:/home/orin_nano/microros_ws/install/micro_ros_setup:/home/orin_nano/microros_ws/install/micro_ros_agent:/home/orin_nano/microros_ws/install/micro_ros_msgs:/home/orin_nano/install/joy:/opt/ros/foxy /usr/bin/cmake /home/orin_nano/microros_ws/rosidl-foxy/rosidl_runtime_c -DCMAKE_INSTALL_PREFIX=/home/orin_nano/microros_ws/install/rosidl_runtime_c
[5.098s] -- The C compiler identification is GNU 9.4.0
[5.099s] -- Check for working C compiler: /usr/bin/cc
[5.099s] -- Check for working C compiler: /usr/bin/cc -- works
[5.099s] -- Detecting C compiler ABI info
[5.099s] -- Detecting C compiler ABI info - done
[5.099s] -- Detecting C compile features
[5.100s] -- Detecting C compile features - done
[5.100s] -- Found ament_cmake_ros: 0.9.2 (/opt/ros/foxy/share/ament_cmake_ros/cmake)
[5.100s] -- Found PythonInterp: /usr/bin/python3 (found suitable version "3.8.10", minimum required is "3") 
[5.100s] -- Using PYTHON_EXECUTABLE: /usr/bin/python3
[5.100s] -- Found rcutils: 1.1.5 (/opt/ros/foxy/share/rcutils/cmake)
[5.100s] -- Found rosidl_typesupport_interface: 1.3.1 (/home/orin_nano/microros_ws/install/rosidl_typesupport_interface/share/rosidl_typesupport_interface/cmake)
[5.101s] -- Found ament_lint_auto: 0.9.8 (/opt/ros/foxy/share/ament_lint_auto/cmake)
[5.101s] -- Found performance_test_fixture: 0.0.9 (/opt/ros/foxy/share/performance_test_fixture/cmake)
[5.101s] -- The CXX compiler identification is GNU 9.4.0
[5.101s] -- Check for working CXX compiler: /usr/bin/c++
[5.101s] -- Check for working CXX compiler: /usr/bin/c++ -- works
[5.101s] -- Detecting CXX compiler ABI info
[5.102s] -- Detecting CXX compiler ABI info - done
[5.102s] -- Detecting CXX compile features
[5.102s] -- Detecting CXX compile features - done
[5.102s] -- Found gtest sources under '/opt/ros/foxy/src/gtest_vendor': C++ tests using 'Google Test' will be built
[5.102s] -- Looking for pthread.h
[5.233s] -- Looking for pthread.h - found
[5.233s] -- Performing Test CMAKE_HAVE_LIBC_PTHREAD
[5.375s] -- Performing Test CMAKE_HAVE_LIBC_PTHREAD - Failed
[5.375s] -- Check if compiler accepts -pthread
[5.519s] -- Check if compiler accepts -pthread - yes
[5.520s] -- Found Threads: TRUE  
[5.540s] -- Performance tests are disabled by default, so Google Benchmark tests will be skipped. To enable these tests, set the CMake variable 'AMENT_RUN_PERFORMANCE_TESTS'.
[5.551s] -- Added test 'copyright' to check source files copyright and LICENSE
[5.556s] -- Added test 'cppcheck' to perform static code analysis on C / C++ code
[5.557s] -- Configured cppcheck include dirs: /opt/ros/foxy/include;$<BUILD_INTERFACE:/home/orin_nano/microros_ws/rosidl-foxy/rosidl_runtime_c/include>;/home/orin_nano/microros_ws/rosidl-foxy/rosidl_runtime_c/include
[5.558s] -- Configured cppcheck exclude dirs and/or files: 
[5.560s] -- Added test 'cpplint' to check C / C++ code against the Google style
[5.561s] -- Configured cpplint exclude dirs and/or files: 
[5.562s] -- Added test 'lint_cmake' to check CMake code style
[5.566s] -- Added test 'uncrustify' to check C / C++ code style
[5.567s] -- Configured uncrustify additional arguments: 
[5.567s] -- Added test 'xmllint' to check XML markup files
[5.575s] -- Configuring done
[5.610s] -- Generating done
[5.612s] -- Build files have been written to: /home/orin_nano/microros_ws/build/rosidl_runtime_c
[8.405s] Invoked command in '/home/orin_nano/microros_ws/build/rosidl_runtime_c' returned '0': AMENT_PREFIX_PATH=/home/orin_nano/microros_ws/install/rosidl_typesupport_interface:${AMENT_PREFIX_PATH} CMAKE_PREFIX_PATH=/home/orin_nano/microros_ws/install/rosidl_typesupport_interface:/home/orin_nano/microros_ws/install/micro_ros_setup:/home/orin_nano/microros_ws/install/micro_ros_agent:/home/orin_nano/microros_ws/install/micro_ros_msgs:/home/orin_nano/install/joy:/opt/ros/foxy /usr/bin/cmake /home/orin_nano/microros_ws/rosidl-foxy/rosidl_runtime_c -DCMAKE_INSTALL_PREFIX=/home/orin_nano/microros_ws/install/rosidl_runtime_c
[8.411s] Invoking command in '/home/orin_nano/microros_ws/build/rosidl_runtime_c': AMENT_PREFIX_PATH=/home/orin_nano/microros_ws/install/rosidl_typesupport_interface:${AMENT_PREFIX_PATH} CMAKE_PREFIX_PATH=/home/orin_nano/microros_ws/install/rosidl_typesupport_interface:/home/orin_nano/microros_ws/install/micro_ros_setup:/home/orin_nano/microros_ws/install/micro_ros_agent:/home/orin_nano/microros_ws/install/micro_ros_msgs:/home/orin_nano/install/joy:/opt/ros/foxy /usr/bin/cmake --build /home/orin_nano/microros_ws/build/rosidl_runtime_c -- -j6 -l6
[8.499s] [35m[1mScanning dependencies of target gtest_main[0m
[8.500s] [35m[1mScanning dependencies of target gtest[0m
[8.501s] [35m[1mScanning dependencies of target rosidl_runtime_c[0m
[8.526s] [  8%] [32mBuilding C object CMakeFiles/rosidl_runtime_c.dir/src/message_type_support.c.o[0m
[8.526s] [  8%] [32mBuilding C object CMakeFiles/rosidl_runtime_c.dir/src/primitives_sequence_functions.c.o[0m
[8.526s] [ 12%] [32mBuilding C object CMakeFiles/rosidl_runtime_c.dir/src/sequence_bound.c.o[0m
[8.526s] [ 16%] [32mBuilding CXX object gtest/CMakeFiles/gtest_main.dir/src/gtest_main.cc.o[0m
[8.536s] [ 20%] [32mBuilding C object CMakeFiles/rosidl_runtime_c.dir/src/service_type_support.c.o[0m
[8.559s] [ 24%] [32mBuilding CXX object gtest/CMakeFiles/gtest.dir/src/gtest-all.cc.o[0m
[8.604s] [ 28%] [32mBuilding C object CMakeFiles/rosidl_runtime_c.dir/src/string_functions.c.o[0m
[8.618s] [ 32%] [32mBuilding C object CMakeFiles/rosidl_runtime_c.dir/src/u16string_functions.c.o[0m
[8.763s] [ 36%] [32m[1mLinking C shared library librosidl_runtime_c.so[0m
[8.835s] [ 36%] Built target rosidl_runtime_c
[8.860s] [35m[1mScanning dependencies of target benchmark_string_conversion[0m
[8.887s] [ 40%] [32mBuilding CXX object CMakeFiles/benchmark_string_conversion.dir/test/benchmark/benchmark_string_conversion.cpp.o[0m
[10.141s] [ 44%] [32m[1mLinking CXX static library libgtest_main.a[0m
[10.225s] [ 44%] Built target gtest_main
[10.621s] [ 48%] [32m[1mLinking CXX executable benchmark_string_conversion[0m
[10.790s] [ 48%] Built target benchmark_string_conversion
[15.215s] [ 52%] [32m[1mLinking CXX static library libgtest.a[0m
[15.324s] [ 52%] Built target gtest
[15.346s] [35m[1mScanning dependencies of target test_message_type_support[0m
[15.346s] [35m[1mScanning dependencies of target test_primitives_sequence_functions[0m
[15.347s] [35m[1mScanning dependencies of target test_sequence_bound[0m
[15.347s] [35m[1mScanning dependencies of target test_string_functions[0m
[15.347s] [35m[1mScanning dependencies of target test_u16string_functions[0m
[15.347s] [35m[1mScanning dependencies of target test_service_type_support[0m
[15.379s] [ 60%] [32mBuilding CXX object CMakeFiles/test_message_type_support.dir/test/test_message_type_support.cpp.o[0m
[15.379s] [ 68%] [32mBuilding CXX object CMakeFiles/test_u16string_functions.dir/test/test_u16string_functions.cpp.o[0m
[15.380s] [ 68%] [32mBuilding CXX object CMakeFiles/test_primitives_sequence_functions.dir/test/test_primitives_sequence_functions.cpp.o[0m
[15.380s] [ 72%] [32mBuilding CXX object CMakeFiles/test_string_functions.dir/test/test_string_functions.cpp.o[0m
[15.380s] [ 60%] [32mBuilding CXX object CMakeFiles/test_sequence_bound.dir/test/test_sequence_bound.cpp.o[0m
[15.389s] [ 76%] [32mBuilding CXX object CMakeFiles/test_service_type_support.dir/test/test_service_type_support.cpp.o[0m
[17.071s] [ 80%] [32m[1mLinking CXX executable test_sequence_bound[0m
[17.093s] [ 84%] [32m[1mLinking CXX executable test_message_type_support[0m
[17.094s] [ 88%] [32m[1mLinking CXX executable test_service_type_support[0m
[17.374s] [ 88%] Built target test_sequence_bound
[17.405s] [ 88%] Built target test_message_type_support
[17.409s] [ 88%] Built target test_service_type_support
[17.779s] [ 92%] [32m[1mLinking CXX executable test_string_functions[0m
[17.824s] [ 96%] [32m[1mLinking CXX executable test_u16string_functions[0m
[18.085s] [ 96%] Built target test_string_functions
[18.130s] [ 96%] Built target test_u16string_functions
[19.575s] [100%] [32m[1mLinking CXX executable test_primitives_sequence_functions[0m
[19.878s] [100%] Built target test_primitives_sequence_functions
[19.904s] Invoked command in '/home/orin_nano/microros_ws/build/rosidl_runtime_c' returned '0': AMENT_PREFIX_PATH=/home/orin_nano/microros_ws/install/rosidl_typesupport_interface:${AMENT_PREFIX_PATH} CMAKE_PREFIX_PATH=/home/orin_nano/microros_ws/install/rosidl_typesupport_interface:/home/orin_nano/microros_ws/install/micro_ros_setup:/home/orin_nano/microros_ws/install/micro_ros_agent:/home/orin_nano/microros_ws/install/micro_ros_msgs:/home/orin_nano/install/joy:/opt/ros/foxy /usr/bin/cmake --build /home/orin_nano/microros_ws/build/rosidl_runtime_c -- -j6 -l6
[20.010s] Invoking command in '/home/orin_nano/microros_ws/build/rosidl_runtime_c': AMENT_PREFIX_PATH=/home/orin_nano/microros_ws/install/rosidl_typesupport_interface:${AMENT_PREFIX_PATH} CMAKE_PREFIX_PATH=/home/orin_nano/microros_ws/install/rosidl_typesupport_interface:/home/orin_nano/microros_ws/install/micro_ros_setup:/home/orin_nano/microros_ws/install/micro_ros_agent:/home/orin_nano/microros_ws/install/micro_ros_msgs:/home/orin_nano/install/joy:/opt/ros/foxy /usr/bin/cmake --install /home/orin_nano/microros_ws/build/rosidl_runtime_c
[20.030s] -- Install configuration: ""
[20.031s] -- Installing: /home/orin_nano/microros_ws/install/rosidl_runtime_c/share/rosidl_runtime_c/environment/library_path.sh
[20.031s] -- Installing: /home/orin_nano/microros_ws/install/rosidl_runtime_c/share/rosidl_runtime_c/environment/library_path.dsv
[20.031s] -- Installing: /home/orin_nano/microros_ws/install/rosidl_runtime_c/share/ament_index/resource_index/rosidl_runtime_packages/rosidl_runtime_c
[20.032s] -- Installing: /home/orin_nano/microros_ws/install/rosidl_runtime_c/include
[20.032s] -- Installing: /home/orin_nano/microros_ws/install/rosidl_runtime_c/include/rosidl_runtime_c
[20.032s] -- Installing: /home/orin_nano/microros_ws/install/rosidl_runtime_c/include/rosidl_runtime_c/message_initialization.h
[20.032s] -- Installing: /home/orin_nano/microros_ws/install/rosidl_runtime_c/include/rosidl_runtime_c/service_type_support_struct.h
[20.032s] -- Installing: /home/orin_nano/microros_ws/install/rosidl_runtime_c/include/rosidl_runtime_c/string_bound.h
[20.033s] -- Installing: /home/orin_nano/microros_ws/install/rosidl_runtime_c/include/rosidl_runtime_c/visibility_control.h
[20.033s] -- Installing: /home/orin_nano/microros_ws/install/rosidl_runtime_c/include/rosidl_runtime_c/sequence_bound.h
[20.033s] -- Installing: /home/orin_nano/microros_ws/install/rosidl_runtime_c/include/rosidl_runtime_c/string.h
[20.033s] -- Installing: /home/orin_nano/microros_ws/install/rosidl_runtime_c/include/rosidl_runtime_c/primitives_sequence.h
[20.033s] -- Installing: /home/orin_nano/microros_ws/install/rosidl_runtime_c/include/rosidl_runtime_c/action_type_support_struct.h
[20.034s] -- Installing: /home/orin_nano/microros_ws/install/rosidl_runtime_c/include/rosidl_runtime_c/string_functions.h
[20.034s] -- Installing: /home/orin_nano/microros_ws/install/rosidl_runtime_c/include/rosidl_runtime_c/primitives_sequence_functions.h
[20.034s] -- Installing: /home/orin_nano/microros_ws/install/rosidl_runtime_c/include/rosidl_runtime_c/u16string.h
[20.034s] -- Installing: /home/orin_nano/microros_ws/install/rosidl_runtime_c/include/rosidl_runtime_c/message_type_support_struct.h
[20.034s] -- Installing: /home/orin_nano/microros_ws/install/rosidl_runtime_c/include/rosidl_runtime_c/u16string_functions.h
[20.035s] -- Installing: /home/orin_nano/microros_ws/install/rosidl_runtime_c/lib/librosidl_runtime_c.so
[20.036s] -- Set runtime path of "/home/orin_nano/microros_ws/install/rosidl_runtime_c/lib/librosidl_runtime_c.so" to ""
[20.036s] -- Installing: /home/orin_nano/microros_ws/install/rosidl_runtime_c/share/ament_index/resource_index/package_run_dependencies/rosidl_runtime_c
[20.036s] -- Installing: /home/orin_nano/microros_ws/install/rosidl_runtime_c/share/ament_index/resource_index/parent_prefix_path/rosidl_runtime_c
[20.037s] -- Installing: /home/orin_nano/microros_ws/install/rosidl_runtime_c/share/rosidl_runtime_c/environment/ament_prefix_path.sh
[20.037s] -- Installing: /home/orin_nano/microros_ws/install/rosidl_runtime_c/share/rosidl_runtime_c/environment/ament_prefix_path.dsv
[20.037s] -- Installing: /home/orin_nano/microros_ws/install/rosidl_runtime_c/share/rosidl_runtime_c/environment/path.sh
[20.037s] -- Installing: /home/orin_nano/microros_ws/install/rosidl_runtime_c/share/rosidl_runtime_c/environment/path.dsv
[20.038s] -- Installing: /home/orin_nano/microros_ws/install/rosidl_runtime_c/share/rosidl_runtime_c/local_setup.bash
[20.038s] -- Installing: /home/orin_nano/microros_ws/install/rosidl_runtime_c/share/rosidl_runtime_c/local_setup.sh
[20.038s] -- Installing: /home/orin_nano/microros_ws/install/rosidl_runtime_c/share/rosidl_runtime_c/local_setup.zsh
[20.038s] -- Installing: /home/orin_nano/microros_ws/install/rosidl_runtime_c/share/rosidl_runtime_c/local_setup.dsv
[20.039s] -- Installing: /home/orin_nano/microros_ws/install/rosidl_runtime_c/share/rosidl_runtime_c/package.dsv
[20.039s] -- Installing: /home/orin_nano/microros_ws/install/rosidl_runtime_c/share/ament_index/resource_index/packages/rosidl_runtime_c
[20.040s] -- Installing: /home/orin_nano/microros_ws/install/rosidl_runtime_c/share/rosidl_runtime_c/cmake/rosidl_runtime_cExport.cmake
[20.040s] -- Installing: /home/orin_nano/microros_ws/install/rosidl_runtime_c/share/rosidl_runtime_c/cmake/rosidl_runtime_cExport-noconfig.cmake
[20.040s] -- Installing: /home/orin_nano/microros_ws/install/rosidl_runtime_c/share/rosidl_runtime_c/cmake/ament_cmake_export_dependencies-extras.cmake
[20.041s] -- Installing: /home/orin_nano/microros_ws/install/rosidl_runtime_c/share/rosidl_runtime_c/cmake/ament_cmake_export_include_directories-extras.cmake
[20.041s] -- Installing: /home/orin_nano/microros_ws/install/rosidl_runtime_c/share/rosidl_runtime_c/cmake/ament_cmake_export_libraries-extras.cmake
[20.041s] -- Installing: /home/orin_nano/microros_ws/install/rosidl_runtime_c/share/rosidl_runtime_c/cmake/ament_cmake_export_targets-extras.cmake
[20.042s] -- Installing: /home/orin_nano/microros_ws/install/rosidl_runtime_c/share/rosidl_runtime_c/cmake/rosidl_runtime_cConfig.cmake
[20.042s] -- Installing: /home/orin_nano/microros_ws/install/rosidl_runtime_c/share/rosidl_runtime_c/cmake/rosidl_runtime_cConfig-version.cmake
[20.042s] -- Installing: /home/orin_nano/microros_ws/install/rosidl_runtime_c/share/rosidl_runtime_c/package.xml
[20.046s] Invoked command in '/home/orin_nano/microros_ws/build/rosidl_runtime_c' returned '0': AMENT_PREFIX_PATH=/home/orin_nano/microros_ws/install/rosidl_typesupport_interface:${AMENT_PREFIX_PATH} CMAKE_PREFIX_PATH=/home/orin_nano/microros_ws/install/rosidl_typesupport_interface:/home/orin_nano/microros_ws/install/micro_ros_setup:/home/orin_nano/microros_ws/install/micro_ros_agent:/home/orin_nano/microros_ws/install/micro_ros_msgs:/home/orin_nano/install/joy:/opt/ros/foxy /usr/bin/cmake --install /home/orin_nano/microros_ws/build/rosidl_runtime_c
