[5.126s] Invoking command in '/home/orin_nano/microros_ws/build/micro_ros_msgs': CMAKE_PREFIX_PATH=${CMAKE_PREFIX_PATH}:/opt/ros/foxy /usr/bin/cmake --build /home/orin_nano/microros_ws/build/micro_ros_msgs -- -j6 -l6
[5.274s] [  2%] Built target micro_ros_msgs__cpp
[5.275s] [ 12%] Built target micro_ros_msgs__rosidl_generator_c
[5.320s] [ 14%] [34m[1mGenerating C++ type support dispatch for ROS interfaces[0m
[5.360s] [ 25%] Built target micro_ros_msgs__rosidl_typesupport_introspection_cpp
[5.373s] [ 36%] Built target micro_ros_msgs__rosidl_typesupport_fastrtps_cpp
[5.397s] [ 46%] Built target micro_ros_msgs__rosidl_typesupport_introspection_c
[5.405s] [ 48%] [34m[1mGenerating C type support dispatch for ROS interfaces[0m
[5.470s] [ 59%] Built target micro_ros_msgs__rosidl_typesupport_fastrtps_c
[5.959s] [35m[1mScanning dependencies of target micro_ros_msgs__rosidl_typesupport_cpp[0m
[5.996s] [ 63%] [32mBuilding CXX object CMakeFiles/micro_ros_msgs__rosidl_typesupport_cpp.dir/rosidl_typesupport_cpp/micro_ros_msgs/msg/entity__type_support.cpp.o[0m
[5.996s] [ 63%] [32mBuilding CXX object CMakeFiles/micro_ros_msgs__rosidl_typesupport_cpp.dir/rosidl_typesupport_cpp/micro_ros_msgs/msg/graph__type_support.cpp.o[0m
[5.997s] [ 65%] [32mBuilding CXX object CMakeFiles/micro_ros_msgs__rosidl_typesupport_cpp.dir/rosidl_typesupport_cpp/micro_ros_msgs/msg/node__type_support.cpp.o[0m
[6.006s] [35m[1mScanning dependencies of target micro_ros_msgs__rosidl_typesupport_c[0m
[6.037s] [ 70%] [32mBuilding CXX object CMakeFiles/micro_ros_msgs__rosidl_typesupport_c.dir/rosidl_typesupport_c/micro_ros_msgs/msg/node__type_support.cpp.o[0m
[6.038s] [ 70%] [32mBuilding CXX object CMakeFiles/micro_ros_msgs__rosidl_typesupport_c.dir/rosidl_typesupport_c/micro_ros_msgs/msg/graph__type_support.cpp.o[0m
[6.062s] [ 72%] [32mBuilding CXX object CMakeFiles/micro_ros_msgs__rosidl_typesupport_c.dir/rosidl_typesupport_c/micro_ros_msgs/msg/entity__type_support.cpp.o[0m
[6.235s] [ 74%] [32m[1mLinking CXX shared library libmicro_ros_msgs__rosidl_typesupport_c.so[0m
[6.340s] [ 74%] Built target micro_ros_msgs__rosidl_typesupport_c
[6.848s] [ 76%] [32m[1mLinking CXX shared library libmicro_ros_msgs__rosidl_typesupport_cpp.so[0m
[6.928s] [ 76%] Built target micro_ros_msgs__rosidl_typesupport_cpp
[6.981s] [ 76%] Built target micro_ros_msgs
[7.007s] [35m[1mScanning dependencies of target micro_ros_msgs__py[0m
[7.076s] [ 78%] Built target micro_ros_msgs__py
[7.105s] [35m[1mScanning dependencies of target micro_ros_msgs__python[0m
[7.146s] [ 82%] [32mBuilding C object CMakeFiles/micro_ros_msgs__python.dir/rosidl_generator_py/micro_ros_msgs/msg/_node_s.c.o[0m
[7.146s] [ 82%] [32mBuilding C object CMakeFiles/micro_ros_msgs__python.dir/rosidl_generator_py/micro_ros_msgs/msg/_entity_s.c.o[0m
[7.147s] [ 85%] [32mBuilding C object CMakeFiles/micro_ros_msgs__python.dir/rosidl_generator_py/micro_ros_msgs/msg/_graph_s.c.o[0m
[7.473s] [ 87%] [32m[1mLinking C shared library rosidl_generator_py/micro_ros_msgs/libmicro_ros_msgs__python.so[0m
[7.556s] [ 87%] Built target micro_ros_msgs__python
[7.591s] [35m[1mScanning dependencies of target micro_ros_msgs__rosidl_typesupport_introspection_c__pyext[0m
[7.593s] [35m[1mScanning dependencies of target micro_ros_msgs__rosidl_typesupport_c__pyext[0m
[7.626s] [ 89%] [32m[1mLinking CXX shared library rosidl_generator_py/micro_ros_msgs/micro_ros_msgs_s__rosidl_typesupport_fastrtps_c.cpython-38-aarch64-linux-gnu.so[0m
[7.627s] [ 91%] [32mBuilding C object CMakeFiles/micro_ros_msgs__rosidl_typesupport_introspection_c__pyext.dir/rosidl_generator_py/micro_ros_msgs/_micro_ros_msgs_s.ep.rosidl_typesupport_introspection_c.c.o[0m
[7.639s] [ 93%] [32mBuilding C object CMakeFiles/micro_ros_msgs__rosidl_typesupport_c__pyext.dir/rosidl_generator_py/micro_ros_msgs/_micro_ros_msgs_s.ep.rosidl_typesupport_c.c.o[0m
[7.766s] [ 95%] Built target micro_ros_msgs__rosidl_typesupport_fastrtps_c__pyext
[7.819s] [ 97%] [32m[1mLinking C shared library rosidl_generator_py/micro_ros_msgs/micro_ros_msgs_s__rosidl_typesupport_introspection_c.cpython-38-aarch64-linux-gnu.so[0m
[7.822s] [100%] [32m[1mLinking C shared library rosidl_generator_py/micro_ros_msgs/micro_ros_msgs_s__rosidl_typesupport_c.cpython-38-aarch64-linux-gnu.so[0m
[7.896s] [100%] Built target micro_ros_msgs__rosidl_typesupport_c__pyext
[7.901s] [100%] Built target micro_ros_msgs__rosidl_typesupport_introspection_c__pyext
