[2.545s] Invoking command in '/home/orin_nano/microros_ws/build/drive_base_msgs': CMAKE_PREFIX_PATH=${CMAKE_PREFIX_PATH}:/opt/ros/foxy /usr/bin/cmake /home/orin_nano/microros_ws/src/uros/drive_base/drive_base_msgs -DCMAKE_INSTALL_PREFIX=/home/orin_nano/microros_ws/install/drive_base_msgs
[2.781s] -- The C compiler identification is GNU 9.4.0
[2.955s] -- The CXX compiler identification is GNU 9.4.0
[2.964s] -- Check for working C compiler: /usr/bin/cc
[3.110s] -- Check for working C compiler: /usr/bin/cc -- works
[3.112s] -- Detecting C compiler ABI info
[3.259s] -- Detecting C compiler ABI info - done
[3.279s] -- Detecting C compile features
[3.279s] -- Detecting C compile features - done
[3.285s] -- Check for working CXX compiler: /usr/bin/c++
[3.452s] -- Check for working CXX compiler: /usr/bin/c++ -- works
[3.453s] -- Detecting CXX compiler ABI info
[3.613s] -- Detecting CXX compiler ABI info - done
[3.634s] -- Detecting CXX compile features
[3.635s] -- Detecting CXX compile features - done
[3.640s] -- Found ament_cmake: 0.9.12 (/opt/ros/foxy/share/ament_cmake/cmake)
[3.692s] -- Found PythonInterp: /usr/bin/python3 (found suitable version "3.8.10", minimum required is "3") 
[3.692s] -- Using PYTHON_EXECUTABLE: /usr/bin/python3
[4.161s] -- Found std_msgs: 2.0.5 (/opt/ros/foxy/share/std_msgs/cmake)
[4.222s] -- Using all available rosidl_typesupport_c: rosidl_typesupport_fastrtps_c;rosidl_typesupport_introspection_c
[4.234s] -- Found rosidl_adapter: 1.3.1 (/opt/ros/foxy/share/rosidl_adapter/cmake)
[4.434s] -- Found OpenSSL: /usr/lib/aarch64-linux-gnu/libcrypto.so (found version "1.1.1f")  
[4.496s] -- Found FastRTPS: /opt/ros/foxy/include  
[4.650s] -- Using all available rosidl_typesupport_cpp: rosidl_typesupport_fastrtps_cpp;rosidl_typesupport_introspection_cpp
[4.748s] -- Found rosidl_default_generators: 1.0.1 (/opt/ros/foxy/share/rosidl_default_generators/cmake)
[4.815s] -- Found PythonInterp: /usr/bin/python3 (found version "3.8.10") 
[5.163s] -- Found ament_cmake_cppcheck: 0.9.8 (/opt/ros/foxy/share/ament_cmake_cppcheck/cmake)
[5.167s] -- Found ament_cmake_cpplint: 0.9.8 (/opt/ros/foxy/share/ament_cmake_cpplint/cmake)
[5.170s] -- Found ament_cmake_uncrustify: 0.9.8 (/opt/ros/foxy/share/ament_cmake_uncrustify/cmake)
[5.175s] -- Found ament_cmake_ros: 0.9.2 (/opt/ros/foxy/share/ament_cmake_ros/cmake)
[5.514s] -- Using all available rosidl_typesupport_c: rosidl_typesupport_fastrtps_c;rosidl_typesupport_introspection_c
[5.631s] -- Using all available rosidl_typesupport_cpp: rosidl_typesupport_fastrtps_cpp;rosidl_typesupport_introspection_cpp
[5.682s] -- Found PythonInterp: /usr/bin/python3 (found suitable version "3.8.10", minimum required is "3.5") 
[5.685s] -- Found python_cmake_module: 0.8.1 (/opt/ros/foxy/share/python_cmake_module/cmake)
[5.739s] -- Found PythonLibs: /usr/lib/aarch64-linux-gnu/libpython3.8.so (found suitable version "3.8.10", minimum required is "3.5") 
[5.739s] -- Using PYTHON_EXECUTABLE: /usr/bin/python3
[5.739s] -- Using PYTHON_INCLUDE_DIRS: /usr/include/python3.8
[5.739s] -- Using PYTHON_LIBRARIES: /usr/lib/aarch64-linux-gnu/libpython3.8.so
[5.781s] -- Found PythonExtra: .so  
[5.910s] -- Found ament_cmake_flake8: 0.9.8 (/opt/ros/foxy/share/ament_cmake_flake8/cmake)
[5.913s] -- Found ament_cmake_pep257: 0.9.8 (/opt/ros/foxy/share/ament_cmake_pep257/cmake)
[5.935s] -- Configuring done
[6.028s] -- Generating done
[6.033s] -- Build files have been written to: /home/orin_nano/microros_ws/build/drive_base_msgs
