[6.612s] Invoking command in '/home/orin_nano/microros_ws/build/rosidl_runtime_c': AMENT_PREFIX_PATH=/home/orin_nano/microros_ws/install/rosidl_typesupport_interface:${AMENT_PREFIX_PATH} CMAKE_PREFIX_PATH=/home/orin_nano/microros_ws/install/rosidl_typesupport_interface:/home/orin_nano/microros_ws/install/micro_ros_setup:/home/orin_nano/microros_ws/install/micro_ros_agent:/home/orin_nano/microros_ws/install/micro_ros_msgs:/home/orin_nano/install/joy:/opt/ros/foxy /usr/bin/cmake --build /home/orin_nano/microros_ws/build/rosidl_runtime_c -- -j6 -l6
[6.724s] [ 16%] Built target gtest
[6.724s] [ 28%] Built target gtest_main
[6.724s] [ 44%] Built target rosidl_runtime_c
[6.786s] [ 52%] Built target test_string_functions
[6.796s] [ 68%] Built target test_primitives_sequence_functions
[6.796s] [ 68%] Built target test_sequence_bound
[6.801s] [ 76%] Built target benchmark_string_conversion
[6.809s] [ 84%] Built target test_service_type_support
[6.809s] [ 92%] Built target test_u16string_functions
[6.851s] [100%] Built target test_message_type_support
[9.191s] Invoked command in '/home/orin_nano/microros_ws/build/rosidl_runtime_c' returned '0': AMENT_PREFIX_PATH=/home/orin_nano/microros_ws/install/rosidl_typesupport_interface:${AMENT_PREFIX_PATH} CMAKE_PREFIX_PATH=/home/orin_nano/microros_ws/install/rosidl_typesupport_interface:/home/orin_nano/microros_ws/install/micro_ros_setup:/home/orin_nano/microros_ws/install/micro_ros_agent:/home/orin_nano/microros_ws/install/micro_ros_msgs:/home/orin_nano/install/joy:/opt/ros/foxy /usr/bin/cmake --build /home/orin_nano/microros_ws/build/rosidl_runtime_c -- -j6 -l6
[10.311s] Invoking command in '/home/orin_nano/microros_ws/build/rosidl_runtime_c': AMENT_PREFIX_PATH=/home/orin_nano/microros_ws/install/rosidl_typesupport_interface:${AMENT_PREFIX_PATH} CMAKE_PREFIX_PATH=/home/orin_nano/microros_ws/install/rosidl_typesupport_interface:/home/orin_nano/microros_ws/install/micro_ros_setup:/home/orin_nano/microros_ws/install/micro_ros_agent:/home/orin_nano/microros_ws/install/micro_ros_msgs:/home/orin_nano/install/joy:/opt/ros/foxy /usr/bin/cmake --install /home/orin_nano/microros_ws/build/rosidl_runtime_c
[10.332s] -- Install configuration: ""
[10.333s] -- Up-to-date: /home/orin_nano/microros_ws/install/rosidl_runtime_c/share/rosidl_runtime_c/environment/library_path.sh
[10.333s] -- Up-to-date: /home/orin_nano/microros_ws/install/rosidl_runtime_c/share/rosidl_runtime_c/environment/library_path.dsv
[10.334s] -- Up-to-date: /home/orin_nano/microros_ws/install/rosidl_runtime_c/share/ament_index/resource_index/rosidl_runtime_packages/rosidl_runtime_c
[10.334s] -- Up-to-date: /home/orin_nano/microros_ws/install/rosidl_runtime_c/include
[10.334s] -- Up-to-date: /home/orin_nano/microros_ws/install/rosidl_runtime_c/include/rosidl_runtime_c
[10.335s] -- Up-to-date: /home/orin_nano/microros_ws/install/rosidl_runtime_c/include/rosidl_runtime_c/message_initialization.h
[10.335s] -- Up-to-date: /home/orin_nano/microros_ws/install/rosidl_runtime_c/include/rosidl_runtime_c/service_type_support_struct.h
[10.335s] -- Up-to-date: /home/orin_nano/microros_ws/install/rosidl_runtime_c/include/rosidl_runtime_c/string_bound.h
[10.335s] -- Up-to-date: /home/orin_nano/microros_ws/install/rosidl_runtime_c/include/rosidl_runtime_c/visibility_control.h
[10.336s] -- Up-to-date: /home/orin_nano/microros_ws/install/rosidl_runtime_c/include/rosidl_runtime_c/sequence_bound.h
[10.336s] -- Up-to-date: /home/orin_nano/microros_ws/install/rosidl_runtime_c/include/rosidl_runtime_c/string.h
[10.337s] -- Up-to-date: /home/orin_nano/microros_ws/install/rosidl_runtime_c/include/rosidl_runtime_c/primitives_sequence.h
[10.337s] -- Up-to-date: /home/orin_nano/microros_ws/install/rosidl_runtime_c/include/rosidl_runtime_c/action_type_support_struct.h
[10.337s] -- Up-to-date: /home/orin_nano/microros_ws/install/rosidl_runtime_c/include/rosidl_runtime_c/string_functions.h
[10.337s] -- Up-to-date: /home/orin_nano/microros_ws/install/rosidl_runtime_c/include/rosidl_runtime_c/primitives_sequence_functions.h
[10.337s] -- Up-to-date: /home/orin_nano/microros_ws/install/rosidl_runtime_c/include/rosidl_runtime_c/u16string.h
[10.337s] -- Up-to-date: /home/orin_nano/microros_ws/install/rosidl_runtime_c/include/rosidl_runtime_c/message_type_support_struct.h
[10.338s] -- Up-to-date: /home/orin_nano/microros_ws/install/rosidl_runtime_c/include/rosidl_runtime_c/u16string_functions.h
[10.338s] -- Up-to-date: /home/orin_nano/microros_ws/install/rosidl_runtime_c/lib/librosidl_runtime_c.so
[10.338s] -- Up-to-date: /home/orin_nano/microros_ws/install/rosidl_runtime_c/share/ament_index/resource_index/package_run_dependencies/rosidl_runtime_c
[10.338s] -- Up-to-date: /home/orin_nano/microros_ws/install/rosidl_runtime_c/share/ament_index/resource_index/parent_prefix_path/rosidl_runtime_c
[10.338s] -- Up-to-date: /home/orin_nano/microros_ws/install/rosidl_runtime_c/share/rosidl_runtime_c/environment/ament_prefix_path.sh
[10.338s] -- Up-to-date: /home/orin_nano/microros_ws/install/rosidl_runtime_c/share/rosidl_runtime_c/environment/ament_prefix_path.dsv
[10.338s] -- Up-to-date: /home/orin_nano/microros_ws/install/rosidl_runtime_c/share/rosidl_runtime_c/environment/path.sh
[10.338s] -- Up-to-date: /home/orin_nano/microros_ws/install/rosidl_runtime_c/share/rosidl_runtime_c/environment/path.dsv
[10.339s] -- Up-to-date: /home/orin_nano/microros_ws/install/rosidl_runtime_c/share/rosidl_runtime_c/local_setup.bash
[10.339s] -- Up-to-date: /home/orin_nano/microros_ws/install/rosidl_runtime_c/share/rosidl_runtime_c/local_setup.sh
[10.340s] -- Up-to-date: /home/orin_nano/microros_ws/install/rosidl_runtime_c/share/rosidl_runtime_c/local_setup.zsh
[10.342s] -- Up-to-date: /home/orin_nano/microros_ws/install/rosidl_runtime_c/share/rosidl_runtime_c/local_setup.dsv
[10.342s] -- Installing: /home/orin_nano/microros_ws/install/rosidl_runtime_c/share/rosidl_runtime_c/package.dsv
[10.342s] -- Up-to-date: /home/orin_nano/microros_ws/install/rosidl_runtime_c/share/ament_index/resource_index/packages/rosidl_runtime_c
[10.342s] -- Up-to-date: /home/orin_nano/microros_ws/install/rosidl_runtime_c/share/rosidl_runtime_c/cmake/rosidl_runtime_cExport.cmake
[10.343s] -- Up-to-date: /home/orin_nano/microros_ws/install/rosidl_runtime_c/share/rosidl_runtime_c/cmake/rosidl_runtime_cExport-noconfig.cmake
[10.343s] -- Up-to-date: /home/orin_nano/microros_ws/install/rosidl_runtime_c/share/rosidl_runtime_c/cmake/ament_cmake_export_dependencies-extras.cmake
[10.343s] -- Up-to-date: /home/orin_nano/microros_ws/install/rosidl_runtime_c/share/rosidl_runtime_c/cmake/ament_cmake_export_include_directories-extras.cmake
[10.343s] -- Up-to-date: /home/orin_nano/microros_ws/install/rosidl_runtime_c/share/rosidl_runtime_c/cmake/ament_cmake_export_libraries-extras.cmake
[10.344s] -- Up-to-date: /home/orin_nano/microros_ws/install/rosidl_runtime_c/share/rosidl_runtime_c/cmake/ament_cmake_export_targets-extras.cmake
[10.344s] -- Up-to-date: /home/orin_nano/microros_ws/install/rosidl_runtime_c/share/rosidl_runtime_c/cmake/rosidl_runtime_cConfig.cmake
[10.344s] -- Up-to-date: /home/orin_nano/microros_ws/install/rosidl_runtime_c/share/rosidl_runtime_c/cmake/rosidl_runtime_cConfig-version.cmake
[10.344s] -- Up-to-date: /home/orin_nano/microros_ws/install/rosidl_runtime_c/share/rosidl_runtime_c/package.xml
[10.345s] Invoked command in '/home/orin_nano/microros_ws/build/rosidl_runtime_c' returned '0': AMENT_PREFIX_PATH=/home/orin_nano/microros_ws/install/rosidl_typesupport_interface:${AMENT_PREFIX_PATH} CMAKE_PREFIX_PATH=/home/orin_nano/microros_ws/install/rosidl_typesupport_interface:/home/orin_nano/microros_ws/install/micro_ros_setup:/home/orin_nano/microros_ws/install/micro_ros_agent:/home/orin_nano/microros_ws/install/micro_ros_msgs:/home/orin_nano/install/joy:/opt/ros/foxy /usr/bin/cmake --install /home/orin_nano/microros_ws/build/rosidl_runtime_c
