[2.505s] Invoking command in '/home/orin_nano/microros_ws/build/rosidl_typesupport_introspection_c': AMENT_PREFIX_PATH=/home/orin_nano/microros_ws/install/rosidl_cmake:/home/orin_nano/microros_ws/install/rosidl_runtime_c:/home/orin_nano/microros_ws/install/rosidl_parser:/home/orin_nano/microros_ws/install/rosidl_typesupport_interface:/home/orin_nano/microros_ws/install/rosidl_adapter:${AMENT_PREFIX_PATH} CMAKE_PREFIX_PATH=/home/orin_nano/microros_ws/install/rosidl_cmake:/home/orin_nano/microros_ws/install/rosidl_runtime_c:/home/orin_nano/microros_ws/install/rosidl_parser:/home/orin_nano/microros_ws/install/rosidl_typesupport_interface:/home/orin_nano/microros_ws/install/rosidl_adapter:/home/orin_nano/microros_ws/install/micro_ros_setup:/home/orin_nano/microros_ws/install/micro_ros_agent:/home/orin_nano/microros_ws/install/micro_ros_msgs:/home/orin_nano/install/joy:/opt/ros/foxy LD_LIBRARY_PATH=/home/orin_nano/microros_ws/install/rosidl_runtime_c/lib:/home/orin_nano/microros_ws/install/micro_ros_agent/lib:/home/orin_nano/microros_ws/install/micro_ros_msgs/lib:/home/orin_nano/install/joy/lib:/opt/ros/foxy/opt/yaml_cpp_vendor/lib:/opt/ros/foxy/opt/rviz_ogre_vendor/lib:/opt/ros/foxy/lib/aarch64-linux-gnu:/opt/ros/foxy/lib:/usr/local/cuda-11.4/lib64 PYTHONPATH=/home/orin_nano/microros_ws/install/rosidl_cmake/lib/python3.8/site-packages:/home/orin_nano/microros_ws/install/rosidl_parser/lib/python3.8/site-packages:/home/orin_nano/microros_ws/install/rosidl_adapter/lib/python3.8/site-packages:${PYTHONPATH} /usr/bin/cmake --build /home/orin_nano/microros_ws/build/rosidl_typesupport_introspection_c -- -j6 -l6
[2.587s] [35m[1mScanning dependencies of target rosidl_typesupport_introspection_c[0m
[2.610s] [ 50%] [32mBuilding C object CMakeFiles/rosidl_typesupport_introspection_c.dir/src/identifier.c.o[0m
[2.658s] [100%] [32m[1mLinking C shared library librosidl_typesupport_introspection_c.so[0m
[2.714s] [100%] Built target rosidl_typesupport_introspection_c
[2.739s] Invoked command in '/home/orin_nano/microros_ws/build/rosidl_typesupport_introspection_c' returned '0': AMENT_PREFIX_PATH=/home/orin_nano/microros_ws/install/rosidl_cmake:/home/orin_nano/microros_ws/install/rosidl_runtime_c:/home/orin_nano/microros_ws/install/rosidl_parser:/home/orin_nano/microros_ws/install/rosidl_typesupport_interface:/home/orin_nano/microros_ws/install/rosidl_adapter:${AMENT_PREFIX_PATH} CMAKE_PREFIX_PATH=/home/orin_nano/microros_ws/install/rosidl_cmake:/home/orin_nano/microros_ws/install/rosidl_runtime_c:/home/orin_nano/microros_ws/install/rosidl_parser:/home/orin_nano/microros_ws/install/rosidl_typesupport_interface:/home/orin_nano/microros_ws/install/rosidl_adapter:/home/orin_nano/microros_ws/install/micro_ros_setup:/home/orin_nano/microros_ws/install/micro_ros_agent:/home/orin_nano/microros_ws/install/micro_ros_msgs:/home/orin_nano/install/joy:/opt/ros/foxy LD_LIBRARY_PATH=/home/orin_nano/microros_ws/install/rosidl_runtime_c/lib:/home/orin_nano/microros_ws/install/micro_ros_agent/lib:/home/orin_nano/microros_ws/install/micro_ros_msgs/lib:/home/orin_nano/install/joy/lib:/opt/ros/foxy/opt/yaml_cpp_vendor/lib:/opt/ros/foxy/opt/rviz_ogre_vendor/lib:/opt/ros/foxy/lib/aarch64-linux-gnu:/opt/ros/foxy/lib:/usr/local/cuda-11.4/lib64 PYTHONPATH=/home/orin_nano/microros_ws/install/rosidl_cmake/lib/python3.8/site-packages:/home/orin_nano/microros_ws/install/rosidl_parser/lib/python3.8/site-packages:/home/orin_nano/microros_ws/install/rosidl_adapter/lib/python3.8/site-packages:${PYTHONPATH} /usr/bin/cmake --build /home/orin_nano/microros_ws/build/rosidl_typesupport_introspection_c -- -j6 -l6
[2.796s] Invoking command in '/home/orin_nano/microros_ws/build/rosidl_typesupport_introspection_c': AMENT_PREFIX_PATH=/home/orin_nano/microros_ws/install/rosidl_cmake:/home/orin_nano/microros_ws/install/rosidl_runtime_c:/home/orin_nano/microros_ws/install/rosidl_parser:/home/orin_nano/microros_ws/install/rosidl_typesupport_interface:/home/orin_nano/microros_ws/install/rosidl_adapter:${AMENT_PREFIX_PATH} CMAKE_PREFIX_PATH=/home/orin_nano/microros_ws/install/rosidl_cmake:/home/orin_nano/microros_ws/install/rosidl_runtime_c:/home/orin_nano/microros_ws/install/rosidl_parser:/home/orin_nano/microros_ws/install/rosidl_typesupport_interface:/home/orin_nano/microros_ws/install/rosidl_adapter:/home/orin_nano/microros_ws/install/micro_ros_setup:/home/orin_nano/microros_ws/install/micro_ros_agent:/home/orin_nano/microros_ws/install/micro_ros_msgs:/home/orin_nano/install/joy:/opt/ros/foxy LD_LIBRARY_PATH=/home/orin_nano/microros_ws/install/rosidl_runtime_c/lib:/home/orin_nano/microros_ws/install/micro_ros_agent/lib:/home/orin_nano/microros_ws/install/micro_ros_msgs/lib:/home/orin_nano/install/joy/lib:/opt/ros/foxy/opt/yaml_cpp_vendor/lib:/opt/ros/foxy/opt/rviz_ogre_vendor/lib:/opt/ros/foxy/lib/aarch64-linux-gnu:/opt/ros/foxy/lib:/usr/local/cuda-11.4/lib64 PYTHONPATH=/home/orin_nano/microros_ws/install/rosidl_cmake/lib/python3.8/site-packages:/home/orin_nano/microros_ws/install/rosidl_parser/lib/python3.8/site-packages:/home/orin_nano/microros_ws/install/rosidl_adapter/lib/python3.8/site-packages:${PYTHONPATH} /usr/bin/cmake --install /home/orin_nano/microros_ws/build/rosidl_typesupport_introspection_c
[2.816s] -- Install configuration: ""
[2.816s] -- Installing: /home/orin_nano/microros_ws/install/rosidl_typesupport_introspection_c/share/rosidl_typesupport_introspection_c/environment/pythonpath.sh
[2.816s] -- Installing: /home/orin_nano/microros_ws/install/rosidl_typesupport_introspection_c/share/rosidl_typesupport_introspection_c/environment/pythonpath.dsv
[2.817s] -- Installing: /home/orin_nano/microros_ws/install/rosidl_typesupport_introspection_c/lib/python3.8/site-packages/rosidl_typesupport_introspection_c
[2.817s] -- Installing: /home/orin_nano/microros_ws/install/rosidl_typesupport_introspection_c/lib/python3.8/site-packages/rosidl_typesupport_introspection_c/__init__.py
[2.879s] Listing '/home/orin_nano/microros_ws/install/rosidl_typesupport_introspection_c/lib/python3.8/site-packages/rosidl_typesupport_introspection_c'...
[2.879s] Compiling '/home/orin_nano/microros_ws/install/rosidl_typesupport_introspection_c/lib/python3.8/site-packages/rosidl_typesupport_introspection_c/__init__.py'...
[2.889s] -- Installing: /home/orin_nano/microros_ws/install/rosidl_typesupport_introspection_c/share/rosidl_typesupport_introspection_c/environment/library_path.sh
[2.889s] -- Installing: /home/orin_nano/microros_ws/install/rosidl_typesupport_introspection_c/share/rosidl_typesupport_introspection_c/environment/library_path.dsv
[2.890s] -- Installing: /home/orin_nano/microros_ws/install/rosidl_typesupport_introspection_c/share/ament_index/resource_index/rosidl_typesupport_c/rosidl_typesupport_introspection_c
[2.890s] -- Installing: /home/orin_nano/microros_ws/install/rosidl_typesupport_introspection_c/share/ament_index/resource_index/rosidl_runtime_packages/rosidl_typesupport_introspection_c
[2.890s] -- Installing: /home/orin_nano/microros_ws/install/rosidl_typesupport_introspection_c/share/ament_index/resource_index/package_run_dependencies/rosidl_typesupport_introspection_c
[2.891s] -- Installing: /home/orin_nano/microros_ws/install/rosidl_typesupport_introspection_c/share/ament_index/resource_index/parent_prefix_path/rosidl_typesupport_introspection_c
[2.891s] -- Installing: /home/orin_nano/microros_ws/install/rosidl_typesupport_introspection_c/share/rosidl_typesupport_introspection_c/environment/ament_prefix_path.sh
[2.891s] -- Installing: /home/orin_nano/microros_ws/install/rosidl_typesupport_introspection_c/share/rosidl_typesupport_introspection_c/environment/ament_prefix_path.dsv
[2.892s] -- Installing: /home/orin_nano/microros_ws/install/rosidl_typesupport_introspection_c/share/rosidl_typesupport_introspection_c/environment/path.sh
[2.892s] -- Installing: /home/orin_nano/microros_ws/install/rosidl_typesupport_introspection_c/share/rosidl_typesupport_introspection_c/environment/path.dsv
[2.892s] -- Installing: /home/orin_nano/microros_ws/install/rosidl_typesupport_introspection_c/share/rosidl_typesupport_introspection_c/local_setup.bash
[2.893s] -- Installing: /home/orin_nano/microros_ws/install/rosidl_typesupport_introspection_c/share/rosidl_typesupport_introspection_c/local_setup.sh
[2.893s] -- Installing: /home/orin_nano/microros_ws/install/rosidl_typesupport_introspection_c/share/rosidl_typesupport_introspection_c/local_setup.zsh
[2.893s] -- Installing: /home/orin_nano/microros_ws/install/rosidl_typesupport_introspection_c/share/rosidl_typesupport_introspection_c/local_setup.dsv
[2.894s] -- Installing: /home/orin_nano/microros_ws/install/rosidl_typesupport_introspection_c/share/rosidl_typesupport_introspection_c/package.dsv
[2.894s] -- Installing: /home/orin_nano/microros_ws/install/rosidl_typesupport_introspection_c/share/ament_index/resource_index/packages/rosidl_typesupport_introspection_c
[2.894s] -- Installing: /home/orin_nano/microros_ws/install/rosidl_typesupport_introspection_c/share/rosidl_typesupport_introspection_c/cmake/rosidl_typesupport_introspection_cExport.cmake
[2.895s] -- Installing: /home/orin_nano/microros_ws/install/rosidl_typesupport_introspection_c/share/rosidl_typesupport_introspection_c/cmake/rosidl_typesupport_introspection_cExport-noconfig.cmake
[2.895s] -- Installing: /home/orin_nano/microros_ws/install/rosidl_typesupport_introspection_c/share/rosidl_typesupport_introspection_c/cmake/rosidl_typesupport_introspection_c-extras.cmake
[2.895s] -- Installing: /home/orin_nano/microros_ws/install/rosidl_typesupport_introspection_c/share/rosidl_typesupport_introspection_c/cmake/ament_cmake_export_dependencies-extras.cmake
[2.896s] -- Installing: /home/orin_nano/microros_ws/install/rosidl_typesupport_introspection_c/share/rosidl_typesupport_introspection_c/cmake/ament_cmake_export_include_directories-extras.cmake
[2.896s] -- Installing: /home/orin_nano/microros_ws/install/rosidl_typesupport_introspection_c/share/rosidl_typesupport_introspection_c/cmake/ament_cmake_export_libraries-extras.cmake
[2.896s] -- Installing: /home/orin_nano/microros_ws/install/rosidl_typesupport_introspection_c/share/rosidl_typesupport_introspection_c/cmake/ament_cmake_export_targets-extras.cmake
[2.896s] -- Installing: /home/orin_nano/microros_ws/install/rosidl_typesupport_introspection_c/share/rosidl_typesupport_introspection_c/cmake/rosidl_typesupport_introspection_cConfig.cmake
[2.897s] -- Installing: /home/orin_nano/microros_ws/install/rosidl_typesupport_introspection_c/share/rosidl_typesupport_introspection_c/cmake/rosidl_typesupport_introspection_cConfig-version.cmake
[2.897s] -- Installing: /home/orin_nano/microros_ws/install/rosidl_typesupport_introspection_c/share/rosidl_typesupport_introspection_c/package.xml
[2.897s] -- Installing: /home/orin_nano/microros_ws/install/rosidl_typesupport_introspection_c/lib/rosidl_typesupport_introspection_c/rosidl_typesupport_introspection_c
[2.898s] -- Up-to-date: /home/orin_nano/microros_ws/install/rosidl_typesupport_introspection_c/share/rosidl_typesupport_introspection_c/cmake
[2.898s] -- Installing: /home/orin_nano/microros_ws/install/rosidl_typesupport_introspection_c/share/rosidl_typesupport_introspection_c/cmake/rosidl_typesupport_introspection_c_generate_interfaces.cmake
[2.898s] -- Installing: /home/orin_nano/microros_ws/install/rosidl_typesupport_introspection_c/share/rosidl_typesupport_introspection_c/resource
[2.898s] -- Installing: /home/orin_nano/microros_ws/install/rosidl_typesupport_introspection_c/share/rosidl_typesupport_introspection_c/resource/idl__rosidl_typesupport_introspection_c.h.em
[2.898s] -- Installing: /home/orin_nano/microros_ws/install/rosidl_typesupport_introspection_c/share/rosidl_typesupport_introspection_c/resource/rosidl_typesupport_introspection_c__visibility_control.h.in
[2.898s] -- Installing: /home/orin_nano/microros_ws/install/rosidl_typesupport_introspection_c/share/rosidl_typesupport_introspection_c/resource/msg__rosidl_typesupport_introspection_c.h.em
[2.899s] -- Installing: /home/orin_nano/microros_ws/install/rosidl_typesupport_introspection_c/share/rosidl_typesupport_introspection_c/resource/srv__rosidl_typesupport_introspection_c.h.em
[2.899s] -- Installing: /home/orin_nano/microros_ws/install/rosidl_typesupport_introspection_c/share/rosidl_typesupport_introspection_c/resource/idl__type_support.c.em
[2.899s] -- Installing: /home/orin_nano/microros_ws/install/rosidl_typesupport_introspection_c/share/rosidl_typesupport_introspection_c/resource/msg__type_support.c.em
[2.899s] -- Installing: /home/orin_nano/microros_ws/install/rosidl_typesupport_introspection_c/share/rosidl_typesupport_introspection_c/resource/srv__type_support.c.em
[2.900s] -- Installing: /home/orin_nano/microros_ws/install/rosidl_typesupport_introspection_c/include
[2.900s] -- Installing: /home/orin_nano/microros_ws/install/rosidl_typesupport_introspection_c/include/rosidl_typesupport_introspection_c
[2.900s] -- Installing: /home/orin_nano/microros_ws/install/rosidl_typesupport_introspection_c/include/rosidl_typesupport_introspection_c/identifier.h
[2.900s] -- Installing: /home/orin_nano/microros_ws/install/rosidl_typesupport_introspection_c/include/rosidl_typesupport_introspection_c/field_types.h
[2.900s] -- Installing: /home/orin_nano/microros_ws/install/rosidl_typesupport_introspection_c/include/rosidl_typesupport_introspection_c/visibility_control.h
[2.900s] -- Installing: /home/orin_nano/microros_ws/install/rosidl_typesupport_introspection_c/include/rosidl_typesupport_introspection_c/service_introspection.h
[2.901s] -- Installing: /home/orin_nano/microros_ws/install/rosidl_typesupport_introspection_c/include/rosidl_typesupport_introspection_c/message_introspection.h
[2.901s] -- Installing: /home/orin_nano/microros_ws/install/rosidl_typesupport_introspection_c/lib/librosidl_typesupport_introspection_c.so
[2.906s] Invoked command in '/home/orin_nano/microros_ws/build/rosidl_typesupport_introspection_c' returned '0': AMENT_PREFIX_PATH=/home/orin_nano/microros_ws/install/rosidl_cmake:/home/orin_nano/microros_ws/install/rosidl_runtime_c:/home/orin_nano/microros_ws/install/rosidl_parser:/home/orin_nano/microros_ws/install/rosidl_typesupport_interface:/home/orin_nano/microros_ws/install/rosidl_adapter:${AMENT_PREFIX_PATH} CMAKE_PREFIX_PATH=/home/orin_nano/microros_ws/install/rosidl_cmake:/home/orin_nano/microros_ws/install/rosidl_runtime_c:/home/orin_nano/microros_ws/install/rosidl_parser:/home/orin_nano/microros_ws/install/rosidl_typesupport_interface:/home/orin_nano/microros_ws/install/rosidl_adapter:/home/orin_nano/microros_ws/install/micro_ros_setup:/home/orin_nano/microros_ws/install/micro_ros_agent:/home/orin_nano/microros_ws/install/micro_ros_msgs:/home/orin_nano/install/joy:/opt/ros/foxy LD_LIBRARY_PATH=/home/orin_nano/microros_ws/install/rosidl_runtime_c/lib:/home/orin_nano/microros_ws/install/micro_ros_agent/lib:/home/orin_nano/microros_ws/install/micro_ros_msgs/lib:/home/orin_nano/install/joy/lib:/opt/ros/foxy/opt/yaml_cpp_vendor/lib:/opt/ros/foxy/opt/rviz_ogre_vendor/lib:/opt/ros/foxy/lib/aarch64-linux-gnu:/opt/ros/foxy/lib:/usr/local/cuda-11.4/lib64 PYTHONPATH=/home/orin_nano/microros_ws/install/rosidl_cmake/lib/python3.8/site-packages:/home/orin_nano/microros_ws/install/rosidl_parser/lib/python3.8/site-packages:/home/orin_nano/microros_ws/install/rosidl_adapter/lib/python3.8/site-packages:${PYTHONPATH} /usr/bin/cmake --install /home/orin_nano/microros_ws/build/rosidl_typesupport_introspection_c
