-- Install configuration: ""
-- Up-to-date: /home/orin_nano/microros_ws/install/rosidl_parser/share/rosidl_parser/environment/pythonpath.sh
-- Up-to-date: /home/orin_nano/microros_ws/install/rosidl_parser/share/rosidl_parser/environment/pythonpath.dsv
-- Up-to-date: /home/orin_nano/microros_ws/install/rosidl_parser/lib/python3.8/site-packages/rosidl_parser
-- Up-to-date: /home/orin_nano/microros_ws/install/rosidl_parser/lib/python3.8/site-packages/rosidl_parser/__init__.py
-- Up-to-date: /home/orin_nano/microros_ws/install/rosidl_parser/lib/python3.8/site-packages/rosidl_parser/definition.py
-- Up-to-date: /home/orin_nano/microros_ws/install/rosidl_parser/lib/python3.8/site-packages/rosidl_parser/grammar.lark
-- Up-to-date: /home/orin_nano/microros_ws/install/rosidl_parser/lib/python3.8/site-packages/rosidl_parser/parser.py
Listing '/home/orin_nano/microros_ws/install/rosidl_parser/lib/python3.8/site-packages/rosidl_parser'...
-- Up-to-date: /home/orin_nano/microros_ws/install/rosidl_parser/share/ament_index/resource_index/package_run_dependencies/rosidl_parser
-- Up-to-date: /home/orin_nano/microros_ws/install/rosidl_parser/share/ament_index/resource_index/parent_prefix_path/rosidl_parser
-- Up-to-date: /home/orin_nano/microros_ws/install/rosidl_parser/share/rosidl_parser/environment/ament_prefix_path.sh
-- Up-to-date: /home/orin_nano/microros_ws/install/rosidl_parser/share/rosidl_parser/environment/ament_prefix_path.dsv
-- Up-to-date: /home/orin_nano/microros_ws/install/rosidl_parser/share/rosidl_parser/environment/path.sh
-- Up-to-date: /home/orin_nano/microros_ws/install/rosidl_parser/share/rosidl_parser/environment/path.dsv
-- Up-to-date: /home/orin_nano/microros_ws/install/rosidl_parser/share/rosidl_parser/local_setup.bash
-- Up-to-date: /home/orin_nano/microros_ws/install/rosidl_parser/share/rosidl_parser/local_setup.sh
-- Up-to-date: /home/orin_nano/microros_ws/install/rosidl_parser/share/rosidl_parser/local_setup.zsh
-- Up-to-date: /home/orin_nano/microros_ws/install/rosidl_parser/share/rosidl_parser/local_setup.dsv
-- Installing: /home/orin_nano/microros_ws/install/rosidl_parser/share/rosidl_parser/package.dsv
-- Up-to-date: /home/orin_nano/microros_ws/install/rosidl_parser/share/ament_index/resource_index/packages/rosidl_parser
-- Up-to-date: /home/orin_nano/microros_ws/install/rosidl_parser/share/rosidl_parser/cmake/rosidl_parserConfig.cmake
-- Up-to-date: /home/orin_nano/microros_ws/install/rosidl_parser/share/rosidl_parser/cmake/rosidl_parserConfig-version.cmake
-- Up-to-date: /home/orin_nano/microros_ws/install/rosidl_parser/share/rosidl_parser/package.xml
-- Up-to-date: /home/orin_nano/microros_ws/install/rosidl_parser/lib/rosidl_parser/idl2png
