[2.550s] Invoking command in '/home/orin_nano/microros_ws/build/drive_base_msgs': CMAKE_PREFIX_PATH=${CMAKE_PREFIX_PATH}:/opt/ros/foxy /usr/bin/cmake --build /home/orin_nano/microros_ws/build/drive_base_msgs -- -j6 -l6
[2.735s] [ 10%] Built target drive_base_msgs__rosidl_generator_c
[2.744s] [ 12%] Built target drive_base_msgs__cpp
[2.829s] [ 34%] Built target drive_base_msgs__rosidl_typesupport_c
[2.833s] [ 34%] Built target drive_base_msgs__rosidl_typesupport_introspection_cpp
[2.851s] [ 67%] Built target drive_base_msgs__rosidl_typesupport_introspection_c
[2.859s] [ 67%] Built target drive_base_msgs__rosidl_typesupport_fastrtps_cpp
[2.861s] [ 67%] Built target drive_base_msgs__rosidl_typesupport_cpp
[2.934s] [ 78%] Built target drive_base_msgs__rosidl_typesupport_fastrtps_c
[2.967s] [ 78%] Built target drive_base_msgs
[3.014s] [ 80%] Built target drive_base_msgs__py
[3.078s] [ 89%] Built target drive_base_msgs__python
[3.134s] [100%] Built target drive_base_msgs__rosidl_typesupport_fastrtps_c__pyext
[3.135s] [100%] Built target drive_base_msgs__rosidl_typesupport_c__pyext
[3.135s] [100%] Built target drive_base_msgs__rosidl_typesupport_introspection_c__pyext
[4.734s] Invoked command in '/home/orin_nano/microros_ws/build/drive_base_msgs' returned '0': CMAKE_PREFIX_PATH=${CMAKE_PREFIX_PATH}:/opt/ros/foxy /usr/bin/cmake --build /home/orin_nano/microros_ws/build/drive_base_msgs -- -j6 -l6
[9.856s] Invoking command in '/home/orin_nano/microros_ws/build/drive_base_msgs': CMAKE_PREFIX_PATH=${CMAKE_PREFIX_PATH}:/opt/ros/foxy /usr/bin/cmake --install /home/orin_nano/microros_ws/build/drive_base_msgs
[9.928s] -- Install configuration: ""
[9.928s] -- Up-to-date: /home/orin_nano/microros_ws/install/drive_base_msgs/share/ament_index/resource_index/rosidl_interfaces/drive_base_msgs
[9.929s] -- Up-to-date: /home/orin_nano/microros_ws/install/drive_base_msgs/include/drive_base_msgs
[9.930s] -- Up-to-date: /home/orin_nano/microros_ws/install/drive_base_msgs/include/drive_base_msgs/msg
[9.931s] -- Up-to-date: /home/orin_nano/microros_ws/install/drive_base_msgs/include/drive_base_msgs/msg/detail
[9.931s] -- Up-to-date: /home/orin_nano/microros_ws/install/drive_base_msgs/include/drive_base_msgs/msg/detail/trv_command__type_support.h
[9.932s] -- Up-to-date: /home/orin_nano/microros_ws/install/drive_base_msgs/include/drive_base_msgs/msg/detail/trv_command__functions.h
[9.932s] -- Up-to-date: /home/orin_nano/microros_ws/install/drive_base_msgs/include/drive_base_msgs/msg/detail/base_info__functions.c
[9.933s] -- Up-to-date: /home/orin_nano/microros_ws/install/drive_base_msgs/include/drive_base_msgs/msg/detail/command_header__functions.c
[9.934s] -- Up-to-date: /home/orin_nano/microros_ws/install/drive_base_msgs/include/drive_base_msgs/msg/detail/base_info__functions.h
[9.934s] -- Up-to-date: /home/orin_nano/microros_ws/install/drive_base_msgs/include/drive_base_msgs/msg/detail/command_status__struct.h
[9.935s] -- Up-to-date: /home/orin_nano/microros_ws/install/drive_base_msgs/include/drive_base_msgs/msg/detail/command_header__type_support.h
[9.935s] -- Up-to-date: /home/orin_nano/microros_ws/install/drive_base_msgs/include/drive_base_msgs/msg/detail/command_status__type_support.h
[9.936s] -- Up-to-date: /home/orin_nano/microros_ws/install/drive_base_msgs/include/drive_base_msgs/msg/detail/base_info__struct.h
[9.936s] -- Up-to-date: /home/orin_nano/microros_ws/install/drive_base_msgs/include/drive_base_msgs/msg/detail/command_header__struct.h
[9.938s] -- Up-to-date: /home/orin_nano/microros_ws/install/drive_base_msgs/include/drive_base_msgs/msg/detail/trv_command__struct.h
[9.938s] -- Up-to-date: /home/orin_nano/microros_ws/install/drive_base_msgs/include/drive_base_msgs/msg/detail/command_status__functions.c
[9.938s] -- Up-to-date: /home/orin_nano/microros_ws/install/drive_base_msgs/include/drive_base_msgs/msg/detail/trv_command__functions.c
[9.939s] -- Up-to-date: /home/orin_nano/microros_ws/install/drive_base_msgs/include/drive_base_msgs/msg/detail/command_header__functions.h
[9.940s] -- Up-to-date: /home/orin_nano/microros_ws/install/drive_base_msgs/include/drive_base_msgs/msg/detail/command_status__functions.h
[9.940s] -- Up-to-date: /home/orin_nano/microros_ws/install/drive_base_msgs/include/drive_base_msgs/msg/detail/base_info__type_support.h
[9.941s] -- Up-to-date: /home/orin_nano/microros_ws/install/drive_base_msgs/include/drive_base_msgs/msg/trv_command.h
[9.942s] -- Up-to-date: /home/orin_nano/microros_ws/install/drive_base_msgs/include/drive_base_msgs/msg/command_status.h
[9.943s] -- Up-to-date: /home/orin_nano/microros_ws/install/drive_base_msgs/include/drive_base_msgs/msg/base_info.h
[9.944s] -- Up-to-date: /home/orin_nano/microros_ws/install/drive_base_msgs/include/drive_base_msgs/msg/rosidl_generator_c__visibility_control.h
[9.944s] -- Up-to-date: /home/orin_nano/microros_ws/install/drive_base_msgs/include/drive_base_msgs/msg/command_header.h
[9.945s] -- Up-to-date: /home/orin_nano/microros_ws/install/drive_base_msgs/share/drive_base_msgs/environment/library_path.sh
[9.946s] -- Up-to-date: /home/orin_nano/microros_ws/install/drive_base_msgs/share/drive_base_msgs/environment/library_path.dsv
[9.946s] -- Up-to-date: /home/orin_nano/microros_ws/install/drive_base_msgs/lib/libdrive_base_msgs__rosidl_generator_c.so
[9.947s] -- Up-to-date: /home/orin_nano/microros_ws/install/drive_base_msgs/include/drive_base_msgs
[9.947s] -- Up-to-date: /home/orin_nano/microros_ws/install/drive_base_msgs/include/drive_base_msgs/msg
[9.948s] -- Up-to-date: /home/orin_nano/microros_ws/install/drive_base_msgs/include/drive_base_msgs/msg/detail
[9.949s] -- Up-to-date: /home/orin_nano/microros_ws/install/drive_base_msgs/include/drive_base_msgs/msg/detail/trv_command__rosidl_typesupport_fastrtps_c.h
[9.949s] -- Up-to-date: /home/orin_nano/microros_ws/install/drive_base_msgs/include/drive_base_msgs/msg/detail/command_status__rosidl_typesupport_fastrtps_c.h
[9.951s] -- Up-to-date: /home/orin_nano/microros_ws/install/drive_base_msgs/include/drive_base_msgs/msg/detail/command_header__rosidl_typesupport_fastrtps_c.h
[9.952s] -- Up-to-date: /home/orin_nano/microros_ws/install/drive_base_msgs/include/drive_base_msgs/msg/detail/base_info__rosidl_typesupport_fastrtps_c.h
[9.952s] -- Up-to-date: /home/orin_nano/microros_ws/install/drive_base_msgs/include/drive_base_msgs/msg/rosidl_typesupport_fastrtps_c__visibility_control.h
[9.953s] -- Up-to-date: /home/orin_nano/microros_ws/install/drive_base_msgs/lib/libdrive_base_msgs__rosidl_typesupport_fastrtps_c.so
[9.954s] -- Up-to-date: /home/orin_nano/microros_ws/install/drive_base_msgs/include/drive_base_msgs
[9.954s] -- Up-to-date: /home/orin_nano/microros_ws/install/drive_base_msgs/include/drive_base_msgs/msg
[9.954s] -- Up-to-date: /home/orin_nano/microros_ws/install/drive_base_msgs/include/drive_base_msgs/msg/detail
[9.956s] -- Up-to-date: /home/orin_nano/microros_ws/install/drive_base_msgs/include/drive_base_msgs/msg/detail/command_header__rosidl_typesupport_fastrtps_cpp.hpp
[9.956s] -- Up-to-date: /home/orin_nano/microros_ws/install/drive_base_msgs/include/drive_base_msgs/msg/detail/dds_fastrtps
[9.957s] -- Up-to-date: /home/orin_nano/microros_ws/install/drive_base_msgs/include/drive_base_msgs/msg/detail/base_info__rosidl_typesupport_fastrtps_cpp.hpp
[9.957s] -- Up-to-date: /home/orin_nano/microros_ws/install/drive_base_msgs/include/drive_base_msgs/msg/detail/trv_command__rosidl_typesupport_fastrtps_cpp.hpp
[9.958s] -- Up-to-date: /home/orin_nano/microros_ws/install/drive_base_msgs/include/drive_base_msgs/msg/detail/command_status__rosidl_typesupport_fastrtps_cpp.hpp
[9.959s] -- Up-to-date: /home/orin_nano/microros_ws/install/drive_base_msgs/include/drive_base_msgs/msg/rosidl_typesupport_fastrtps_cpp__visibility_control.h
[9.960s] -- Up-to-date: /home/orin_nano/microros_ws/install/drive_base_msgs/lib/libdrive_base_msgs__rosidl_typesupport_fastrtps_cpp.so
[9.962s] -- Up-to-date: /home/orin_nano/microros_ws/install/drive_base_msgs/include/drive_base_msgs
[9.963s] -- Up-to-date: /home/orin_nano/microros_ws/install/drive_base_msgs/include/drive_base_msgs/msg
[9.963s] -- Up-to-date: /home/orin_nano/microros_ws/install/drive_base_msgs/include/drive_base_msgs/msg/detail
[9.964s] -- Up-to-date: /home/orin_nano/microros_ws/install/drive_base_msgs/include/drive_base_msgs/msg/detail/command_header__type_support.c
[9.964s] -- Up-to-date: /home/orin_nano/microros_ws/install/drive_base_msgs/include/drive_base_msgs/msg/detail/command_status__rosidl_typesupport_introspection_c.h
[9.965s] -- Up-to-date: /home/orin_nano/microros_ws/install/drive_base_msgs/include/drive_base_msgs/msg/detail/base_info__rosidl_typesupport_introspection_c.h
[9.966s] -- Up-to-date: /home/orin_nano/microros_ws/install/drive_base_msgs/include/drive_base_msgs/msg/detail/command_header__rosidl_typesupport_introspection_c.h
[9.967s] -- Up-to-date: /home/orin_nano/microros_ws/install/drive_base_msgs/include/drive_base_msgs/msg/detail/trv_command__rosidl_typesupport_introspection_c.h
[9.967s] -- Up-to-date: /home/orin_nano/microros_ws/install/drive_base_msgs/include/drive_base_msgs/msg/detail/trv_command__type_support.c
[9.968s] -- Up-to-date: /home/orin_nano/microros_ws/install/drive_base_msgs/include/drive_base_msgs/msg/detail/base_info__type_support.c
[9.969s] -- Up-to-date: /home/orin_nano/microros_ws/install/drive_base_msgs/include/drive_base_msgs/msg/detail/command_status__type_support.c
[9.969s] -- Up-to-date: /home/orin_nano/microros_ws/install/drive_base_msgs/include/drive_base_msgs/msg/rosidl_typesupport_introspection_c__visibility_control.h
[9.970s] -- Up-to-date: /home/orin_nano/microros_ws/install/drive_base_msgs/lib/libdrive_base_msgs__rosidl_typesupport_introspection_c.so
[9.971s] -- Up-to-date: /home/orin_nano/microros_ws/install/drive_base_msgs/lib/libdrive_base_msgs__rosidl_typesupport_c.so
[9.971s] -- Up-to-date: /home/orin_nano/microros_ws/install/drive_base_msgs/include/drive_base_msgs
[9.971s] -- Up-to-date: /home/orin_nano/microros_ws/install/drive_base_msgs/include/drive_base_msgs/msg
[9.972s] -- Up-to-date: /home/orin_nano/microros_ws/install/drive_base_msgs/include/drive_base_msgs/msg/detail
[9.972s] -- Up-to-date: /home/orin_nano/microros_ws/install/drive_base_msgs/include/drive_base_msgs/msg/detail/command_status__struct.hpp
[9.973s] -- Up-to-date: /home/orin_nano/microros_ws/install/drive_base_msgs/include/drive_base_msgs/msg/detail/base_info__type_support.hpp
[9.973s] -- Up-to-date: /home/orin_nano/microros_ws/install/drive_base_msgs/include/drive_base_msgs/msg/detail/command_status__builder.hpp
[9.973s] -- Up-to-date: /home/orin_nano/microros_ws/install/drive_base_msgs/include/drive_base_msgs/msg/detail/trv_command__traits.hpp
[9.973s] -- Up-to-date: /home/orin_nano/microros_ws/install/drive_base_msgs/include/drive_base_msgs/msg/detail/base_info__traits.hpp
[9.974s] -- Up-to-date: /home/orin_nano/microros_ws/install/drive_base_msgs/include/drive_base_msgs/msg/detail/command_header__builder.hpp
[9.974s] -- Up-to-date: /home/orin_nano/microros_ws/install/drive_base_msgs/include/drive_base_msgs/msg/detail/base_info__builder.hpp
[9.974s] -- Up-to-date: /home/orin_nano/microros_ws/install/drive_base_msgs/include/drive_base_msgs/msg/detail/command_header__traits.hpp
[9.975s] -- Up-to-date: /home/orin_nano/microros_ws/install/drive_base_msgs/include/drive_base_msgs/msg/detail/trv_command__builder.hpp
[9.975s] -- Up-to-date: /home/orin_nano/microros_ws/install/drive_base_msgs/include/drive_base_msgs/msg/detail/command_status__traits.hpp
[9.975s] -- Up-to-date: /home/orin_nano/microros_ws/install/drive_base_msgs/include/drive_base_msgs/msg/detail/trv_command__type_support.hpp
[9.975s] -- Up-to-date: /home/orin_nano/microros_ws/install/drive_base_msgs/include/drive_base_msgs/msg/detail/trv_command__struct.hpp
[9.975s] -- Up-to-date: /home/orin_nano/microros_ws/install/drive_base_msgs/include/drive_base_msgs/msg/detail/base_info__struct.hpp
[9.976s] -- Up-to-date: /home/orin_nano/microros_ws/install/drive_base_msgs/include/drive_base_msgs/msg/detail/command_status__type_support.hpp
[9.976s] -- Up-to-date: /home/orin_nano/microros_ws/install/drive_base_msgs/include/drive_base_msgs/msg/detail/command_header__struct.hpp
[9.977s] -- Up-to-date: /home/orin_nano/microros_ws/install/drive_base_msgs/include/drive_base_msgs/msg/detail/command_header__type_support.hpp
[9.978s] -- Up-to-date: /home/orin_nano/microros_ws/install/drive_base_msgs/include/drive_base_msgs/msg/command_header.hpp
[9.979s] -- Up-to-date: /home/orin_nano/microros_ws/install/drive_base_msgs/include/drive_base_msgs/msg/rosidl_generator_cpp__visibility_control.hpp
[9.979s] -- Up-to-date: /home/orin_nano/microros_ws/install/drive_base_msgs/include/drive_base_msgs/msg/base_info.hpp
[9.980s] -- Up-to-date: /home/orin_nano/microros_ws/install/drive_base_msgs/include/drive_base_msgs/msg/command_status.hpp
[9.981s] -- Up-to-date: /home/orin_nano/microros_ws/install/drive_base_msgs/include/drive_base_msgs/msg/trv_command.hpp
[9.981s] -- Up-to-date: /home/orin_nano/microros_ws/install/drive_base_msgs/include/drive_base_msgs
[9.982s] -- Up-to-date: /home/orin_nano/microros_ws/install/drive_base_msgs/include/drive_base_msgs/msg
[9.983s] -- Up-to-date: /home/orin_nano/microros_ws/install/drive_base_msgs/include/drive_base_msgs/msg/detail
[9.983s] -- Up-to-date: /home/orin_nano/microros_ws/install/drive_base_msgs/include/drive_base_msgs/msg/detail/command_status__type_support.cpp
[9.984s] -- Up-to-date: /home/orin_nano/microros_ws/install/drive_base_msgs/include/drive_base_msgs/msg/detail/base_info__rosidl_typesupport_introspection_cpp.hpp
[9.985s] -- Up-to-date: /home/orin_nano/microros_ws/install/drive_base_msgs/include/drive_base_msgs/msg/detail/trv_command__rosidl_typesupport_introspection_cpp.hpp
[9.986s] -- Up-to-date: /home/orin_nano/microros_ws/install/drive_base_msgs/include/drive_base_msgs/msg/detail/command_header__type_support.cpp
[9.987s] -- Up-to-date: /home/orin_nano/microros_ws/install/drive_base_msgs/include/drive_base_msgs/msg/detail/command_status__rosidl_typesupport_introspection_cpp.hpp
[9.988s] -- Up-to-date: /home/orin_nano/microros_ws/install/drive_base_msgs/include/drive_base_msgs/msg/detail/trv_command__type_support.cpp
[9.989s] -- Up-to-date: /home/orin_nano/microros_ws/install/drive_base_msgs/include/drive_base_msgs/msg/detail/command_header__rosidl_typesupport_introspection_cpp.hpp
[9.989s] -- Up-to-date: /home/orin_nano/microros_ws/install/drive_base_msgs/include/drive_base_msgs/msg/detail/base_info__type_support.cpp
[9.990s] -- Up-to-date: /home/orin_nano/microros_ws/install/drive_base_msgs/lib/libdrive_base_msgs__rosidl_typesupport_introspection_cpp.so
[9.991s] -- Up-to-date: /home/orin_nano/microros_ws/install/drive_base_msgs/lib/libdrive_base_msgs__rosidl_typesupport_cpp.so
[9.991s] -- Up-to-date: /home/orin_nano/microros_ws/install/drive_base_msgs/share/drive_base_msgs/environment/pythonpath.sh
[9.992s] -- Up-to-date: /home/orin_nano/microros_ws/install/drive_base_msgs/share/drive_base_msgs/environment/pythonpath.dsv
[9.993s] -- Up-to-date: /home/orin_nano/microros_ws/install/drive_base_msgs/lib/python3.8/site-packages/drive_base_msgs/__init__.py
[10.024s] -- Up-to-date: /home/orin_nano/microros_ws/install/drive_base_msgs/lib/python3.8/site-packages/drive_base_msgs/msg
[10.024s] -- Up-to-date: /home/orin_nano/microros_ws/install/drive_base_msgs/lib/python3.8/site-packages/drive_base_msgs/msg/_base_info.py
[10.025s] -- Up-to-date: /home/orin_nano/microros_ws/install/drive_base_msgs/lib/python3.8/site-packages/drive_base_msgs/msg/_trv_command.py
[10.026s] -- Up-to-date: /home/orin_nano/microros_ws/install/drive_base_msgs/lib/python3.8/site-packages/drive_base_msgs/msg/_command_status_s.c
[10.027s] -- Up-to-date: /home/orin_nano/microros_ws/install/drive_base_msgs/lib/python3.8/site-packages/drive_base_msgs/msg/_command_header.py
[10.028s] -- Up-to-date: /home/orin_nano/microros_ws/install/drive_base_msgs/lib/python3.8/site-packages/drive_base_msgs/msg/_base_info_s.c
[10.030s] -- Up-to-date: /home/orin_nano/microros_ws/install/drive_base_msgs/lib/python3.8/site-packages/drive_base_msgs/msg/_command_status.py
[10.030s] -- Up-to-date: /home/orin_nano/microros_ws/install/drive_base_msgs/lib/python3.8/site-packages/drive_base_msgs/msg/__init__.py
[10.031s] -- Up-to-date: /home/orin_nano/microros_ws/install/drive_base_msgs/lib/python3.8/site-packages/drive_base_msgs/msg/_command_header_s.c
[10.039s] -- Up-to-date: /home/orin_nano/microros_ws/install/drive_base_msgs/lib/python3.8/site-packages/drive_base_msgs/msg/_trv_command_s.c
[10.042s] -- Up-to-date: /home/orin_nano/microros_ws/install/drive_base_msgs/lib/python3.8/site-packages/drive_base_msgs/drive_base_msgs_s__rosidl_typesupport_fastrtps_c.cpython-38-aarch64-linux-gnu.so
[10.043s] -- Up-to-date: /home/orin_nano/microros_ws/install/drive_base_msgs/lib/python3.8/site-packages/drive_base_msgs/drive_base_msgs_s__rosidl_typesupport_introspection_c.cpython-38-aarch64-linux-gnu.so
[10.044s] -- Up-to-date: /home/orin_nano/microros_ws/install/drive_base_msgs/lib/python3.8/site-packages/drive_base_msgs/drive_base_msgs_s__rosidl_typesupport_c.cpython-38-aarch64-linux-gnu.so
[10.044s] -- Up-to-date: /home/orin_nano/microros_ws/install/drive_base_msgs/lib/libdrive_base_msgs__python.so
[10.045s] -- Up-to-date: /home/orin_nano/microros_ws/install/drive_base_msgs/share/drive_base_msgs/msg/CommandHeader.idl
[10.046s] -- Up-to-date: /home/orin_nano/microros_ws/install/drive_base_msgs/share/drive_base_msgs/msg/BaseInfo.idl
[10.047s] -- Up-to-date: /home/orin_nano/microros_ws/install/drive_base_msgs/share/drive_base_msgs/msg/CommandStatus.idl
[10.048s] -- Up-to-date: /home/orin_nano/microros_ws/install/drive_base_msgs/share/drive_base_msgs/msg/TRVCommand.idl
[10.049s] -- Up-to-date: /home/orin_nano/microros_ws/install/drive_base_msgs/share/drive_base_msgs/msg/CommandHeader.msg
[10.049s] -- Up-to-date: /home/orin_nano/microros_ws/install/drive_base_msgs/share/drive_base_msgs/msg/BaseInfo.msg
[10.050s] -- Up-to-date: /home/orin_nano/microros_ws/install/drive_base_msgs/share/drive_base_msgs/msg/CommandStatus.msg
[10.050s] -- Up-to-date: /home/orin_nano/microros_ws/install/drive_base_msgs/share/drive_base_msgs/msg/TRVCommand.msg
[10.051s] -- Up-to-date: /home/orin_nano/microros_ws/install/drive_base_msgs/share/ament_index/resource_index/package_run_dependencies/drive_base_msgs
[10.052s] -- Up-to-date: /home/orin_nano/microros_ws/install/drive_base_msgs/share/ament_index/resource_index/parent_prefix_path/drive_base_msgs
[10.053s] -- Up-to-date: /home/orin_nano/microros_ws/install/drive_base_msgs/share/drive_base_msgs/environment/ament_prefix_path.sh
[10.054s] -- Up-to-date: /home/orin_nano/microros_ws/install/drive_base_msgs/share/drive_base_msgs/environment/ament_prefix_path.dsv
[10.055s] -- Up-to-date: /home/orin_nano/microros_ws/install/drive_base_msgs/share/drive_base_msgs/environment/path.sh
[10.055s] -- Up-to-date: /home/orin_nano/microros_ws/install/drive_base_msgs/share/drive_base_msgs/environment/path.dsv
[10.056s] -- Up-to-date: /home/orin_nano/microros_ws/install/drive_base_msgs/share/drive_base_msgs/local_setup.bash
[10.057s] -- Up-to-date: /home/orin_nano/microros_ws/install/drive_base_msgs/share/drive_base_msgs/local_setup.sh
[10.057s] -- Up-to-date: /home/orin_nano/microros_ws/install/drive_base_msgs/share/drive_base_msgs/local_setup.zsh
[10.059s] -- Up-to-date: /home/orin_nano/microros_ws/install/drive_base_msgs/share/drive_base_msgs/local_setup.dsv
[10.060s] -- Installing: /home/orin_nano/microros_ws/install/drive_base_msgs/share/drive_base_msgs/package.dsv
[10.061s] -- Up-to-date: /home/orin_nano/microros_ws/install/drive_base_msgs/share/ament_index/resource_index/packages/drive_base_msgs
[10.062s] -- Up-to-date: /home/orin_nano/microros_ws/install/drive_base_msgs/share/drive_base_msgs/cmake/drive_base_msgs__rosidl_generator_cExport.cmake
[10.062s] -- Up-to-date: /home/orin_nano/microros_ws/install/drive_base_msgs/share/drive_base_msgs/cmake/drive_base_msgs__rosidl_generator_cExport-noconfig.cmake
[10.063s] -- Up-to-date: /home/orin_nano/microros_ws/install/drive_base_msgs/share/drive_base_msgs/cmake/drive_base_msgs__rosidl_typesupport_introspection_cExport.cmake
[10.064s] -- Up-to-date: /home/orin_nano/microros_ws/install/drive_base_msgs/share/drive_base_msgs/cmake/drive_base_msgs__rosidl_typesupport_introspection_cExport-noconfig.cmake
[10.065s] -- Up-to-date: /home/orin_nano/microros_ws/install/drive_base_msgs/share/drive_base_msgs/cmake/drive_base_msgs__rosidl_typesupport_cExport.cmake
[10.066s] -- Up-to-date: /home/orin_nano/microros_ws/install/drive_base_msgs/share/drive_base_msgs/cmake/drive_base_msgs__rosidl_typesupport_cExport-noconfig.cmake
[10.067s] -- Up-to-date: /home/orin_nano/microros_ws/install/drive_base_msgs/share/drive_base_msgs/cmake/drive_base_msgs__rosidl_generator_cppExport.cmake
[10.067s] -- Up-to-date: /home/orin_nano/microros_ws/install/drive_base_msgs/share/drive_base_msgs/cmake/drive_base_msgs__rosidl_typesupport_introspection_cppExport.cmake
[10.067s] -- Up-to-date: /home/orin_nano/microros_ws/install/drive_base_msgs/share/drive_base_msgs/cmake/drive_base_msgs__rosidl_typesupport_introspection_cppExport-noconfig.cmake
[10.067s] -- Up-to-date: /home/orin_nano/microros_ws/install/drive_base_msgs/share/drive_base_msgs/cmake/drive_base_msgs__rosidl_typesupport_cppExport.cmake
[10.068s] -- Up-to-date: /home/orin_nano/microros_ws/install/drive_base_msgs/share/drive_base_msgs/cmake/drive_base_msgs__rosidl_typesupport_cppExport-noconfig.cmake
[10.068s] -- Up-to-date: /home/orin_nano/microros_ws/install/drive_base_msgs/share/drive_base_msgs/cmake/rosidl_cmake-extras.cmake
[10.068s] -- Up-to-date: /home/orin_nano/microros_ws/install/drive_base_msgs/share/drive_base_msgs/cmake/ament_cmake_export_dependencies-extras.cmake
[10.068s] -- Up-to-date: /home/orin_nano/microros_ws/install/drive_base_msgs/share/drive_base_msgs/cmake/ament_cmake_export_libraries-extras.cmake
[10.068s] -- Up-to-date: /home/orin_nano/microros_ws/install/drive_base_msgs/share/drive_base_msgs/cmake/ament_cmake_export_targets-extras.cmake
[10.069s] -- Up-to-date: /home/orin_nano/microros_ws/install/drive_base_msgs/share/drive_base_msgs/cmake/ament_cmake_export_include_directories-extras.cmake
[10.069s] -- Up-to-date: /home/orin_nano/microros_ws/install/drive_base_msgs/share/drive_base_msgs/cmake/rosidl_cmake_export_typesupport_libraries-extras.cmake
[10.069s] -- Up-to-date: /home/orin_nano/microros_ws/install/drive_base_msgs/share/drive_base_msgs/cmake/rosidl_cmake_export_typesupport_targets-extras.cmake
[10.069s] -- Up-to-date: /home/orin_nano/microros_ws/install/drive_base_msgs/share/drive_base_msgs/cmake/drive_base_msgsConfig.cmake
[10.070s] -- Up-to-date: /home/orin_nano/microros_ws/install/drive_base_msgs/share/drive_base_msgs/cmake/drive_base_msgsConfig-version.cmake
[10.070s] -- Up-to-date: /home/orin_nano/microros_ws/install/drive_base_msgs/share/drive_base_msgs/package.xml
[13.306s] Invoked command in '/home/orin_nano/microros_ws/build/drive_base_msgs' returned '0': CMAKE_PREFIX_PATH=${CMAKE_PREFIX_PATH}:/opt/ros/foxy /usr/bin/cmake --install /home/orin_nano/microros_ws/build/drive_base_msgs
