-- The C compiler identification is GNU 9.4.0
-- The CXX compiler identification is GNU 9.4.0
-- Check for working C compiler: /usr/bin/cc
-- Check for working C compiler: /usr/bin/cc -- works
-- Detecting C compiler ABI info
-- Detecting C compiler ABI info - done
-- Detecting C compile features
-- Detecting C compile features - done
-- Check for working CXX compiler: /usr/bin/c++
-- Check for working CXX compiler: /usr/bin/c++ -- works
-- Detecting CXX compiler ABI info
-- Detecting CXX compiler ABI info - done
-- Detecting CXX compile features
-- Detecting CXX compile features - done
-- Found ament_cmake: 0.9.12 (/opt/ros/foxy/share/ament_cmake/cmake)
-- Found PythonInterp: /usr/bin/python3 (found suitable version "3.8.10", minimum required is "3") 
-- Using PYTHON_EXECUTABLE: /usr/bin/python3
-- Found rosidl_typesupport_introspection_c: 1.3.1 (/home/orin_nano/microros_ws/install/rosidl_typesupport_introspection_c/share/rosidl_typesupport_introspection_c/cmake)
-- Found rosidl_adapter: 1.3.1 (/home/orin_nano/microros_ws/install/rosidl_adapter/share/rosidl_adapter/cmake)
-- Found ament_lint_auto: 0.9.8 (/opt/ros/foxy/share/ament_lint_auto/cmake)
-- Found ament_cmake_gtest: 0.9.12 (/opt/ros/foxy/share/ament_cmake_gtest/cmake)
-- Found std_msgs: 2.0.5 (/opt/ros/foxy/share/std_msgs/cmake)
-- Using all available rosidl_typesupport_c: rosidl_typesupport_introspection_c;rosidl_typesupport_fastrtps_c
-- Found OpenSSL: /usr/lib/aarch64-linux-gnu/libcrypto.so (found version "1.1.1f")  
-- Found FastRTPS: /opt/ros/foxy/include  
-- Using all available rosidl_typesupport_cpp: rosidl_typesupport_fastrtps_cpp;rosidl_typesupport_introspection_cpp
-- Found trajectory_msgs: 2.0.5 (/opt/ros/foxy/share/trajectory_msgs/cmake)
-- Found gtest sources under '/opt/ros/foxy/src/gtest_vendor': C++ tests using 'Google Test' will be built
-- Looking for pthread.h
-- Looking for pthread.h - found
-- Performing Test CMAKE_HAVE_LIBC_PTHREAD
-- Performing Test CMAKE_HAVE_LIBC_PTHREAD - Failed
-- Check if compiler accepts -pthread
-- Check if compiler accepts -pthread - yes
-- Found Threads: TRUE  
-- Added test 'cppcheck' to perform static code analysis on C / C++ code
-- Configured cppcheck include dirs: $<BUILD_INTERFACE:/home/orin_nano/microros_ws/micro_ros_utilities/micro_ros_utilities/include>;$<BUILD_INTERFACE:/home/orin_nano/microros_ws/micro_ros_utilities/micro_ros_utilities/src>;/home/orin_nano/microros_ws/micro_ros_utilities/micro_ros_utilities/include;/home/orin_nano/microros_ws/micro_ros_utilities/micro_ros_utilities/src
-- Configured cppcheck exclude dirs and/or files: 
-- Added test 'cpplint' to check C / C++ code against the Google style
-- Configured cpplint exclude dirs and/or files: 
-- Added test 'lint_cmake' to check CMake code style
-- Added test 'uncrustify' to check C / C++ code style
-- Configured uncrustify additional arguments: 
-- Added test 'xmllint' to check XML markup files
-- Configuring done
-- Generating done
-- Build files have been written to: /home/orin_nano/microros_ws/build/micro_ros_utilities
[35m[1mScanning dependencies of target gtest_main[0m
[35m[1mScanning dependencies of target gtest[0m
[35m[1mScanning dependencies of target micro_ros_utilities[0m
[ 20%] [32mBuilding CXX object gtest/CMakeFiles/gtest_main.dir/src/gtest_main.cc.o[0m
[ 20%] [32mBuilding C object CMakeFiles/micro_ros_utilities.dir/src/string_utilities.c.o[0m
[ 30%] [32mBuilding CXX object gtest/CMakeFiles/gtest.dir/src/gtest-all.cc.o[0m
[ 40%] [32mBuilding C object CMakeFiles/micro_ros_utilities.dir/src/type_utilities.c.o[0m
[ 50%] [32m[1mLinking C static library libmicro_ros_utilities.a[0m
[ 50%] Built target micro_ros_utilities
[ 60%] [32m[1mLinking CXX static library libgtest_main.a[0m
[ 60%] Built target gtest_main
[ 70%] [32m[1mLinking CXX static library libgtest.a[0m
[ 70%] Built target gtest
[35m[1mScanning dependencies of target micro_ros_utilities_test[0m
[ 90%] [32mBuilding CXX object CMakeFiles/micro_ros_utilities_test.dir/test/micro_ros_utilities/test_string.cpp.o[0m
[ 90%] [32mBuilding CXX object CMakeFiles/micro_ros_utilities_test.dir/test/micro_ros_utilities/test_memory.cpp.o[0m
[100%] [32m[1mLinking CXX executable micro_ros_utilities_test[0m
[100%] Built target micro_ros_utilities_test
-- Install configuration: ""
-- Installing: /home/orin_nano/microros_ws/install/micro_ros_utilities/include
-- Installing: /home/orin_nano/microros_ws/install/micro_ros_utilities/include/micro_ros_utilities.zip
-- Installing: /home/orin_nano/microros_ws/install/micro_ros_utilities/include/micro_ros_utilities
-- Installing: /home/orin_nano/microros_ws/install/micro_ros_utilities/include/micro_ros_utilities/string_utilities.h
-- Installing: /home/orin_nano/microros_ws/install/micro_ros_utilities/include/micro_ros_utilities/visibility_control.h
-- Installing: /home/orin_nano/microros_ws/install/micro_ros_utilities/include/micro_ros_utilities/type_utilities.h
-- Installing: /home/orin_nano/microros_ws/install/micro_ros_utilities/lib/libmicro_ros_utilities.a
-- Installing: /home/orin_nano/microros_ws/install/micro_ros_utilities/share/micro_ros_utilities/environment/library_path.sh
-- Installing: /home/orin_nano/microros_ws/install/micro_ros_utilities/share/micro_ros_utilities/environment/library_path.dsv
-- Installing: /home/orin_nano/microros_ws/install/micro_ros_utilities/share/ament_index/resource_index/package_run_dependencies/micro_ros_utilities
-- Installing: /home/orin_nano/microros_ws/install/micro_ros_utilities/share/ament_index/resource_index/parent_prefix_path/micro_ros_utilities
-- Installing: /home/orin_nano/microros_ws/install/micro_ros_utilities/share/micro_ros_utilities/environment/ament_prefix_path.sh
-- Installing: /home/orin_nano/microros_ws/install/micro_ros_utilities/share/micro_ros_utilities/environment/ament_prefix_path.dsv
-- Installing: /home/orin_nano/microros_ws/install/micro_ros_utilities/share/micro_ros_utilities/environment/path.sh
-- Installing: /home/orin_nano/microros_ws/install/micro_ros_utilities/share/micro_ros_utilities/environment/path.dsv
-- Installing: /home/orin_nano/microros_ws/install/micro_ros_utilities/share/micro_ros_utilities/local_setup.bash
-- Installing: /home/orin_nano/microros_ws/install/micro_ros_utilities/share/micro_ros_utilities/local_setup.sh
-- Installing: /home/orin_nano/microros_ws/install/micro_ros_utilities/share/micro_ros_utilities/local_setup.zsh
-- Installing: /home/orin_nano/microros_ws/install/micro_ros_utilities/share/micro_ros_utilities/local_setup.dsv
-- Installing: /home/orin_nano/microros_ws/install/micro_ros_utilities/share/micro_ros_utilities/package.dsv
-- Installing: /home/orin_nano/microros_ws/install/micro_ros_utilities/share/ament_index/resource_index/packages/micro_ros_utilities
-- Installing: /home/orin_nano/microros_ws/install/micro_ros_utilities/share/micro_ros_utilities/cmake/ament_cmake_export_include_directories-extras.cmake
-- Installing: /home/orin_nano/microros_ws/install/micro_ros_utilities/share/micro_ros_utilities/cmake/ament_cmake_export_libraries-extras.cmake
-- Installing: /home/orin_nano/microros_ws/install/micro_ros_utilities/share/micro_ros_utilities/cmake/ament_cmake_export_dependencies-extras.cmake
-- Installing: /home/orin_nano/microros_ws/install/micro_ros_utilities/share/micro_ros_utilities/cmake/micro_ros_utilitiesConfig.cmake
-- Installing: /home/orin_nano/microros_ws/install/micro_ros_utilities/share/micro_ros_utilities/cmake/micro_ros_utilitiesConfig-version.cmake
-- Installing: /home/orin_nano/microros_ws/install/micro_ros_utilities/share/micro_ros_utilities/package.xml
