[2.598s] Invoking command in '/home/orin_nano/microros_ws/build/micro_ros_utilities': AMENT_PREFIX_PATH=/home/orin_nano/microros_ws/install/rosidl_typesupport_introspection_c:/home/orin_nano/microros_ws/install/rosidl_cmake:/home/orin_nano/microros_ws/install/rosidl_runtime_c:/home/orin_nano/microros_ws/install/rosidl_parser:/home/orin_nano/microros_ws/install/rosidl_typesupport_interface:/home/orin_nano/microros_ws/install/rosidl_adapter:${AMENT_PREFIX_PATH} CMAKE_PREFIX_PATH=/home/orin_nano/microros_ws/install/rosidl_typesupport_introspection_c:/home/orin_nano/microros_ws/install/rosidl_cmake:/home/orin_nano/microros_ws/install/rosidl_runtime_c:/home/orin_nano/microros_ws/install/rosidl_parser:/home/orin_nano/microros_ws/install/rosidl_typesupport_interface:/home/orin_nano/microros_ws/install/rosidl_adapter:/home/orin_nano/microros_ws/install/micro_ros_setup:/home/orin_nano/microros_ws/install/micro_ros_agent:/home/orin_nano/microros_ws/install/micro_ros_msgs:/home/orin_nano/install/joy:/opt/ros/foxy LD_LIBRARY_PATH=/home/orin_nano/microros_ws/install/rosidl_typesupport_introspection_c/lib:/home/orin_nano/microros_ws/install/rosidl_runtime_c/lib:/home/orin_nano/microros_ws/install/micro_ros_agent/lib:/home/orin_nano/microros_ws/install/micro_ros_msgs/lib:/home/orin_nano/install/joy/lib:/opt/ros/foxy/opt/yaml_cpp_vendor/lib:/opt/ros/foxy/opt/rviz_ogre_vendor/lib:/opt/ros/foxy/lib/aarch64-linux-gnu:/opt/ros/foxy/lib:/usr/local/cuda-11.4/lib64 PYTHONPATH=/home/orin_nano/microros_ws/install/rosidl_typesupport_introspection_c/lib/python3.8/site-packages:/home/orin_nano/microros_ws/install/rosidl_cmake/lib/python3.8/site-packages:/home/orin_nano/microros_ws/install/rosidl_parser/lib/python3.8/site-packages:/home/orin_nano/microros_ws/install/rosidl_adapter/lib/python3.8/site-packages:${PYTHONPATH} /usr/bin/cmake /home/orin_nano/microros_ws/micro_ros_utilities/micro_ros_utilities -DCMAKE_INSTALL_PREFIX=/home/orin_nano/microros_ws/install/micro_ros_utilities
[2.706s] -- The C compiler identification is GNU 9.4.0
[2.807s] -- The CXX compiler identification is GNU 9.4.0
[2.816s] -- Check for working C compiler: /usr/bin/cc
[2.954s] -- Check for working C compiler: /usr/bin/cc -- works
[2.955s] -- Detecting C compiler ABI info
[3.095s] -- Detecting C compiler ABI info - done
[3.116s] -- Detecting C compile features
[3.116s] -- Detecting C compile features - done
[3.121s] -- Check for working CXX compiler: /usr/bin/c++
[3.274s] -- Check for working CXX compiler: /usr/bin/c++ -- works
[3.276s] -- Detecting CXX compiler ABI info
[3.432s] -- Detecting CXX compiler ABI info - done
[3.452s] -- Detecting CXX compile features
[3.453s] -- Detecting CXX compile features - done
[3.459s] -- Found ament_cmake: 0.9.12 (/opt/ros/foxy/share/ament_cmake/cmake)
[3.512s] -- Found PythonInterp: /usr/bin/python3 (found suitable version "3.8.10", minimum required is "3") 
[3.512s] -- Using PYTHON_EXECUTABLE: /usr/bin/python3
[3.981s] -- Found rosidl_typesupport_introspection_c: 1.3.1 (/home/orin_nano/microros_ws/install/rosidl_typesupport_introspection_c/share/rosidl_typesupport_introspection_c/cmake)
[3.992s] -- Found rosidl_adapter: 1.3.1 (/home/orin_nano/microros_ws/install/rosidl_adapter/share/rosidl_adapter/cmake)
[4.049s] -- Found ament_lint_auto: 0.9.8 (/opt/ros/foxy/share/ament_lint_auto/cmake)
[4.053s] -- Found ament_cmake_gtest: 0.9.12 (/opt/ros/foxy/share/ament_cmake_gtest/cmake)
[4.058s] -- Found std_msgs: 2.0.5 (/opt/ros/foxy/share/std_msgs/cmake)
[4.084s] -- Using all available rosidl_typesupport_c: rosidl_typesupport_introspection_c;rosidl_typesupport_fastrtps_c
[4.261s] -- Found OpenSSL: /usr/lib/aarch64-linux-gnu/libcrypto.so (found version "1.1.1f")  
[4.319s] -- Found FastRTPS: /opt/ros/foxy/include  
[4.465s] -- Using all available rosidl_typesupport_cpp: rosidl_typesupport_fastrtps_cpp;rosidl_typesupport_introspection_cpp
[4.553s] -- Found trajectory_msgs: 2.0.5 (/opt/ros/foxy/share/trajectory_msgs/cmake)
[4.921s] -- Found gtest sources under '/opt/ros/foxy/src/gtest_vendor': C++ tests using 'Google Test' will be built
[4.926s] -- Looking for pthread.h
[5.072s] -- Looking for pthread.h - found
[5.073s] -- Performing Test CMAKE_HAVE_LIBC_PTHREAD
[5.222s] -- Performing Test CMAKE_HAVE_LIBC_PTHREAD - Failed
[5.223s] -- Check if compiler accepts -pthread
[5.372s] -- Check if compiler accepts -pthread - yes
[5.372s] -- Found Threads: TRUE  
[5.397s] -- Added test 'cppcheck' to perform static code analysis on C / C++ code
[5.399s] -- Configured cppcheck include dirs: $<BUILD_INTERFACE:/home/orin_nano/microros_ws/micro_ros_utilities/micro_ros_utilities/include>;$<BUILD_INTERFACE:/home/orin_nano/microros_ws/micro_ros_utilities/micro_ros_utilities/src>;/home/orin_nano/microros_ws/micro_ros_utilities/micro_ros_utilities/include;/home/orin_nano/microros_ws/micro_ros_utilities/micro_ros_utilities/src
[5.400s] -- Configured cppcheck exclude dirs and/or files: 
[5.405s] -- Added test 'cpplint' to check C / C++ code against the Google style
[5.406s] -- Configured cpplint exclude dirs and/or files: 
[5.409s] -- Added test 'lint_cmake' to check CMake code style
[5.418s] -- Added test 'uncrustify' to check C / C++ code style
[5.419s] -- Configured uncrustify additional arguments: 
[5.420s] -- Added test 'xmllint' to check XML markup files
[5.428s] -- Configuring done
[5.450s] -- Generating done
[5.454s] -- Build files have been written to: /home/orin_nano/microros_ws/build/micro_ros_utilities
[6.823s] Invoked command in '/home/orin_nano/microros_ws/build/micro_ros_utilities' returned '0': AMENT_PREFIX_PATH=/home/orin_nano/microros_ws/install/rosidl_typesupport_introspection_c:/home/orin_nano/microros_ws/install/rosidl_cmake:/home/orin_nano/microros_ws/install/rosidl_runtime_c:/home/orin_nano/microros_ws/install/rosidl_parser:/home/orin_nano/microros_ws/install/rosidl_typesupport_interface:/home/orin_nano/microros_ws/install/rosidl_adapter:${AMENT_PREFIX_PATH} CMAKE_PREFIX_PATH=/home/orin_nano/microros_ws/install/rosidl_typesupport_introspection_c:/home/orin_nano/microros_ws/install/rosidl_cmake:/home/orin_nano/microros_ws/install/rosidl_runtime_c:/home/orin_nano/microros_ws/install/rosidl_parser:/home/orin_nano/microros_ws/install/rosidl_typesupport_interface:/home/orin_nano/microros_ws/install/rosidl_adapter:/home/orin_nano/microros_ws/install/micro_ros_setup:/home/orin_nano/microros_ws/install/micro_ros_agent:/home/orin_nano/microros_ws/install/micro_ros_msgs:/home/orin_nano/install/joy:/opt/ros/foxy LD_LIBRARY_PATH=/home/orin_nano/microros_ws/install/rosidl_typesupport_introspection_c/lib:/home/orin_nano/microros_ws/install/rosidl_runtime_c/lib:/home/orin_nano/microros_ws/install/micro_ros_agent/lib:/home/orin_nano/microros_ws/install/micro_ros_msgs/lib:/home/orin_nano/install/joy/lib:/opt/ros/foxy/opt/yaml_cpp_vendor/lib:/opt/ros/foxy/opt/rviz_ogre_vendor/lib:/opt/ros/foxy/lib/aarch64-linux-gnu:/opt/ros/foxy/lib:/usr/local/cuda-11.4/lib64 PYTHONPATH=/home/orin_nano/microros_ws/install/rosidl_typesupport_introspection_c/lib/python3.8/site-packages:/home/orin_nano/microros_ws/install/rosidl_cmake/lib/python3.8/site-packages:/home/orin_nano/microros_ws/install/rosidl_parser/lib/python3.8/site-packages:/home/orin_nano/microros_ws/install/rosidl_adapter/lib/python3.8/site-packages:${PYTHONPATH} /usr/bin/cmake /home/orin_nano/microros_ws/micro_ros_utilities/micro_ros_utilities -DCMAKE_INSTALL_PREFIX=/home/orin_nano/microros_ws/install/micro_ros_utilities
[6.829s] Invoking command in '/home/orin_nano/microros_ws/build/micro_ros_utilities': AMENT_PREFIX_PATH=/home/orin_nano/microros_ws/install/rosidl_typesupport_introspection_c:/home/orin_nano/microros_ws/install/rosidl_cmake:/home/orin_nano/microros_ws/install/rosidl_runtime_c:/home/orin_nano/microros_ws/install/rosidl_parser:/home/orin_nano/microros_ws/install/rosidl_typesupport_interface:/home/orin_nano/microros_ws/install/rosidl_adapter:${AMENT_PREFIX_PATH} CMAKE_PREFIX_PATH=/home/orin_nano/microros_ws/install/rosidl_typesupport_introspection_c:/home/orin_nano/microros_ws/install/rosidl_cmake:/home/orin_nano/microros_ws/install/rosidl_runtime_c:/home/orin_nano/microros_ws/install/rosidl_parser:/home/orin_nano/microros_ws/install/rosidl_typesupport_interface:/home/orin_nano/microros_ws/install/rosidl_adapter:/home/orin_nano/microros_ws/install/micro_ros_setup:/home/orin_nano/microros_ws/install/micro_ros_agent:/home/orin_nano/microros_ws/install/micro_ros_msgs:/home/orin_nano/install/joy:/opt/ros/foxy LD_LIBRARY_PATH=/home/orin_nano/microros_ws/install/rosidl_typesupport_introspection_c/lib:/home/orin_nano/microros_ws/install/rosidl_runtime_c/lib:/home/orin_nano/microros_ws/install/micro_ros_agent/lib:/home/orin_nano/microros_ws/install/micro_ros_msgs/lib:/home/orin_nano/install/joy/lib:/opt/ros/foxy/opt/yaml_cpp_vendor/lib:/opt/ros/foxy/opt/rviz_ogre_vendor/lib:/opt/ros/foxy/lib/aarch64-linux-gnu:/opt/ros/foxy/lib:/usr/local/cuda-11.4/lib64 PYTHONPATH=/home/orin_nano/microros_ws/install/rosidl_typesupport_introspection_c/lib/python3.8/site-packages:/home/orin_nano/microros_ws/install/rosidl_cmake/lib/python3.8/site-packages:/home/orin_nano/microros_ws/install/rosidl_parser/lib/python3.8/site-packages:/home/orin_nano/microros_ws/install/rosidl_adapter/lib/python3.8/site-packages:${PYTHONPATH} /usr/bin/cmake --build /home/orin_nano/microros_ws/build/micro_ros_utilities -- -j6 -l6
[6.918s] [35m[1mScanning dependencies of target gtest_main[0m
[6.919s] [35m[1mScanning dependencies of target gtest[0m
[6.919s] [35m[1mScanning dependencies of target micro_ros_utilities[0m
[6.949s] [ 20%] [32mBuilding CXX object gtest/CMakeFiles/gtest_main.dir/src/gtest_main.cc.o[0m
[6.949s] [ 20%] [32mBuilding C object CMakeFiles/micro_ros_utilities.dir/src/string_utilities.c.o[0m
[6.957s] [ 30%] [32mBuilding CXX object gtest/CMakeFiles/gtest.dir/src/gtest-all.cc.o[0m
[6.961s] [ 40%] [32mBuilding C object CMakeFiles/micro_ros_utilities.dir/src/type_utilities.c.o[0m
[7.099s] [ 50%] [32m[1mLinking C static library libmicro_ros_utilities.a[0m
[7.168s] [ 50%] Built target micro_ros_utilities
[8.573s] [ 60%] [32m[1mLinking CXX static library libgtest_main.a[0m
[8.651s] [ 60%] Built target gtest_main
[13.803s] [ 70%] [32m[1mLinking CXX static library libgtest.a[0m
[13.918s] [ 70%] Built target gtest
[13.941s] [35m[1mScanning dependencies of target micro_ros_utilities_test[0m
[13.985s] [ 90%] [32mBuilding CXX object CMakeFiles/micro_ros_utilities_test.dir/test/micro_ros_utilities/test_string.cpp.o[0m
[13.986s] [ 90%] [32mBuilding CXX object CMakeFiles/micro_ros_utilities_test.dir/test/micro_ros_utilities/test_memory.cpp.o[0m
[16.342s] [100%] [32m[1mLinking CXX executable micro_ros_utilities_test[0m
[16.664s] [100%] Built target micro_ros_utilities_test
[16.690s] Invoked command in '/home/orin_nano/microros_ws/build/micro_ros_utilities' returned '0': AMENT_PREFIX_PATH=/home/orin_nano/microros_ws/install/rosidl_typesupport_introspection_c:/home/orin_nano/microros_ws/install/rosidl_cmake:/home/orin_nano/microros_ws/install/rosidl_runtime_c:/home/orin_nano/microros_ws/install/rosidl_parser:/home/orin_nano/microros_ws/install/rosidl_typesupport_interface:/home/orin_nano/microros_ws/install/rosidl_adapter:${AMENT_PREFIX_PATH} CMAKE_PREFIX_PATH=/home/orin_nano/microros_ws/install/rosidl_typesupport_introspection_c:/home/orin_nano/microros_ws/install/rosidl_cmake:/home/orin_nano/microros_ws/install/rosidl_runtime_c:/home/orin_nano/microros_ws/install/rosidl_parser:/home/orin_nano/microros_ws/install/rosidl_typesupport_interface:/home/orin_nano/microros_ws/install/rosidl_adapter:/home/orin_nano/microros_ws/install/micro_ros_setup:/home/orin_nano/microros_ws/install/micro_ros_agent:/home/orin_nano/microros_ws/install/micro_ros_msgs:/home/orin_nano/install/joy:/opt/ros/foxy LD_LIBRARY_PATH=/home/orin_nano/microros_ws/install/rosidl_typesupport_introspection_c/lib:/home/orin_nano/microros_ws/install/rosidl_runtime_c/lib:/home/orin_nano/microros_ws/install/micro_ros_agent/lib:/home/orin_nano/microros_ws/install/micro_ros_msgs/lib:/home/orin_nano/install/joy/lib:/opt/ros/foxy/opt/yaml_cpp_vendor/lib:/opt/ros/foxy/opt/rviz_ogre_vendor/lib:/opt/ros/foxy/lib/aarch64-linux-gnu:/opt/ros/foxy/lib:/usr/local/cuda-11.4/lib64 PYTHONPATH=/home/orin_nano/microros_ws/install/rosidl_typesupport_introspection_c/lib/python3.8/site-packages:/home/orin_nano/microros_ws/install/rosidl_cmake/lib/python3.8/site-packages:/home/orin_nano/microros_ws/install/rosidl_parser/lib/python3.8/site-packages:/home/orin_nano/microros_ws/install/rosidl_adapter/lib/python3.8/site-packages:${PYTHONPATH} /usr/bin/cmake --build /home/orin_nano/microros_ws/build/micro_ros_utilities -- -j6 -l6
[16.761s] Invoking command in '/home/orin_nano/microros_ws/build/micro_ros_utilities': AMENT_PREFIX_PATH=/home/orin_nano/microros_ws/install/rosidl_typesupport_introspection_c:/home/orin_nano/microros_ws/install/rosidl_cmake:/home/orin_nano/microros_ws/install/rosidl_runtime_c:/home/orin_nano/microros_ws/install/rosidl_parser:/home/orin_nano/microros_ws/install/rosidl_typesupport_interface:/home/orin_nano/microros_ws/install/rosidl_adapter:${AMENT_PREFIX_PATH} CMAKE_PREFIX_PATH=/home/orin_nano/microros_ws/install/rosidl_typesupport_introspection_c:/home/orin_nano/microros_ws/install/rosidl_cmake:/home/orin_nano/microros_ws/install/rosidl_runtime_c:/home/orin_nano/microros_ws/install/rosidl_parser:/home/orin_nano/microros_ws/install/rosidl_typesupport_interface:/home/orin_nano/microros_ws/install/rosidl_adapter:/home/orin_nano/microros_ws/install/micro_ros_setup:/home/orin_nano/microros_ws/install/micro_ros_agent:/home/orin_nano/microros_ws/install/micro_ros_msgs:/home/orin_nano/install/joy:/opt/ros/foxy LD_LIBRARY_PATH=/home/orin_nano/microros_ws/install/rosidl_typesupport_introspection_c/lib:/home/orin_nano/microros_ws/install/rosidl_runtime_c/lib:/home/orin_nano/microros_ws/install/micro_ros_agent/lib:/home/orin_nano/microros_ws/install/micro_ros_msgs/lib:/home/orin_nano/install/joy/lib:/opt/ros/foxy/opt/yaml_cpp_vendor/lib:/opt/ros/foxy/opt/rviz_ogre_vendor/lib:/opt/ros/foxy/lib/aarch64-linux-gnu:/opt/ros/foxy/lib:/usr/local/cuda-11.4/lib64 PYTHONPATH=/home/orin_nano/microros_ws/install/rosidl_typesupport_introspection_c/lib/python3.8/site-packages:/home/orin_nano/microros_ws/install/rosidl_cmake/lib/python3.8/site-packages:/home/orin_nano/microros_ws/install/rosidl_parser/lib/python3.8/site-packages:/home/orin_nano/microros_ws/install/rosidl_adapter/lib/python3.8/site-packages:${PYTHONPATH} /usr/bin/cmake --install /home/orin_nano/microros_ws/build/micro_ros_utilities
[16.781s] -- Install configuration: ""
[16.781s] -- Installing: /home/orin_nano/microros_ws/install/micro_ros_utilities/include
[16.781s] -- Installing: /home/orin_nano/microros_ws/install/micro_ros_utilities/include/micro_ros_utilities.zip
[16.782s] -- Installing: /home/orin_nano/microros_ws/install/micro_ros_utilities/include/micro_ros_utilities
[16.782s] -- Installing: /home/orin_nano/microros_ws/install/micro_ros_utilities/include/micro_ros_utilities/string_utilities.h
[16.782s] -- Installing: /home/orin_nano/microros_ws/install/micro_ros_utilities/include/micro_ros_utilities/visibility_control.h
[16.782s] -- Installing: /home/orin_nano/microros_ws/install/micro_ros_utilities/include/micro_ros_utilities/type_utilities.h
[16.782s] -- Installing: /home/orin_nano/microros_ws/install/micro_ros_utilities/lib/libmicro_ros_utilities.a
[16.783s] -- Installing: /home/orin_nano/microros_ws/install/micro_ros_utilities/share/micro_ros_utilities/environment/library_path.sh
[16.783s] -- Installing: /home/orin_nano/microros_ws/install/micro_ros_utilities/share/micro_ros_utilities/environment/library_path.dsv
[16.784s] -- Installing: /home/orin_nano/microros_ws/install/micro_ros_utilities/share/ament_index/resource_index/package_run_dependencies/micro_ros_utilities
[16.784s] -- Installing: /home/orin_nano/microros_ws/install/micro_ros_utilities/share/ament_index/resource_index/parent_prefix_path/micro_ros_utilities
[16.784s] -- Installing: /home/orin_nano/microros_ws/install/micro_ros_utilities/share/micro_ros_utilities/environment/ament_prefix_path.sh
[16.785s] -- Installing: /home/orin_nano/microros_ws/install/micro_ros_utilities/share/micro_ros_utilities/environment/ament_prefix_path.dsv
[16.785s] -- Installing: /home/orin_nano/microros_ws/install/micro_ros_utilities/share/micro_ros_utilities/environment/path.sh
[16.785s] -- Installing: /home/orin_nano/microros_ws/install/micro_ros_utilities/share/micro_ros_utilities/environment/path.dsv
[16.786s] -- Installing: /home/orin_nano/microros_ws/install/micro_ros_utilities/share/micro_ros_utilities/local_setup.bash
[16.786s] -- Installing: /home/orin_nano/microros_ws/install/micro_ros_utilities/share/micro_ros_utilities/local_setup.sh
[16.786s] -- Installing: /home/orin_nano/microros_ws/install/micro_ros_utilities/share/micro_ros_utilities/local_setup.zsh
[16.786s] -- Installing: /home/orin_nano/microros_ws/install/micro_ros_utilities/share/micro_ros_utilities/local_setup.dsv
[16.787s] -- Installing: /home/orin_nano/microros_ws/install/micro_ros_utilities/share/micro_ros_utilities/package.dsv
[16.787s] -- Installing: /home/orin_nano/microros_ws/install/micro_ros_utilities/share/ament_index/resource_index/packages/micro_ros_utilities
[16.787s] -- Installing: /home/orin_nano/microros_ws/install/micro_ros_utilities/share/micro_ros_utilities/cmake/ament_cmake_export_include_directories-extras.cmake
[16.788s] -- Installing: /home/orin_nano/microros_ws/install/micro_ros_utilities/share/micro_ros_utilities/cmake/ament_cmake_export_libraries-extras.cmake
[16.788s] -- Installing: /home/orin_nano/microros_ws/install/micro_ros_utilities/share/micro_ros_utilities/cmake/ament_cmake_export_dependencies-extras.cmake
[16.788s] -- Installing: /home/orin_nano/microros_ws/install/micro_ros_utilities/share/micro_ros_utilities/cmake/micro_ros_utilitiesConfig.cmake
[16.788s] -- Installing: /home/orin_nano/microros_ws/install/micro_ros_utilities/share/micro_ros_utilities/cmake/micro_ros_utilitiesConfig-version.cmake
[16.789s] -- Installing: /home/orin_nano/microros_ws/install/micro_ros_utilities/share/micro_ros_utilities/package.xml
[16.793s] Invoked command in '/home/orin_nano/microros_ws/build/micro_ros_utilities' returned '0': AMENT_PREFIX_PATH=/home/orin_nano/microros_ws/install/rosidl_typesupport_introspection_c:/home/orin_nano/microros_ws/install/rosidl_cmake:/home/orin_nano/microros_ws/install/rosidl_runtime_c:/home/orin_nano/microros_ws/install/rosidl_parser:/home/orin_nano/microros_ws/install/rosidl_typesupport_interface:/home/orin_nano/microros_ws/install/rosidl_adapter:${AMENT_PREFIX_PATH} CMAKE_PREFIX_PATH=/home/orin_nano/microros_ws/install/rosidl_typesupport_introspection_c:/home/orin_nano/microros_ws/install/rosidl_cmake:/home/orin_nano/microros_ws/install/rosidl_runtime_c:/home/orin_nano/microros_ws/install/rosidl_parser:/home/orin_nano/microros_ws/install/rosidl_typesupport_interface:/home/orin_nano/microros_ws/install/rosidl_adapter:/home/orin_nano/microros_ws/install/micro_ros_setup:/home/orin_nano/microros_ws/install/micro_ros_agent:/home/orin_nano/microros_ws/install/micro_ros_msgs:/home/orin_nano/install/joy:/opt/ros/foxy LD_LIBRARY_PATH=/home/orin_nano/microros_ws/install/rosidl_typesupport_introspection_c/lib:/home/orin_nano/microros_ws/install/rosidl_runtime_c/lib:/home/orin_nano/microros_ws/install/micro_ros_agent/lib:/home/orin_nano/microros_ws/install/micro_ros_msgs/lib:/home/orin_nano/install/joy/lib:/opt/ros/foxy/opt/yaml_cpp_vendor/lib:/opt/ros/foxy/opt/rviz_ogre_vendor/lib:/opt/ros/foxy/lib/aarch64-linux-gnu:/opt/ros/foxy/lib:/usr/local/cuda-11.4/lib64 PYTHONPATH=/home/orin_nano/microros_ws/install/rosidl_typesupport_introspection_c/lib/python3.8/site-packages:/home/orin_nano/microros_ws/install/rosidl_cmake/lib/python3.8/site-packages:/home/orin_nano/microros_ws/install/rosidl_parser/lib/python3.8/site-packages:/home/orin_nano/microros_ws/install/rosidl_adapter/lib/python3.8/site-packages:${PYTHONPATH} /usr/bin/cmake --install /home/orin_nano/microros_ws/build/micro_ros_utilities
