[2.471s] Invoking command in '/home/orin_nano/microros_ws/build/rosidl_typesupport_introspection_c': AMENT_PREFIX_PATH=/home/orin_nano/microros_ws/install/rosidl_cmake:/home/orin_nano/microros_ws/install/rosidl_runtime_c:/home/orin_nano/microros_ws/install/rosidl_parser:/home/orin_nano/microros_ws/install/rosidl_typesupport_interface:/home/orin_nano/microros_ws/install/rosidl_adapter:${AMENT_PREFIX_PATH} CMAKE_PREFIX_PATH=/home/orin_nano/microros_ws/install/rosidl_cmake:/home/orin_nano/microros_ws/install/rosidl_runtime_c:/home/orin_nano/microros_ws/install/rosidl_parser:/home/orin_nano/microros_ws/install/rosidl_typesupport_interface:/home/orin_nano/microros_ws/install/rosidl_adapter:/home/orin_nano/microros_ws/install/micro_ros_setup:/home/orin_nano/microros_ws/install/micro_ros_agent:/home/orin_nano/microros_ws/install/micro_ros_msgs:/home/orin_nano/install/joy:/opt/ros/foxy LD_LIBRARY_PATH=/home/orin_nano/microros_ws/install/rosidl_runtime_c/lib:/home/orin_nano/microros_ws/install/micro_ros_agent/lib:/home/orin_nano/microros_ws/install/micro_ros_msgs/lib:/home/orin_nano/install/joy/lib:/opt/ros/foxy/opt/yaml_cpp_vendor/lib:/opt/ros/foxy/opt/rviz_ogre_vendor/lib:/opt/ros/foxy/lib/aarch64-linux-gnu:/opt/ros/foxy/lib:/usr/local/cuda-11.4/lib64 PYTHONPATH=/home/orin_nano/microros_ws/install/rosidl_cmake/lib/python3.8/site-packages:/home/orin_nano/microros_ws/install/rosidl_parser/lib/python3.8/site-packages:/home/orin_nano/microros_ws/install/rosidl_adapter/lib/python3.8/site-packages:${PYTHONPATH} /usr/bin/cmake /home/orin_nano/microros_ws/rosidl-foxy/rosidl_typesupport_introspection_c -DCMAKE_INSTALL_PREFIX=/home/orin_nano/microros_ws/install/rosidl_typesupport_introspection_c
[2.577s] -- The C compiler identification is GNU 9.4.0
[2.675s] -- The CXX compiler identification is GNU 9.4.0
[2.684s] -- Check for working C compiler: /usr/bin/cc
[2.817s] -- Check for working C compiler: /usr/bin/cc -- works
[2.818s] -- Detecting C compiler ABI info
[2.953s] -- Detecting C compiler ABI info - done
[2.988s] -- Detecting C compile features
[2.988s] -- Detecting C compile features - done
[2.994s] -- Check for working CXX compiler: /usr/bin/c++
[3.146s] -- Check for working CXX compiler: /usr/bin/c++ -- works
[3.150s] -- Detecting CXX compiler ABI info
[3.312s] -- Detecting CXX compiler ABI info - done
[3.342s] -- Detecting CXX compile features
[3.343s] -- Detecting CXX compile features - done
[3.348s] -- Found ament_cmake_python: 0.9.12 (/opt/ros/foxy/share/ament_cmake_python/cmake)
[3.352s] -- Found ament_cmake_ros: 0.9.2 (/opt/ros/foxy/share/ament_cmake_ros/cmake)
[3.419s] -- Found PythonInterp: /usr/bin/python3 (found suitable version "3.8.10", minimum required is "3") 
[3.419s] -- Using PYTHON_EXECUTABLE: /usr/bin/python3
[3.923s] -- Found ament_lint_auto: 0.9.8 (/opt/ros/foxy/share/ament_lint_auto/cmake)
[4.079s] -- Added test 'copyright' to check source files copyright and LICENSE
[4.083s] -- Added test 'cppcheck' to perform static code analysis on C / C++ code
[4.083s] -- Configured cppcheck include dirs: $<BUILD_INTERFACE:/home/orin_nano/microros_ws/rosidl-foxy/rosidl_typesupport_introspection_c/include>
[4.083s] -- Configured cppcheck exclude dirs and/or files: 
[4.086s] -- Added test 'cpplint' to check C / C++ code against the Google style
[4.086s] -- Configured cpplint exclude dirs and/or files: 
[4.087s] -- Added test 'flake8' to check Python code syntax and style conventions
[4.089s] -- Added test 'lint_cmake' to check CMake code style
[4.090s] -- Added test 'pep257' to check Python code against some of the style conventions in PEP 257
[4.093s] -- Added test 'uncrustify' to check C / C++ code style
[4.093s] -- Configured uncrustify additional arguments: 
[4.094s] -- Added test 'xmllint' to check XML markup files
[4.102s] -- Configuring done
[4.109s] -- Generating done
[4.111s] -- Build files have been written to: /home/orin_nano/microros_ws/build/rosidl_typesupport_introspection_c
