[1.387s] Invoking command in '/home/orin_nano/microros_ws/build/rosidl_typesupport_introspection_cpp': AMENT_PREFIX_PATH=/home/orin_nano/microros_ws/install/rosidl_typesupport_introspection_c:/home/orin_nano/microros_ws/install/rosidl_cmake:/home/orin_nano/microros_ws/install/rosidl_runtime_c:/home/orin_nano/microros_ws/install/rosidl_parser:/home/orin_nano/microros_ws/install/rosidl_typesupport_interface:/home/orin_nano/microros_ws/install/rosidl_runtime_cpp:/home/orin_nano/microros_ws/install/rosidl_adapter:${AMENT_PREFIX_PATH} CMAKE_PREFIX_PATH=/home/orin_nano/microros_ws/install/rosidl_typesupport_introspection_c:/home/orin_nano/microros_ws/install/rosidl_cmake:/home/orin_nano/microros_ws/install/rosidl_runtime_c:/home/orin_nano/microros_ws/install/rosidl_parser:/home/orin_nano/microros_ws/install/rosidl_typesupport_interface:/home/orin_nano/microros_ws/install/rosidl_runtime_cpp:/home/orin_nano/microros_ws/install/rosidl_adapter:/home/orin_nano/microros_ws/install/micro_ros_setup:/home/orin_nano/microros_ws/install/micro_ros_agent:/home/orin_nano/microros_ws/install/micro_ros_msgs:/home/orin_nano/install/joy:/opt/ros/foxy LD_LIBRARY_PATH=/home/orin_nano/microros_ws/install/rosidl_typesupport_introspection_c/lib:/home/orin_nano/microros_ws/install/rosidl_runtime_c/lib:/home/orin_nano/microros_ws/install/micro_ros_agent/lib:/home/orin_nano/microros_ws/install/micro_ros_msgs/lib:/home/orin_nano/install/joy/lib:/opt/ros/foxy/opt/yaml_cpp_vendor/lib:/opt/ros/foxy/opt/rviz_ogre_vendor/lib:/opt/ros/foxy/lib/aarch64-linux-gnu:/opt/ros/foxy/lib:/usr/local/cuda-11.4/lib64 PYTHONPATH=/home/orin_nano/microros_ws/install/rosidl_typesupport_introspection_c/lib/python3.8/site-packages:/home/orin_nano/microros_ws/install/rosidl_cmake/lib/python3.8/site-packages:/home/orin_nano/microros_ws/install/rosidl_parser/lib/python3.8/site-packages:/home/orin_nano/microros_ws/install/rosidl_adapter/lib/python3.8/site-packages:${PYTHONPATH} /usr/bin/cmake /home/orin_nano/microros_ws/rosidl-foxy/rosidl_typesupport_introspection_cpp -DCMAKE_INSTALL_PREFIX=/home/orin_nano/microros_ws/install/rosidl_typesupport_introspection_cpp
[1.495s] -- The C compiler identification is GNU 9.4.0
[1.597s] -- The CXX compiler identification is GNU 9.4.0
[1.607s] -- Check for working C compiler: /usr/bin/cc
[1.747s] -- Check for working C compiler: /usr/bin/cc -- works
[1.749s] -- Detecting C compiler ABI info
[1.889s] -- Detecting C compiler ABI info - done
[1.908s] -- Detecting C compile features
[1.908s] -- Detecting C compile features - done
[1.913s] -- Check for working CXX compiler: /usr/bin/c++
[2.068s] -- Check for working CXX compiler: /usr/bin/c++ -- works
[2.070s] -- Detecting CXX compiler ABI info
[2.226s] -- Detecting CXX compiler ABI info - done
[2.247s] -- Detecting CXX compile features
[2.248s] -- Detecting CXX compile features - done
[2.252s] -- Found ament_cmake_python: 0.9.12 (/opt/ros/foxy/share/ament_cmake_python/cmake)
[2.257s] -- Found ament_cmake_ros: 0.9.2 (/opt/ros/foxy/share/ament_cmake_ros/cmake)
[2.330s] -- Found PythonInterp: /usr/bin/python3 (found suitable version "3.8.10", minimum required is "3") 
[2.330s] -- Using PYTHON_EXECUTABLE: /usr/bin/python3
[2.795s] -- Found rosidl_runtime_cpp: 1.3.1 (/home/orin_nano/microros_ws/install/rosidl_runtime_cpp/share/rosidl_runtime_cpp/cmake)
[2.798s] -- Found rosidl_typesupport_introspection_c: 1.3.1 (/home/orin_nano/microros_ws/install/rosidl_typesupport_introspection_c/share/rosidl_typesupport_introspection_c/cmake)
[2.809s] -- Found rosidl_adapter: 1.3.1 (/home/orin_nano/microros_ws/install/rosidl_adapter/share/rosidl_adapter/cmake)
[2.921s] -- Found ament_lint_auto: 0.9.8 (/opt/ros/foxy/share/ament_lint_auto/cmake)
[3.094s] -- Added test 'copyright' to check source files copyright and LICENSE
[3.097s] -- Added test 'cppcheck' to perform static code analysis on C / C++ code
[3.098s] -- Configured cppcheck include dirs: $<BUILD_INTERFACE:/home/orin_nano/microros_ws/rosidl-foxy/rosidl_typesupport_introspection_cpp/include>
[3.099s] -- Configured cppcheck exclude dirs and/or files: 
[3.101s] -- Added test 'cpplint' to check C / C++ code against the Google style
[3.102s] -- Configured cpplint exclude dirs and/or files: 
[3.103s] -- Added test 'flake8' to check Python code syntax and style conventions
[3.104s] -- Added test 'lint_cmake' to check CMake code style
[3.105s] -- Added test 'pep257' to check Python code against some of the style conventions in PEP 257
[3.108s] -- Added test 'uncrustify' to check C / C++ code style
[3.109s] -- Configured uncrustify additional arguments: 
[3.110s] -- Added test 'xmllint' to check XML markup files
[3.118s] -- Configuring done
[3.127s] -- Generating done
[3.129s] -- Build files have been written to: /home/orin_nano/microros_ws/build/rosidl_typesupport_introspection_cpp
[5.567s] Invoked command in '/home/orin_nano/microros_ws/build/rosidl_typesupport_introspection_cpp' returned '0': AMENT_PREFIX_PATH=/home/orin_nano/microros_ws/install/rosidl_typesupport_introspection_c:/home/orin_nano/microros_ws/install/rosidl_cmake:/home/orin_nano/microros_ws/install/rosidl_runtime_c:/home/orin_nano/microros_ws/install/rosidl_parser:/home/orin_nano/microros_ws/install/rosidl_typesupport_interface:/home/orin_nano/microros_ws/install/rosidl_runtime_cpp:/home/orin_nano/microros_ws/install/rosidl_adapter:${AMENT_PREFIX_PATH} CMAKE_PREFIX_PATH=/home/orin_nano/microros_ws/install/rosidl_typesupport_introspection_c:/home/orin_nano/microros_ws/install/rosidl_cmake:/home/orin_nano/microros_ws/install/rosidl_runtime_c:/home/orin_nano/microros_ws/install/rosidl_parser:/home/orin_nano/microros_ws/install/rosidl_typesupport_interface:/home/orin_nano/microros_ws/install/rosidl_runtime_cpp:/home/orin_nano/microros_ws/install/rosidl_adapter:/home/orin_nano/microros_ws/install/micro_ros_setup:/home/orin_nano/microros_ws/install/micro_ros_agent:/home/orin_nano/microros_ws/install/micro_ros_msgs:/home/orin_nano/install/joy:/opt/ros/foxy LD_LIBRARY_PATH=/home/orin_nano/microros_ws/install/rosidl_typesupport_introspection_c/lib:/home/orin_nano/microros_ws/install/rosidl_runtime_c/lib:/home/orin_nano/microros_ws/install/micro_ros_agent/lib:/home/orin_nano/microros_ws/install/micro_ros_msgs/lib:/home/orin_nano/install/joy/lib:/opt/ros/foxy/opt/yaml_cpp_vendor/lib:/opt/ros/foxy/opt/rviz_ogre_vendor/lib:/opt/ros/foxy/lib/aarch64-linux-gnu:/opt/ros/foxy/lib:/usr/local/cuda-11.4/lib64 PYTHONPATH=/home/orin_nano/microros_ws/install/rosidl_typesupport_introspection_c/lib/python3.8/site-packages:/home/orin_nano/microros_ws/install/rosidl_cmake/lib/python3.8/site-packages:/home/orin_nano/microros_ws/install/rosidl_parser/lib/python3.8/site-packages:/home/orin_nano/microros_ws/install/rosidl_adapter/lib/python3.8/site-packages:${PYTHONPATH} /usr/bin/cmake /home/orin_nano/microros_ws/rosidl-foxy/rosidl_typesupport_introspection_cpp -DCMAKE_INSTALL_PREFIX=/home/orin_nano/microros_ws/install/rosidl_typesupport_introspection_cpp
[5.572s] Invoking command in '/home/orin_nano/microros_ws/build/rosidl_typesupport_introspection_cpp': AMENT_PREFIX_PATH=/home/orin_nano/microros_ws/install/rosidl_typesupport_introspection_c:/home/orin_nano/microros_ws/install/rosidl_cmake:/home/orin_nano/microros_ws/install/rosidl_runtime_c:/home/orin_nano/microros_ws/install/rosidl_parser:/home/orin_nano/microros_ws/install/rosidl_typesupport_interface:/home/orin_nano/microros_ws/install/rosidl_runtime_cpp:/home/orin_nano/microros_ws/install/rosidl_adapter:${AMENT_PREFIX_PATH} CMAKE_PREFIX_PATH=/home/orin_nano/microros_ws/install/rosidl_typesupport_introspection_c:/home/orin_nano/microros_ws/install/rosidl_cmake:/home/orin_nano/microros_ws/install/rosidl_runtime_c:/home/orin_nano/microros_ws/install/rosidl_parser:/home/orin_nano/microros_ws/install/rosidl_typesupport_interface:/home/orin_nano/microros_ws/install/rosidl_runtime_cpp:/home/orin_nano/microros_ws/install/rosidl_adapter:/home/orin_nano/microros_ws/install/micro_ros_setup:/home/orin_nano/microros_ws/install/micro_ros_agent:/home/orin_nano/microros_ws/install/micro_ros_msgs:/home/orin_nano/install/joy:/opt/ros/foxy LD_LIBRARY_PATH=/home/orin_nano/microros_ws/install/rosidl_typesupport_introspection_c/lib:/home/orin_nano/microros_ws/install/rosidl_runtime_c/lib:/home/orin_nano/microros_ws/install/micro_ros_agent/lib:/home/orin_nano/microros_ws/install/micro_ros_msgs/lib:/home/orin_nano/install/joy/lib:/opt/ros/foxy/opt/yaml_cpp_vendor/lib:/opt/ros/foxy/opt/rviz_ogre_vendor/lib:/opt/ros/foxy/lib/aarch64-linux-gnu:/opt/ros/foxy/lib:/usr/local/cuda-11.4/lib64 PYTHONPATH=/home/orin_nano/microros_ws/install/rosidl_typesupport_introspection_c/lib/python3.8/site-packages:/home/orin_nano/microros_ws/install/rosidl_cmake/lib/python3.8/site-packages:/home/orin_nano/microros_ws/install/rosidl_parser/lib/python3.8/site-packages:/home/orin_nano/microros_ws/install/rosidl_adapter/lib/python3.8/site-packages:${PYTHONPATH} /usr/bin/cmake --build /home/orin_nano/microros_ws/build/rosidl_typesupport_introspection_cpp -- -j6 -l6
[5.661s] [35m[1mScanning dependencies of target rosidl_typesupport_introspection_cpp[0m
[5.686s] [ 50%] [32mBuilding CXX object CMakeFiles/rosidl_typesupport_introspection_cpp.dir/src/identifier.cpp.o[0m
[5.738s] [100%] [32m[1mLinking CXX shared library librosidl_typesupport_introspection_cpp.so[0m
[5.819s] [100%] Built target rosidl_typesupport_introspection_cpp
[5.846s] Invoked command in '/home/orin_nano/microros_ws/build/rosidl_typesupport_introspection_cpp' returned '0': AMENT_PREFIX_PATH=/home/orin_nano/microros_ws/install/rosidl_typesupport_introspection_c:/home/orin_nano/microros_ws/install/rosidl_cmake:/home/orin_nano/microros_ws/install/rosidl_runtime_c:/home/orin_nano/microros_ws/install/rosidl_parser:/home/orin_nano/microros_ws/install/rosidl_typesupport_interface:/home/orin_nano/microros_ws/install/rosidl_runtime_cpp:/home/orin_nano/microros_ws/install/rosidl_adapter:${AMENT_PREFIX_PATH} CMAKE_PREFIX_PATH=/home/orin_nano/microros_ws/install/rosidl_typesupport_introspection_c:/home/orin_nano/microros_ws/install/rosidl_cmake:/home/orin_nano/microros_ws/install/rosidl_runtime_c:/home/orin_nano/microros_ws/install/rosidl_parser:/home/orin_nano/microros_ws/install/rosidl_typesupport_interface:/home/orin_nano/microros_ws/install/rosidl_runtime_cpp:/home/orin_nano/microros_ws/install/rosidl_adapter:/home/orin_nano/microros_ws/install/micro_ros_setup:/home/orin_nano/microros_ws/install/micro_ros_agent:/home/orin_nano/microros_ws/install/micro_ros_msgs:/home/orin_nano/install/joy:/opt/ros/foxy LD_LIBRARY_PATH=/home/orin_nano/microros_ws/install/rosidl_typesupport_introspection_c/lib:/home/orin_nano/microros_ws/install/rosidl_runtime_c/lib:/home/orin_nano/microros_ws/install/micro_ros_agent/lib:/home/orin_nano/microros_ws/install/micro_ros_msgs/lib:/home/orin_nano/install/joy/lib:/opt/ros/foxy/opt/yaml_cpp_vendor/lib:/opt/ros/foxy/opt/rviz_ogre_vendor/lib:/opt/ros/foxy/lib/aarch64-linux-gnu:/opt/ros/foxy/lib:/usr/local/cuda-11.4/lib64 PYTHONPATH=/home/orin_nano/microros_ws/install/rosidl_typesupport_introspection_c/lib/python3.8/site-packages:/home/orin_nano/microros_ws/install/rosidl_cmake/lib/python3.8/site-packages:/home/orin_nano/microros_ws/install/rosidl_parser/lib/python3.8/site-packages:/home/orin_nano/microros_ws/install/rosidl_adapter/lib/python3.8/site-packages:${PYTHONPATH} /usr/bin/cmake --build /home/orin_nano/microros_ws/build/rosidl_typesupport_introspection_cpp -- -j6 -l6
[5.919s] Invoking command in '/home/orin_nano/microros_ws/build/rosidl_typesupport_introspection_cpp': AMENT_PREFIX_PATH=/home/orin_nano/microros_ws/install/rosidl_typesupport_introspection_c:/home/orin_nano/microros_ws/install/rosidl_cmake:/home/orin_nano/microros_ws/install/rosidl_runtime_c:/home/orin_nano/microros_ws/install/rosidl_parser:/home/orin_nano/microros_ws/install/rosidl_typesupport_interface:/home/orin_nano/microros_ws/install/rosidl_runtime_cpp:/home/orin_nano/microros_ws/install/rosidl_adapter:${AMENT_PREFIX_PATH} CMAKE_PREFIX_PATH=/home/orin_nano/microros_ws/install/rosidl_typesupport_introspection_c:/home/orin_nano/microros_ws/install/rosidl_cmake:/home/orin_nano/microros_ws/install/rosidl_runtime_c:/home/orin_nano/microros_ws/install/rosidl_parser:/home/orin_nano/microros_ws/install/rosidl_typesupport_interface:/home/orin_nano/microros_ws/install/rosidl_runtime_cpp:/home/orin_nano/microros_ws/install/rosidl_adapter:/home/orin_nano/microros_ws/install/micro_ros_setup:/home/orin_nano/microros_ws/install/micro_ros_agent:/home/orin_nano/microros_ws/install/micro_ros_msgs:/home/orin_nano/install/joy:/opt/ros/foxy LD_LIBRARY_PATH=/home/orin_nano/microros_ws/install/rosidl_typesupport_introspection_c/lib:/home/orin_nano/microros_ws/install/rosidl_runtime_c/lib:/home/orin_nano/microros_ws/install/micro_ros_agent/lib:/home/orin_nano/microros_ws/install/micro_ros_msgs/lib:/home/orin_nano/install/joy/lib:/opt/ros/foxy/opt/yaml_cpp_vendor/lib:/opt/ros/foxy/opt/rviz_ogre_vendor/lib:/opt/ros/foxy/lib/aarch64-linux-gnu:/opt/ros/foxy/lib:/usr/local/cuda-11.4/lib64 PYTHONPATH=/home/orin_nano/microros_ws/install/rosidl_typesupport_introspection_c/lib/python3.8/site-packages:/home/orin_nano/microros_ws/install/rosidl_cmake/lib/python3.8/site-packages:/home/orin_nano/microros_ws/install/rosidl_parser/lib/python3.8/site-packages:/home/orin_nano/microros_ws/install/rosidl_adapter/lib/python3.8/site-packages:${PYTHONPATH} /usr/bin/cmake --install /home/orin_nano/microros_ws/build/rosidl_typesupport_introspection_cpp
[5.940s] -- Install configuration: ""
[5.940s] -- Installing: /home/orin_nano/microros_ws/install/rosidl_typesupport_introspection_cpp/share/rosidl_typesupport_introspection_cpp/environment/pythonpath.sh
[5.940s] -- Installing: /home/orin_nano/microros_ws/install/rosidl_typesupport_introspection_cpp/share/rosidl_typesupport_introspection_cpp/environment/pythonpath.dsv
[5.941s] -- Installing: /home/orin_nano/microros_ws/install/rosidl_typesupport_introspection_cpp/lib/python3.8/site-packages/rosidl_typesupport_introspection_cpp
[5.941s] -- Installing: /home/orin_nano/microros_ws/install/rosidl_typesupport_introspection_cpp/lib/python3.8/site-packages/rosidl_typesupport_introspection_cpp/__init__.py
[6.010s] Listing '/home/orin_nano/microros_ws/install/rosidl_typesupport_introspection_cpp/lib/python3.8/site-packages/rosidl_typesupport_introspection_cpp'...
[6.010s] Compiling '/home/orin_nano/microros_ws/install/rosidl_typesupport_introspection_cpp/lib/python3.8/site-packages/rosidl_typesupport_introspection_cpp/__init__.py'...
[6.021s] -- Installing: /home/orin_nano/microros_ws/install/rosidl_typesupport_introspection_cpp/share/rosidl_typesupport_introspection_cpp/environment/library_path.sh
[6.021s] -- Installing: /home/orin_nano/microros_ws/install/rosidl_typesupport_introspection_cpp/share/rosidl_typesupport_introspection_cpp/environment/library_path.dsv
[6.021s] -- Installing: /home/orin_nano/microros_ws/install/rosidl_typesupport_introspection_cpp/share/ament_index/resource_index/rosidl_typesupport_cpp/rosidl_typesupport_introspection_cpp
[6.022s] -- Installing: /home/orin_nano/microros_ws/install/rosidl_typesupport_introspection_cpp/share/ament_index/resource_index/rosidl_runtime_packages/rosidl_typesupport_introspection_cpp
[6.022s] -- Installing: /home/orin_nano/microros_ws/install/rosidl_typesupport_introspection_cpp/share/ament_index/resource_index/package_run_dependencies/rosidl_typesupport_introspection_cpp
[6.023s] -- Installing: /home/orin_nano/microros_ws/install/rosidl_typesupport_introspection_cpp/share/ament_index/resource_index/parent_prefix_path/rosidl_typesupport_introspection_cpp
[6.023s] -- Installing: /home/orin_nano/microros_ws/install/rosidl_typesupport_introspection_cpp/share/rosidl_typesupport_introspection_cpp/environment/ament_prefix_path.sh
[6.023s] -- Installing: /home/orin_nano/microros_ws/install/rosidl_typesupport_introspection_cpp/share/rosidl_typesupport_introspection_cpp/environment/ament_prefix_path.dsv
[6.024s] -- Installing: /home/orin_nano/microros_ws/install/rosidl_typesupport_introspection_cpp/share/rosidl_typesupport_introspection_cpp/environment/path.sh
[6.024s] -- Installing: /home/orin_nano/microros_ws/install/rosidl_typesupport_introspection_cpp/share/rosidl_typesupport_introspection_cpp/environment/path.dsv
[6.024s] -- Installing: /home/orin_nano/microros_ws/install/rosidl_typesupport_introspection_cpp/share/rosidl_typesupport_introspection_cpp/local_setup.bash
[6.024s] -- Installing: /home/orin_nano/microros_ws/install/rosidl_typesupport_introspection_cpp/share/rosidl_typesupport_introspection_cpp/local_setup.sh
[6.025s] -- Installing: /home/orin_nano/microros_ws/install/rosidl_typesupport_introspection_cpp/share/rosidl_typesupport_introspection_cpp/local_setup.zsh
[6.025s] -- Installing: /home/orin_nano/microros_ws/install/rosidl_typesupport_introspection_cpp/share/rosidl_typesupport_introspection_cpp/local_setup.dsv
[6.025s] -- Installing: /home/orin_nano/microros_ws/install/rosidl_typesupport_introspection_cpp/share/rosidl_typesupport_introspection_cpp/package.dsv
[6.026s] -- Installing: /home/orin_nano/microros_ws/install/rosidl_typesupport_introspection_cpp/share/ament_index/resource_index/packages/rosidl_typesupport_introspection_cpp
[6.026s] -- Installing: /home/orin_nano/microros_ws/install/rosidl_typesupport_introspection_cpp/share/rosidl_typesupport_introspection_cpp/cmake/rosidl_typesupport_introspection_cppExport.cmake
[6.027s] -- Installing: /home/orin_nano/microros_ws/install/rosidl_typesupport_introspection_cpp/share/rosidl_typesupport_introspection_cpp/cmake/rosidl_typesupport_introspection_cppExport-noconfig.cmake
[6.027s] -- Installing: /home/orin_nano/microros_ws/install/rosidl_typesupport_introspection_cpp/share/rosidl_typesupport_introspection_cpp/cmake/rosidl_typesupport_introspection_cpp-extras.cmake
[6.028s] -- Installing: /home/orin_nano/microros_ws/install/rosidl_typesupport_introspection_cpp/share/rosidl_typesupport_introspection_cpp/cmake/ament_cmake_export_dependencies-extras.cmake
[6.028s] -- Installing: /home/orin_nano/microros_ws/install/rosidl_typesupport_introspection_cpp/share/rosidl_typesupport_introspection_cpp/cmake/ament_cmake_export_include_directories-extras.cmake
[6.028s] -- Installing: /home/orin_nano/microros_ws/install/rosidl_typesupport_introspection_cpp/share/rosidl_typesupport_introspection_cpp/cmake/ament_cmake_export_libraries-extras.cmake
[6.029s] -- Installing: /home/orin_nano/microros_ws/install/rosidl_typesupport_introspection_cpp/share/rosidl_typesupport_introspection_cpp/cmake/ament_cmake_export_targets-extras.cmake
[6.029s] -- Installing: /home/orin_nano/microros_ws/install/rosidl_typesupport_introspection_cpp/share/rosidl_typesupport_introspection_cpp/cmake/rosidl_typesupport_introspection_cppConfig.cmake
[6.029s] -- Installing: /home/orin_nano/microros_ws/install/rosidl_typesupport_introspection_cpp/share/rosidl_typesupport_introspection_cpp/cmake/rosidl_typesupport_introspection_cppConfig-version.cmake
[6.029s] -- Installing: /home/orin_nano/microros_ws/install/rosidl_typesupport_introspection_cpp/share/rosidl_typesupport_introspection_cpp/package.xml
[6.030s] -- Installing: /home/orin_nano/microros_ws/install/rosidl_typesupport_introspection_cpp/lib/rosidl_typesupport_introspection_cpp/rosidl_typesupport_introspection_cpp
[6.030s] -- Up-to-date: /home/orin_nano/microros_ws/install/rosidl_typesupport_introspection_cpp/share/rosidl_typesupport_introspection_cpp/cmake
[6.030s] -- Installing: /home/orin_nano/microros_ws/install/rosidl_typesupport_introspection_cpp/share/rosidl_typesupport_introspection_cpp/cmake/rosidl_typesupport_introspection_cpp_generate_interfaces.cmake
[6.031s] -- Installing: /home/orin_nano/microros_ws/install/rosidl_typesupport_introspection_cpp/share/rosidl_typesupport_introspection_cpp/resource
[6.031s] -- Installing: /home/orin_nano/microros_ws/install/rosidl_typesupport_introspection_cpp/share/rosidl_typesupport_introspection_cpp/resource/idl__rosidl_typesupport_introspection_cpp.hpp.em
[6.031s] -- Installing: /home/orin_nano/microros_ws/install/rosidl_typesupport_introspection_cpp/share/rosidl_typesupport_introspection_cpp/resource/msg__type_support.cpp.em
[6.031s] -- Installing: /home/orin_nano/microros_ws/install/rosidl_typesupport_introspection_cpp/share/rosidl_typesupport_introspection_cpp/resource/srv__type_support.cpp.em
[6.031s] -- Installing: /home/orin_nano/microros_ws/install/rosidl_typesupport_introspection_cpp/share/rosidl_typesupport_introspection_cpp/resource/msg__rosidl_typesupport_introspection_cpp.hpp.em
[6.032s] -- Installing: /home/orin_nano/microros_ws/install/rosidl_typesupport_introspection_cpp/share/rosidl_typesupport_introspection_cpp/resource/idl__type_support.cpp.em
[6.032s] -- Installing: /home/orin_nano/microros_ws/install/rosidl_typesupport_introspection_cpp/share/rosidl_typesupport_introspection_cpp/resource/srv__rosidl_typesupport_introspection_cpp.hpp.em
[6.032s] -- Installing: /home/orin_nano/microros_ws/install/rosidl_typesupport_introspection_cpp/include
[6.033s] -- Installing: /home/orin_nano/microros_ws/install/rosidl_typesupport_introspection_cpp/include/rosidl_typesupport_introspection_cpp
[6.033s] -- Installing: /home/orin_nano/microros_ws/install/rosidl_typesupport_introspection_cpp/include/rosidl_typesupport_introspection_cpp/service_introspection.hpp
[6.033s] -- Installing: /home/orin_nano/microros_ws/install/rosidl_typesupport_introspection_cpp/include/rosidl_typesupport_introspection_cpp/visibility_control.h
[6.034s] -- Installing: /home/orin_nano/microros_ws/install/rosidl_typesupport_introspection_cpp/include/rosidl_typesupport_introspection_cpp/identifier.hpp
[6.034s] -- Installing: /home/orin_nano/microros_ws/install/rosidl_typesupport_introspection_cpp/include/rosidl_typesupport_introspection_cpp/message_introspection.hpp
[6.034s] -- Installing: /home/orin_nano/microros_ws/install/rosidl_typesupport_introspection_cpp/include/rosidl_typesupport_introspection_cpp/service_type_support_decl.hpp
[6.034s] -- Installing: /home/orin_nano/microros_ws/install/rosidl_typesupport_introspection_cpp/include/rosidl_typesupport_introspection_cpp/message_type_support_decl.hpp
[6.034s] -- Installing: /home/orin_nano/microros_ws/install/rosidl_typesupport_introspection_cpp/include/rosidl_typesupport_introspection_cpp/field_types.hpp
[6.034s] -- Installing: /home/orin_nano/microros_ws/install/rosidl_typesupport_introspection_cpp/lib/librosidl_typesupport_introspection_cpp.so
[6.035s] -- Set runtime path of "/home/orin_nano/microros_ws/install/rosidl_typesupport_introspection_cpp/lib/librosidl_typesupport_introspection_cpp.so" to ""
[6.041s] Invoked command in '/home/orin_nano/microros_ws/build/rosidl_typesupport_introspection_cpp' returned '0': AMENT_PREFIX_PATH=/home/orin_nano/microros_ws/install/rosidl_typesupport_introspection_c:/home/orin_nano/microros_ws/install/rosidl_cmake:/home/orin_nano/microros_ws/install/rosidl_runtime_c:/home/orin_nano/microros_ws/install/rosidl_parser:/home/orin_nano/microros_ws/install/rosidl_typesupport_interface:/home/orin_nano/microros_ws/install/rosidl_runtime_cpp:/home/orin_nano/microros_ws/install/rosidl_adapter:${AMENT_PREFIX_PATH} CMAKE_PREFIX_PATH=/home/orin_nano/microros_ws/install/rosidl_typesupport_introspection_c:/home/orin_nano/microros_ws/install/rosidl_cmake:/home/orin_nano/microros_ws/install/rosidl_runtime_c:/home/orin_nano/microros_ws/install/rosidl_parser:/home/orin_nano/microros_ws/install/rosidl_typesupport_interface:/home/orin_nano/microros_ws/install/rosidl_runtime_cpp:/home/orin_nano/microros_ws/install/rosidl_adapter:/home/orin_nano/microros_ws/install/micro_ros_setup:/home/orin_nano/microros_ws/install/micro_ros_agent:/home/orin_nano/microros_ws/install/micro_ros_msgs:/home/orin_nano/install/joy:/opt/ros/foxy LD_LIBRARY_PATH=/home/orin_nano/microros_ws/install/rosidl_typesupport_introspection_c/lib:/home/orin_nano/microros_ws/install/rosidl_runtime_c/lib:/home/orin_nano/microros_ws/install/micro_ros_agent/lib:/home/orin_nano/microros_ws/install/micro_ros_msgs/lib:/home/orin_nano/install/joy/lib:/opt/ros/foxy/opt/yaml_cpp_vendor/lib:/opt/ros/foxy/opt/rviz_ogre_vendor/lib:/opt/ros/foxy/lib/aarch64-linux-gnu:/opt/ros/foxy/lib:/usr/local/cuda-11.4/lib64 PYTHONPATH=/home/orin_nano/microros_ws/install/rosidl_typesupport_introspection_c/lib/python3.8/site-packages:/home/orin_nano/microros_ws/install/rosidl_cmake/lib/python3.8/site-packages:/home/orin_nano/microros_ws/install/rosidl_parser/lib/python3.8/site-packages:/home/orin_nano/microros_ws/install/rosidl_adapter/lib/python3.8/site-packages:${PYTHONPATH} /usr/bin/cmake --install /home/orin_nano/microros_ws/build/rosidl_typesupport_introspection_cpp
