[35m[1mScanning dependencies of target gtest[0m
[35m[1mScanning dependencies of target gtest_main[0m
[ 16%] [32mBuilding CXX object gtest/CMakeFiles/gtest.dir/src/gtest-all.cc.o[0m
[ 33%] [32mBuilding CXX object gtest/CMakeFiles/gtest_main.dir/src/gtest_main.cc.o[0m
[ 50%] [32m[1mLinking CXX static library libgtest_main.a[0m
[ 50%] Built target gtest_main
[ 66%] [32m[1mLinking CXX static library libgtest.a[0m
[ 66%] Built target gtest
[35m[1mScanning dependencies of target test_macros[0m
[ 83%] [32mBuilding CXX object CMakeFiles/test_macros.dir/test/test_macros.cpp.o[0m
[100%] [32m[1mLinking CXX executable test_macros[0m
[100%] Built target test_macros
-- Install configuration: ""
-- Installing: /home/orin_nano/microros_ws/install/rosidl_typesupport_interface/share/ament_index/resource_index/package_run_dependencies/rosidl_typesupport_interface
-- Installing: /home/orin_nano/microros_ws/install/rosidl_typesupport_interface/share/ament_index/resource_index/parent_prefix_path/rosidl_typesupport_interface
-- Installing: /home/orin_nano/microros_ws/install/rosidl_typesupport_interface/share/rosidl_typesupport_interface/environment/ament_prefix_path.sh
-- Installing: /home/orin_nano/microros_ws/install/rosidl_typesupport_interface/share/rosidl_typesupport_interface/environment/ament_prefix_path.dsv
-- Installing: /home/orin_nano/microros_ws/install/rosidl_typesupport_interface/share/rosidl_typesupport_interface/environment/path.sh
-- Installing: /home/orin_nano/microros_ws/install/rosidl_typesupport_interface/share/rosidl_typesupport_interface/environment/path.dsv
-- Installing: /home/orin_nano/microros_ws/install/rosidl_typesupport_interface/share/rosidl_typesupport_interface/local_setup.bash
-- Installing: /home/orin_nano/microros_ws/install/rosidl_typesupport_interface/share/rosidl_typesupport_interface/local_setup.sh
-- Installing: /home/orin_nano/microros_ws/install/rosidl_typesupport_interface/share/rosidl_typesupport_interface/local_setup.zsh
-- Installing: /home/orin_nano/microros_ws/install/rosidl_typesupport_interface/share/rosidl_typesupport_interface/local_setup.dsv
-- Installing: /home/orin_nano/microros_ws/install/rosidl_typesupport_interface/share/rosidl_typesupport_interface/package.dsv
-- Installing: /home/orin_nano/microros_ws/install/rosidl_typesupport_interface/share/ament_index/resource_index/packages/rosidl_typesupport_interface
-- Installing: /home/orin_nano/microros_ws/install/rosidl_typesupport_interface/share/rosidl_typesupport_interface/cmake/rosidl_typesupport_interfaceExport.cmake
-- Installing: /home/orin_nano/microros_ws/install/rosidl_typesupport_interface/share/rosidl_typesupport_interface/cmake/ament_cmake_export_include_directories-extras.cmake
-- Installing: /home/orin_nano/microros_ws/install/rosidl_typesupport_interface/share/rosidl_typesupport_interface/cmake/ament_cmake_export_targets-extras.cmake
-- Installing: /home/orin_nano/microros_ws/install/rosidl_typesupport_interface/share/rosidl_typesupport_interface/cmake/rosidl_typesupport_interfaceConfig.cmake
-- Installing: /home/orin_nano/microros_ws/install/rosidl_typesupport_interface/share/rosidl_typesupport_interface/cmake/rosidl_typesupport_interfaceConfig-version.cmake
-- Installing: /home/orin_nano/microros_ws/install/rosidl_typesupport_interface/share/rosidl_typesupport_interface/package.xml
-- Installing: /home/orin_nano/microros_ws/install/rosidl_typesupport_interface/include
-- Installing: /home/orin_nano/microros_ws/install/rosidl_typesupport_interface/include/rosidl_typesupport_interface
-- Installing: /home/orin_nano/microros_ws/install/rosidl_typesupport_interface/include/rosidl_typesupport_interface/macros.h
