[5.026s] Invoking command in '/home/orin_nano/microros_ws/build/rosidl_runtime_cpp': CMAKE_PREFIX_PATH=${CMAKE_PREFIX_PATH}:/opt/ros/foxy /usr/bin/cmake /home/orin_nano/microros_ws/rosidl-foxy/rosidl_runtime_cpp -DCMAKE_INSTALL_PREFIX=/home/orin_nano/microros_ws/install/rosidl_runtime_cpp
[5.109s] -- Found ament_cmake: 0.9.12 (/opt/ros/foxy/share/ament_cmake/cmake)
[5.110s] -- Using PYTHON_EXECUTABLE: /usr/bin/python3
[5.631s] -- Found ament_lint_auto: 0.9.8 (/opt/ros/foxy/share/ament_lint_auto/cmake)
[5.634s] -- Found performance_test_fixture: 0.0.9 (/opt/ros/foxy/share/performance_test_fixture/cmake)
[5.846s] -- Found gtest sources under '/opt/ros/foxy/src/gtest_vendor': C++ tests using 'Google Test' will be built
[5.851s] -- Looking for pthread.h
[6.002s] -- Looking for pthread.h - found
[6.008s] -- Performing Test CMAKE_HAVE_LIBC_PTHREAD
[6.163s] -- Performing Test CMAKE_HAVE_LIBC_PTHREAD - Failed
[6.164s] -- Check if compiler accepts -pthread
[6.320s] -- Check if compiler accepts -pthread - yes
[6.321s] -- Found Threads: TRUE  
[6.324s] -- Performance tests are disabled by default, so Google Benchmark tests will be skipped. To enable these tests, set the CMake variable 'AMENT_RUN_PERFORMANCE_TESTS'.
[6.335s] -- Added test 'copyright' to check source files copyright and LICENSE
[6.339s] -- Added test 'cppcheck' to perform static code analysis on C / C++ code
[6.339s] -- Configured cppcheck include dirs: /opt/ros/foxy/include;$<BUILD_INTERFACE:/home/orin_nano/microros_ws/rosidl-foxy/rosidl_runtime_cpp/include>;/home/orin_nano/microros_ws/rosidl-foxy/rosidl_runtime_cpp/include
[6.339s] -- Configured cppcheck exclude dirs and/or files: 
[6.342s] -- Added test 'cpplint' to check C / C++ code against the Google style
[6.342s] -- Configured cpplint exclude dirs and/or files: 
[6.344s] -- Added test 'lint_cmake' to check CMake code style
[6.347s] -- Added test 'uncrustify' to check C / C++ code style
[6.347s] -- Configured uncrustify additional arguments: 
[6.349s] -- Added test 'xmllint' to check XML markup files
[6.356s] -- Configuring done
[6.374s] -- Generating done
[6.376s] -- Build files have been written to: /home/orin_nano/microros_ws/build/rosidl_runtime_cpp
[7.705s] Invoked command in '/home/orin_nano/microros_ws/build/rosidl_runtime_cpp' returned '0': CMAKE_PREFIX_PATH=${CMAKE_PREFIX_PATH}:/opt/ros/foxy /usr/bin/cmake /home/orin_nano/microros_ws/rosidl-foxy/rosidl_runtime_cpp -DCMAKE_INSTALL_PREFIX=/home/orin_nano/microros_ws/install/rosidl_runtime_cpp
[7.707s] Invoking command in '/home/orin_nano/microros_ws/build/rosidl_runtime_cpp': CMAKE_PREFIX_PATH=${CMAKE_PREFIX_PATH}:/opt/ros/foxy /usr/bin/cmake --build /home/orin_nano/microros_ws/build/rosidl_runtime_cpp -- -j6 -l6
[7.965s] [35m[1mScanning dependencies of target benchmark_bounded_vector[0m
[7.972s] [35m[1mScanning dependencies of target gtest[0m
[7.994s] [35m[1mScanning dependencies of target gtest_main[0m
[8.048s] [ 12%] [32mBuilding CXX object CMakeFiles/benchmark_bounded_vector.dir/test/benchmark/benchmark_bounded_vector.cpp.o[0m
[8.096s] [ 25%] [32mBuilding CXX object gtest/CMakeFiles/gtest.dir/src/gtest-all.cc.o[0m
[8.097s] [ 37%] [32mBuilding CXX object gtest/CMakeFiles/gtest_main.dir/src/gtest_main.cc.o[0m
[11.176s] [ 50%] [32m[1mLinking CXX static library libgtest_main.a[0m
[11.414s] [ 50%] Built target gtest_main
[12.071s] [ 62%] [32m[1mLinking CXX executable benchmark_bounded_vector[0m
[12.270s] [ 62%] Built target benchmark_bounded_vector
[16.517s] [ 75%] [32m[1mLinking CXX static library libgtest.a[0m
[16.631s] [ 75%] Built target gtest
[16.653s] [35m[1mScanning dependencies of target test_bounded_vector[0m
[16.685s] [ 87%] [32mBuilding CXX object CMakeFiles/test_bounded_vector.dir/test/test_bounded_vector.cpp.o[0m
[19.254s] [100%] [32m[1mLinking CXX executable test_bounded_vector[0m
[19.545s] [100%] Built target test_bounded_vector
[19.736s] Invoked command in '/home/orin_nano/microros_ws/build/rosidl_runtime_cpp' returned '0': CMAKE_PREFIX_PATH=${CMAKE_PREFIX_PATH}:/opt/ros/foxy /usr/bin/cmake --build /home/orin_nano/microros_ws/build/rosidl_runtime_cpp -- -j6 -l6
[24.356s] Invoking command in '/home/orin_nano/microros_ws/build/rosidl_runtime_cpp': CMAKE_PREFIX_PATH=${CMAKE_PREFIX_PATH}:/opt/ros/foxy /usr/bin/cmake --install /home/orin_nano/microros_ws/build/rosidl_runtime_cpp
[24.378s] -- Install configuration: ""
[24.378s] -- Installing: /home/orin_nano/microros_ws/install/rosidl_runtime_cpp/share/ament_index/resource_index/rosidl_runtime_packages/rosidl_runtime_cpp
[24.378s] -- Installing: /home/orin_nano/microros_ws/install/rosidl_runtime_cpp/include
[24.378s] -- Installing: /home/orin_nano/microros_ws/install/rosidl_runtime_cpp/include/rosidl_typesupport_cpp
[24.379s] -- Installing: /home/orin_nano/microros_ws/install/rosidl_runtime_cpp/include/rosidl_typesupport_cpp/message_type_support.hpp
[24.379s] -- Installing: /home/orin_nano/microros_ws/install/rosidl_runtime_cpp/include/rosidl_typesupport_cpp/action_type_support.hpp
[24.379s] -- Installing: /home/orin_nano/microros_ws/install/rosidl_runtime_cpp/include/rosidl_typesupport_cpp/service_type_support.hpp
[24.379s] -- Installing: /home/orin_nano/microros_ws/install/rosidl_runtime_cpp/include/rosidl_runtime_cpp
[24.379s] -- Installing: /home/orin_nano/microros_ws/install/rosidl_runtime_cpp/include/rosidl_runtime_cpp/bounded_vector.hpp
[24.379s] -- Installing: /home/orin_nano/microros_ws/install/rosidl_runtime_cpp/include/rosidl_runtime_cpp/action_type_support_decl.hpp
[24.380s] -- Installing: /home/orin_nano/microros_ws/install/rosidl_runtime_cpp/include/rosidl_runtime_cpp/message_initialization.hpp
[24.380s] -- Installing: /home/orin_nano/microros_ws/install/rosidl_runtime_cpp/include/rosidl_runtime_cpp/service_type_support_decl.hpp
[24.380s] -- Installing: /home/orin_nano/microros_ws/install/rosidl_runtime_cpp/include/rosidl_runtime_cpp/message_type_support_decl.hpp
[24.380s] -- Installing: /home/orin_nano/microros_ws/install/rosidl_runtime_cpp/include/rosidl_runtime_cpp/traits.hpp
[24.380s] -- Installing: /home/orin_nano/microros_ws/install/rosidl_runtime_cpp/share/ament_index/resource_index/package_run_dependencies/rosidl_runtime_cpp
[24.380s] -- Installing: /home/orin_nano/microros_ws/install/rosidl_runtime_cpp/share/ament_index/resource_index/parent_prefix_path/rosidl_runtime_cpp
[24.381s] -- Installing: /home/orin_nano/microros_ws/install/rosidl_runtime_cpp/share/rosidl_runtime_cpp/environment/ament_prefix_path.sh
[24.381s] -- Installing: /home/orin_nano/microros_ws/install/rosidl_runtime_cpp/share/rosidl_runtime_cpp/environment/ament_prefix_path.dsv
[24.382s] -- Installing: /home/orin_nano/microros_ws/install/rosidl_runtime_cpp/share/rosidl_runtime_cpp/environment/path.sh
[24.382s] -- Installing: /home/orin_nano/microros_ws/install/rosidl_runtime_cpp/share/rosidl_runtime_cpp/environment/path.dsv
[24.382s] -- Installing: /home/orin_nano/microros_ws/install/rosidl_runtime_cpp/share/rosidl_runtime_cpp/local_setup.bash
[24.382s] -- Installing: /home/orin_nano/microros_ws/install/rosidl_runtime_cpp/share/rosidl_runtime_cpp/local_setup.sh
[24.383s] -- Installing: /home/orin_nano/microros_ws/install/rosidl_runtime_cpp/share/rosidl_runtime_cpp/local_setup.zsh
[24.387s] -- Installing: /home/orin_nano/microros_ws/install/rosidl_runtime_cpp/share/rosidl_runtime_cpp/local_setup.dsv
[24.389s] -- Installing: /home/orin_nano/microros_ws/install/rosidl_runtime_cpp/share/rosidl_runtime_cpp/package.dsv
[24.389s] -- Installing: /home/orin_nano/microros_ws/install/rosidl_runtime_cpp/share/ament_index/resource_index/packages/rosidl_runtime_cpp
[24.389s] -- Installing: /home/orin_nano/microros_ws/install/rosidl_runtime_cpp/share/rosidl_runtime_cpp/cmake/rosidl_runtime_cppExport.cmake
[24.389s] -- Installing: /home/orin_nano/microros_ws/install/rosidl_runtime_cpp/share/rosidl_runtime_cpp/cmake/ament_cmake_export_include_directories-extras.cmake
[24.390s] -- Installing: /home/orin_nano/microros_ws/install/rosidl_runtime_cpp/share/rosidl_runtime_cpp/cmake/ament_cmake_export_targets-extras.cmake
[24.390s] -- Installing: /home/orin_nano/microros_ws/install/rosidl_runtime_cpp/share/rosidl_runtime_cpp/cmake/rosidl_runtime_cppConfig.cmake
[24.390s] -- Installing: /home/orin_nano/microros_ws/install/rosidl_runtime_cpp/share/rosidl_runtime_cpp/cmake/rosidl_runtime_cppConfig-version.cmake
[24.390s] -- Installing: /home/orin_nano/microros_ws/install/rosidl_runtime_cpp/share/rosidl_runtime_cpp/package.xml
[25.942s] Invoked command in '/home/orin_nano/microros_ws/build/rosidl_runtime_cpp' returned '0': CMAKE_PREFIX_PATH=${CMAKE_PREFIX_PATH}:/opt/ros/foxy /usr/bin/cmake --install /home/orin_nano/microros_ws/build/rosidl_runtime_cpp
