[1.252s] Invoking command in '/home/orin_nano/microros_ws/build/rosidl_generator_c': AMENT_PREFIX_PATH=/home/orin_nano/microros_ws/install/rosidl_cmake:/home/orin_nano/microros_ws/install/rosidl_runtime_c:/home/orin_nano/microros_ws/install/rosidl_parser:/home/orin_nano/microros_ws/install/rosidl_typesupport_interface:/home/orin_nano/microros_ws/install/rosidl_adapter:${AMENT_PREFIX_PATH} CMAKE_PREFIX_PATH=/home/orin_nano/microros_ws/install/rosidl_cmake:/home/orin_nano/microros_ws/install/rosidl_runtime_c:/home/orin_nano/microros_ws/install/rosidl_parser:/home/orin_nano/microros_ws/install/rosidl_typesupport_interface:/home/orin_nano/microros_ws/install/rosidl_adapter:/home/orin_nano/microros_ws/install/micro_ros_setup:/home/orin_nano/microros_ws/install/micro_ros_agent:/home/orin_nano/microros_ws/install/micro_ros_msgs:/home/orin_nano/install/joy:/opt/ros/foxy LD_LIBRARY_PATH=/home/orin_nano/microros_ws/install/rosidl_runtime_c/lib:/home/orin_nano/microros_ws/install/micro_ros_agent/lib:/home/orin_nano/microros_ws/install/micro_ros_msgs/lib:/home/orin_nano/install/joy/lib:/opt/ros/foxy/opt/yaml_cpp_vendor/lib:/opt/ros/foxy/opt/rviz_ogre_vendor/lib:/opt/ros/foxy/lib/aarch64-linux-gnu:/opt/ros/foxy/lib:/usr/local/cuda-11.4/lib64 PYTHONPATH=/home/orin_nano/microros_ws/install/rosidl_cmake/lib/python3.8/site-packages:/home/orin_nano/microros_ws/install/rosidl_parser/lib/python3.8/site-packages:/home/orin_nano/microros_ws/install/rosidl_adapter/lib/python3.8/site-packages:${PYTHONPATH} /usr/bin/cmake /home/orin_nano/microros_ws/rosidl-foxy/rosidl_generator_c -DCMAKE_INSTALL_PREFIX=/home/orin_nano/microros_ws/install/rosidl_generator_c
[1.357s] -- The C compiler identification is GNU 9.4.0
[1.368s] -- Check for working C compiler: /usr/bin/cc
[1.502s] -- Check for working C compiler: /usr/bin/cc -- works
[1.503s] -- Detecting C compiler ABI info
[1.638s] -- Detecting C compiler ABI info - done
[1.657s] -- Detecting C compile features
[1.657s] -- Detecting C compile features - done
[1.662s] -- Found ament_cmake_python: 0.9.12 (/opt/ros/foxy/share/ament_cmake_python/cmake)
[1.666s] -- Found ament_cmake_ros: 0.9.2 (/opt/ros/foxy/share/ament_cmake_ros/cmake)
[1.732s] -- Found PythonInterp: /usr/bin/python3 (found suitable version "3.8.10", minimum required is "3") 
[1.732s] -- Using PYTHON_EXECUTABLE: /usr/bin/python3
[2.240s] -- Found ament_lint_auto: 0.9.8 (/opt/ros/foxy/share/ament_lint_auto/cmake)
[2.263s] CMake Error at CMakeLists.txt:31 (find_package):
[2.263s]   By not providing "Findtest_interface_files.cmake" in CMAKE_MODULE_PATH this
[2.263s]   project has asked CMake to find a package configuration file provided by
[2.263s]   "test_interface_files", but CMake did not find one.
[2.264s] 
[2.264s]   Could not find a package configuration file provided by
[2.264s]   "test_interface_files" with any of the following names:
[2.264s] 
[2.264s]     test_interface_filesConfig.cmake
[2.264s]     test_interface_files-config.cmake
[2.264s] 
[2.265s]   Add the installation prefix of "test_interface_files" to CMAKE_PREFIX_PATH
[2.265s]   or set "test_interface_files_DIR" to a directory containing one of the
[2.265s]   above files.  If "test_interface_files" provides a separate development
[2.265s]   package or SDK, be sure it has been installed.
[2.265s] 
[2.265s] 
[2.265s] -- Configuring incomplete, errors occurred!
[2.265s] See also "/home/orin_nano/microros_ws/build/rosidl_generator_c/CMakeFiles/CMakeOutput.log".
[2.272s] Invoked command in '/home/orin_nano/microros_ws/build/rosidl_generator_c' returned '1': AMENT_PREFIX_PATH=/home/orin_nano/microros_ws/install/rosidl_cmake:/home/orin_nano/microros_ws/install/rosidl_runtime_c:/home/orin_nano/microros_ws/install/rosidl_parser:/home/orin_nano/microros_ws/install/rosidl_typesupport_interface:/home/orin_nano/microros_ws/install/rosidl_adapter:${AMENT_PREFIX_PATH} CMAKE_PREFIX_PATH=/home/orin_nano/microros_ws/install/rosidl_cmake:/home/orin_nano/microros_ws/install/rosidl_runtime_c:/home/orin_nano/microros_ws/install/rosidl_parser:/home/orin_nano/microros_ws/install/rosidl_typesupport_interface:/home/orin_nano/microros_ws/install/rosidl_adapter:/home/orin_nano/microros_ws/install/micro_ros_setup:/home/orin_nano/microros_ws/install/micro_ros_agent:/home/orin_nano/microros_ws/install/micro_ros_msgs:/home/orin_nano/install/joy:/opt/ros/foxy LD_LIBRARY_PATH=/home/orin_nano/microros_ws/install/rosidl_runtime_c/lib:/home/orin_nano/microros_ws/install/micro_ros_agent/lib:/home/orin_nano/microros_ws/install/micro_ros_msgs/lib:/home/orin_nano/install/joy/lib:/opt/ros/foxy/opt/yaml_cpp_vendor/lib:/opt/ros/foxy/opt/rviz_ogre_vendor/lib:/opt/ros/foxy/lib/aarch64-linux-gnu:/opt/ros/foxy/lib:/usr/local/cuda-11.4/lib64 PYTHONPATH=/home/orin_nano/microros_ws/install/rosidl_cmake/lib/python3.8/site-packages:/home/orin_nano/microros_ws/install/rosidl_parser/lib/python3.8/site-packages:/home/orin_nano/microros_ws/install/rosidl_adapter/lib/python3.8/site-packages:${PYTHONPATH} /usr/bin/cmake /home/orin_nano/microros_ws/rosidl-foxy/rosidl_generator_c -DCMAKE_INSTALL_PREFIX=/home/orin_nano/microros_ws/install/rosidl_generator_c
