[1.272s] Invoking command in '/home/orin_nano/microros_ws/build/micro_ros_msgs': CMAKE_PREFIX_PATH=${CMAKE_PREFIX_PATH}:/home/orin_nano/microros_ws/install/micro_ros_setup:/opt/ros/foxy /usr/bin/cmake --build /home/orin_nano/microros_ws/build/micro_ros_msgs -- -j6 -l6
[1.444s] [  6%] Built target micro_ros_msgs__cpp
[1.444s] [ 12%] Built target micro_ros_msgs__rosidl_generator_c
[1.496s] [ 34%] Built target micro_ros_msgs__rosidl_typesupport_c
[1.496s] [ 34%] Built target micro_ros_msgs__rosidl_typesupport_introspection_c
[1.552s] [ 55%] Built target micro_ros_msgs__rosidl_typesupport_cpp
[1.552s] [ 55%] Built target micro_ros_msgs__rosidl_typesupport_introspection_cpp
[1.558s] [ 65%] Built target micro_ros_msgs__rosidl_typesupport_fastrtps_cpp
[1.616s] [ 76%] Built target micro_ros_msgs__rosidl_typesupport_fastrtps_c
[1.663s] [ 76%] Built target micro_ros_msgs
[1.712s] [ 78%] Built target micro_ros_msgs__py
[1.776s] [ 87%] Built target micro_ros_msgs__python
[1.836s] [100%] Built target micro_ros_msgs__rosidl_typesupport_c__pyext
[1.837s] [100%] Built target micro_ros_msgs__rosidl_typesupport_introspection_c__pyext
[1.837s] [100%] Built target micro_ros_msgs__rosidl_typesupport_fastrtps_c__pyext
[1.863s] Invoked command in '/home/orin_nano/microros_ws/build/micro_ros_msgs' returned '0': CMAKE_PREFIX_PATH=${CMAKE_PREFIX_PATH}:/home/orin_nano/microros_ws/install/micro_ros_setup:/opt/ros/foxy /usr/bin/cmake --build /home/orin_nano/microros_ws/build/micro_ros_msgs -- -j6 -l6
[2.071s] Invoking command in '/home/orin_nano/microros_ws/build/micro_ros_msgs': CMAKE_PREFIX_PATH=${CMAKE_PREFIX_PATH}:/home/orin_nano/microros_ws/install/micro_ros_setup:/opt/ros/foxy /usr/bin/cmake --install /home/orin_nano/microros_ws/build/micro_ros_msgs
[2.094s] -- Install configuration: ""
[2.094s] -- Up-to-date: /home/orin_nano/microros_ws/install/micro_ros_msgs/share/ament_index/resource_index/rosidl_interfaces/micro_ros_msgs
[2.094s] -- Up-to-date: /home/orin_nano/microros_ws/install/micro_ros_msgs/include/micro_ros_msgs
[2.094s] -- Up-to-date: /home/orin_nano/microros_ws/install/micro_ros_msgs/include/micro_ros_msgs/msg
[2.094s] -- Up-to-date: /home/orin_nano/microros_ws/install/micro_ros_msgs/include/micro_ros_msgs/msg/detail
[2.095s] -- Up-to-date: /home/orin_nano/microros_ws/install/micro_ros_msgs/include/micro_ros_msgs/msg/detail/entity__functions.c
[2.095s] -- Up-to-date: /home/orin_nano/microros_ws/install/micro_ros_msgs/include/micro_ros_msgs/msg/detail/graph__functions.c
[2.095s] -- Up-to-date: /home/orin_nano/microros_ws/install/micro_ros_msgs/include/micro_ros_msgs/msg/detail/entity__type_support.h
[2.095s] -- Up-to-date: /home/orin_nano/microros_ws/install/micro_ros_msgs/include/micro_ros_msgs/msg/detail/node__struct.h
[2.095s] -- Up-to-date: /home/orin_nano/microros_ws/install/micro_ros_msgs/include/micro_ros_msgs/msg/detail/graph__type_support.h
[2.096s] -- Up-to-date: /home/orin_nano/microros_ws/install/micro_ros_msgs/include/micro_ros_msgs/msg/detail/entity__struct.h
[2.096s] -- Up-to-date: /home/orin_nano/microros_ws/install/micro_ros_msgs/include/micro_ros_msgs/msg/detail/graph__struct.h
[2.096s] -- Up-to-date: /home/orin_nano/microros_ws/install/micro_ros_msgs/include/micro_ros_msgs/msg/detail/node__functions.c
[2.096s] -- Up-to-date: /home/orin_nano/microros_ws/install/micro_ros_msgs/include/micro_ros_msgs/msg/detail/node__functions.h
[2.096s] -- Up-to-date: /home/orin_nano/microros_ws/install/micro_ros_msgs/include/micro_ros_msgs/msg/detail/entity__functions.h
[2.096s] -- Up-to-date: /home/orin_nano/microros_ws/install/micro_ros_msgs/include/micro_ros_msgs/msg/detail/node__type_support.h
[2.096s] -- Up-to-date: /home/orin_nano/microros_ws/install/micro_ros_msgs/include/micro_ros_msgs/msg/detail/graph__functions.h
[2.097s] -- Up-to-date: /home/orin_nano/microros_ws/install/micro_ros_msgs/include/micro_ros_msgs/msg/graph.h
[2.097s] -- Up-to-date: /home/orin_nano/microros_ws/install/micro_ros_msgs/include/micro_ros_msgs/msg/entity.h
[2.097s] -- Up-to-date: /home/orin_nano/microros_ws/install/micro_ros_msgs/include/micro_ros_msgs/msg/node.h
[2.097s] -- Up-to-date: /home/orin_nano/microros_ws/install/micro_ros_msgs/include/micro_ros_msgs/msg/rosidl_generator_c__visibility_control.h
[2.097s] -- Up-to-date: /home/orin_nano/microros_ws/install/micro_ros_msgs/share/micro_ros_msgs/environment/library_path.sh
[2.097s] -- Up-to-date: /home/orin_nano/microros_ws/install/micro_ros_msgs/share/micro_ros_msgs/environment/library_path.dsv
[2.098s] -- Up-to-date: /home/orin_nano/microros_ws/install/micro_ros_msgs/lib/libmicro_ros_msgs__rosidl_generator_c.so
[2.098s] -- Up-to-date: /home/orin_nano/microros_ws/install/micro_ros_msgs/include/micro_ros_msgs
[2.098s] -- Up-to-date: /home/orin_nano/microros_ws/install/micro_ros_msgs/include/micro_ros_msgs/msg
[2.098s] -- Up-to-date: /home/orin_nano/microros_ws/install/micro_ros_msgs/include/micro_ros_msgs/msg/detail
[2.098s] -- Up-to-date: /home/orin_nano/microros_ws/install/micro_ros_msgs/include/micro_ros_msgs/msg/detail/node__type_support.c
[2.098s] -- Up-to-date: /home/orin_nano/microros_ws/install/micro_ros_msgs/include/micro_ros_msgs/msg/detail/graph__type_support.c
[2.098s] -- Up-to-date: /home/orin_nano/microros_ws/install/micro_ros_msgs/include/micro_ros_msgs/msg/detail/node__rosidl_typesupport_introspection_c.h
[2.099s] -- Up-to-date: /home/orin_nano/microros_ws/install/micro_ros_msgs/include/micro_ros_msgs/msg/detail/entity__type_support.c
[2.099s] -- Up-to-date: /home/orin_nano/microros_ws/install/micro_ros_msgs/include/micro_ros_msgs/msg/detail/entity__rosidl_typesupport_introspection_c.h
[2.099s] -- Up-to-date: /home/orin_nano/microros_ws/install/micro_ros_msgs/include/micro_ros_msgs/msg/detail/graph__rosidl_typesupport_introspection_c.h
[2.099s] -- Up-to-date: /home/orin_nano/microros_ws/install/micro_ros_msgs/include/micro_ros_msgs/msg/rosidl_typesupport_introspection_c__visibility_control.h
[2.099s] -- Up-to-date: /home/orin_nano/microros_ws/install/micro_ros_msgs/lib/libmicro_ros_msgs__rosidl_typesupport_introspection_c.so
[2.099s] -- Up-to-date: /home/orin_nano/microros_ws/install/micro_ros_msgs/include/micro_ros_msgs
[2.099s] -- Up-to-date: /home/orin_nano/microros_ws/install/micro_ros_msgs/include/micro_ros_msgs/msg
[2.100s] -- Up-to-date: /home/orin_nano/microros_ws/install/micro_ros_msgs/include/micro_ros_msgs/msg/detail
[2.100s] -- Up-to-date: /home/orin_nano/microros_ws/install/micro_ros_msgs/include/micro_ros_msgs/msg/detail/node__rosidl_typesupport_fastrtps_c.h
[2.100s] -- Up-to-date: /home/orin_nano/microros_ws/install/micro_ros_msgs/include/micro_ros_msgs/msg/detail/entity__rosidl_typesupport_fastrtps_c.h
[2.100s] -- Up-to-date: /home/orin_nano/microros_ws/install/micro_ros_msgs/include/micro_ros_msgs/msg/detail/graph__rosidl_typesupport_fastrtps_c.h
[2.100s] -- Up-to-date: /home/orin_nano/microros_ws/install/micro_ros_msgs/include/micro_ros_msgs/msg/rosidl_typesupport_fastrtps_c__visibility_control.h
[2.100s] -- Up-to-date: /home/orin_nano/microros_ws/install/micro_ros_msgs/lib/libmicro_ros_msgs__rosidl_typesupport_fastrtps_c.so
[2.100s] -- Up-to-date: /home/orin_nano/microros_ws/install/micro_ros_msgs/include/micro_ros_msgs
[2.101s] -- Up-to-date: /home/orin_nano/microros_ws/install/micro_ros_msgs/include/micro_ros_msgs/msg
[2.101s] -- Up-to-date: /home/orin_nano/microros_ws/install/micro_ros_msgs/include/micro_ros_msgs/msg/detail
[2.101s] -- Up-to-date: /home/orin_nano/microros_ws/install/micro_ros_msgs/include/micro_ros_msgs/msg/detail/node__rosidl_typesupport_fastrtps_cpp.hpp
[2.101s] -- Up-to-date: /home/orin_nano/microros_ws/install/micro_ros_msgs/include/micro_ros_msgs/msg/detail/graph__rosidl_typesupport_fastrtps_cpp.hpp
[2.101s] -- Up-to-date: /home/orin_nano/microros_ws/install/micro_ros_msgs/include/micro_ros_msgs/msg/detail/dds_fastrtps
[2.101s] -- Up-to-date: /home/orin_nano/microros_ws/install/micro_ros_msgs/include/micro_ros_msgs/msg/detail/entity__rosidl_typesupport_fastrtps_cpp.hpp
[2.101s] -- Up-to-date: /home/orin_nano/microros_ws/install/micro_ros_msgs/include/micro_ros_msgs/msg/rosidl_typesupport_fastrtps_cpp__visibility_control.h
[2.102s] -- Up-to-date: /home/orin_nano/microros_ws/install/micro_ros_msgs/lib/libmicro_ros_msgs__rosidl_typesupport_fastrtps_cpp.so
[2.102s] -- Up-to-date: /home/orin_nano/microros_ws/install/micro_ros_msgs/lib/libmicro_ros_msgs__rosidl_typesupport_c.so
[2.103s] -- Up-to-date: /home/orin_nano/microros_ws/install/micro_ros_msgs/include/micro_ros_msgs
[2.103s] -- Up-to-date: /home/orin_nano/microros_ws/install/micro_ros_msgs/include/micro_ros_msgs/msg
[2.103s] -- Up-to-date: /home/orin_nano/microros_ws/install/micro_ros_msgs/include/micro_ros_msgs/msg/detail
[2.104s] -- Up-to-date: /home/orin_nano/microros_ws/install/micro_ros_msgs/include/micro_ros_msgs/msg/detail/entity__builder.hpp
[2.104s] -- Up-to-date: /home/orin_nano/microros_ws/install/micro_ros_msgs/include/micro_ros_msgs/msg/detail/entity__struct.hpp
[2.104s] -- Up-to-date: /home/orin_nano/microros_ws/install/micro_ros_msgs/include/micro_ros_msgs/msg/detail/entity__traits.hpp
[2.104s] -- Up-to-date: /home/orin_nano/microros_ws/install/micro_ros_msgs/include/micro_ros_msgs/msg/detail/node__traits.hpp
[2.104s] -- Up-to-date: /home/orin_nano/microros_ws/install/micro_ros_msgs/include/micro_ros_msgs/msg/detail/graph__traits.hpp
[2.105s] -- Up-to-date: /home/orin_nano/microros_ws/install/micro_ros_msgs/include/micro_ros_msgs/msg/detail/node__struct.hpp
[2.105s] -- Up-to-date: /home/orin_nano/microros_ws/install/micro_ros_msgs/include/micro_ros_msgs/msg/detail/entity__type_support.hpp
[2.105s] -- Up-to-date: /home/orin_nano/microros_ws/install/micro_ros_msgs/include/micro_ros_msgs/msg/detail/node__builder.hpp
[2.105s] -- Up-to-date: /home/orin_nano/microros_ws/install/micro_ros_msgs/include/micro_ros_msgs/msg/detail/node__type_support.hpp
[2.105s] -- Up-to-date: /home/orin_nano/microros_ws/install/micro_ros_msgs/include/micro_ros_msgs/msg/detail/graph__builder.hpp
[2.105s] -- Up-to-date: /home/orin_nano/microros_ws/install/micro_ros_msgs/include/micro_ros_msgs/msg/detail/graph__type_support.hpp
[2.105s] -- Up-to-date: /home/orin_nano/microros_ws/install/micro_ros_msgs/include/micro_ros_msgs/msg/detail/graph__struct.hpp
[2.105s] -- Up-to-date: /home/orin_nano/microros_ws/install/micro_ros_msgs/include/micro_ros_msgs/msg/graph.hpp
[2.106s] -- Up-to-date: /home/orin_nano/microros_ws/install/micro_ros_msgs/include/micro_ros_msgs/msg/rosidl_generator_cpp__visibility_control.hpp
[2.106s] -- Up-to-date: /home/orin_nano/microros_ws/install/micro_ros_msgs/include/micro_ros_msgs/msg/node.hpp
[2.106s] -- Up-to-date: /home/orin_nano/microros_ws/install/micro_ros_msgs/include/micro_ros_msgs/msg/entity.hpp
[2.106s] -- Up-to-date: /home/orin_nano/microros_ws/install/micro_ros_msgs/include/micro_ros_msgs
[2.106s] -- Up-to-date: /home/orin_nano/microros_ws/install/micro_ros_msgs/include/micro_ros_msgs/msg
[2.106s] -- Up-to-date: /home/orin_nano/microros_ws/install/micro_ros_msgs/include/micro_ros_msgs/msg/detail
[2.106s] -- Up-to-date: /home/orin_nano/microros_ws/install/micro_ros_msgs/include/micro_ros_msgs/msg/detail/node__rosidl_typesupport_introspection_cpp.hpp
[2.106s] -- Up-to-date: /home/orin_nano/microros_ws/install/micro_ros_msgs/include/micro_ros_msgs/msg/detail/graph__rosidl_typesupport_introspection_cpp.hpp
[2.107s] -- Up-to-date: /home/orin_nano/microros_ws/install/micro_ros_msgs/include/micro_ros_msgs/msg/detail/graph__type_support.cpp
[2.107s] -- Up-to-date: /home/orin_nano/microros_ws/install/micro_ros_msgs/include/micro_ros_msgs/msg/detail/node__type_support.cpp
[2.107s] -- Up-to-date: /home/orin_nano/microros_ws/install/micro_ros_msgs/include/micro_ros_msgs/msg/detail/entity__type_support.cpp
[2.107s] -- Up-to-date: /home/orin_nano/microros_ws/install/micro_ros_msgs/include/micro_ros_msgs/msg/detail/entity__rosidl_typesupport_introspection_cpp.hpp
[2.107s] -- Up-to-date: /home/orin_nano/microros_ws/install/micro_ros_msgs/lib/libmicro_ros_msgs__rosidl_typesupport_introspection_cpp.so
[2.107s] -- Up-to-date: /home/orin_nano/microros_ws/install/micro_ros_msgs/lib/libmicro_ros_msgs__rosidl_typesupport_cpp.so
[2.107s] -- Up-to-date: /home/orin_nano/microros_ws/install/micro_ros_msgs/share/micro_ros_msgs/environment/pythonpath.sh
[2.108s] -- Up-to-date: /home/orin_nano/microros_ws/install/micro_ros_msgs/share/micro_ros_msgs/environment/pythonpath.dsv
[2.108s] -- Up-to-date: /home/orin_nano/microros_ws/install/micro_ros_msgs/lib/python3.8/site-packages/micro_ros_msgs/__init__.py
[2.181s] -- Up-to-date: /home/orin_nano/microros_ws/install/micro_ros_msgs/lib/python3.8/site-packages/micro_ros_msgs/msg
[2.181s] -- Up-to-date: /home/orin_nano/microros_ws/install/micro_ros_msgs/lib/python3.8/site-packages/micro_ros_msgs/msg/_node.py
[2.181s] -- Up-to-date: /home/orin_nano/microros_ws/install/micro_ros_msgs/lib/python3.8/site-packages/micro_ros_msgs/msg/_entity_s.c
[2.181s] -- Up-to-date: /home/orin_nano/microros_ws/install/micro_ros_msgs/lib/python3.8/site-packages/micro_ros_msgs/msg/_entity.py
[2.181s] -- Up-to-date: /home/orin_nano/microros_ws/install/micro_ros_msgs/lib/python3.8/site-packages/micro_ros_msgs/msg/_node_s.c
[2.181s] -- Up-to-date: /home/orin_nano/microros_ws/install/micro_ros_msgs/lib/python3.8/site-packages/micro_ros_msgs/msg/_graph.py
[2.182s] -- Up-to-date: /home/orin_nano/microros_ws/install/micro_ros_msgs/lib/python3.8/site-packages/micro_ros_msgs/msg/__init__.py
[2.182s] -- Up-to-date: /home/orin_nano/microros_ws/install/micro_ros_msgs/lib/python3.8/site-packages/micro_ros_msgs/msg/_graph_s.c
[2.182s] -- Up-to-date: /home/orin_nano/microros_ws/install/micro_ros_msgs/lib/python3.8/site-packages/micro_ros_msgs/micro_ros_msgs_s__rosidl_typesupport_introspection_c.cpython-38-aarch64-linux-gnu.so
[2.183s] -- Up-to-date: /home/orin_nano/microros_ws/install/micro_ros_msgs/lib/python3.8/site-packages/micro_ros_msgs/micro_ros_msgs_s__rosidl_typesupport_fastrtps_c.cpython-38-aarch64-linux-gnu.so
[2.185s] -- Up-to-date: /home/orin_nano/microros_ws/install/micro_ros_msgs/lib/python3.8/site-packages/micro_ros_msgs/micro_ros_msgs_s__rosidl_typesupport_c.cpython-38-aarch64-linux-gnu.so
[2.186s] -- Up-to-date: /home/orin_nano/microros_ws/install/micro_ros_msgs/lib/libmicro_ros_msgs__python.so
[2.187s] -- Up-to-date: /home/orin_nano/microros_ws/install/micro_ros_msgs/share/micro_ros_msgs/msg/Graph.idl
[2.187s] -- Up-to-date: /home/orin_nano/microros_ws/install/micro_ros_msgs/share/micro_ros_msgs/msg/Node.idl
[2.187s] -- Up-to-date: /home/orin_nano/microros_ws/install/micro_ros_msgs/share/micro_ros_msgs/msg/Entity.idl
[2.187s] -- Up-to-date: /home/orin_nano/microros_ws/install/micro_ros_msgs/share/micro_ros_msgs/msg/Graph.msg
[2.187s] -- Up-to-date: /home/orin_nano/microros_ws/install/micro_ros_msgs/share/micro_ros_msgs/msg/Node.msg
[2.188s] -- Up-to-date: /home/orin_nano/microros_ws/install/micro_ros_msgs/share/micro_ros_msgs/msg/Entity.msg
[2.188s] -- Up-to-date: /home/orin_nano/microros_ws/install/micro_ros_msgs/share/ament_index/resource_index/package_run_dependencies/micro_ros_msgs
[2.188s] -- Up-to-date: /home/orin_nano/microros_ws/install/micro_ros_msgs/share/ament_index/resource_index/parent_prefix_path/micro_ros_msgs
[2.188s] -- Up-to-date: /home/orin_nano/microros_ws/install/micro_ros_msgs/share/micro_ros_msgs/environment/ament_prefix_path.sh
[2.188s] -- Up-to-date: /home/orin_nano/microros_ws/install/micro_ros_msgs/share/micro_ros_msgs/environment/ament_prefix_path.dsv
[2.189s] -- Up-to-date: /home/orin_nano/microros_ws/install/micro_ros_msgs/share/micro_ros_msgs/environment/path.sh
[2.189s] -- Up-to-date: /home/orin_nano/microros_ws/install/micro_ros_msgs/share/micro_ros_msgs/environment/path.dsv
[2.189s] -- Up-to-date: /home/orin_nano/microros_ws/install/micro_ros_msgs/share/micro_ros_msgs/local_setup.bash
[2.189s] -- Up-to-date: /home/orin_nano/microros_ws/install/micro_ros_msgs/share/micro_ros_msgs/local_setup.sh
[2.189s] -- Up-to-date: /home/orin_nano/microros_ws/install/micro_ros_msgs/share/micro_ros_msgs/local_setup.zsh
[2.189s] -- Up-to-date: /home/orin_nano/microros_ws/install/micro_ros_msgs/share/micro_ros_msgs/local_setup.dsv
[2.190s] -- Installing: /home/orin_nano/microros_ws/install/micro_ros_msgs/share/micro_ros_msgs/package.dsv
[2.190s] -- Up-to-date: /home/orin_nano/microros_ws/install/micro_ros_msgs/share/ament_index/resource_index/packages/micro_ros_msgs
[2.191s] -- Up-to-date: /home/orin_nano/microros_ws/install/micro_ros_msgs/share/micro_ros_msgs/cmake/micro_ros_msgs__rosidl_generator_cExport.cmake
[2.191s] -- Up-to-date: /home/orin_nano/microros_ws/install/micro_ros_msgs/share/micro_ros_msgs/cmake/micro_ros_msgs__rosidl_generator_cExport-noconfig.cmake
[2.192s] -- Up-to-date: /home/orin_nano/microros_ws/install/micro_ros_msgs/share/micro_ros_msgs/cmake/micro_ros_msgs__rosidl_typesupport_introspection_cExport.cmake
[2.192s] -- Up-to-date: /home/orin_nano/microros_ws/install/micro_ros_msgs/share/micro_ros_msgs/cmake/micro_ros_msgs__rosidl_typesupport_introspection_cExport-noconfig.cmake
[2.193s] -- Up-to-date: /home/orin_nano/microros_ws/install/micro_ros_msgs/share/micro_ros_msgs/cmake/micro_ros_msgs__rosidl_typesupport_cExport.cmake
[2.193s] -- Up-to-date: /home/orin_nano/microros_ws/install/micro_ros_msgs/share/micro_ros_msgs/cmake/micro_ros_msgs__rosidl_typesupport_cExport-noconfig.cmake
[2.193s] -- Up-to-date: /home/orin_nano/microros_ws/install/micro_ros_msgs/share/micro_ros_msgs/cmake/micro_ros_msgs__rosidl_generator_cppExport.cmake
[2.194s] -- Up-to-date: /home/orin_nano/microros_ws/install/micro_ros_msgs/share/micro_ros_msgs/cmake/micro_ros_msgs__rosidl_typesupport_introspection_cppExport.cmake
[2.194s] -- Up-to-date: /home/orin_nano/microros_ws/install/micro_ros_msgs/share/micro_ros_msgs/cmake/micro_ros_msgs__rosidl_typesupport_introspection_cppExport-noconfig.cmake
[2.195s] -- Up-to-date: /home/orin_nano/microros_ws/install/micro_ros_msgs/share/micro_ros_msgs/cmake/micro_ros_msgs__rosidl_typesupport_cppExport.cmake
[2.196s] -- Up-to-date: /home/orin_nano/microros_ws/install/micro_ros_msgs/share/micro_ros_msgs/cmake/micro_ros_msgs__rosidl_typesupport_cppExport-noconfig.cmake
[2.196s] -- Up-to-date: /home/orin_nano/microros_ws/install/micro_ros_msgs/share/micro_ros_msgs/cmake/rosidl_cmake-extras.cmake
[2.196s] -- Up-to-date: /home/orin_nano/microros_ws/install/micro_ros_msgs/share/micro_ros_msgs/cmake/ament_cmake_export_dependencies-extras.cmake
[2.196s] -- Up-to-date: /home/orin_nano/microros_ws/install/micro_ros_msgs/share/micro_ros_msgs/cmake/ament_cmake_export_libraries-extras.cmake
[2.197s] -- Up-to-date: /home/orin_nano/microros_ws/install/micro_ros_msgs/share/micro_ros_msgs/cmake/ament_cmake_export_targets-extras.cmake
[2.197s] -- Up-to-date: /home/orin_nano/microros_ws/install/micro_ros_msgs/share/micro_ros_msgs/cmake/ament_cmake_export_include_directories-extras.cmake
[2.197s] -- Up-to-date: /home/orin_nano/microros_ws/install/micro_ros_msgs/share/micro_ros_msgs/cmake/rosidl_cmake_export_typesupport_targets-extras.cmake
[2.197s] -- Up-to-date: /home/orin_nano/microros_ws/install/micro_ros_msgs/share/micro_ros_msgs/cmake/rosidl_cmake_export_typesupport_libraries-extras.cmake
[2.197s] -- Up-to-date: /home/orin_nano/microros_ws/install/micro_ros_msgs/share/micro_ros_msgs/cmake/micro_ros_msgsConfig.cmake
[2.197s] -- Up-to-date: /home/orin_nano/microros_ws/install/micro_ros_msgs/share/micro_ros_msgs/cmake/micro_ros_msgsConfig-version.cmake
[2.197s] -- Up-to-date: /home/orin_nano/microros_ws/install/micro_ros_msgs/share/micro_ros_msgs/package.xml
[2.203s] Invoked command in '/home/orin_nano/microros_ws/build/micro_ros_msgs' returned '0': CMAKE_PREFIX_PATH=${CMAKE_PREFIX_PATH}:/home/orin_nano/microros_ws/install/micro_ros_setup:/opt/ros/foxy /usr/bin/cmake --install /home/orin_nano/microros_ws/build/micro_ros_msgs
