[1.273s] Invoking command in '/home/orin_nano/microros_ws/build/rosidl_generator_cpp': AMENT_PREFIX_PATH=/home/orin_nano/microros_ws/install/rosidl_generator_c:/home/orin_nano/microros_ws/install/rosidl_cmake:/home/orin_nano/microros_ws/install/rosidl_runtime_c:/home/orin_nano/microros_ws/install/rosidl_parser:/home/orin_nano/microros_ws/install/rosidl_typesupport_interface:/home/orin_nano/microros_ws/install/rosidl_runtime_cpp:/home/orin_nano/microros_ws/install/rosidl_adapter:${AMENT_PREFIX_PATH} CMAKE_PREFIX_PATH=/home/orin_nano/microros_ws/install/rosidl_generator_c:/home/orin_nano/microros_ws/install/rosidl_cmake:/home/orin_nano/microros_ws/install/rosidl_runtime_c:/home/orin_nano/microros_ws/install/rosidl_parser:/home/orin_nano/microros_ws/install/rosidl_typesupport_interface:/home/orin_nano/microros_ws/install/rosidl_runtime_cpp:/home/orin_nano/microros_ws/install/rosidl_adapter:/home/orin_nano/microros_ws/install/micro_ros_setup:/home/orin_nano/microros_ws/install/micro_ros_agent:/home/orin_nano/microros_ws/install/micro_ros_msgs:/home/orin_nano/install/joy:/opt/ros/foxy LD_LIBRARY_PATH=/home/orin_nano/microros_ws/install/rosidl_runtime_c/lib:/home/orin_nano/microros_ws/install/micro_ros_agent/lib:/home/orin_nano/microros_ws/install/micro_ros_msgs/lib:/home/orin_nano/install/joy/lib:/opt/ros/foxy/opt/yaml_cpp_vendor/lib:/opt/ros/foxy/opt/rviz_ogre_vendor/lib:/opt/ros/foxy/lib/aarch64-linux-gnu:/opt/ros/foxy/lib:/usr/local/cuda-11.4/lib64 PYTHONPATH=/home/orin_nano/microros_ws/install/rosidl_generator_c/lib/python3.8/site-packages:/home/orin_nano/microros_ws/install/rosidl_cmake/lib/python3.8/site-packages:/home/orin_nano/microros_ws/install/rosidl_parser/lib/python3.8/site-packages:/home/orin_nano/microros_ws/install/rosidl_adapter/lib/python3.8/site-packages:${PYTHONPATH} /usr/bin/cmake /home/orin_nano/microros_ws/rosidl-foxy/rosidl_generator_cpp -DCMAKE_INSTALL_PREFIX=/home/orin_nano/microros_ws/install/rosidl_generator_cpp
[1.384s] -- The C compiler identification is GNU 9.4.0
[1.495s] -- The CXX compiler identification is GNU 9.4.0
[1.504s] -- Check for working C compiler: /usr/bin/cc
[1.648s] -- Check for working C compiler: /usr/bin/cc -- works
[1.650s] -- Detecting C compiler ABI info
[1.794s] -- Detecting C compiler ABI info - done
[1.813s] -- Detecting C compile features
[1.817s] -- Detecting C compile features - done
[1.819s] -- Check for working CXX compiler: /usr/bin/c++
[1.985s] -- Check for working CXX compiler: /usr/bin/c++ -- works
[1.985s] -- Detecting CXX compiler ABI info
[2.139s] -- Detecting CXX compiler ABI info - done
[2.160s] -- Detecting CXX compile features
[2.161s] -- Detecting CXX compile features - done
[2.167s] -- Found ament_cmake: 0.9.12 (/opt/ros/foxy/share/ament_cmake/cmake)
[2.227s] -- Found PythonInterp: /usr/bin/python3 (found suitable version "3.8.10", minimum required is "3") 
[2.229s] -- Using PYTHON_EXECUTABLE: /usr/bin/python3
[2.782s] -- Found ament_lint_auto: 0.9.8 (/opt/ros/foxy/share/ament_lint_auto/cmake)
[2.784s] -- Found rosidl_runtime_c: 1.3.1 (/home/orin_nano/microros_ws/install/rosidl_runtime_c/share/rosidl_runtime_c/cmake)
[2.820s] -- Found rosidl_runtime_cpp: 1.3.1 (/home/orin_nano/microros_ws/install/rosidl_runtime_cpp/share/rosidl_runtime_cpp/cmake)
[2.827s] -- Found test_interface_files: 0.8.1 (/opt/ros/foxy/share/test_interface_files/cmake)
[3.002s] -- Found rosidl_adapter: 1.3.1 (/home/orin_nano/microros_ws/install/rosidl_adapter/share/rosidl_adapter/cmake)
[3.063s] -- Found PythonInterp: /usr/bin/python3 (found version "3.8.10") 
[3.412s] -- Found gtest sources under '/opt/ros/foxy/src/gtest_vendor': C++ tests using 'Google Test' will be built
[3.416s] -- Looking for pthread.h
[3.562s] -- Looking for pthread.h - found
[3.563s] -- Performing Test CMAKE_HAVE_LIBC_PTHREAD
[3.712s] -- Performing Test CMAKE_HAVE_LIBC_PTHREAD - Failed
[3.713s] -- Check if compiler accepts -pthread
[3.860s] -- Check if compiler accepts -pthread - yes
[3.863s] -- Found Threads: TRUE  
[3.905s] -- Added test 'copyright' to check source files copyright and LICENSE
[3.908s] -- Added test 'cppcheck' to perform static code analysis on C / C++ code
[3.909s] -- Configured cppcheck include dirs: 
[3.909s] -- Configured cppcheck exclude dirs and/or files: 
[3.912s] -- Added test 'cpplint' to check C / C++ code against the Google style
[3.912s] -- Configured cpplint exclude dirs and/or files: 
[3.913s] -- Added test 'flake8' to check Python code syntax and style conventions
[3.917s] -- Added test 'lint_cmake' to check CMake code style
[3.917s] -- Added test 'pep257' to check Python code against some of the style conventions in PEP 257
[3.920s] -- Added test 'uncrustify' to check C / C++ code style
[3.920s] -- Configured uncrustify additional arguments: 
[3.921s] -- Added test 'xmllint' to check XML markup files
[3.929s] -- Configuring done
[3.964s] -- Generating done
[3.967s] -- Build files have been written to: /home/orin_nano/microros_ws/build/rosidl_generator_cpp
[4.700s] Invoked command in '/home/orin_nano/microros_ws/build/rosidl_generator_cpp' returned '0': AMENT_PREFIX_PATH=/home/orin_nano/microros_ws/install/rosidl_generator_c:/home/orin_nano/microros_ws/install/rosidl_cmake:/home/orin_nano/microros_ws/install/rosidl_runtime_c:/home/orin_nano/microros_ws/install/rosidl_parser:/home/orin_nano/microros_ws/install/rosidl_typesupport_interface:/home/orin_nano/microros_ws/install/rosidl_runtime_cpp:/home/orin_nano/microros_ws/install/rosidl_adapter:${AMENT_PREFIX_PATH} CMAKE_PREFIX_PATH=/home/orin_nano/microros_ws/install/rosidl_generator_c:/home/orin_nano/microros_ws/install/rosidl_cmake:/home/orin_nano/microros_ws/install/rosidl_runtime_c:/home/orin_nano/microros_ws/install/rosidl_parser:/home/orin_nano/microros_ws/install/rosidl_typesupport_interface:/home/orin_nano/microros_ws/install/rosidl_runtime_cpp:/home/orin_nano/microros_ws/install/rosidl_adapter:/home/orin_nano/microros_ws/install/micro_ros_setup:/home/orin_nano/microros_ws/install/micro_ros_agent:/home/orin_nano/microros_ws/install/micro_ros_msgs:/home/orin_nano/install/joy:/opt/ros/foxy LD_LIBRARY_PATH=/home/orin_nano/microros_ws/install/rosidl_runtime_c/lib:/home/orin_nano/microros_ws/install/micro_ros_agent/lib:/home/orin_nano/microros_ws/install/micro_ros_msgs/lib:/home/orin_nano/install/joy/lib:/opt/ros/foxy/opt/yaml_cpp_vendor/lib:/opt/ros/foxy/opt/rviz_ogre_vendor/lib:/opt/ros/foxy/lib/aarch64-linux-gnu:/opt/ros/foxy/lib:/usr/local/cuda-11.4/lib64 PYTHONPATH=/home/orin_nano/microros_ws/install/rosidl_generator_c/lib/python3.8/site-packages:/home/orin_nano/microros_ws/install/rosidl_cmake/lib/python3.8/site-packages:/home/orin_nano/microros_ws/install/rosidl_parser/lib/python3.8/site-packages:/home/orin_nano/microros_ws/install/rosidl_adapter/lib/python3.8/site-packages:${PYTHONPATH} /usr/bin/cmake /home/orin_nano/microros_ws/rosidl-foxy/rosidl_generator_cpp -DCMAKE_INSTALL_PREFIX=/home/orin_nano/microros_ws/install/rosidl_generator_cpp
[4.702s] Invoking command in '/home/orin_nano/microros_ws/build/rosidl_generator_cpp': AMENT_PREFIX_PATH=/home/orin_nano/microros_ws/install/rosidl_generator_c:/home/orin_nano/microros_ws/install/rosidl_cmake:/home/orin_nano/microros_ws/install/rosidl_runtime_c:/home/orin_nano/microros_ws/install/rosidl_parser:/home/orin_nano/microros_ws/install/rosidl_typesupport_interface:/home/orin_nano/microros_ws/install/rosidl_runtime_cpp:/home/orin_nano/microros_ws/install/rosidl_adapter:${AMENT_PREFIX_PATH} CMAKE_PREFIX_PATH=/home/orin_nano/microros_ws/install/rosidl_generator_c:/home/orin_nano/microros_ws/install/rosidl_cmake:/home/orin_nano/microros_ws/install/rosidl_runtime_c:/home/orin_nano/microros_ws/install/rosidl_parser:/home/orin_nano/microros_ws/install/rosidl_typesupport_interface:/home/orin_nano/microros_ws/install/rosidl_runtime_cpp:/home/orin_nano/microros_ws/install/rosidl_adapter:/home/orin_nano/microros_ws/install/micro_ros_setup:/home/orin_nano/microros_ws/install/micro_ros_agent:/home/orin_nano/microros_ws/install/micro_ros_msgs:/home/orin_nano/install/joy:/opt/ros/foxy LD_LIBRARY_PATH=/home/orin_nano/microros_ws/install/rosidl_runtime_c/lib:/home/orin_nano/microros_ws/install/micro_ros_agent/lib:/home/orin_nano/microros_ws/install/micro_ros_msgs/lib:/home/orin_nano/install/joy/lib:/opt/ros/foxy/opt/yaml_cpp_vendor/lib:/opt/ros/foxy/opt/rviz_ogre_vendor/lib:/opt/ros/foxy/lib/aarch64-linux-gnu:/opt/ros/foxy/lib:/usr/local/cuda-11.4/lib64 PYTHONPATH=/home/orin_nano/microros_ws/install/rosidl_generator_c/lib/python3.8/site-packages:/home/orin_nano/microros_ws/install/rosidl_cmake/lib/python3.8/site-packages:/home/orin_nano/microros_ws/install/rosidl_parser/lib/python3.8/site-packages:/home/orin_nano/microros_ws/install/rosidl_adapter/lib/python3.8/site-packages:${PYTHONPATH} /usr/bin/cmake --build /home/orin_nano/microros_ws/build/rosidl_generator_cpp -- -j6 -l6
[4.789s] [35m[1mScanning dependencies of target gtest[0m
[4.789s] [35m[1mScanning dependencies of target gtest_main[0m
[4.790s] [35m[1mScanning dependencies of target rosidl_generator_cpp__cpp[0m
[4.815s] [  5%] [34m[1mGenerating C++ code for ROS interfaces[0m
[4.819s] [ 10%] [32mBuilding CXX object gtest/CMakeFiles/gtest_main.dir/src/gtest_main.cc.o[0m
[4.822s] [ 15%] [32mBuilding CXX object gtest/CMakeFiles/gtest.dir/src/gtest-all.cc.o[0m
[6.339s] [ 21%] [32m[1mLinking CXX static library libgtest_main.a[0m
[6.409s] [ 21%] Built target gtest_main
[10.104s] [ 21%] Built target rosidl_generator_cpp__cpp
[10.127s] [35m[1mScanning dependencies of target rosidl_generator_cpp[0m
[10.153s] [ 21%] Built target rosidl_generator_cpp
[11.701s] [ 26%] [32m[1mLinking CXX static library libgtest.a[0m
[11.813s] [ 26%] Built target gtest
[11.836s] [35m[1mScanning dependencies of target test_srv_initialization[0m
[11.836s] [35m[1mScanning dependencies of target test_msg_datatype[0m
[11.837s] [35m[1mScanning dependencies of target test_msg_initialization[0m
[11.837s] [35m[1mScanning dependencies of target test_name[0m
[11.837s] [35m[1mScanning dependencies of target test_msg_builder[0m
[11.850s] [35m[1mScanning dependencies of target test_traits[0m
[11.876s] [ 31%] [32mBuilding CXX object CMakeFiles/test_msg_datatype.dir/test/test_msg_datatype.cpp.o[0m
[11.876s] [ 36%] [32mBuilding CXX object CMakeFiles/test_msg_builder.dir/test/test_msg_builder.cpp.o[0m
[11.876s] [ 42%] [32mBuilding CXX object CMakeFiles/test_msg_initialization.dir/test/test_msg_initialization.cpp.o[0m
[11.881s] [ 47%] [32mBuilding CXX object CMakeFiles/test_name.dir/test/test_name.cpp.o[0m
[11.883s] [ 52%] [32mBuilding CXX object CMakeFiles/test_srv_initialization.dir/test/test_srv_initialization.cpp.o[0m
[11.899s] [ 57%] [32mBuilding CXX object CMakeFiles/test_traits.dir/test/test_traits.cpp.o[0m
[13.944s] [ 63%] [32m[1mLinking CXX executable test_name[0m
[13.950s] [ 68%] [32m[1mLinking CXX executable test_traits[0m
[14.002s] [ 73%] [32m[1mLinking CXX executable test_msg_datatype[0m
[14.252s] [ 73%] Built target test_traits
[14.260s] [ 73%] Built target test_name
[14.275s] [35m[1mScanning dependencies of target test_interfaces_cpp[0m
[14.308s] [ 73%] Built target test_msg_datatype
[14.316s] [ 78%] [32mBuilding CXX object CMakeFiles/test_interfaces_cpp.dir/test/test_interfaces.cpp.o[0m
[14.464s] [ 84%] [32m[1mLinking CXX executable test_srv_initialization[0m
[14.754s] [ 84%] Built target test_srv_initialization
[16.280s] [ 89%] [32m[1mLinking CXX executable test_msg_initialization[0m
[16.612s] [ 89%] Built target test_msg_initialization
[18.336s] [ 94%] [32m[1mLinking CXX executable test_msg_builder[0m
[18.743s] [ 94%] Built target test_msg_builder
[22.213s] [100%] [32m[1mLinking CXX executable test_interfaces_cpp[0m
[22.623s] [100%] Built target test_interfaces_cpp
[22.648s] Invoked command in '/home/orin_nano/microros_ws/build/rosidl_generator_cpp' returned '0': AMENT_PREFIX_PATH=/home/orin_nano/microros_ws/install/rosidl_generator_c:/home/orin_nano/microros_ws/install/rosidl_cmake:/home/orin_nano/microros_ws/install/rosidl_runtime_c:/home/orin_nano/microros_ws/install/rosidl_parser:/home/orin_nano/microros_ws/install/rosidl_typesupport_interface:/home/orin_nano/microros_ws/install/rosidl_runtime_cpp:/home/orin_nano/microros_ws/install/rosidl_adapter:${AMENT_PREFIX_PATH} CMAKE_PREFIX_PATH=/home/orin_nano/microros_ws/install/rosidl_generator_c:/home/orin_nano/microros_ws/install/rosidl_cmake:/home/orin_nano/microros_ws/install/rosidl_runtime_c:/home/orin_nano/microros_ws/install/rosidl_parser:/home/orin_nano/microros_ws/install/rosidl_typesupport_interface:/home/orin_nano/microros_ws/install/rosidl_runtime_cpp:/home/orin_nano/microros_ws/install/rosidl_adapter:/home/orin_nano/microros_ws/install/micro_ros_setup:/home/orin_nano/microros_ws/install/micro_ros_agent:/home/orin_nano/microros_ws/install/micro_ros_msgs:/home/orin_nano/install/joy:/opt/ros/foxy LD_LIBRARY_PATH=/home/orin_nano/microros_ws/install/rosidl_runtime_c/lib:/home/orin_nano/microros_ws/install/micro_ros_agent/lib:/home/orin_nano/microros_ws/install/micro_ros_msgs/lib:/home/orin_nano/install/joy/lib:/opt/ros/foxy/opt/yaml_cpp_vendor/lib:/opt/ros/foxy/opt/rviz_ogre_vendor/lib:/opt/ros/foxy/lib/aarch64-linux-gnu:/opt/ros/foxy/lib:/usr/local/cuda-11.4/lib64 PYTHONPATH=/home/orin_nano/microros_ws/install/rosidl_generator_c/lib/python3.8/site-packages:/home/orin_nano/microros_ws/install/rosidl_cmake/lib/python3.8/site-packages:/home/orin_nano/microros_ws/install/rosidl_parser/lib/python3.8/site-packages:/home/orin_nano/microros_ws/install/rosidl_adapter/lib/python3.8/site-packages:${PYTHONPATH} /usr/bin/cmake --build /home/orin_nano/microros_ws/build/rosidl_generator_cpp -- -j6 -l6
[22.741s] Invoking command in '/home/orin_nano/microros_ws/build/rosidl_generator_cpp': AMENT_PREFIX_PATH=/home/orin_nano/microros_ws/install/rosidl_generator_c:/home/orin_nano/microros_ws/install/rosidl_cmake:/home/orin_nano/microros_ws/install/rosidl_runtime_c:/home/orin_nano/microros_ws/install/rosidl_parser:/home/orin_nano/microros_ws/install/rosidl_typesupport_interface:/home/orin_nano/microros_ws/install/rosidl_runtime_cpp:/home/orin_nano/microros_ws/install/rosidl_adapter:${AMENT_PREFIX_PATH} CMAKE_PREFIX_PATH=/home/orin_nano/microros_ws/install/rosidl_generator_c:/home/orin_nano/microros_ws/install/rosidl_cmake:/home/orin_nano/microros_ws/install/rosidl_runtime_c:/home/orin_nano/microros_ws/install/rosidl_parser:/home/orin_nano/microros_ws/install/rosidl_typesupport_interface:/home/orin_nano/microros_ws/install/rosidl_runtime_cpp:/home/orin_nano/microros_ws/install/rosidl_adapter:/home/orin_nano/microros_ws/install/micro_ros_setup:/home/orin_nano/microros_ws/install/micro_ros_agent:/home/orin_nano/microros_ws/install/micro_ros_msgs:/home/orin_nano/install/joy:/opt/ros/foxy LD_LIBRARY_PATH=/home/orin_nano/microros_ws/install/rosidl_runtime_c/lib:/home/orin_nano/microros_ws/install/micro_ros_agent/lib:/home/orin_nano/microros_ws/install/micro_ros_msgs/lib:/home/orin_nano/install/joy/lib:/opt/ros/foxy/opt/yaml_cpp_vendor/lib:/opt/ros/foxy/opt/rviz_ogre_vendor/lib:/opt/ros/foxy/lib/aarch64-linux-gnu:/opt/ros/foxy/lib:/usr/local/cuda-11.4/lib64 PYTHONPATH=/home/orin_nano/microros_ws/install/rosidl_generator_c/lib/python3.8/site-packages:/home/orin_nano/microros_ws/install/rosidl_cmake/lib/python3.8/site-packages:/home/orin_nano/microros_ws/install/rosidl_parser/lib/python3.8/site-packages:/home/orin_nano/microros_ws/install/rosidl_adapter/lib/python3.8/site-packages:${PYTHONPATH} /usr/bin/cmake --install /home/orin_nano/microros_ws/build/rosidl_generator_cpp
[22.762s] -- Install configuration: ""
[22.762s] -- Installing: /home/orin_nano/microros_ws/install/rosidl_generator_cpp/share/ament_index/resource_index/rosidl_generator_packages/rosidl_generator_cpp
[22.763s] -- Installing: /home/orin_nano/microros_ws/install/rosidl_generator_cpp/share/rosidl_generator_cpp/environment/pythonpath.sh
[22.763s] -- Installing: /home/orin_nano/microros_ws/install/rosidl_generator_cpp/share/rosidl_generator_cpp/environment/pythonpath.dsv
[22.763s] -- Installing: /home/orin_nano/microros_ws/install/rosidl_generator_cpp/lib/python3.8/site-packages/rosidl_generator_cpp
[22.764s] -- Installing: /home/orin_nano/microros_ws/install/rosidl_generator_cpp/lib/python3.8/site-packages/rosidl_generator_cpp/__init__.py
[22.828s] Listing '/home/orin_nano/microros_ws/install/rosidl_generator_cpp/lib/python3.8/site-packages/rosidl_generator_cpp'...
[22.828s] Compiling '/home/orin_nano/microros_ws/install/rosidl_generator_cpp/lib/python3.8/site-packages/rosidl_generator_cpp/__init__.py'...
[22.838s] -- Installing: /home/orin_nano/microros_ws/install/rosidl_generator_cpp/share/ament_index/resource_index/package_run_dependencies/rosidl_generator_cpp
[22.838s] -- Installing: /home/orin_nano/microros_ws/install/rosidl_generator_cpp/share/ament_index/resource_index/parent_prefix_path/rosidl_generator_cpp
[22.838s] -- Installing: /home/orin_nano/microros_ws/install/rosidl_generator_cpp/share/rosidl_generator_cpp/environment/ament_prefix_path.sh
[22.839s] -- Installing: /home/orin_nano/microros_ws/install/rosidl_generator_cpp/share/rosidl_generator_cpp/environment/ament_prefix_path.dsv
[22.839s] -- Installing: /home/orin_nano/microros_ws/install/rosidl_generator_cpp/share/rosidl_generator_cpp/environment/path.sh
[22.839s] -- Installing: /home/orin_nano/microros_ws/install/rosidl_generator_cpp/share/rosidl_generator_cpp/environment/path.dsv
[22.840s] -- Installing: /home/orin_nano/microros_ws/install/rosidl_generator_cpp/share/rosidl_generator_cpp/local_setup.bash
[22.840s] -- Installing: /home/orin_nano/microros_ws/install/rosidl_generator_cpp/share/rosidl_generator_cpp/local_setup.sh
[22.840s] -- Installing: /home/orin_nano/microros_ws/install/rosidl_generator_cpp/share/rosidl_generator_cpp/local_setup.zsh
[22.840s] -- Installing: /home/orin_nano/microros_ws/install/rosidl_generator_cpp/share/rosidl_generator_cpp/local_setup.dsv
[22.841s] -- Installing: /home/orin_nano/microros_ws/install/rosidl_generator_cpp/share/rosidl_generator_cpp/package.dsv
[22.841s] -- Installing: /home/orin_nano/microros_ws/install/rosidl_generator_cpp/share/ament_index/resource_index/packages/rosidl_generator_cpp
[22.841s] -- Installing: /home/orin_nano/microros_ws/install/rosidl_generator_cpp/share/rosidl_generator_cpp/cmake/rosidl_generator_cpp-extras.cmake
[22.842s] -- Installing: /home/orin_nano/microros_ws/install/rosidl_generator_cpp/share/rosidl_generator_cpp/cmake/ament_cmake_export_dependencies-extras.cmake
[22.842s] -- Installing: /home/orin_nano/microros_ws/install/rosidl_generator_cpp/share/rosidl_generator_cpp/cmake/rosidl_cmake-extras.cmake
[22.842s] -- Installing: /home/orin_nano/microros_ws/install/rosidl_generator_cpp/share/rosidl_generator_cpp/cmake/rosidl_generator_cppConfig.cmake
[22.842s] -- Installing: /home/orin_nano/microros_ws/install/rosidl_generator_cpp/share/rosidl_generator_cpp/cmake/rosidl_generator_cppConfig-version.cmake
[22.843s] -- Installing: /home/orin_nano/microros_ws/install/rosidl_generator_cpp/share/rosidl_generator_cpp/package.xml
[22.843s] -- Installing: /home/orin_nano/microros_ws/install/rosidl_generator_cpp/lib/rosidl_generator_cpp/rosidl_generator_cpp
[22.843s] -- Up-to-date: /home/orin_nano/microros_ws/install/rosidl_generator_cpp/share/rosidl_generator_cpp/cmake
[22.844s] -- Installing: /home/orin_nano/microros_ws/install/rosidl_generator_cpp/share/rosidl_generator_cpp/cmake/rosidl_generator_cpp_generate_interfaces.cmake
[22.844s] -- Installing: /home/orin_nano/microros_ws/install/rosidl_generator_cpp/share/rosidl_generator_cpp/cmake/register_cpp.cmake
[22.844s] -- Installing: /home/orin_nano/microros_ws/install/rosidl_generator_cpp/share/rosidl_generator_cpp/resource
[22.844s] -- Installing: /home/orin_nano/microros_ws/install/rosidl_generator_cpp/share/rosidl_generator_cpp/resource/idl__type_support.hpp.em
[22.845s] -- Installing: /home/orin_nano/microros_ws/install/rosidl_generator_cpp/share/rosidl_generator_cpp/resource/idl__traits.hpp.em
[22.845s] -- Installing: /home/orin_nano/microros_ws/install/rosidl_generator_cpp/share/rosidl_generator_cpp/resource/action__traits.hpp.em
[22.845s] -- Installing: /home/orin_nano/microros_ws/install/rosidl_generator_cpp/share/rosidl_generator_cpp/resource/rosidl_generator_cpp__visibility_control.hpp.in
[22.845s] -- Installing: /home/orin_nano/microros_ws/install/rosidl_generator_cpp/share/rosidl_generator_cpp/resource/srv__struct.hpp.em
[22.845s] -- Installing: /home/orin_nano/microros_ws/install/rosidl_generator_cpp/share/rosidl_generator_cpp/resource/msg__traits.hpp.em
[22.845s] -- Installing: /home/orin_nano/microros_ws/install/rosidl_generator_cpp/share/rosidl_generator_cpp/resource/action__type_support.hpp.em
[22.846s] -- Installing: /home/orin_nano/microros_ws/install/rosidl_generator_cpp/share/rosidl_generator_cpp/resource/msg__type_support.hpp.em
[22.846s] -- Installing: /home/orin_nano/microros_ws/install/rosidl_generator_cpp/share/rosidl_generator_cpp/resource/idl.hpp.em
[22.846s] -- Installing: /home/orin_nano/microros_ws/install/rosidl_generator_cpp/share/rosidl_generator_cpp/resource/msg__struct.hpp.em
[22.846s] -- Installing: /home/orin_nano/microros_ws/install/rosidl_generator_cpp/share/rosidl_generator_cpp/resource/msg__builder.hpp.em
[22.847s] -- Installing: /home/orin_nano/microros_ws/install/rosidl_generator_cpp/share/rosidl_generator_cpp/resource/srv__type_support.hpp.em
[22.847s] -- Installing: /home/orin_nano/microros_ws/install/rosidl_generator_cpp/share/rosidl_generator_cpp/resource/action__struct.hpp.em
[22.847s] -- Installing: /home/orin_nano/microros_ws/install/rosidl_generator_cpp/share/rosidl_generator_cpp/resource/idl__builder.hpp.em
[22.847s] -- Installing: /home/orin_nano/microros_ws/install/rosidl_generator_cpp/share/rosidl_generator_cpp/resource/idl__struct.hpp.em
[22.847s] -- Installing: /home/orin_nano/microros_ws/install/rosidl_generator_cpp/share/rosidl_generator_cpp/resource/srv__traits.hpp.em
[22.848s] -- Installing: /home/orin_nano/microros_ws/install/rosidl_generator_cpp/share/rosidl_generator_cpp/resource/srv__builder.hpp.em
[22.848s] -- Installing: /home/orin_nano/microros_ws/install/rosidl_generator_cpp/share/rosidl_generator_cpp/resource/action__builder.hpp.em
[22.852s] Invoked command in '/home/orin_nano/microros_ws/build/rosidl_generator_cpp' returned '0': AMENT_PREFIX_PATH=/home/orin_nano/microros_ws/install/rosidl_generator_c:/home/orin_nano/microros_ws/install/rosidl_cmake:/home/orin_nano/microros_ws/install/rosidl_runtime_c:/home/orin_nano/microros_ws/install/rosidl_parser:/home/orin_nano/microros_ws/install/rosidl_typesupport_interface:/home/orin_nano/microros_ws/install/rosidl_runtime_cpp:/home/orin_nano/microros_ws/install/rosidl_adapter:${AMENT_PREFIX_PATH} CMAKE_PREFIX_PATH=/home/orin_nano/microros_ws/install/rosidl_generator_c:/home/orin_nano/microros_ws/install/rosidl_cmake:/home/orin_nano/microros_ws/install/rosidl_runtime_c:/home/orin_nano/microros_ws/install/rosidl_parser:/home/orin_nano/microros_ws/install/rosidl_typesupport_interface:/home/orin_nano/microros_ws/install/rosidl_runtime_cpp:/home/orin_nano/microros_ws/install/rosidl_adapter:/home/orin_nano/microros_ws/install/micro_ros_setup:/home/orin_nano/microros_ws/install/micro_ros_agent:/home/orin_nano/microros_ws/install/micro_ros_msgs:/home/orin_nano/install/joy:/opt/ros/foxy LD_LIBRARY_PATH=/home/orin_nano/microros_ws/install/rosidl_runtime_c/lib:/home/orin_nano/microros_ws/install/micro_ros_agent/lib:/home/orin_nano/microros_ws/install/micro_ros_msgs/lib:/home/orin_nano/install/joy/lib:/opt/ros/foxy/opt/yaml_cpp_vendor/lib:/opt/ros/foxy/opt/rviz_ogre_vendor/lib:/opt/ros/foxy/lib/aarch64-linux-gnu:/opt/ros/foxy/lib:/usr/local/cuda-11.4/lib64 PYTHONPATH=/home/orin_nano/microros_ws/install/rosidl_generator_c/lib/python3.8/site-packages:/home/orin_nano/microros_ws/install/rosidl_cmake/lib/python3.8/site-packages:/home/orin_nano/microros_ws/install/rosidl_parser/lib/python3.8/site-packages:/home/orin_nano/microros_ws/install/rosidl_adapter/lib/python3.8/site-packages:${PYTHONPATH} /usr/bin/cmake --install /home/orin_nano/microros_ws/build/rosidl_generator_cpp
