[13.924s] DEBUG:colcon:Command line arguments: ['/usr/bin/colcon', 'build']
[13.925s] DEBUG:colcon:Parsed command line arguments: Namespace(allow_overriding=[], ament_cmake_args=None, base_paths=['.'], build_base='build', catkin_cmake_args=None, catkin_skip_building_tests=False, cmake_args=None, cmake_clean_cache=False, cmake_clean_first=False, cmake_force_configure=False, cmake_target=None, cmake_target_skip_unavailable=False, continue_on_error=False, event_handlers=None, executor='parallel', ignore_user_meta=False, install_base='install', log_base=None, log_level=None, main=<bound method BuildVerb.main of <colcon_core.verb.build.BuildVerb object at 0xffff8ee95880>>, merge_install=False, metas=['./colcon.meta'], packages_above=None, packages_above_and_dependencies=None, packages_above_depth=None, packages_end=None, packages_ignore=None, packages_ignore_regex=None, packages_select=None, packages_select_build_failed=False, packages_select_by_dep=None, packages_select_regex=None, packages_select_test_failures=False, packages_skip=None, packages_skip_build_finished=False, packages_skip_by_dep=None, packages_skip_regex=None, packages_skip_test_passed=False, packages_skip_up_to=None, packages_start=None, packages_up_to=None, packages_up_to_regex=None, parallel_workers=6, paths=None, symlink_install=False, test_result_base=None, verb_extension=<colcon_core.verb.build.BuildVerb object at 0xffff8ee95880>, verb_name='build', verb_parser=<colcon_defaults.argument_parser.defaults.DefaultArgumentsDecorator object at 0xffff8ea8c160>)
[14.459s] Level 1:colcon.colcon_core.package_discovery:discover_packages(colcon_meta) check parameters
[14.459s] Level 1:colcon.colcon_core.package_discovery:discover_packages(recursive) check parameters
[14.459s] Level 1:colcon.colcon_core.package_discovery:discover_packages(ignore) check parameters
[14.459s] Level 1:colcon.colcon_core.package_discovery:discover_packages(path) check parameters
[14.459s] Level 1:colcon.colcon_core.package_discovery:discover_packages(colcon_meta) discover
[14.460s] Level 1:colcon.colcon_core.package_discovery:discover_packages(recursive) discover
[14.460s] INFO:colcon.colcon_core.package_discovery:Crawling recursively for packages in '/home/orin_nano/microros_ws'
[14.460s] Level 1:colcon.colcon_core.package_identification:_identify(.) by extensions ['ignore', 'ignore_ament_install']
[14.460s] Level 1:colcon.colcon_core.package_identification:_identify(.) by extension 'ignore'
[14.460s] Level 1:colcon.colcon_core.package_identification:_identify(.) by extension 'ignore_ament_install'
[14.460s] Level 1:colcon.colcon_core.package_identification:_identify(.) by extensions ['colcon_pkg']
[14.460s] Level 1:colcon.colcon_core.package_identification:_identify(.) by extension 'colcon_pkg'
[14.461s] Level 1:colcon.colcon_core.package_identification:_identify(.) by extensions ['colcon_meta']
[14.461s] Level 1:colcon.colcon_core.package_identification:_identify(.) by extension 'colcon_meta'
[14.461s] Level 1:colcon.colcon_core.package_identification:_identify(.) by extensions ['ros']
[14.461s] Level 1:colcon.colcon_core.package_identification:_identify(.) by extension 'ros'
[14.482s] Level 1:colcon.colcon_core.package_identification:_identify(.) by extensions ['cmake', 'python']
[14.483s] Level 1:colcon.colcon_core.package_identification:_identify(.) by extension 'cmake'
[14.483s] Level 1:colcon.colcon_core.package_identification:_identify(.) by extension 'python'
[14.483s] Level 1:colcon.colcon_core.package_identification:_identify(.) by extensions ['python_setup_py']
[14.483s] Level 1:colcon.colcon_core.package_identification:_identify(.) by extension 'python_setup_py'
[14.483s] Level 1:colcon.colcon_core.package_identification:_identify(build) by extensions ['ignore', 'ignore_ament_install']
[14.484s] Level 1:colcon.colcon_core.package_identification:_identify(build) by extension 'ignore'
[14.484s] Level 1:colcon.colcon_core.package_identification:_identify(build) ignored
[14.484s] Level 1:colcon.colcon_core.package_identification:_identify(install) by extensions ['ignore', 'ignore_ament_install']
[14.484s] Level 1:colcon.colcon_core.package_identification:_identify(install) by extension 'ignore'
[14.484s] Level 1:colcon.colcon_core.package_identification:_identify(install) ignored
[14.485s] Level 1:colcon.colcon_core.package_identification:_identify(log) by extensions ['ignore', 'ignore_ament_install']
[14.485s] Level 1:colcon.colcon_core.package_identification:_identify(log) by extension 'ignore'
[14.485s] Level 1:colcon.colcon_core.package_identification:_identify(log) ignored
[14.485s] Level 1:colcon.colcon_core.package_identification:_identify(src) by extensions ['ignore', 'ignore_ament_install']
[14.485s] Level 1:colcon.colcon_core.package_identification:_identify(src) by extension 'ignore'
[14.485s] Level 1:colcon.colcon_core.package_identification:_identify(src) by extension 'ignore_ament_install'
[14.485s] Level 1:colcon.colcon_core.package_identification:_identify(src) by extensions ['colcon_pkg']
[14.485s] Level 1:colcon.colcon_core.package_identification:_identify(src) by extension 'colcon_pkg'
[14.486s] Level 1:colcon.colcon_core.package_identification:_identify(src) by extensions ['colcon_meta']
[14.486s] Level 1:colcon.colcon_core.package_identification:_identify(src) by extension 'colcon_meta'
[14.486s] Level 1:colcon.colcon_core.package_identification:_identify(src) by extensions ['ros']
[14.486s] Level 1:colcon.colcon_core.package_identification:_identify(src) by extension 'ros'
[14.486s] Level 1:colcon.colcon_core.package_identification:_identify(src) by extensions ['cmake', 'python']
[14.486s] Level 1:colcon.colcon_core.package_identification:_identify(src) by extension 'cmake'
[14.486s] Level 1:colcon.colcon_core.package_identification:_identify(src) by extension 'python'
[14.486s] Level 1:colcon.colcon_core.package_identification:_identify(src) by extensions ['python_setup_py']
[14.486s] Level 1:colcon.colcon_core.package_identification:_identify(src) by extension 'python_setup_py'
[14.487s] Level 1:colcon.colcon_core.package_identification:_identify(src/micro_ros_msgs) by extensions ['ignore', 'ignore_ament_install']
[14.487s] Level 1:colcon.colcon_core.package_identification:_identify(src/micro_ros_msgs) by extension 'ignore'
[14.487s] Level 1:colcon.colcon_core.package_identification:_identify(src/micro_ros_msgs) by extension 'ignore_ament_install'
[14.487s] Level 1:colcon.colcon_core.package_identification:_identify(src/micro_ros_msgs) by extensions ['colcon_pkg']
[14.487s] Level 1:colcon.colcon_core.package_identification:_identify(src/micro_ros_msgs) by extension 'colcon_pkg'
[14.487s] Level 1:colcon.colcon_core.package_identification:_identify(src/micro_ros_msgs) by extensions ['colcon_meta']
[14.487s] Level 1:colcon.colcon_core.package_identification:_identify(src/micro_ros_msgs) by extension 'colcon_meta'
[14.487s] Level 1:colcon.colcon_core.package_identification:_identify(src/micro_ros_msgs) by extensions ['ros']
[14.487s] Level 1:colcon.colcon_core.package_identification:_identify(src/micro_ros_msgs) by extension 'ros'
[14.487s] Level 1:colcon.colcon_core.package_identification:_identify(src/micro_ros_msgs) by extensions ['cmake', 'python']
[14.488s] Level 1:colcon.colcon_core.package_identification:_identify(src/micro_ros_msgs) by extension 'cmake'
[14.488s] Level 1:colcon.colcon_core.package_identification:_identify(src/micro_ros_msgs) by extension 'python'
[14.488s] Level 1:colcon.colcon_core.package_identification:_identify(src/micro_ros_msgs) by extensions ['python_setup_py']
[14.488s] Level 1:colcon.colcon_core.package_identification:_identify(src/micro_ros_msgs) by extension 'python_setup_py'
[14.488s] Level 1:colcon.colcon_core.package_identification:_identify(src/micro_ros_msgs/msg) by extensions ['ignore', 'ignore_ament_install']
[14.488s] Level 1:colcon.colcon_core.package_identification:_identify(src/micro_ros_msgs/msg) by extension 'ignore'
[14.488s] Level 1:colcon.colcon_core.package_identification:_identify(src/micro_ros_msgs/msg) by extension 'ignore_ament_install'
[14.488s] Level 1:colcon.colcon_core.package_identification:_identify(src/micro_ros_msgs/msg) by extensions ['colcon_pkg']
[14.488s] Level 1:colcon.colcon_core.package_identification:_identify(src/micro_ros_msgs/msg) by extension 'colcon_pkg'
[14.489s] Level 1:colcon.colcon_core.package_identification:_identify(src/micro_ros_msgs/msg) by extensions ['colcon_meta']
[14.489s] Level 1:colcon.colcon_core.package_identification:_identify(src/micro_ros_msgs/msg) by extension 'colcon_meta'
[14.489s] Level 1:colcon.colcon_core.package_identification:_identify(src/micro_ros_msgs/msg) by extensions ['ros']
[14.489s] Level 1:colcon.colcon_core.package_identification:_identify(src/micro_ros_msgs/msg) by extension 'ros'
[14.489s] Level 1:colcon.colcon_core.package_identification:_identify(src/micro_ros_msgs/msg) by extensions ['cmake', 'python']
[14.489s] Level 1:colcon.colcon_core.package_identification:_identify(src/micro_ros_msgs/msg) by extension 'cmake'
[14.489s] Level 1:colcon.colcon_core.package_identification:_identify(src/micro_ros_msgs/msg) by extension 'python'
[14.489s] Level 1:colcon.colcon_core.package_identification:_identify(src/micro_ros_msgs/msg) by extensions ['python_setup_py']
[14.489s] Level 1:colcon.colcon_core.package_identification:_identify(src/micro_ros_msgs/msg) by extension 'python_setup_py'
[14.490s] Level 1:colcon.colcon_core.package_identification:_identify(src/micro_ros_msgs/msg/detail) by extensions ['ignore', 'ignore_ament_install']
[14.490s] Level 1:colcon.colcon_core.package_identification:_identify(src/micro_ros_msgs/msg/detail) by extension 'ignore'
[14.490s] Level 1:colcon.colcon_core.package_identification:_identify(src/micro_ros_msgs/msg/detail) by extension 'ignore_ament_install'
[14.490s] Level 1:colcon.colcon_core.package_identification:_identify(src/micro_ros_msgs/msg/detail) by extensions ['colcon_pkg']
[14.490s] Level 1:colcon.colcon_core.package_identification:_identify(src/micro_ros_msgs/msg/detail) by extension 'colcon_pkg'
[14.490s] Level 1:colcon.colcon_core.package_identification:_identify(src/micro_ros_msgs/msg/detail) by extensions ['colcon_meta']
[14.490s] Level 1:colcon.colcon_core.package_identification:_identify(src/micro_ros_msgs/msg/detail) by extension 'colcon_meta'
[14.490s] Level 1:colcon.colcon_core.package_identification:_identify(src/micro_ros_msgs/msg/detail) by extensions ['ros']
[14.490s] Level 1:colcon.colcon_core.package_identification:_identify(src/micro_ros_msgs/msg/detail) by extension 'ros'
[14.491s] Level 1:colcon.colcon_core.package_identification:_identify(src/micro_ros_msgs/msg/detail) by extensions ['cmake', 'python']
[14.491s] Level 1:colcon.colcon_core.package_identification:_identify(src/micro_ros_msgs/msg/detail) by extension 'cmake'
[14.491s] Level 1:colcon.colcon_core.package_identification:_identify(src/micro_ros_msgs/msg/detail) by extension 'python'
[14.491s] Level 1:colcon.colcon_core.package_identification:_identify(src/micro_ros_msgs/msg/detail) by extensions ['python_setup_py']
[14.491s] Level 1:colcon.colcon_core.package_identification:_identify(src/micro_ros_msgs/msg/detail) by extension 'python_setup_py'
[14.491s] Level 1:colcon.colcon_core.package_identification:_identify(src/micro_ros_setup) by extensions ['ignore', 'ignore_ament_install']
[14.491s] Level 1:colcon.colcon_core.package_identification:_identify(src/micro_ros_setup) by extension 'ignore'
[14.491s] Level 1:colcon.colcon_core.package_identification:_identify(src/micro_ros_setup) by extension 'ignore_ament_install'
[14.491s] Level 1:colcon.colcon_core.package_identification:_identify(src/micro_ros_setup) by extensions ['colcon_pkg']
[14.492s] Level 1:colcon.colcon_core.package_identification:_identify(src/micro_ros_setup) by extension 'colcon_pkg'
[14.492s] Level 1:colcon.colcon_core.package_identification:_identify(src/micro_ros_setup) by extensions ['colcon_meta']
[14.492s] Level 1:colcon.colcon_core.package_identification:_identify(src/micro_ros_setup) by extension 'colcon_meta'
[14.492s] Level 1:colcon.colcon_core.package_identification:_identify(src/micro_ros_setup) by extensions ['ros']
[14.492s] Level 1:colcon.colcon_core.package_identification:_identify(src/micro_ros_setup) by extension 'ros'
[14.498s] DEBUG:colcon.colcon_core.package_identification:Package 'src/micro_ros_setup' with type 'ros.ament_cmake' and name 'micro_ros_setup'
[14.498s] Level 1:colcon.colcon_core.package_identification:_identify(src/micro_ros_utilities) by extensions ['ignore', 'ignore_ament_install']
[14.498s] Level 1:colcon.colcon_core.package_identification:_identify(src/micro_ros_utilities) by extension 'ignore'
[14.498s] Level 1:colcon.colcon_core.package_identification:_identify(src/micro_ros_utilities) by extension 'ignore_ament_install'
[14.498s] Level 1:colcon.colcon_core.package_identification:_identify(src/micro_ros_utilities) by extensions ['colcon_pkg']
[14.498s] Level 1:colcon.colcon_core.package_identification:_identify(src/micro_ros_utilities) by extension 'colcon_pkg'
[14.499s] Level 1:colcon.colcon_core.package_identification:_identify(src/micro_ros_utilities) by extensions ['colcon_meta']
[14.499s] Level 1:colcon.colcon_core.package_identification:_identify(src/micro_ros_utilities) by extension 'colcon_meta'
[14.499s] Level 1:colcon.colcon_core.package_identification:_identify(src/micro_ros_utilities) by extensions ['ros']
[14.499s] Level 1:colcon.colcon_core.package_identification:_identify(src/micro_ros_utilities) by extension 'ros'
[14.499s] Level 1:colcon.colcon_core.package_identification:_identify(src/micro_ros_utilities) by extensions ['cmake', 'python']
[14.499s] Level 1:colcon.colcon_core.package_identification:_identify(src/micro_ros_utilities) by extension 'cmake'
[14.499s] Level 1:colcon.colcon_core.package_identification:_identify(src/micro_ros_utilities) by extension 'python'
[14.499s] Level 1:colcon.colcon_core.package_identification:_identify(src/micro_ros_utilities) by extensions ['python_setup_py']
[14.499s] Level 1:colcon.colcon_core.package_identification:_identify(src/micro_ros_utilities) by extension 'python_setup_py'
[14.500s] Level 1:colcon.colcon_core.package_identification:_identify(src/micro_ros_utilities/micro_ros_utilities) by extensions ['ignore', 'ignore_ament_install']
[14.500s] Level 1:colcon.colcon_core.package_identification:_identify(src/micro_ros_utilities/micro_ros_utilities) by extension 'ignore'
[14.500s] Level 1:colcon.colcon_core.package_identification:_identify(src/micro_ros_utilities/micro_ros_utilities) by extension 'ignore_ament_install'
[14.500s] Level 1:colcon.colcon_core.package_identification:_identify(src/micro_ros_utilities/micro_ros_utilities) by extensions ['colcon_pkg']
[14.500s] Level 1:colcon.colcon_core.package_identification:_identify(src/micro_ros_utilities/micro_ros_utilities) by extension 'colcon_pkg'
[14.500s] Level 1:colcon.colcon_core.package_identification:_identify(src/micro_ros_utilities/micro_ros_utilities) by extensions ['colcon_meta']
[14.500s] Level 1:colcon.colcon_core.package_identification:_identify(src/micro_ros_utilities/micro_ros_utilities) by extension 'colcon_meta'
[14.500s] Level 1:colcon.colcon_core.package_identification:_identify(src/micro_ros_utilities/micro_ros_utilities) by extensions ['ros']
[14.500s] Level 1:colcon.colcon_core.package_identification:_identify(src/micro_ros_utilities/micro_ros_utilities) by extension 'ros'
[14.502s] DEBUG:colcon.colcon_core.package_identification:Package 'src/micro_ros_utilities/micro_ros_utilities' with type 'ros.ament_cmake' and name 'micro_ros_utilities'
[14.502s] Level 1:colcon.colcon_core.package_identification:_identify(src/uros) by extensions ['ignore', 'ignore_ament_install']
[14.502s] Level 1:colcon.colcon_core.package_identification:_identify(src/uros) by extension 'ignore'
[14.502s] Level 1:colcon.colcon_core.package_identification:_identify(src/uros) by extension 'ignore_ament_install'
[14.502s] Level 1:colcon.colcon_core.package_identification:_identify(src/uros) by extensions ['colcon_pkg']
[14.502s] Level 1:colcon.colcon_core.package_identification:_identify(src/uros) by extension 'colcon_pkg'
[14.503s] Level 1:colcon.colcon_core.package_identification:_identify(src/uros) by extensions ['colcon_meta']
[14.503s] Level 1:colcon.colcon_core.package_identification:_identify(src/uros) by extension 'colcon_meta'
[14.503s] Level 1:colcon.colcon_core.package_identification:_identify(src/uros) by extensions ['ros']
[14.503s] Level 1:colcon.colcon_core.package_identification:_identify(src/uros) by extension 'ros'
[14.503s] Level 1:colcon.colcon_core.package_identification:_identify(src/uros) by extensions ['cmake', 'python']
[14.503s] Level 1:colcon.colcon_core.package_identification:_identify(src/uros) by extension 'cmake'
[14.503s] Level 1:colcon.colcon_core.package_identification:_identify(src/uros) by extension 'python'
[14.503s] Level 1:colcon.colcon_core.package_identification:_identify(src/uros) by extensions ['python_setup_py']
[14.503s] Level 1:colcon.colcon_core.package_identification:_identify(src/uros) by extension 'python_setup_py'
[14.504s] Level 1:colcon.colcon_core.package_identification:_identify(src/uros/drive_base) by extensions ['ignore', 'ignore_ament_install']
[14.504s] Level 1:colcon.colcon_core.package_identification:_identify(src/uros/drive_base) by extension 'ignore'
[14.504s] Level 1:colcon.colcon_core.package_identification:_identify(src/uros/drive_base) by extension 'ignore_ament_install'
[14.504s] Level 1:colcon.colcon_core.package_identification:_identify(src/uros/drive_base) by extensions ['colcon_pkg']
[14.504s] Level 1:colcon.colcon_core.package_identification:_identify(src/uros/drive_base) by extension 'colcon_pkg'
[14.504s] Level 1:colcon.colcon_core.package_identification:_identify(src/uros/drive_base) by extensions ['colcon_meta']
[14.504s] Level 1:colcon.colcon_core.package_identification:_identify(src/uros/drive_base) by extension 'colcon_meta'
[14.504s] Level 1:colcon.colcon_core.package_identification:_identify(src/uros/drive_base) by extensions ['ros']
[14.504s] Level 1:colcon.colcon_core.package_identification:_identify(src/uros/drive_base) by extension 'ros'
[14.505s] Level 1:colcon.colcon_core.package_identification:_identify(src/uros/drive_base) by extensions ['cmake', 'python']
[14.505s] Level 1:colcon.colcon_core.package_identification:_identify(src/uros/drive_base) by extension 'cmake'
[14.505s] Level 1:colcon.colcon_core.package_identification:_identify(src/uros/drive_base) by extension 'python'
[14.505s] Level 1:colcon.colcon_core.package_identification:_identify(src/uros/drive_base) by extensions ['python_setup_py']
[14.505s] Level 1:colcon.colcon_core.package_identification:_identify(src/uros/drive_base) by extension 'python_setup_py'
[14.505s] Level 1:colcon.colcon_core.package_identification:_identify(src/uros/drive_base/drive_base_msgs) by extensions ['ignore', 'ignore_ament_install']
[14.505s] Level 1:colcon.colcon_core.package_identification:_identify(src/uros/drive_base/drive_base_msgs) by extension 'ignore'
[14.505s] Level 1:colcon.colcon_core.package_identification:_identify(src/uros/drive_base/drive_base_msgs) by extension 'ignore_ament_install'
[14.506s] Level 1:colcon.colcon_core.package_identification:_identify(src/uros/drive_base/drive_base_msgs) by extensions ['colcon_pkg']
[14.506s] Level 1:colcon.colcon_core.package_identification:_identify(src/uros/drive_base/drive_base_msgs) by extension 'colcon_pkg'
[14.506s] Level 1:colcon.colcon_core.package_identification:_identify(src/uros/drive_base/drive_base_msgs) by extensions ['colcon_meta']
[14.506s] Level 1:colcon.colcon_core.package_identification:_identify(src/uros/drive_base/drive_base_msgs) by extension 'colcon_meta'
[14.506s] Level 1:colcon.colcon_core.package_identification:_identify(src/uros/drive_base/drive_base_msgs) by extensions ['ros']
[14.506s] Level 1:colcon.colcon_core.package_identification:_identify(src/uros/drive_base/drive_base_msgs) by extension 'ros'
[14.507s] DEBUG:colcon.colcon_core.package_identification:Package 'src/uros/drive_base/drive_base_msgs' with type 'ros.ament_cmake' and name 'drive_base_msgs'
[14.507s] Level 1:colcon.colcon_core.package_identification:_identify(src/uros/micro-ROS-Agent) by extensions ['ignore', 'ignore_ament_install']
[14.507s] Level 1:colcon.colcon_core.package_identification:_identify(src/uros/micro-ROS-Agent) by extension 'ignore'
[14.508s] Level 1:colcon.colcon_core.package_identification:_identify(src/uros/micro-ROS-Agent) by extension 'ignore_ament_install'
[14.508s] Level 1:colcon.colcon_core.package_identification:_identify(src/uros/micro-ROS-Agent) by extensions ['colcon_pkg']
[14.508s] Level 1:colcon.colcon_core.package_identification:_identify(src/uros/micro-ROS-Agent) by extension 'colcon_pkg'
[14.508s] Level 1:colcon.colcon_core.package_identification:_identify(src/uros/micro-ROS-Agent) by extensions ['colcon_meta']
[14.508s] Level 1:colcon.colcon_core.package_identification:_identify(src/uros/micro-ROS-Agent) by extension 'colcon_meta'
[14.508s] Level 1:colcon.colcon_core.package_identification:_identify(src/uros/micro-ROS-Agent) by extensions ['ros']
[14.508s] Level 1:colcon.colcon_core.package_identification:_identify(src/uros/micro-ROS-Agent) by extension 'ros'
[14.508s] Level 1:colcon.colcon_core.package_identification:_identify(src/uros/micro-ROS-Agent) by extensions ['cmake', 'python']
[14.508s] Level 1:colcon.colcon_core.package_identification:_identify(src/uros/micro-ROS-Agent) by extension 'cmake'
[14.509s] Level 1:colcon.colcon_core.package_identification:_identify(src/uros/micro-ROS-Agent) by extension 'python'
[14.509s] Level 1:colcon.colcon_core.package_identification:_identify(src/uros/micro-ROS-Agent) by extensions ['python_setup_py']
[14.509s] Level 1:colcon.colcon_core.package_identification:_identify(src/uros/micro-ROS-Agent) by extension 'python_setup_py'
[14.509s] Level 1:colcon.colcon_core.package_identification:_identify(src/uros/micro-ROS-Agent/micro_ros_agent) by extensions ['ignore', 'ignore_ament_install']
[14.509s] Level 1:colcon.colcon_core.package_identification:_identify(src/uros/micro-ROS-Agent/micro_ros_agent) by extension 'ignore'
[14.509s] Level 1:colcon.colcon_core.package_identification:_identify(src/uros/micro-ROS-Agent/micro_ros_agent) by extension 'ignore_ament_install'
[14.509s] Level 1:colcon.colcon_core.package_identification:_identify(src/uros/micro-ROS-Agent/micro_ros_agent) by extensions ['colcon_pkg']
[14.509s] Level 1:colcon.colcon_core.package_identification:_identify(src/uros/micro-ROS-Agent/micro_ros_agent) by extension 'colcon_pkg'
[14.509s] Level 1:colcon.colcon_core.package_identification:_identify(src/uros/micro-ROS-Agent/micro_ros_agent) by extensions ['colcon_meta']
[14.510s] Level 1:colcon.colcon_core.package_identification:_identify(src/uros/micro-ROS-Agent/micro_ros_agent) by extension 'colcon_meta'
[14.510s] Level 1:colcon.colcon_core.package_identification:_identify(src/uros/micro-ROS-Agent/micro_ros_agent) by extensions ['ros']
[14.510s] Level 1:colcon.colcon_core.package_identification:_identify(src/uros/micro-ROS-Agent/micro_ros_agent) by extension 'ros'
[14.511s] DEBUG:colcon.colcon_core.package_identification:Package 'src/uros/micro-ROS-Agent/micro_ros_agent' with type 'ros.ament_cmake' and name 'micro_ros_agent'
[14.511s] Level 1:colcon.colcon_core.package_identification:_identify(src/uros/micro-ROS-Agent/snap) by extensions ['ignore', 'ignore_ament_install']
[14.512s] Level 1:colcon.colcon_core.package_identification:_identify(src/uros/micro-ROS-Agent/snap) by extension 'ignore'
[14.512s] Level 1:colcon.colcon_core.package_identification:_identify(src/uros/micro-ROS-Agent/snap) by extension 'ignore_ament_install'
[14.512s] Level 1:colcon.colcon_core.package_identification:_identify(src/uros/micro-ROS-Agent/snap) by extensions ['colcon_pkg']
[14.512s] Level 1:colcon.colcon_core.package_identification:_identify(src/uros/micro-ROS-Agent/snap) by extension 'colcon_pkg'
[14.512s] Level 1:colcon.colcon_core.package_identification:_identify(src/uros/micro-ROS-Agent/snap) by extensions ['colcon_meta']
[14.512s] Level 1:colcon.colcon_core.package_identification:_identify(src/uros/micro-ROS-Agent/snap) by extension 'colcon_meta'
[14.512s] Level 1:colcon.colcon_core.package_identification:_identify(src/uros/micro-ROS-Agent/snap) by extensions ['ros']
[14.512s] Level 1:colcon.colcon_core.package_identification:_identify(src/uros/micro-ROS-Agent/snap) by extension 'ros'
[14.513s] Level 1:colcon.colcon_core.package_identification:_identify(src/uros/micro-ROS-Agent/snap) by extensions ['cmake', 'python']
[14.513s] Level 1:colcon.colcon_core.package_identification:_identify(src/uros/micro-ROS-Agent/snap) by extension 'cmake'
[14.513s] Level 1:colcon.colcon_core.package_identification:_identify(src/uros/micro-ROS-Agent/snap) by extension 'python'
[14.513s] Level 1:colcon.colcon_core.package_identification:_identify(src/uros/micro-ROS-Agent/snap) by extensions ['python_setup_py']
[14.513s] Level 1:colcon.colcon_core.package_identification:_identify(src/uros/micro-ROS-Agent/snap) by extension 'python_setup_py'
[14.513s] Level 1:colcon.colcon_core.package_identification:_identify(src/uros/micro-ROS-Agent/snap/hooks) by extensions ['ignore', 'ignore_ament_install']
[14.513s] Level 1:colcon.colcon_core.package_identification:_identify(src/uros/micro-ROS-Agent/snap/hooks) by extension 'ignore'
[14.513s] Level 1:colcon.colcon_core.package_identification:_identify(src/uros/micro-ROS-Agent/snap/hooks) by extension 'ignore_ament_install'
[14.514s] Level 1:colcon.colcon_core.package_identification:_identify(src/uros/micro-ROS-Agent/snap/hooks) by extensions ['colcon_pkg']
[14.514s] Level 1:colcon.colcon_core.package_identification:_identify(src/uros/micro-ROS-Agent/snap/hooks) by extension 'colcon_pkg'
[14.514s] Level 1:colcon.colcon_core.package_identification:_identify(src/uros/micro-ROS-Agent/snap/hooks) by extensions ['colcon_meta']
[14.514s] Level 1:colcon.colcon_core.package_identification:_identify(src/uros/micro-ROS-Agent/snap/hooks) by extension 'colcon_meta'
[14.514s] Level 1:colcon.colcon_core.package_identification:_identify(src/uros/micro-ROS-Agent/snap/hooks) by extensions ['ros']
[14.514s] Level 1:colcon.colcon_core.package_identification:_identify(src/uros/micro-ROS-Agent/snap/hooks) by extension 'ros'
[14.514s] Level 1:colcon.colcon_core.package_identification:_identify(src/uros/micro-ROS-Agent/snap/hooks) by extensions ['cmake', 'python']
[14.514s] Level 1:colcon.colcon_core.package_identification:_identify(src/uros/micro-ROS-Agent/snap/hooks) by extension 'cmake'
[14.514s] Level 1:colcon.colcon_core.package_identification:_identify(src/uros/micro-ROS-Agent/snap/hooks) by extension 'python'
[14.514s] Level 1:colcon.colcon_core.package_identification:_identify(src/uros/micro-ROS-Agent/snap/hooks) by extensions ['python_setup_py']
[14.514s] Level 1:colcon.colcon_core.package_identification:_identify(src/uros/micro-ROS-Agent/snap/hooks) by extension 'python_setup_py'
[14.515s] Level 1:colcon.colcon_core.package_identification:_identify(src/uros/micro-ROS-Agent/snap/local) by extensions ['ignore', 'ignore_ament_install']
[14.515s] Level 1:colcon.colcon_core.package_identification:_identify(src/uros/micro-ROS-Agent/snap/local) by extension 'ignore'
[14.515s] Level 1:colcon.colcon_core.package_identification:_identify(src/uros/micro-ROS-Agent/snap/local) by extension 'ignore_ament_install'
[14.515s] Level 1:colcon.colcon_core.package_identification:_identify(src/uros/micro-ROS-Agent/snap/local) by extensions ['colcon_pkg']
[14.515s] Level 1:colcon.colcon_core.package_identification:_identify(src/uros/micro-ROS-Agent/snap/local) by extension 'colcon_pkg'
[14.515s] Level 1:colcon.colcon_core.package_identification:_identify(src/uros/micro-ROS-Agent/snap/local) by extensions ['colcon_meta']
[14.515s] Level 1:colcon.colcon_core.package_identification:_identify(src/uros/micro-ROS-Agent/snap/local) by extension 'colcon_meta'
[14.515s] Level 1:colcon.colcon_core.package_identification:_identify(src/uros/micro-ROS-Agent/snap/local) by extensions ['ros']
[14.515s] Level 1:colcon.colcon_core.package_identification:_identify(src/uros/micro-ROS-Agent/snap/local) by extension 'ros'
[14.516s] Level 1:colcon.colcon_core.package_identification:_identify(src/uros/micro-ROS-Agent/snap/local) by extensions ['cmake', 'python']
[14.516s] Level 1:colcon.colcon_core.package_identification:_identify(src/uros/micro-ROS-Agent/snap/local) by extension 'cmake'
[14.516s] Level 1:colcon.colcon_core.package_identification:_identify(src/uros/micro-ROS-Agent/snap/local) by extension 'python'
[14.516s] Level 1:colcon.colcon_core.package_identification:_identify(src/uros/micro-ROS-Agent/snap/local) by extensions ['python_setup_py']
[14.516s] Level 1:colcon.colcon_core.package_identification:_identify(src/uros/micro-ROS-Agent/snap/local) by extension 'python_setup_py'
[14.516s] Level 1:colcon.colcon_core.package_identification:_identify(src/uros/micro_ros_msgs) by extensions ['ignore', 'ignore_ament_install']
[14.516s] Level 1:colcon.colcon_core.package_identification:_identify(src/uros/micro_ros_msgs) by extension 'ignore'
[14.516s] Level 1:colcon.colcon_core.package_identification:_identify(src/uros/micro_ros_msgs) by extension 'ignore_ament_install'
[14.516s] Level 1:colcon.colcon_core.package_identification:_identify(src/uros/micro_ros_msgs) by extensions ['colcon_pkg']
[14.517s] Level 1:colcon.colcon_core.package_identification:_identify(src/uros/micro_ros_msgs) by extension 'colcon_pkg'
[14.517s] Level 1:colcon.colcon_core.package_identification:_identify(src/uros/micro_ros_msgs) by extensions ['colcon_meta']
[14.517s] Level 1:colcon.colcon_core.package_identification:_identify(src/uros/micro_ros_msgs) by extension 'colcon_meta'
[14.517s] Level 1:colcon.colcon_core.package_identification:_identify(src/uros/micro_ros_msgs) by extensions ['ros']
[14.517s] Level 1:colcon.colcon_core.package_identification:_identify(src/uros/micro_ros_msgs) by extension 'ros'
[14.518s] DEBUG:colcon.colcon_core.package_identification:Package 'src/uros/micro_ros_msgs' with type 'ros.ament_cmake' and name 'micro_ros_msgs'
[14.518s] Level 1:colcon.colcon_core.package_discovery:discover_packages(recursive) using defaults
[14.518s] Level 1:colcon.colcon_core.package_discovery:discover_packages(ignore) discover
[14.518s] Level 1:colcon.colcon_core.package_discovery:discover_packages(ignore) using defaults
[14.518s] Level 1:colcon.colcon_core.package_discovery:discover_packages(path) discover
[14.518s] Level 1:colcon.colcon_core.package_discovery:discover_packages(path) using defaults
[15.806s] Level 1:colcon.colcon_core.package_discovery:discover_packages(prefix_path) check parameters
[15.806s] Level 1:colcon.colcon_core.package_discovery:discover_packages(prefix_path) discover
[16.301s] DEBUG:colcon.colcon_installed_package_information.package_discovery:Found 15 installed packages in /home/orin_nano/microros_ws/install
[16.546s] DEBUG:colcon.colcon_installed_package_information.package_discovery:Found 2 installed packages in /home/orin_nano/install
[16.793s] DEBUG:colcon.colcon_installed_package_information.package_discovery:Found 263 installed packages in /opt/ros/foxy
[16.797s] Level 1:colcon.colcon_core.package_discovery:discover_packages(prefix_path) using defaults
[17.480s] Level 5:colcon.colcon_core.verb:set package 'drive_base_msgs' build argument 'cmake_args' from command line to 'None'
[17.480s] Level 5:colcon.colcon_core.verb:set package 'drive_base_msgs' build argument 'cmake_target' from command line to 'None'
[17.480s] Level 5:colcon.colcon_core.verb:set package 'drive_base_msgs' build argument 'cmake_target_skip_unavailable' from command line to 'False'
[17.480s] Level 5:colcon.colcon_core.verb:set package 'drive_base_msgs' build argument 'cmake_clean_cache' from command line to 'False'
[17.480s] Level 5:colcon.colcon_core.verb:set package 'drive_base_msgs' build argument 'cmake_clean_first' from command line to 'False'
[17.480s] Level 5:colcon.colcon_core.verb:set package 'drive_base_msgs' build argument 'cmake_force_configure' from command line to 'False'
[17.481s] Level 5:colcon.colcon_core.verb:set package 'drive_base_msgs' build argument 'ament_cmake_args' from command line to 'None'
[17.481s] Level 5:colcon.colcon_core.verb:set package 'drive_base_msgs' build argument 'catkin_cmake_args' from command line to 'None'
[17.481s] Level 5:colcon.colcon_core.verb:set package 'drive_base_msgs' build argument 'catkin_skip_building_tests' from command line to 'False'
[17.481s] DEBUG:colcon.colcon_core.verb:Building package 'drive_base_msgs' with the following arguments: {'ament_cmake_args': None, 'build_base': '/home/orin_nano/microros_ws/build/drive_base_msgs', 'catkin_cmake_args': None, 'catkin_skip_building_tests': False, 'cmake_args': None, 'cmake_clean_cache': False, 'cmake_clean_first': False, 'cmake_force_configure': False, 'cmake_target': None, 'cmake_target_skip_unavailable': False, 'install_base': '/home/orin_nano/microros_ws/install/drive_base_msgs', 'merge_install': False, 'path': '/home/orin_nano/microros_ws/src/uros/drive_base/drive_base_msgs', 'symlink_install': False, 'test_result_base': None}
[17.727s] Level 5:colcon.colcon_core.verb:set package 'micro_ros_msgs' build argument 'cmake_args' from command line to 'None'
[17.728s] Level 5:colcon.colcon_core.verb:set package 'micro_ros_msgs' build argument 'cmake_target' from command line to 'None'
[17.728s] Level 5:colcon.colcon_core.verb:set package 'micro_ros_msgs' build argument 'cmake_target_skip_unavailable' from command line to 'False'
[17.728s] Level 5:colcon.colcon_core.verb:set package 'micro_ros_msgs' build argument 'cmake_clean_cache' from command line to 'False'
[17.728s] Level 5:colcon.colcon_core.verb:set package 'micro_ros_msgs' build argument 'cmake_clean_first' from command line to 'False'
[17.728s] Level 5:colcon.colcon_core.verb:set package 'micro_ros_msgs' build argument 'cmake_force_configure' from command line to 'False'
[17.728s] Level 5:colcon.colcon_core.verb:set package 'micro_ros_msgs' build argument 'ament_cmake_args' from command line to 'None'
[17.728s] Level 5:colcon.colcon_core.verb:set package 'micro_ros_msgs' build argument 'catkin_cmake_args' from command line to 'None'
[17.728s] Level 5:colcon.colcon_core.verb:set package 'micro_ros_msgs' build argument 'catkin_skip_building_tests' from command line to 'False'
[17.728s] DEBUG:colcon.colcon_core.verb:Building package 'micro_ros_msgs' with the following arguments: {'ament_cmake_args': None, 'build_base': '/home/orin_nano/microros_ws/build/micro_ros_msgs', 'catkin_cmake_args': None, 'catkin_skip_building_tests': False, 'cmake_args': None, 'cmake_clean_cache': False, 'cmake_clean_first': False, 'cmake_force_configure': False, 'cmake_target': None, 'cmake_target_skip_unavailable': False, 'install_base': '/home/orin_nano/microros_ws/install/micro_ros_msgs', 'merge_install': False, 'path': '/home/orin_nano/microros_ws/src/uros/micro_ros_msgs', 'symlink_install': False, 'test_result_base': None}
[17.974s] Level 5:colcon.colcon_core.verb:set package 'micro_ros_setup' build argument 'cmake_args' from command line to 'None'
[17.975s] Level 5:colcon.colcon_core.verb:set package 'micro_ros_setup' build argument 'cmake_target' from command line to 'None'
[17.975s] Level 5:colcon.colcon_core.verb:set package 'micro_ros_setup' build argument 'cmake_target_skip_unavailable' from command line to 'False'
[17.975s] Level 5:colcon.colcon_core.verb:set package 'micro_ros_setup' build argument 'cmake_clean_cache' from command line to 'False'
[17.975s] Level 5:colcon.colcon_core.verb:set package 'micro_ros_setup' build argument 'cmake_clean_first' from command line to 'False'
[17.975s] Level 5:colcon.colcon_core.verb:set package 'micro_ros_setup' build argument 'cmake_force_configure' from command line to 'False'
[17.975s] Level 5:colcon.colcon_core.verb:set package 'micro_ros_setup' build argument 'ament_cmake_args' from command line to 'None'
[17.975s] Level 5:colcon.colcon_core.verb:set package 'micro_ros_setup' build argument 'catkin_cmake_args' from command line to 'None'
[17.975s] Level 5:colcon.colcon_core.verb:set package 'micro_ros_setup' build argument 'catkin_skip_building_tests' from command line to 'False'
[17.975s] DEBUG:colcon.colcon_core.verb:Building package 'micro_ros_setup' with the following arguments: {'ament_cmake_args': None, 'build_base': '/home/orin_nano/microros_ws/build/micro_ros_setup', 'catkin_cmake_args': None, 'catkin_skip_building_tests': False, 'cmake_args': None, 'cmake_clean_cache': False, 'cmake_clean_first': False, 'cmake_force_configure': False, 'cmake_target': None, 'cmake_target_skip_unavailable': False, 'install_base': '/home/orin_nano/microros_ws/install/micro_ros_setup', 'merge_install': False, 'path': '/home/orin_nano/microros_ws/src/micro_ros_setup', 'symlink_install': False, 'test_result_base': None}
[18.221s] Level 5:colcon.colcon_core.verb:set package 'micro_ros_utilities' build argument 'cmake_args' from command line to 'None'
[18.221s] Level 5:colcon.colcon_core.verb:set package 'micro_ros_utilities' build argument 'cmake_target' from command line to 'None'
[18.221s] Level 5:colcon.colcon_core.verb:set package 'micro_ros_utilities' build argument 'cmake_target_skip_unavailable' from command line to 'False'
[18.221s] Level 5:colcon.colcon_core.verb:set package 'micro_ros_utilities' build argument 'cmake_clean_cache' from command line to 'False'
[18.221s] Level 5:colcon.colcon_core.verb:set package 'micro_ros_utilities' build argument 'cmake_clean_first' from command line to 'False'
[18.221s] Level 5:colcon.colcon_core.verb:set package 'micro_ros_utilities' build argument 'cmake_force_configure' from command line to 'False'
[18.221s] Level 5:colcon.colcon_core.verb:set package 'micro_ros_utilities' build argument 'ament_cmake_args' from command line to 'None'
[18.222s] Level 5:colcon.colcon_core.verb:set package 'micro_ros_utilities' build argument 'catkin_cmake_args' from command line to 'None'
[18.222s] Level 5:colcon.colcon_core.verb:set package 'micro_ros_utilities' build argument 'catkin_skip_building_tests' from command line to 'False'
[18.222s] DEBUG:colcon.colcon_core.verb:Building package 'micro_ros_utilities' with the following arguments: {'ament_cmake_args': None, 'build_base': '/home/orin_nano/microros_ws/build/micro_ros_utilities', 'catkin_cmake_args': None, 'catkin_skip_building_tests': False, 'cmake_args': None, 'cmake_clean_cache': False, 'cmake_clean_first': False, 'cmake_force_configure': False, 'cmake_target': None, 'cmake_target_skip_unavailable': False, 'install_base': '/home/orin_nano/microros_ws/install/micro_ros_utilities', 'merge_install': False, 'path': '/home/orin_nano/microros_ws/src/micro_ros_utilities/micro_ros_utilities', 'symlink_install': False, 'test_result_base': None}
[18.467s] Level 5:colcon.colcon_core.verb:set package 'micro_ros_agent' build argument 'cmake_args' from command line to 'None'
[18.467s] Level 5:colcon.colcon_core.verb:set package 'micro_ros_agent' build argument 'cmake_target' from command line to 'None'
[18.467s] Level 5:colcon.colcon_core.verb:set package 'micro_ros_agent' build argument 'cmake_target_skip_unavailable' from command line to 'False'
[18.467s] Level 5:colcon.colcon_core.verb:set package 'micro_ros_agent' build argument 'cmake_clean_cache' from command line to 'False'
[18.467s] Level 5:colcon.colcon_core.verb:set package 'micro_ros_agent' build argument 'cmake_clean_first' from command line to 'False'
[18.467s] Level 5:colcon.colcon_core.verb:set package 'micro_ros_agent' build argument 'cmake_force_configure' from command line to 'False'
[18.467s] Level 5:colcon.colcon_core.verb:set package 'micro_ros_agent' build argument 'ament_cmake_args' from command line to 'None'
[18.467s] Level 5:colcon.colcon_core.verb:set package 'micro_ros_agent' build argument 'catkin_cmake_args' from command line to 'None'
[18.467s] Level 5:colcon.colcon_core.verb:set package 'micro_ros_agent' build argument 'catkin_skip_building_tests' from command line to 'False'
[18.467s] DEBUG:colcon.colcon_core.verb:Building package 'micro_ros_agent' with the following arguments: {'ament_cmake_args': None, 'build_base': '/home/orin_nano/microros_ws/build/micro_ros_agent', 'catkin_cmake_args': None, 'catkin_skip_building_tests': False, 'cmake_args': None, 'cmake_clean_cache': False, 'cmake_clean_first': False, 'cmake_force_configure': False, 'cmake_target': None, 'cmake_target_skip_unavailable': False, 'install_base': '/home/orin_nano/microros_ws/install/micro_ros_agent', 'merge_install': False, 'path': '/home/orin_nano/microros_ws/src/uros/micro-ROS-Agent/micro_ros_agent', 'symlink_install': False, 'test_result_base': None}
[18.714s] INFO:colcon.colcon_core.executor:Executing jobs using 'parallel' executor
[18.960s] DEBUG:colcon.colcon_parallel_executor.executor.parallel:run_until_complete
[18.961s] INFO:colcon.colcon_ros.task.ament_cmake.build:Building ROS package in '/home/orin_nano/microros_ws/src/uros/micro_ros_msgs' with build type 'ament_cmake'
[18.961s] INFO:colcon.colcon_cmake.task.cmake.build:Building CMake package in '/home/orin_nano/microros_ws/src/uros/micro_ros_msgs'
[19.213s] INFO:colcon.colcon_core.plugin_system:Skipping extension 'colcon_core.shell.bat': Not used on non-Windows systems
[19.214s] INFO:colcon.colcon_core.shell:Skip shell extension 'powershell' for command environment: Not usable outside of PowerShell
[19.214s] DEBUG:colcon.colcon_core.shell:Skip shell extension 'dsv' for command environment
[20.227s] INFO:colcon.colcon_ros.task.ament_cmake.build:Building ROS package in '/home/orin_nano/microros_ws/src/uros/drive_base/drive_base_msgs' with build type 'ament_cmake'
[20.228s] INFO:colcon.colcon_cmake.task.cmake.build:Building CMake package in '/home/orin_nano/microros_ws/src/uros/drive_base/drive_base_msgs'
[20.484s] INFO:colcon.colcon_core.shell:Skip shell extension 'powershell' for command environment: Not usable outside of PowerShell
[20.484s] DEBUG:colcon.colcon_core.shell:Skip shell extension 'dsv' for command environment
[21.484s] INFO:colcon.colcon_ros.task.ament_cmake.build:Building ROS package in '/home/orin_nano/microros_ws/src/micro_ros_setup' with build type 'ament_cmake'
[21.485s] INFO:colcon.colcon_cmake.task.cmake.build:Building CMake package in '/home/orin_nano/microros_ws/src/micro_ros_setup'
[21.737s] INFO:colcon.colcon_core.shell:Skip shell extension 'powershell' for command environment: Not usable outside of PowerShell
[21.737s] DEBUG:colcon.colcon_core.shell:Skip shell extension 'dsv' for command environment
[22.765s] INFO:colcon.colcon_ros.task.ament_cmake.build:Building ROS package in '/home/orin_nano/microros_ws/src/micro_ros_utilities/micro_ros_utilities' with build type 'ament_cmake'
[22.766s] INFO:colcon.colcon_cmake.task.cmake.build:Building CMake package in '/home/orin_nano/microros_ws/src/micro_ros_utilities/micro_ros_utilities'
[23.047s] INFO:colcon.colcon_core.shell:Skip shell extension 'powershell' for command environment: Not usable outside of PowerShell
[23.047s] DEBUG:colcon.colcon_core.shell:Skip shell extension 'dsv' for command environment
[24.074s] DEBUG:colcon.colcon_core.event_handler.log_command:Invoking command in '/home/orin_nano/microros_ws/build/micro_ros_msgs': CMAKE_PREFIX_PATH=${CMAKE_PREFIX_PATH}:/opt/ros/foxy /usr/bin/cmake --build /home/orin_nano/microros_ws/build/micro_ros_msgs -- -j6 -l6
[24.094s] DEBUG:colcon.colcon_core.event_handler.log_command:Invoking command in '/home/orin_nano/microros_ws/build/drive_base_msgs': CMAKE_PREFIX_PATH=${CMAKE_PREFIX_PATH}:/opt/ros/foxy /usr/bin/cmake --build /home/orin_nano/microros_ws/build/drive_base_msgs -- -j6 -l6
[24.103s] DEBUG:colcon.colcon_core.event_handler.log_command:Invoking command in '/home/orin_nano/microros_ws/build/micro_ros_setup': CMAKE_PREFIX_PATH=${CMAKE_PREFIX_PATH}:/opt/ros/foxy /usr/bin/cmake --build /home/orin_nano/microros_ws/build/micro_ros_setup -- -j6 -l6
[24.136s] DEBUG:colcon.colcon_core.event_handler.log_command:Invoking command in '/home/orin_nano/microros_ws/build/micro_ros_utilities': CMAKE_PREFIX_PATH=${CMAKE_PREFIX_PATH}:/opt/ros/foxy /usr/bin/cmake --build /home/orin_nano/microros_ws/build/micro_ros_utilities -- -j6 -l6
[24.205s] DEBUG:colcon.colcon_core.event_handler.log_command:Invoked command in '/home/orin_nano/microros_ws/build/micro_ros_setup' returned '0': CMAKE_PREFIX_PATH=${CMAKE_PREFIX_PATH}:/opt/ros/foxy /usr/bin/cmake --build /home/orin_nano/microros_ws/build/micro_ros_setup -- -j6 -l6
[24.244s] DEBUG:colcon.colcon_core.event_handler.log_command:Invoked command in '/home/orin_nano/microros_ws/build/micro_ros_utilities' returned '2': CMAKE_PREFIX_PATH=${CMAKE_PREFIX_PATH}:/opt/ros/foxy /usr/bin/cmake --build /home/orin_nano/microros_ws/build/micro_ros_utilities -- -j6 -l6
[24.385s] DEBUG:colcon.colcon_core.event_handler.log_command:Invoking command in '/home/orin_nano/microros_ws/build/micro_ros_setup': CMAKE_PREFIX_PATH=${CMAKE_PREFIX_PATH}:/opt/ros/foxy /usr/bin/cmake --install /home/orin_nano/microros_ws/build/micro_ros_setup
[24.728s] Level 1:colcon.colcon_core.environment:create_environment_scripts_only(micro_ros_utilities)
[24.984s] Level 1:colcon.colcon_core.environment:checking '/home/orin_nano/microros_ws/install/micro_ros_utilities' for CMake module files
[24.985s] Level 1:colcon.colcon_core.environment:checking '/home/orin_nano/microros_ws/install/micro_ros_utilities' for CMake config files
[24.985s] Level 1:colcon.colcon_core.shell:create_environment_hook('micro_ros_utilities', 'cmake_prefix_path')
[25.235s] INFO:colcon.colcon_core.shell:Creating environment hook '/home/orin_nano/microros_ws/install/micro_ros_utilities/share/micro_ros_utilities/hook/cmake_prefix_path.ps1'
[25.237s] INFO:colcon.colcon_core.shell:Creating environment descriptor '/home/orin_nano/microros_ws/install/micro_ros_utilities/share/micro_ros_utilities/hook/cmake_prefix_path.dsv'
[25.238s] INFO:colcon.colcon_core.shell:Creating environment hook '/home/orin_nano/microros_ws/install/micro_ros_utilities/share/micro_ros_utilities/hook/cmake_prefix_path.sh'
[25.240s] Level 1:colcon.colcon_core.environment:checking '/home/orin_nano/microros_ws/install/micro_ros_utilities/lib'
[25.240s] Level 1:colcon.colcon_core.environment:checking '/home/orin_nano/microros_ws/install/micro_ros_utilities/bin'
[25.240s] Level 1:colcon.colcon_core.environment:checking '/home/orin_nano/microros_ws/install/micro_ros_utilities/lib/pkgconfig/micro_ros_utilities.pc'
[25.241s] Level 1:colcon.colcon_core.environment:checking '/home/orin_nano/microros_ws/install/micro_ros_utilities/lib/python3.8/site-packages'
[25.241s] Level 1:colcon.colcon_core.environment:checking '/home/orin_nano/microros_ws/install/micro_ros_utilities/bin'
[25.491s] INFO:colcon.colcon_core.shell:Creating package script '/home/orin_nano/microros_ws/install/micro_ros_utilities/share/micro_ros_utilities/package.ps1'
[25.493s] INFO:colcon.colcon_core.shell:Creating package descriptor '/home/orin_nano/microros_ws/install/micro_ros_utilities/share/micro_ros_utilities/package.dsv'
[25.494s] INFO:colcon.colcon_core.shell:Creating package script '/home/orin_nano/microros_ws/install/micro_ros_utilities/share/micro_ros_utilities/package.sh'
[25.496s] INFO:colcon.colcon_core.shell:Creating package script '/home/orin_nano/microros_ws/install/micro_ros_utilities/share/micro_ros_utilities/package.bash'
[25.497s] INFO:colcon.colcon_core.shell:Creating package script '/home/orin_nano/microros_ws/install/micro_ros_utilities/share/micro_ros_utilities/package.zsh'
[25.498s] Level 1:colcon.colcon_core.environment:create_file_with_runtime_dependencies(/home/orin_nano/microros_ws/install/micro_ros_utilities/share/colcon-core/packages/micro_ros_utilities)
[25.513s] DEBUG:colcon.colcon_parallel_executor.executor.parallel:closing loop
[25.513s] DEBUG:colcon.colcon_parallel_executor.executor.parallel:loop closed
[25.513s] DEBUG:colcon.colcon_parallel_executor.executor.parallel:run_until_complete finished with '2'
[25.513s] DEBUG:colcon.colcon_core.event_reactor:joining thread
[25.775s] INFO:colcon.colcon_core.plugin_system:Skipping extension 'colcon_notification.desktop_notification.terminal_notifier': Not used on non-Darwin systems
[25.775s] INFO:colcon.colcon_core.plugin_system:Skipping extension 'colcon_notification.desktop_notification.win32': Not used on non-Windows systems
[25.775s] INFO:colcon.colcon_notification.desktop_notification:Sending desktop notification using 'notify2'
[25.807s] DEBUG:colcon.colcon_core.event_reactor:joined thread
[26.055s] INFO:colcon.colcon_core.shell:Creating prefix script '/home/orin_nano/microros_ws/install/local_setup.ps1'
[26.057s] INFO:colcon.colcon_core.shell:Creating prefix util module '/home/orin_nano/microros_ws/install/_local_setup_util_ps1.py'
[26.060s] INFO:colcon.colcon_core.shell:Creating prefix chain script '/home/orin_nano/microros_ws/install/setup.ps1'
[26.307s] INFO:colcon.colcon_core.shell:Creating prefix script '/home/orin_nano/microros_ws/install/local_setup.sh'
[26.309s] INFO:colcon.colcon_core.shell:Creating prefix util module '/home/orin_nano/microros_ws/install/_local_setup_util_sh.py'
[26.310s] INFO:colcon.colcon_core.shell:Creating prefix chain script '/home/orin_nano/microros_ws/install/setup.sh'
[26.558s] INFO:colcon.colcon_core.shell:Creating prefix script '/home/orin_nano/microros_ws/install/local_setup.bash'
[26.559s] INFO:colcon.colcon_core.shell:Creating prefix chain script '/home/orin_nano/microros_ws/install/setup.bash'
[26.808s] INFO:colcon.colcon_core.shell:Creating prefix script '/home/orin_nano/microros_ws/install/local_setup.zsh'
[26.809s] INFO:colcon.colcon_core.shell:Creating prefix chain script '/home/orin_nano/microros_ws/install/setup.zsh'
