[2.531s] Invoking command in '/home/orin_nano/microros_ws/build/drive_base_msgs': CMAKE_PREFIX_PATH=${CMAKE_PREFIX_PATH}:/opt/ros/foxy /usr/bin/cmake --build /home/orin_nano/microros_ws/build/drive_base_msgs -- -j6 -l6
[2.660s] [  1%] [34m[1mGenerating C code for ROS interfaces[0m
[2.664s] [35m[1mScanning dependencies of target drive_base_msgs__cpp[0m
[2.702s] [  3%] [34m[1mGenerating C++ code for ROS interfaces[0m
[4.275s] [  3%] Built target drive_base_msgs__cpp
[4.305s] [  5%] [34m[1mGenerating C++ introspection for ROS interfaces[0m
[4.316s] [  7%] [34m[1mGenerating C++ type support for eProsima Fast-RTPS[0m
[4.406s] [  9%] [34m[1mGenerating C++ type support dispatch for ROS interfaces[0m
[4.441s] [35m[1mScanning dependencies of target drive_base_msgs__rosidl_generator_c[0m
[4.521s] [ 10%] [32mBuilding C object CMakeFiles/drive_base_msgs__rosidl_generator_c.dir/rosidl_generator_c/drive_base_msgs/msg/detail/command_header__functions.c.o[0m
[4.521s] [ 12%] [32mBuilding C object CMakeFiles/drive_base_msgs__rosidl_generator_c.dir/rosidl_generator_c/drive_base_msgs/msg/detail/base_info__functions.c.o[0m
[4.526s] [ 14%] [32mBuilding C object CMakeFiles/drive_base_msgs__rosidl_generator_c.dir/rosidl_generator_c/drive_base_msgs/msg/detail/command_status__functions.c.o[0m
[4.735s] [ 16%] [32mBuilding C object CMakeFiles/drive_base_msgs__rosidl_generator_c.dir/rosidl_generator_c/drive_base_msgs/msg/detail/trv_command__functions.c.o[0m
[4.855s] [ 18%] [32m[1mLinking C shared library libdrive_base_msgs__rosidl_generator_c.so[0m
[4.946s] [ 18%] Built target drive_base_msgs__rosidl_generator_c
[4.975s] [ 20%] [34m[1mGenerating C introspection for ROS interfaces[0m
[4.989s] [ 21%] [34m[1mGenerating C type support dispatch for ROS interfaces[0m
[5.777s] [35m[1mScanning dependencies of target drive_base_msgs__rosidl_typesupport_cpp[0m
[5.790s] [35m[1mScanning dependencies of target drive_base_msgs__rosidl_typesupport_introspection_cpp[0m
[5.866s] [ 23%] [32mBuilding CXX object CMakeFiles/drive_base_msgs__rosidl_typesupport_cpp.dir/rosidl_typesupport_cpp/drive_base_msgs/msg/command_header__type_support.cpp.o[0m
[5.881s] [ 25%] [32mBuilding CXX object CMakeFiles/drive_base_msgs__rosidl_typesupport_cpp.dir/rosidl_typesupport_cpp/drive_base_msgs/msg/base_info__type_support.cpp.o[0m
[5.881s] [ 27%] [32mBuilding CXX object CMakeFiles/drive_base_msgs__rosidl_typesupport_introspection_cpp.dir/rosidl_typesupport_introspection_cpp/drive_base_msgs/msg/detail/command_header__type_support.cpp.o[0m
[5.918s] [35m[1mScanning dependencies of target drive_base_msgs__rosidl_typesupport_fastrtps_cpp[0m
[6.008s] [ 29%] [32mBuilding CXX object CMakeFiles/drive_base_msgs__rosidl_typesupport_fastrtps_cpp.dir/rosidl_typesupport_fastrtps_cpp/drive_base_msgs/msg/detail/dds_fastrtps/command_header__type_support.cpp.o[0m
[7.116s] [ 30%] [32mBuilding CXX object CMakeFiles/drive_base_msgs__rosidl_typesupport_cpp.dir/rosidl_typesupport_cpp/drive_base_msgs/msg/command_status__type_support.cpp.o[0m
[7.268s] [ 32%] [32mBuilding CXX object CMakeFiles/drive_base_msgs__rosidl_typesupport_introspection_cpp.dir/rosidl_typesupport_introspection_cpp/drive_base_msgs/msg/detail/base_info__type_support.cpp.o[0m
[7.313s] [ 34%] [32mBuilding CXX object CMakeFiles/drive_base_msgs__rosidl_typesupport_cpp.dir/rosidl_typesupport_cpp/drive_base_msgs/msg/trv_command__type_support.cpp.o[0m
[7.486s] [ 36%] [32mBuilding CXX object CMakeFiles/drive_base_msgs__rosidl_typesupport_fastrtps_cpp.dir/rosidl_typesupport_fastrtps_cpp/drive_base_msgs/msg/detail/dds_fastrtps/base_info__type_support.cpp.o[0m
[7.490s] [35m[1mScanning dependencies of target drive_base_msgs__rosidl_typesupport_introspection_c[0m
[7.521s] [35m[1mScanning dependencies of target drive_base_msgs__rosidl_typesupport_c[0m
[7.602s] [ 38%] [32mBuilding C object CMakeFiles/drive_base_msgs__rosidl_typesupport_introspection_c.dir/rosidl_typesupport_introspection_c/drive_base_msgs/msg/detail/command_header__type_support.c.o[0m
[7.626s] [ 40%] [32mBuilding CXX object CMakeFiles/drive_base_msgs__rosidl_typesupport_c.dir/rosidl_typesupport_c/drive_base_msgs/msg/command_header__type_support.cpp.o[0m
[7.796s] [ 41%] [32mBuilding C object CMakeFiles/drive_base_msgs__rosidl_typesupport_introspection_c.dir/rosidl_typesupport_introspection_c/drive_base_msgs/msg/detail/base_info__type_support.c.o[0m
[7.832s] [ 43%] [32mBuilding CXX object CMakeFiles/drive_base_msgs__rosidl_typesupport_c.dir/rosidl_typesupport_c/drive_base_msgs/msg/base_info__type_support.cpp.o[0m
[7.996s] [ 45%] [32mBuilding CXX object CMakeFiles/drive_base_msgs__rosidl_typesupport_c.dir/rosidl_typesupport_c/drive_base_msgs/msg/command_status__type_support.cpp.o[0m
[8.014s] [ 47%] [32mBuilding C object CMakeFiles/drive_base_msgs__rosidl_typesupport_introspection_c.dir/rosidl_typesupport_introspection_c/drive_base_msgs/msg/detail/command_status__type_support.c.o[0m
[8.072s] [ 49%] [32mBuilding C object CMakeFiles/drive_base_msgs__rosidl_typesupport_introspection_c.dir/rosidl_typesupport_introspection_c/drive_base_msgs/msg/detail/trv_command__type_support.c.o[0m
[8.163s] [ 50%] [32mBuilding CXX object CMakeFiles/drive_base_msgs__rosidl_typesupport_c.dir/rosidl_typesupport_c/drive_base_msgs/msg/trv_command__type_support.cpp.o[0m
[8.177s] [ 52%] [32mBuilding CXX object CMakeFiles/drive_base_msgs__rosidl_typesupport_introspection_cpp.dir/rosidl_typesupport_introspection_cpp/drive_base_msgs/msg/detail/command_status__type_support.cpp.o[0m
[8.224s] [ 54%] [32m[1mLinking C shared library libdrive_base_msgs__rosidl_typesupport_introspection_c.so[0m
[8.269s] [ 56%] [32m[1mLinking CXX shared library libdrive_base_msgs__rosidl_typesupport_c.so[0m
[8.411s] [ 56%] Built target drive_base_msgs__rosidl_typesupport_introspection_c
[8.481s] [ 58%] [32mBuilding CXX object CMakeFiles/drive_base_msgs__rosidl_typesupport_introspection_cpp.dir/rosidl_typesupport_introspection_cpp/drive_base_msgs/msg/detail/trv_command__type_support.cpp.o[0m
[8.506s] [ 58%] Built target drive_base_msgs__rosidl_typesupport_c
[8.581s] [ 60%] [32mBuilding CXX object CMakeFiles/drive_base_msgs__rosidl_typesupport_fastrtps_cpp.dir/rosidl_typesupport_fastrtps_cpp/drive_base_msgs/msg/detail/dds_fastrtps/command_status__type_support.cpp.o[0m
[8.590s] [ 61%] [32m[1mLinking CXX shared library libdrive_base_msgs__rosidl_typesupport_cpp.so[0m
[8.663s] [ 63%] [32mBuilding CXX object CMakeFiles/drive_base_msgs__rosidl_typesupport_fastrtps_cpp.dir/rosidl_typesupport_fastrtps_cpp/drive_base_msgs/msg/detail/dds_fastrtps/trv_command__type_support.cpp.o[0m
[8.820s] [ 63%] Built target drive_base_msgs__rosidl_typesupport_cpp
[9.350s] [ 65%] [32m[1mLinking CXX shared library libdrive_base_msgs__rosidl_typesupport_introspection_cpp.so[0m
[9.644s] [ 65%] Built target drive_base_msgs__rosidl_typesupport_introspection_cpp
[9.942s] [ 67%] [32m[1mLinking CXX shared library libdrive_base_msgs__rosidl_typesupport_fastrtps_cpp.so[0m
[10.127s] [ 67%] Built target drive_base_msgs__rosidl_typesupport_fastrtps_cpp
[10.151s] [ 69%] [34m[1mGenerating C type support for eProsima Fast-RTPS[0m
[11.411s] [35m[1mScanning dependencies of target drive_base_msgs__rosidl_typesupport_fastrtps_c[0m
[11.450s] [ 70%] [32mBuilding CXX object CMakeFiles/drive_base_msgs__rosidl_typesupport_fastrtps_c.dir/rosidl_typesupport_fastrtps_c/drive_base_msgs/msg/detail/command_header__type_support_c.cpp.o[0m
[11.460s] [ 72%] [32mBuilding CXX object CMakeFiles/drive_base_msgs__rosidl_typesupport_fastrtps_c.dir/rosidl_typesupport_fastrtps_c/drive_base_msgs/msg/detail/base_info__type_support_c.cpp.o[0m
[11.489s] [ 74%] [32mBuilding CXX object CMakeFiles/drive_base_msgs__rosidl_typesupport_fastrtps_c.dir/rosidl_typesupport_fastrtps_c/drive_base_msgs/msg/detail/command_status__type_support_c.cpp.o[0m
[11.489s] [ 76%] [32mBuilding CXX object CMakeFiles/drive_base_msgs__rosidl_typesupport_fastrtps_c.dir/rosidl_typesupport_fastrtps_c/drive_base_msgs/msg/detail/trv_command__type_support_c.cpp.o[0m
[12.546s] [ 78%] [32m[1mLinking CXX shared library libdrive_base_msgs__rosidl_typesupport_fastrtps_c.so[0m
[12.747s] [ 78%] Built target drive_base_msgs__rosidl_typesupport_fastrtps_c
[12.767s] [35m[1mScanning dependencies of target drive_base_msgs[0m
[12.790s] [ 78%] Built target drive_base_msgs
[12.816s] [35m[1mScanning dependencies of target drive_base_msgs__py[0m
[12.842s] [ 80%] [34m[1mGenerating Python code for ROS interfaces[0m
[15.251s] [ 80%] Built target drive_base_msgs__py
[15.275s] [35m[1mScanning dependencies of target drive_base_msgs__python[0m
[15.335s] [ 83%] [32mBuilding C object CMakeFiles/drive_base_msgs__python.dir/rosidl_generator_py/drive_base_msgs/msg/_command_header_s.c.o[0m
[15.336s] [ 83%] [32mBuilding C object CMakeFiles/drive_base_msgs__python.dir/rosidl_generator_py/drive_base_msgs/msg/_base_info_s.c.o[0m
[15.336s] [ 85%] [32mBuilding C object CMakeFiles/drive_base_msgs__python.dir/rosidl_generator_py/drive_base_msgs/msg/_command_status_s.c.o[0m
[15.345s] [ 87%] [32mBuilding C object CMakeFiles/drive_base_msgs__python.dir/rosidl_generator_py/drive_base_msgs/msg/_trv_command_s.c.o[0m
[15.548s] [ 89%] [32m[1mLinking C shared library rosidl_generator_py/drive_base_msgs/libdrive_base_msgs__python.so[0m
[15.635s] [ 89%] Built target drive_base_msgs__python
[15.657s] [35m[1mScanning dependencies of target drive_base_msgs__rosidl_typesupport_c__pyext[0m
[15.657s] [35m[1mScanning dependencies of target drive_base_msgs__rosidl_typesupport_fastrtps_c__pyext[0m
[15.657s] [35m[1mScanning dependencies of target drive_base_msgs__rosidl_typesupport_introspection_c__pyext[0m
[15.698s] [ 90%] [32mBuilding C object CMakeFiles/drive_base_msgs__rosidl_typesupport_c__pyext.dir/rosidl_generator_py/drive_base_msgs/_drive_base_msgs_s.ep.rosidl_typesupport_c.c.o[0m
[15.704s] [ 94%] [32mBuilding C object CMakeFiles/drive_base_msgs__rosidl_typesupport_fastrtps_c__pyext.dir/rosidl_generator_py/drive_base_msgs/_drive_base_msgs_s.ep.rosidl_typesupport_fastrtps_c.c.o[0m
[15.704s] [ 94%] [32mBuilding C object CMakeFiles/drive_base_msgs__rosidl_typesupport_introspection_c__pyext.dir/rosidl_generator_py/drive_base_msgs/_drive_base_msgs_s.ep.rosidl_typesupport_introspection_c.c.o[0m
[15.886s] [ 96%] [32m[1mLinking C shared library rosidl_generator_py/drive_base_msgs/drive_base_msgs_s__rosidl_typesupport_introspection_c.cpython-38-aarch64-linux-gnu.so[0m
[15.887s] [ 98%] [32m[1mLinking C shared library rosidl_generator_py/drive_base_msgs/drive_base_msgs_s__rosidl_typesupport_c.cpython-38-aarch64-linux-gnu.so[0m
[15.900s] [100%] [32m[1mLinking CXX shared library rosidl_generator_py/drive_base_msgs/drive_base_msgs_s__rosidl_typesupport_fastrtps_c.cpython-38-aarch64-linux-gnu.so[0m
[15.965s] [100%] Built target drive_base_msgs__rosidl_typesupport_introspection_c__pyext
[15.966s] [100%] Built target drive_base_msgs__rosidl_typesupport_c__pyext
[16.028s] [100%] Built target drive_base_msgs__rosidl_typesupport_fastrtps_c__pyext
[16.309s] Invoked command in '/home/orin_nano/microros_ws/build/drive_base_msgs' returned '0': CMAKE_PREFIX_PATH=${CMAKE_PREFIX_PATH}:/opt/ros/foxy /usr/bin/cmake --build /home/orin_nano/microros_ws/build/drive_base_msgs -- -j6 -l6
[17.231s] Invoking command in '/home/orin_nano/microros_ws/build/drive_base_msgs': CMAKE_PREFIX_PATH=${CMAKE_PREFIX_PATH}:/opt/ros/foxy /usr/bin/cmake --install /home/orin_nano/microros_ws/build/drive_base_msgs
[17.256s] -- Install configuration: ""
[17.257s] -- Installing: /home/orin_nano/microros_ws/install/drive_base_msgs/share/ament_index/resource_index/rosidl_interfaces/drive_base_msgs
[17.257s] -- Installing: /home/orin_nano/microros_ws/install/drive_base_msgs/include/drive_base_msgs
[17.257s] -- Installing: /home/orin_nano/microros_ws/install/drive_base_msgs/include/drive_base_msgs/msg
[17.257s] -- Installing: /home/orin_nano/microros_ws/install/drive_base_msgs/include/drive_base_msgs/msg/detail
[17.257s] -- Installing: /home/orin_nano/microros_ws/install/drive_base_msgs/include/drive_base_msgs/msg/detail/trv_command__type_support.h
[17.258s] -- Installing: /home/orin_nano/microros_ws/install/drive_base_msgs/include/drive_base_msgs/msg/detail/trv_command__functions.h
[17.258s] -- Installing: /home/orin_nano/microros_ws/install/drive_base_msgs/include/drive_base_msgs/msg/detail/base_info__functions.c
[17.258s] -- Installing: /home/orin_nano/microros_ws/install/drive_base_msgs/include/drive_base_msgs/msg/detail/command_header__functions.c
[17.258s] -- Installing: /home/orin_nano/microros_ws/install/drive_base_msgs/include/drive_base_msgs/msg/detail/base_info__functions.h
[17.258s] -- Installing: /home/orin_nano/microros_ws/install/drive_base_msgs/include/drive_base_msgs/msg/detail/command_status__struct.h
[17.258s] -- Installing: /home/orin_nano/microros_ws/install/drive_base_msgs/include/drive_base_msgs/msg/detail/command_header__type_support.h
[17.258s] -- Installing: /home/orin_nano/microros_ws/install/drive_base_msgs/include/drive_base_msgs/msg/detail/command_status__type_support.h
[17.260s] -- Installing: /home/orin_nano/microros_ws/install/drive_base_msgs/include/drive_base_msgs/msg/detail/base_info__struct.h
[17.260s] -- Installing: /home/orin_nano/microros_ws/install/drive_base_msgs/include/drive_base_msgs/msg/detail/command_header__struct.h
[17.260s] -- Installing: /home/orin_nano/microros_ws/install/drive_base_msgs/include/drive_base_msgs/msg/detail/trv_command__struct.h
[17.260s] -- Installing: /home/orin_nano/microros_ws/install/drive_base_msgs/include/drive_base_msgs/msg/detail/command_status__functions.c
[17.261s] -- Installing: /home/orin_nano/microros_ws/install/drive_base_msgs/include/drive_base_msgs/msg/detail/trv_command__functions.c
[17.261s] -- Installing: /home/orin_nano/microros_ws/install/drive_base_msgs/include/drive_base_msgs/msg/detail/command_header__functions.h
[17.262s] -- Installing: /home/orin_nano/microros_ws/install/drive_base_msgs/include/drive_base_msgs/msg/detail/command_status__functions.h
[17.262s] -- Installing: /home/orin_nano/microros_ws/install/drive_base_msgs/include/drive_base_msgs/msg/detail/base_info__type_support.h
[17.263s] -- Installing: /home/orin_nano/microros_ws/install/drive_base_msgs/include/drive_base_msgs/msg/trv_command.h
[17.265s] -- Installing: /home/orin_nano/microros_ws/install/drive_base_msgs/include/drive_base_msgs/msg/command_status.h
[17.265s] -- Installing: /home/orin_nano/microros_ws/install/drive_base_msgs/include/drive_base_msgs/msg/base_info.h
[17.265s] -- Installing: /home/orin_nano/microros_ws/install/drive_base_msgs/include/drive_base_msgs/msg/rosidl_generator_c__visibility_control.h
[17.266s] -- Installing: /home/orin_nano/microros_ws/install/drive_base_msgs/include/drive_base_msgs/msg/command_header.h
[17.267s] -- Installing: /home/orin_nano/microros_ws/install/drive_base_msgs/share/drive_base_msgs/environment/library_path.sh
[17.268s] -- Installing: /home/orin_nano/microros_ws/install/drive_base_msgs/share/drive_base_msgs/environment/library_path.dsv
[17.269s] -- Installing: /home/orin_nano/microros_ws/install/drive_base_msgs/lib/libdrive_base_msgs__rosidl_generator_c.so
[17.269s] -- Set runtime path of "/home/orin_nano/microros_ws/install/drive_base_msgs/lib/libdrive_base_msgs__rosidl_generator_c.so" to ""
[17.269s] -- Up-to-date: /home/orin_nano/microros_ws/install/drive_base_msgs/include/drive_base_msgs
[17.269s] -- Up-to-date: /home/orin_nano/microros_ws/install/drive_base_msgs/include/drive_base_msgs/msg
[17.269s] -- Up-to-date: /home/orin_nano/microros_ws/install/drive_base_msgs/include/drive_base_msgs/msg/detail
[17.269s] -- Installing: /home/orin_nano/microros_ws/install/drive_base_msgs/include/drive_base_msgs/msg/detail/trv_command__rosidl_typesupport_fastrtps_c.h
[17.270s] -- Installing: /home/orin_nano/microros_ws/install/drive_base_msgs/include/drive_base_msgs/msg/detail/command_status__rosidl_typesupport_fastrtps_c.h
[17.270s] -- Installing: /home/orin_nano/microros_ws/install/drive_base_msgs/include/drive_base_msgs/msg/detail/command_header__rosidl_typesupport_fastrtps_c.h
[17.270s] -- Installing: /home/orin_nano/microros_ws/install/drive_base_msgs/include/drive_base_msgs/msg/detail/base_info__rosidl_typesupport_fastrtps_c.h
[17.270s] -- Installing: /home/orin_nano/microros_ws/install/drive_base_msgs/include/drive_base_msgs/msg/rosidl_typesupport_fastrtps_c__visibility_control.h
[17.270s] -- Installing: /home/orin_nano/microros_ws/install/drive_base_msgs/lib/libdrive_base_msgs__rosidl_typesupport_fastrtps_c.so
[17.271s] -- Set runtime path of "/home/orin_nano/microros_ws/install/drive_base_msgs/lib/libdrive_base_msgs__rosidl_typesupport_fastrtps_c.so" to ""
[17.271s] -- Up-to-date: /home/orin_nano/microros_ws/install/drive_base_msgs/include/drive_base_msgs
[17.271s] -- Up-to-date: /home/orin_nano/microros_ws/install/drive_base_msgs/include/drive_base_msgs/msg
[17.271s] -- Up-to-date: /home/orin_nano/microros_ws/install/drive_base_msgs/include/drive_base_msgs/msg/detail
[17.272s] -- Installing: /home/orin_nano/microros_ws/install/drive_base_msgs/include/drive_base_msgs/msg/detail/command_header__rosidl_typesupport_fastrtps_cpp.hpp
[17.272s] -- Installing: /home/orin_nano/microros_ws/install/drive_base_msgs/include/drive_base_msgs/msg/detail/dds_fastrtps
[17.272s] -- Installing: /home/orin_nano/microros_ws/install/drive_base_msgs/include/drive_base_msgs/msg/detail/base_info__rosidl_typesupport_fastrtps_cpp.hpp
[17.272s] -- Installing: /home/orin_nano/microros_ws/install/drive_base_msgs/include/drive_base_msgs/msg/detail/trv_command__rosidl_typesupport_fastrtps_cpp.hpp
[17.273s] -- Installing: /home/orin_nano/microros_ws/install/drive_base_msgs/include/drive_base_msgs/msg/detail/command_status__rosidl_typesupport_fastrtps_cpp.hpp
[17.273s] -- Installing: /home/orin_nano/microros_ws/install/drive_base_msgs/include/drive_base_msgs/msg/rosidl_typesupport_fastrtps_cpp__visibility_control.h
[17.273s] -- Installing: /home/orin_nano/microros_ws/install/drive_base_msgs/lib/libdrive_base_msgs__rosidl_typesupport_fastrtps_cpp.so
[17.273s] -- Set runtime path of "/home/orin_nano/microros_ws/install/drive_base_msgs/lib/libdrive_base_msgs__rosidl_typesupport_fastrtps_cpp.so" to ""
[17.274s] -- Up-to-date: /home/orin_nano/microros_ws/install/drive_base_msgs/include/drive_base_msgs
[17.274s] -- Up-to-date: /home/orin_nano/microros_ws/install/drive_base_msgs/include/drive_base_msgs/msg
[17.274s] -- Up-to-date: /home/orin_nano/microros_ws/install/drive_base_msgs/include/drive_base_msgs/msg/detail
[17.274s] -- Installing: /home/orin_nano/microros_ws/install/drive_base_msgs/include/drive_base_msgs/msg/detail/command_header__type_support.c
[17.274s] -- Installing: /home/orin_nano/microros_ws/install/drive_base_msgs/include/drive_base_msgs/msg/detail/command_status__rosidl_typesupport_introspection_c.h
[17.274s] -- Installing: /home/orin_nano/microros_ws/install/drive_base_msgs/include/drive_base_msgs/msg/detail/base_info__rosidl_typesupport_introspection_c.h
[17.275s] -- Installing: /home/orin_nano/microros_ws/install/drive_base_msgs/include/drive_base_msgs/msg/detail/command_header__rosidl_typesupport_introspection_c.h
[17.275s] -- Installing: /home/orin_nano/microros_ws/install/drive_base_msgs/include/drive_base_msgs/msg/detail/trv_command__rosidl_typesupport_introspection_c.h
[17.275s] -- Installing: /home/orin_nano/microros_ws/install/drive_base_msgs/include/drive_base_msgs/msg/detail/trv_command__type_support.c
[17.275s] -- Installing: /home/orin_nano/microros_ws/install/drive_base_msgs/include/drive_base_msgs/msg/detail/base_info__type_support.c
[17.275s] -- Installing: /home/orin_nano/microros_ws/install/drive_base_msgs/include/drive_base_msgs/msg/detail/command_status__type_support.c
[17.276s] -- Installing: /home/orin_nano/microros_ws/install/drive_base_msgs/include/drive_base_msgs/msg/rosidl_typesupport_introspection_c__visibility_control.h
[17.276s] -- Installing: /home/orin_nano/microros_ws/install/drive_base_msgs/lib/libdrive_base_msgs__rosidl_typesupport_introspection_c.so
[17.276s] -- Set runtime path of "/home/orin_nano/microros_ws/install/drive_base_msgs/lib/libdrive_base_msgs__rosidl_typesupport_introspection_c.so" to ""
[17.276s] -- Installing: /home/orin_nano/microros_ws/install/drive_base_msgs/lib/libdrive_base_msgs__rosidl_typesupport_c.so
[17.276s] -- Set runtime path of "/home/orin_nano/microros_ws/install/drive_base_msgs/lib/libdrive_base_msgs__rosidl_typesupport_c.so" to ""
[17.276s] -- Up-to-date: /home/orin_nano/microros_ws/install/drive_base_msgs/include/drive_base_msgs
[17.277s] -- Up-to-date: /home/orin_nano/microros_ws/install/drive_base_msgs/include/drive_base_msgs/msg
[17.277s] -- Up-to-date: /home/orin_nano/microros_ws/install/drive_base_msgs/include/drive_base_msgs/msg/detail
[17.277s] -- Installing: /home/orin_nano/microros_ws/install/drive_base_msgs/include/drive_base_msgs/msg/detail/command_status__struct.hpp
[17.277s] -- Installing: /home/orin_nano/microros_ws/install/drive_base_msgs/include/drive_base_msgs/msg/detail/base_info__type_support.hpp
[17.277s] -- Installing: /home/orin_nano/microros_ws/install/drive_base_msgs/include/drive_base_msgs/msg/detail/command_status__builder.hpp
[17.277s] -- Installing: /home/orin_nano/microros_ws/install/drive_base_msgs/include/drive_base_msgs/msg/detail/trv_command__traits.hpp
[17.278s] -- Installing: /home/orin_nano/microros_ws/install/drive_base_msgs/include/drive_base_msgs/msg/detail/base_info__traits.hpp
[17.278s] -- Installing: /home/orin_nano/microros_ws/install/drive_base_msgs/include/drive_base_msgs/msg/detail/command_header__builder.hpp
[17.278s] -- Installing: /home/orin_nano/microros_ws/install/drive_base_msgs/include/drive_base_msgs/msg/detail/base_info__builder.hpp
[17.278s] -- Installing: /home/orin_nano/microros_ws/install/drive_base_msgs/include/drive_base_msgs/msg/detail/command_header__traits.hpp
[17.278s] -- Installing: /home/orin_nano/microros_ws/install/drive_base_msgs/include/drive_base_msgs/msg/detail/trv_command__builder.hpp
[17.278s] -- Installing: /home/orin_nano/microros_ws/install/drive_base_msgs/include/drive_base_msgs/msg/detail/command_status__traits.hpp
[17.279s] -- Installing: /home/orin_nano/microros_ws/install/drive_base_msgs/include/drive_base_msgs/msg/detail/trv_command__type_support.hpp
[17.279s] -- Installing: /home/orin_nano/microros_ws/install/drive_base_msgs/include/drive_base_msgs/msg/detail/trv_command__struct.hpp
[17.279s] -- Installing: /home/orin_nano/microros_ws/install/drive_base_msgs/include/drive_base_msgs/msg/detail/base_info__struct.hpp
[17.279s] -- Installing: /home/orin_nano/microros_ws/install/drive_base_msgs/include/drive_base_msgs/msg/detail/command_status__type_support.hpp
[17.279s] -- Installing: /home/orin_nano/microros_ws/install/drive_base_msgs/include/drive_base_msgs/msg/detail/command_header__struct.hpp
[17.279s] -- Installing: /home/orin_nano/microros_ws/install/drive_base_msgs/include/drive_base_msgs/msg/detail/command_header__type_support.hpp
[17.279s] -- Installing: /home/orin_nano/microros_ws/install/drive_base_msgs/include/drive_base_msgs/msg/command_header.hpp
[17.280s] -- Installing: /home/orin_nano/microros_ws/install/drive_base_msgs/include/drive_base_msgs/msg/rosidl_generator_cpp__visibility_control.hpp
[17.280s] -- Installing: /home/orin_nano/microros_ws/install/drive_base_msgs/include/drive_base_msgs/msg/base_info.hpp
[17.280s] -- Installing: /home/orin_nano/microros_ws/install/drive_base_msgs/include/drive_base_msgs/msg/command_status.hpp
[17.280s] -- Installing: /home/orin_nano/microros_ws/install/drive_base_msgs/include/drive_base_msgs/msg/trv_command.hpp
[17.280s] -- Up-to-date: /home/orin_nano/microros_ws/install/drive_base_msgs/include/drive_base_msgs
[17.280s] -- Up-to-date: /home/orin_nano/microros_ws/install/drive_base_msgs/include/drive_base_msgs/msg
[17.281s] -- Up-to-date: /home/orin_nano/microros_ws/install/drive_base_msgs/include/drive_base_msgs/msg/detail
[17.281s] -- Installing: /home/orin_nano/microros_ws/install/drive_base_msgs/include/drive_base_msgs/msg/detail/command_status__type_support.cpp
[17.281s] -- Installing: /home/orin_nano/microros_ws/install/drive_base_msgs/include/drive_base_msgs/msg/detail/base_info__rosidl_typesupport_introspection_cpp.hpp
[17.281s] -- Installing: /home/orin_nano/microros_ws/install/drive_base_msgs/include/drive_base_msgs/msg/detail/trv_command__rosidl_typesupport_introspection_cpp.hpp
[17.281s] -- Installing: /home/orin_nano/microros_ws/install/drive_base_msgs/include/drive_base_msgs/msg/detail/command_header__type_support.cpp
[17.281s] -- Installing: /home/orin_nano/microros_ws/install/drive_base_msgs/include/drive_base_msgs/msg/detail/command_status__rosidl_typesupport_introspection_cpp.hpp
[17.281s] -- Installing: /home/orin_nano/microros_ws/install/drive_base_msgs/include/drive_base_msgs/msg/detail/trv_command__type_support.cpp
[17.282s] -- Installing: /home/orin_nano/microros_ws/install/drive_base_msgs/include/drive_base_msgs/msg/detail/command_header__rosidl_typesupport_introspection_cpp.hpp
[17.282s] -- Installing: /home/orin_nano/microros_ws/install/drive_base_msgs/include/drive_base_msgs/msg/detail/base_info__type_support.cpp
[17.282s] -- Installing: /home/orin_nano/microros_ws/install/drive_base_msgs/lib/libdrive_base_msgs__rosidl_typesupport_introspection_cpp.so
[17.282s] -- Set runtime path of "/home/orin_nano/microros_ws/install/drive_base_msgs/lib/libdrive_base_msgs__rosidl_typesupport_introspection_cpp.so" to ""
[17.282s] -- Installing: /home/orin_nano/microros_ws/install/drive_base_msgs/lib/libdrive_base_msgs__rosidl_typesupport_cpp.so
[17.282s] -- Set runtime path of "/home/orin_nano/microros_ws/install/drive_base_msgs/lib/libdrive_base_msgs__rosidl_typesupport_cpp.so" to ""
[17.282s] -- Installing: /home/orin_nano/microros_ws/install/drive_base_msgs/share/drive_base_msgs/environment/pythonpath.sh
[17.283s] -- Installing: /home/orin_nano/microros_ws/install/drive_base_msgs/share/drive_base_msgs/environment/pythonpath.dsv
[17.283s] -- Installing: /home/orin_nano/microros_ws/install/drive_base_msgs/lib/python3.8/site-packages/drive_base_msgs/__init__.py
[17.345s] Compiling '/home/orin_nano/microros_ws/install/drive_base_msgs/lib/python3.8/site-packages/drive_base_msgs/__init__.py'...
[17.365s] -- Installing: /home/orin_nano/microros_ws/install/drive_base_msgs/lib/python3.8/site-packages/drive_base_msgs/msg
[17.366s] -- Installing: /home/orin_nano/microros_ws/install/drive_base_msgs/lib/python3.8/site-packages/drive_base_msgs/msg/_base_info.py
[17.368s] -- Installing: /home/orin_nano/microros_ws/install/drive_base_msgs/lib/python3.8/site-packages/drive_base_msgs/msg/_trv_command.py
[17.370s] -- Installing: /home/orin_nano/microros_ws/install/drive_base_msgs/lib/python3.8/site-packages/drive_base_msgs/msg/_command_status_s.c
[17.370s] -- Installing: /home/orin_nano/microros_ws/install/drive_base_msgs/lib/python3.8/site-packages/drive_base_msgs/msg/_command_header.py
[17.371s] -- Installing: /home/orin_nano/microros_ws/install/drive_base_msgs/lib/python3.8/site-packages/drive_base_msgs/msg/_base_info_s.c
[17.372s] -- Installing: /home/orin_nano/microros_ws/install/drive_base_msgs/lib/python3.8/site-packages/drive_base_msgs/msg/_command_status.py
[17.372s] -- Installing: /home/orin_nano/microros_ws/install/drive_base_msgs/lib/python3.8/site-packages/drive_base_msgs/msg/__init__.py
[17.374s] -- Installing: /home/orin_nano/microros_ws/install/drive_base_msgs/lib/python3.8/site-packages/drive_base_msgs/msg/_command_header_s.c
[17.375s] -- Installing: /home/orin_nano/microros_ws/install/drive_base_msgs/lib/python3.8/site-packages/drive_base_msgs/msg/_trv_command_s.c
[17.376s] -- Installing: /home/orin_nano/microros_ws/install/drive_base_msgs/lib/python3.8/site-packages/drive_base_msgs/drive_base_msgs_s__rosidl_typesupport_fastrtps_c.cpython-38-aarch64-linux-gnu.so
[17.376s] -- Set runtime path of "/home/orin_nano/microros_ws/install/drive_base_msgs/lib/python3.8/site-packages/drive_base_msgs/drive_base_msgs_s__rosidl_typesupport_fastrtps_c.cpython-38-aarch64-linux-gnu.so" to ""
[17.377s] -- Installing: /home/orin_nano/microros_ws/install/drive_base_msgs/lib/python3.8/site-packages/drive_base_msgs/drive_base_msgs_s__rosidl_typesupport_introspection_c.cpython-38-aarch64-linux-gnu.so
[17.378s] -- Set runtime path of "/home/orin_nano/microros_ws/install/drive_base_msgs/lib/python3.8/site-packages/drive_base_msgs/drive_base_msgs_s__rosidl_typesupport_introspection_c.cpython-38-aarch64-linux-gnu.so" to ""
[17.378s] -- Installing: /home/orin_nano/microros_ws/install/drive_base_msgs/lib/python3.8/site-packages/drive_base_msgs/drive_base_msgs_s__rosidl_typesupport_c.cpython-38-aarch64-linux-gnu.so
[17.379s] -- Set runtime path of "/home/orin_nano/microros_ws/install/drive_base_msgs/lib/python3.8/site-packages/drive_base_msgs/drive_base_msgs_s__rosidl_typesupport_c.cpython-38-aarch64-linux-gnu.so" to ""
[17.380s] -- Installing: /home/orin_nano/microros_ws/install/drive_base_msgs/lib/libdrive_base_msgs__python.so
[17.382s] -- Set runtime path of "/home/orin_nano/microros_ws/install/drive_base_msgs/lib/libdrive_base_msgs__python.so" to ""
[17.383s] -- Installing: /home/orin_nano/microros_ws/install/drive_base_msgs/share/drive_base_msgs/msg/CommandHeader.idl
[17.383s] -- Installing: /home/orin_nano/microros_ws/install/drive_base_msgs/share/drive_base_msgs/msg/BaseInfo.idl
[17.384s] -- Installing: /home/orin_nano/microros_ws/install/drive_base_msgs/share/drive_base_msgs/msg/CommandStatus.idl
[17.385s] -- Installing: /home/orin_nano/microros_ws/install/drive_base_msgs/share/drive_base_msgs/msg/TRVCommand.idl
[17.386s] -- Installing: /home/orin_nano/microros_ws/install/drive_base_msgs/share/drive_base_msgs/msg/CommandHeader.msg
[17.386s] -- Installing: /home/orin_nano/microros_ws/install/drive_base_msgs/share/drive_base_msgs/msg/BaseInfo.msg
[17.388s] -- Installing: /home/orin_nano/microros_ws/install/drive_base_msgs/share/drive_base_msgs/msg/CommandStatus.msg
[17.388s] -- Installing: /home/orin_nano/microros_ws/install/drive_base_msgs/share/drive_base_msgs/msg/TRVCommand.msg
[17.389s] -- Installing: /home/orin_nano/microros_ws/install/drive_base_msgs/share/ament_index/resource_index/package_run_dependencies/drive_base_msgs
[17.389s] -- Installing: /home/orin_nano/microros_ws/install/drive_base_msgs/share/ament_index/resource_index/parent_prefix_path/drive_base_msgs
[17.390s] -- Installing: /home/orin_nano/microros_ws/install/drive_base_msgs/share/drive_base_msgs/environment/ament_prefix_path.sh
[17.391s] -- Installing: /home/orin_nano/microros_ws/install/drive_base_msgs/share/drive_base_msgs/environment/ament_prefix_path.dsv
[17.391s] -- Installing: /home/orin_nano/microros_ws/install/drive_base_msgs/share/drive_base_msgs/environment/path.sh
[17.392s] -- Installing: /home/orin_nano/microros_ws/install/drive_base_msgs/share/drive_base_msgs/environment/path.dsv
[17.392s] -- Installing: /home/orin_nano/microros_ws/install/drive_base_msgs/share/drive_base_msgs/local_setup.bash
[17.394s] -- Installing: /home/orin_nano/microros_ws/install/drive_base_msgs/share/drive_base_msgs/local_setup.sh
[17.395s] -- Installing: /home/orin_nano/microros_ws/install/drive_base_msgs/share/drive_base_msgs/local_setup.zsh
[17.396s] -- Installing: /home/orin_nano/microros_ws/install/drive_base_msgs/share/drive_base_msgs/local_setup.dsv
[17.397s] -- Installing: /home/orin_nano/microros_ws/install/drive_base_msgs/share/drive_base_msgs/package.dsv
[17.398s] -- Installing: /home/orin_nano/microros_ws/install/drive_base_msgs/share/ament_index/resource_index/packages/drive_base_msgs
[17.399s] -- Installing: /home/orin_nano/microros_ws/install/drive_base_msgs/share/drive_base_msgs/cmake/drive_base_msgs__rosidl_generator_cExport.cmake
[17.399s] -- Installing: /home/orin_nano/microros_ws/install/drive_base_msgs/share/drive_base_msgs/cmake/drive_base_msgs__rosidl_generator_cExport-noconfig.cmake
[17.401s] -- Installing: /home/orin_nano/microros_ws/install/drive_base_msgs/share/drive_base_msgs/cmake/drive_base_msgs__rosidl_typesupport_introspection_cExport.cmake
[17.402s] -- Installing: /home/orin_nano/microros_ws/install/drive_base_msgs/share/drive_base_msgs/cmake/drive_base_msgs__rosidl_typesupport_introspection_cExport-noconfig.cmake
[17.403s] -- Installing: /home/orin_nano/microros_ws/install/drive_base_msgs/share/drive_base_msgs/cmake/drive_base_msgs__rosidl_typesupport_cExport.cmake
[17.404s] -- Installing: /home/orin_nano/microros_ws/install/drive_base_msgs/share/drive_base_msgs/cmake/drive_base_msgs__rosidl_typesupport_cExport-noconfig.cmake
[17.405s] -- Installing: /home/orin_nano/microros_ws/install/drive_base_msgs/share/drive_base_msgs/cmake/drive_base_msgs__rosidl_generator_cppExport.cmake
[17.406s] -- Installing: /home/orin_nano/microros_ws/install/drive_base_msgs/share/drive_base_msgs/cmake/drive_base_msgs__rosidl_typesupport_introspection_cppExport.cmake
[17.407s] -- Installing: /home/orin_nano/microros_ws/install/drive_base_msgs/share/drive_base_msgs/cmake/drive_base_msgs__rosidl_typesupport_introspection_cppExport-noconfig.cmake
[17.408s] -- Installing: /home/orin_nano/microros_ws/install/drive_base_msgs/share/drive_base_msgs/cmake/drive_base_msgs__rosidl_typesupport_cppExport.cmake
[17.408s] -- Installing: /home/orin_nano/microros_ws/install/drive_base_msgs/share/drive_base_msgs/cmake/drive_base_msgs__rosidl_typesupport_cppExport-noconfig.cmake
[17.409s] -- Installing: /home/orin_nano/microros_ws/install/drive_base_msgs/share/drive_base_msgs/cmake/rosidl_cmake-extras.cmake
[17.410s] -- Installing: /home/orin_nano/microros_ws/install/drive_base_msgs/share/drive_base_msgs/cmake/ament_cmake_export_dependencies-extras.cmake
[17.411s] -- Installing: /home/orin_nano/microros_ws/install/drive_base_msgs/share/drive_base_msgs/cmake/ament_cmake_export_libraries-extras.cmake
[17.412s] -- Installing: /home/orin_nano/microros_ws/install/drive_base_msgs/share/drive_base_msgs/cmake/ament_cmake_export_targets-extras.cmake
[17.413s] -- Installing: /home/orin_nano/microros_ws/install/drive_base_msgs/share/drive_base_msgs/cmake/ament_cmake_export_include_directories-extras.cmake
[17.413s] -- Installing: /home/orin_nano/microros_ws/install/drive_base_msgs/share/drive_base_msgs/cmake/rosidl_cmake_export_typesupport_libraries-extras.cmake
[17.414s] -- Installing: /home/orin_nano/microros_ws/install/drive_base_msgs/share/drive_base_msgs/cmake/rosidl_cmake_export_typesupport_targets-extras.cmake
[17.415s] -- Installing: /home/orin_nano/microros_ws/install/drive_base_msgs/share/drive_base_msgs/cmake/drive_base_msgsConfig.cmake
[17.416s] -- Installing: /home/orin_nano/microros_ws/install/drive_base_msgs/share/drive_base_msgs/cmake/drive_base_msgsConfig-version.cmake
[17.417s] -- Installing: /home/orin_nano/microros_ws/install/drive_base_msgs/share/drive_base_msgs/package.xml
[19.555s] Invoked command in '/home/orin_nano/microros_ws/build/drive_base_msgs' returned '0': CMAKE_PREFIX_PATH=${CMAKE_PREFIX_PATH}:/opt/ros/foxy /usr/bin/cmake --install /home/orin_nano/microros_ws/build/drive_base_msgs
