[3.205s] Invoking command in '/home/orin_nano/microros_ws/build/rosidl_parser': AMENT_PREFIX_PATH=/home/orin_nano/microros_ws/install/rosidl_adapter:${AMENT_PREFIX_PATH} CMAKE_PREFIX_PATH=/home/orin_nano/microros_ws/install/rosidl_adapter:/home/orin_nano/microros_ws/install/micro_ros_setup:/home/orin_nano/microros_ws/install/micro_ros_agent:/home/orin_nano/microros_ws/install/micro_ros_msgs:/home/orin_nano/install/joy:/opt/ros/foxy PYTHONPATH=/home/orin_nano/microros_ws/install/rosidl_adapter/lib/python3.8/site-packages:${PYTHONPATH} /usr/bin/cmake /home/orin_nano/microros_ws/rosidl-foxy/rosidl_parser -DCMAKE_INSTALL_PREFIX=/home/orin_nano/microros_ws/install/rosidl_parser
[3.258s] -- Found ament_cmake: 0.9.12 (/opt/ros/foxy/share/ament_cmake/cmake)
[3.313s] -- Found PythonInterp: /usr/bin/python3 (found suitable version "3.8.10", minimum required is "3") 
[3.313s] -- Using PYTHON_EXECUTABLE: /usr/bin/python3
[4.073s] -- Found ament_lint_auto: 0.9.8 (/opt/ros/foxy/share/ament_lint_auto/cmake)
[4.358s] -- Added test 'copyright' to check source files copyright and LICENSE
[4.364s] -- Added test 'flake8' to check Python code syntax and style conventions
[4.365s] -- Added test 'lint_cmake' to check CMake code style
[4.366s] -- Added test 'pep257' to check Python code against some of the style conventions in PEP 257
[4.369s] -- Added test 'xmllint' to check XML markup files
[5.859s] -- Configuring done
[5.861s] -- Generating done
[5.863s] -- Build files have been written to: /home/orin_nano/microros_ws/build/rosidl_parser
[8.336s] Invoked command in '/home/orin_nano/microros_ws/build/rosidl_parser' returned '0': AMENT_PREFIX_PATH=/home/orin_nano/microros_ws/install/rosidl_adapter:${AMENT_PREFIX_PATH} CMAKE_PREFIX_PATH=/home/orin_nano/microros_ws/install/rosidl_adapter:/home/orin_nano/microros_ws/install/micro_ros_setup:/home/orin_nano/microros_ws/install/micro_ros_agent:/home/orin_nano/microros_ws/install/micro_ros_msgs:/home/orin_nano/install/joy:/opt/ros/foxy PYTHONPATH=/home/orin_nano/microros_ws/install/rosidl_adapter/lib/python3.8/site-packages:${PYTHONPATH} /usr/bin/cmake /home/orin_nano/microros_ws/rosidl-foxy/rosidl_parser -DCMAKE_INSTALL_PREFIX=/home/orin_nano/microros_ws/install/rosidl_parser
[8.342s] Invoking command in '/home/orin_nano/microros_ws/build/rosidl_parser': AMENT_PREFIX_PATH=/home/orin_nano/microros_ws/install/rosidl_adapter:${AMENT_PREFIX_PATH} CMAKE_PREFIX_PATH=/home/orin_nano/microros_ws/install/rosidl_adapter:/home/orin_nano/microros_ws/install/micro_ros_setup:/home/orin_nano/microros_ws/install/micro_ros_agent:/home/orin_nano/microros_ws/install/micro_ros_msgs:/home/orin_nano/install/joy:/opt/ros/foxy PYTHONPATH=/home/orin_nano/microros_ws/install/rosidl_adapter/lib/python3.8/site-packages:${PYTHONPATH} /usr/bin/cmake --build /home/orin_nano/microros_ws/build/rosidl_parser -- -j6 -l6
[8.440s] Invoked command in '/home/orin_nano/microros_ws/build/rosidl_parser' returned '0': AMENT_PREFIX_PATH=/home/orin_nano/microros_ws/install/rosidl_adapter:${AMENT_PREFIX_PATH} CMAKE_PREFIX_PATH=/home/orin_nano/microros_ws/install/rosidl_adapter:/home/orin_nano/microros_ws/install/micro_ros_setup:/home/orin_nano/microros_ws/install/micro_ros_agent:/home/orin_nano/microros_ws/install/micro_ros_msgs:/home/orin_nano/install/joy:/opt/ros/foxy PYTHONPATH=/home/orin_nano/microros_ws/install/rosidl_adapter/lib/python3.8/site-packages:${PYTHONPATH} /usr/bin/cmake --build /home/orin_nano/microros_ws/build/rosidl_parser -- -j6 -l6
[9.282s] Invoking command in '/home/orin_nano/microros_ws/build/rosidl_parser': AMENT_PREFIX_PATH=/home/orin_nano/microros_ws/install/rosidl_adapter:${AMENT_PREFIX_PATH} CMAKE_PREFIX_PATH=/home/orin_nano/microros_ws/install/rosidl_adapter:/home/orin_nano/microros_ws/install/micro_ros_setup:/home/orin_nano/microros_ws/install/micro_ros_agent:/home/orin_nano/microros_ws/install/micro_ros_msgs:/home/orin_nano/install/joy:/opt/ros/foxy PYTHONPATH=/home/orin_nano/microros_ws/install/rosidl_adapter/lib/python3.8/site-packages:${PYTHONPATH} /usr/bin/cmake --install /home/orin_nano/microros_ws/build/rosidl_parser
[9.308s] -- Install configuration: ""
[9.314s] -- Installing: /home/orin_nano/microros_ws/install/rosidl_parser/share/rosidl_parser/environment/pythonpath.sh
[9.314s] -- Installing: /home/orin_nano/microros_ws/install/rosidl_parser/share/rosidl_parser/environment/pythonpath.dsv
[9.315s] -- Installing: /home/orin_nano/microros_ws/install/rosidl_parser/lib/python3.8/site-packages/rosidl_parser
[9.315s] -- Installing: /home/orin_nano/microros_ws/install/rosidl_parser/lib/python3.8/site-packages/rosidl_parser/__init__.py
[9.316s] -- Installing: /home/orin_nano/microros_ws/install/rosidl_parser/lib/python3.8/site-packages/rosidl_parser/definition.py
[9.316s] -- Installing: /home/orin_nano/microros_ws/install/rosidl_parser/lib/python3.8/site-packages/rosidl_parser/grammar.lark
[9.317s] -- Installing: /home/orin_nano/microros_ws/install/rosidl_parser/lib/python3.8/site-packages/rosidl_parser/parser.py
[9.387s] Listing '/home/orin_nano/microros_ws/install/rosidl_parser/lib/python3.8/site-packages/rosidl_parser'...
[9.387s] Compiling '/home/orin_nano/microros_ws/install/rosidl_parser/lib/python3.8/site-packages/rosidl_parser/__init__.py'...
[9.388s] Compiling '/home/orin_nano/microros_ws/install/rosidl_parser/lib/python3.8/site-packages/rosidl_parser/definition.py'...
[9.389s] Compiling '/home/orin_nano/microros_ws/install/rosidl_parser/lib/python3.8/site-packages/rosidl_parser/parser.py'...
[9.399s] -- Installing: /home/orin_nano/microros_ws/install/rosidl_parser/share/ament_index/resource_index/package_run_dependencies/rosidl_parser
[9.401s] -- Installing: /home/orin_nano/microros_ws/install/rosidl_parser/share/ament_index/resource_index/parent_prefix_path/rosidl_parser
[9.402s] -- Installing: /home/orin_nano/microros_ws/install/rosidl_parser/share/rosidl_parser/environment/ament_prefix_path.sh
[9.403s] -- Installing: /home/orin_nano/microros_ws/install/rosidl_parser/share/rosidl_parser/environment/ament_prefix_path.dsv
[9.403s] -- Installing: /home/orin_nano/microros_ws/install/rosidl_parser/share/rosidl_parser/environment/path.sh
[9.404s] -- Installing: /home/orin_nano/microros_ws/install/rosidl_parser/share/rosidl_parser/environment/path.dsv
[9.405s] -- Installing: /home/orin_nano/microros_ws/install/rosidl_parser/share/rosidl_parser/local_setup.bash
[9.408s] -- Installing: /home/orin_nano/microros_ws/install/rosidl_parser/share/rosidl_parser/local_setup.sh
[9.408s] -- Installing: /home/orin_nano/microros_ws/install/rosidl_parser/share/rosidl_parser/local_setup.zsh
[9.409s] -- Installing: /home/orin_nano/microros_ws/install/rosidl_parser/share/rosidl_parser/local_setup.dsv
[9.410s] -- Installing: /home/orin_nano/microros_ws/install/rosidl_parser/share/rosidl_parser/package.dsv
[9.413s] -- Installing: /home/orin_nano/microros_ws/install/rosidl_parser/share/ament_index/resource_index/packages/rosidl_parser
[9.415s] -- Installing: /home/orin_nano/microros_ws/install/rosidl_parser/share/rosidl_parser/cmake/rosidl_parserConfig.cmake
[9.415s] -- Installing: /home/orin_nano/microros_ws/install/rosidl_parser/share/rosidl_parser/cmake/rosidl_parserConfig-version.cmake
[9.418s] -- Installing: /home/orin_nano/microros_ws/install/rosidl_parser/share/rosidl_parser/package.xml
[9.419s] -- Installing: /home/orin_nano/microros_ws/install/rosidl_parser/lib/rosidl_parser/idl2png
[12.857s] Invoked command in '/home/orin_nano/microros_ws/build/rosidl_parser' returned '0': AMENT_PREFIX_PATH=/home/orin_nano/microros_ws/install/rosidl_adapter:${AMENT_PREFIX_PATH} CMAKE_PREFIX_PATH=/home/orin_nano/microros_ws/install/rosidl_adapter:/home/orin_nano/microros_ws/install/micro_ros_setup:/home/orin_nano/microros_ws/install/micro_ros_agent:/home/orin_nano/microros_ws/install/micro_ros_msgs:/home/orin_nano/install/joy:/opt/ros/foxy PYTHONPATH=/home/orin_nano/microros_ws/install/rosidl_adapter/lib/python3.8/site-packages:${PYTHONPATH} /usr/bin/cmake --install /home/orin_nano/microros_ws/build/rosidl_parser
