[13.437s] DEBUG:colcon:Command line arguments: ['/usr/bin/colcon', 'build']
[13.437s] DEBUG:colcon:Parsed command line arguments: Namespace(allow_overriding=[], ament_cmake_args=None, base_paths=['.'], build_base='build', catkin_cmake_args=None, catkin_skip_building_tests=False, cmake_args=None, cmake_clean_cache=False, cmake_clean_first=False, cmake_force_configure=False, cmake_target=None, cmake_target_skip_unavailable=False, continue_on_error=False, event_handlers=None, executor='parallel', ignore_user_meta=False, install_base='install', log_base=None, log_level=None, main=<bound method BuildVerb.main of <colcon_core.verb.build.BuildVerb object at 0xffffbd8d3760>>, merge_install=False, metas=['./colcon.meta'], packages_above=None, packages_above_and_dependencies=None, packages_above_depth=None, packages_end=None, packages_ignore=None, packages_ignore_regex=None, packages_select=None, packages_select_build_failed=False, packages_select_by_dep=None, packages_select_regex=None, packages_select_test_failures=False, packages_skip=None, packages_skip_build_finished=False, packages_skip_by_dep=None, packages_skip_regex=None, packages_skip_test_passed=False, packages_skip_up_to=None, packages_start=None, packages_up_to=None, packages_up_to_regex=None, parallel_workers=6, paths=None, symlink_install=False, test_result_base=None, verb_extension=<colcon_core.verb.build.BuildVerb object at 0xffffbd8d3760>, verb_name='build', verb_parser=<colcon_defaults.argument_parser.defaults.DefaultArgumentsDecorator object at 0xffffbd4569a0>)
[13.980s] Level 1:colcon.colcon_core.package_discovery:discover_packages(colcon_meta) check parameters
[13.980s] Level 1:colcon.colcon_core.package_discovery:discover_packages(recursive) check parameters
[13.981s] Level 1:colcon.colcon_core.package_discovery:discover_packages(ignore) check parameters
[13.981s] Level 1:colcon.colcon_core.package_discovery:discover_packages(path) check parameters
[13.981s] Level 1:colcon.colcon_core.package_discovery:discover_packages(colcon_meta) discover
[13.981s] Level 1:colcon.colcon_core.package_discovery:discover_packages(recursive) discover
[13.981s] INFO:colcon.colcon_core.package_discovery:Crawling recursively for packages in '/home/orin_nano/microros_ws'
[13.981s] Level 1:colcon.colcon_core.package_identification:_identify(.) by extensions ['ignore', 'ignore_ament_install']
[13.981s] Level 1:colcon.colcon_core.package_identification:_identify(.) by extension 'ignore'
[13.982s] Level 1:colcon.colcon_core.package_identification:_identify(.) by extension 'ignore_ament_install'
[13.982s] Level 1:colcon.colcon_core.package_identification:_identify(.) by extensions ['colcon_pkg']
[13.982s] Level 1:colcon.colcon_core.package_identification:_identify(.) by extension 'colcon_pkg'
[13.982s] Level 1:colcon.colcon_core.package_identification:_identify(.) by extensions ['colcon_meta']
[13.982s] Level 1:colcon.colcon_core.package_identification:_identify(.) by extension 'colcon_meta'
[13.982s] Level 1:colcon.colcon_core.package_identification:_identify(.) by extensions ['ros']
[13.982s] Level 1:colcon.colcon_core.package_identification:_identify(.) by extension 'ros'
[14.005s] Level 1:colcon.colcon_core.package_identification:_identify(.) by extensions ['cmake', 'python']
[14.006s] Level 1:colcon.colcon_core.package_identification:_identify(.) by extension 'cmake'
[14.006s] Level 1:colcon.colcon_core.package_identification:_identify(.) by extension 'python'
[14.006s] Level 1:colcon.colcon_core.package_identification:_identify(.) by extensions ['python_setup_py']
[14.006s] Level 1:colcon.colcon_core.package_identification:_identify(.) by extension 'python_setup_py'
[14.006s] Level 1:colcon.colcon_core.package_identification:_identify(build) by extensions ['ignore', 'ignore_ament_install']
[14.006s] Level 1:colcon.colcon_core.package_identification:_identify(build) by extension 'ignore'
[14.007s] Level 1:colcon.colcon_core.package_identification:_identify(build) ignored
[14.007s] Level 1:colcon.colcon_core.package_identification:_identify(install) by extensions ['ignore', 'ignore_ament_install']
[14.007s] Level 1:colcon.colcon_core.package_identification:_identify(install) by extension 'ignore'
[14.007s] Level 1:colcon.colcon_core.package_identification:_identify(install) ignored
[14.007s] Level 1:colcon.colcon_core.package_identification:_identify(log) by extensions ['ignore', 'ignore_ament_install']
[14.008s] Level 1:colcon.colcon_core.package_identification:_identify(log) by extension 'ignore'
[14.008s] Level 1:colcon.colcon_core.package_identification:_identify(log) ignored
[14.008s] Level 1:colcon.colcon_core.package_identification:_identify(micro_ros_msgs) by extensions ['ignore', 'ignore_ament_install']
[14.008s] Level 1:colcon.colcon_core.package_identification:_identify(micro_ros_msgs) by extension 'ignore'
[14.008s] Level 1:colcon.colcon_core.package_identification:_identify(micro_ros_msgs) by extension 'ignore_ament_install'
[14.008s] Level 1:colcon.colcon_core.package_identification:_identify(micro_ros_msgs) by extensions ['colcon_pkg']
[14.008s] Level 1:colcon.colcon_core.package_identification:_identify(micro_ros_msgs) by extension 'colcon_pkg'
[14.008s] Level 1:colcon.colcon_core.package_identification:_identify(micro_ros_msgs) by extensions ['colcon_meta']
[14.008s] Level 1:colcon.colcon_core.package_identification:_identify(micro_ros_msgs) by extension 'colcon_meta'
[14.009s] Level 1:colcon.colcon_core.package_identification:_identify(micro_ros_msgs) by extensions ['ros']
[14.009s] Level 1:colcon.colcon_core.package_identification:_identify(micro_ros_msgs) by extension 'ros'
[14.009s] Level 1:colcon.colcon_core.package_identification:_identify(micro_ros_msgs) by extensions ['cmake', 'python']
[14.009s] Level 1:colcon.colcon_core.package_identification:_identify(micro_ros_msgs) by extension 'cmake'
[14.009s] Level 1:colcon.colcon_core.package_identification:_identify(micro_ros_msgs) by extension 'python'
[14.009s] Level 1:colcon.colcon_core.package_identification:_identify(micro_ros_msgs) by extensions ['python_setup_py']
[14.009s] Level 1:colcon.colcon_core.package_identification:_identify(micro_ros_msgs) by extension 'python_setup_py'
[14.010s] Level 1:colcon.colcon_core.package_identification:_identify(micro_ros_msgs/msg) by extensions ['ignore', 'ignore_ament_install']
[14.010s] Level 1:colcon.colcon_core.package_identification:_identify(micro_ros_msgs/msg) by extension 'ignore'
[14.010s] Level 1:colcon.colcon_core.package_identification:_identify(micro_ros_msgs/msg) by extension 'ignore_ament_install'
[14.010s] Level 1:colcon.colcon_core.package_identification:_identify(micro_ros_msgs/msg) by extensions ['colcon_pkg']
[14.010s] Level 1:colcon.colcon_core.package_identification:_identify(micro_ros_msgs/msg) by extension 'colcon_pkg'
[14.010s] Level 1:colcon.colcon_core.package_identification:_identify(micro_ros_msgs/msg) by extensions ['colcon_meta']
[14.010s] Level 1:colcon.colcon_core.package_identification:_identify(micro_ros_msgs/msg) by extension 'colcon_meta'
[14.010s] Level 1:colcon.colcon_core.package_identification:_identify(micro_ros_msgs/msg) by extensions ['ros']
[14.010s] Level 1:colcon.colcon_core.package_identification:_identify(micro_ros_msgs/msg) by extension 'ros'
[14.011s] Level 1:colcon.colcon_core.package_identification:_identify(micro_ros_msgs/msg) by extensions ['cmake', 'python']
[14.011s] Level 1:colcon.colcon_core.package_identification:_identify(micro_ros_msgs/msg) by extension 'cmake'
[14.011s] Level 1:colcon.colcon_core.package_identification:_identify(micro_ros_msgs/msg) by extension 'python'
[14.011s] Level 1:colcon.colcon_core.package_identification:_identify(micro_ros_msgs/msg) by extensions ['python_setup_py']
[14.011s] Level 1:colcon.colcon_core.package_identification:_identify(micro_ros_msgs/msg) by extension 'python_setup_py'
[14.011s] Level 1:colcon.colcon_core.package_identification:_identify(micro_ros_msgs/msg/detail) by extensions ['ignore', 'ignore_ament_install']
[14.012s] Level 1:colcon.colcon_core.package_identification:_identify(micro_ros_msgs/msg/detail) by extension 'ignore'
[14.012s] Level 1:colcon.colcon_core.package_identification:_identify(micro_ros_msgs/msg/detail) by extension 'ignore_ament_install'
[14.012s] Level 1:colcon.colcon_core.package_identification:_identify(micro_ros_msgs/msg/detail) by extensions ['colcon_pkg']
[14.012s] Level 1:colcon.colcon_core.package_identification:_identify(micro_ros_msgs/msg/detail) by extension 'colcon_pkg'
[14.012s] Level 1:colcon.colcon_core.package_identification:_identify(micro_ros_msgs/msg/detail) by extensions ['colcon_meta']
[14.012s] Level 1:colcon.colcon_core.package_identification:_identify(micro_ros_msgs/msg/detail) by extension 'colcon_meta'
[14.012s] Level 1:colcon.colcon_core.package_identification:_identify(micro_ros_msgs/msg/detail) by extensions ['ros']
[14.012s] Level 1:colcon.colcon_core.package_identification:_identify(micro_ros_msgs/msg/detail) by extension 'ros'
[14.012s] Level 1:colcon.colcon_core.package_identification:_identify(micro_ros_msgs/msg/detail) by extensions ['cmake', 'python']
[14.013s] Level 1:colcon.colcon_core.package_identification:_identify(micro_ros_msgs/msg/detail) by extension 'cmake'
[14.013s] Level 1:colcon.colcon_core.package_identification:_identify(micro_ros_msgs/msg/detail) by extension 'python'
[14.013s] Level 1:colcon.colcon_core.package_identification:_identify(micro_ros_msgs/msg/detail) by extensions ['python_setup_py']
[14.013s] Level 1:colcon.colcon_core.package_identification:_identify(micro_ros_msgs/msg/detail) by extension 'python_setup_py'
[14.013s] Level 1:colcon.colcon_core.package_identification:_identify(micro_ros_utilities) by extensions ['ignore', 'ignore_ament_install']
[14.013s] Level 1:colcon.colcon_core.package_identification:_identify(micro_ros_utilities) by extension 'ignore'
[14.013s] Level 1:colcon.colcon_core.package_identification:_identify(micro_ros_utilities) by extension 'ignore_ament_install'
[14.013s] Level 1:colcon.colcon_core.package_identification:_identify(micro_ros_utilities) by extensions ['colcon_pkg']
[14.013s] Level 1:colcon.colcon_core.package_identification:_identify(micro_ros_utilities) by extension 'colcon_pkg'
[14.014s] Level 1:colcon.colcon_core.package_identification:_identify(micro_ros_utilities) by extensions ['colcon_meta']
[14.014s] Level 1:colcon.colcon_core.package_identification:_identify(micro_ros_utilities) by extension 'colcon_meta'
[14.014s] Level 1:colcon.colcon_core.package_identification:_identify(micro_ros_utilities) by extensions ['ros']
[14.014s] Level 1:colcon.colcon_core.package_identification:_identify(micro_ros_utilities) by extension 'ros'
[14.014s] Level 1:colcon.colcon_core.package_identification:_identify(micro_ros_utilities) by extensions ['cmake', 'python']
[14.014s] Level 1:colcon.colcon_core.package_identification:_identify(micro_ros_utilities) by extension 'cmake'
[14.014s] Level 1:colcon.colcon_core.package_identification:_identify(micro_ros_utilities) by extension 'python'
[14.014s] Level 1:colcon.colcon_core.package_identification:_identify(micro_ros_utilities) by extensions ['python_setup_py']
[14.014s] Level 1:colcon.colcon_core.package_identification:_identify(micro_ros_utilities) by extension 'python_setup_py'
[14.015s] Level 1:colcon.colcon_core.package_identification:_identify(micro_ros_utilities/micro_ros_utilities) by extensions ['ignore', 'ignore_ament_install']
[14.015s] Level 1:colcon.colcon_core.package_identification:_identify(micro_ros_utilities/micro_ros_utilities) by extension 'ignore'
[14.015s] Level 1:colcon.colcon_core.package_identification:_identify(micro_ros_utilities/micro_ros_utilities) by extension 'ignore_ament_install'
[14.015s] Level 1:colcon.colcon_core.package_identification:_identify(micro_ros_utilities/micro_ros_utilities) by extensions ['colcon_pkg']
[14.015s] Level 1:colcon.colcon_core.package_identification:_identify(micro_ros_utilities/micro_ros_utilities) by extension 'colcon_pkg'
[14.015s] Level 1:colcon.colcon_core.package_identification:_identify(micro_ros_utilities/micro_ros_utilities) by extensions ['colcon_meta']
[14.015s] Level 1:colcon.colcon_core.package_identification:_identify(micro_ros_utilities/micro_ros_utilities) by extension 'colcon_meta'
[14.016s] Level 1:colcon.colcon_core.package_identification:_identify(micro_ros_utilities/micro_ros_utilities) by extensions ['ros']
[14.016s] Level 1:colcon.colcon_core.package_identification:_identify(micro_ros_utilities/micro_ros_utilities) by extension 'ros'
[14.022s] DEBUG:colcon.colcon_core.package_identification:Package 'micro_ros_utilities/micro_ros_utilities' with type 'ros.ament_cmake' and name 'micro_ros_utilities'
[14.022s] Level 1:colcon.colcon_core.package_identification:_identify(rosidl-foxy) by extensions ['ignore', 'ignore_ament_install']
[14.022s] Level 1:colcon.colcon_core.package_identification:_identify(rosidl-foxy) by extension 'ignore'
[14.022s] Level 1:colcon.colcon_core.package_identification:_identify(rosidl-foxy) by extension 'ignore_ament_install'
[14.023s] Level 1:colcon.colcon_core.package_identification:_identify(rosidl-foxy) by extensions ['colcon_pkg']
[14.023s] Level 1:colcon.colcon_core.package_identification:_identify(rosidl-foxy) by extension 'colcon_pkg'
[14.023s] Level 1:colcon.colcon_core.package_identification:_identify(rosidl-foxy) by extensions ['colcon_meta']
[14.023s] Level 1:colcon.colcon_core.package_identification:_identify(rosidl-foxy) by extension 'colcon_meta'
[14.023s] Level 1:colcon.colcon_core.package_identification:_identify(rosidl-foxy) by extensions ['ros']
[14.023s] Level 1:colcon.colcon_core.package_identification:_identify(rosidl-foxy) by extension 'ros'
[14.023s] Level 1:colcon.colcon_core.package_identification:_identify(rosidl-foxy) by extensions ['cmake', 'python']
[14.023s] Level 1:colcon.colcon_core.package_identification:_identify(rosidl-foxy) by extension 'cmake'
[14.023s] Level 1:colcon.colcon_core.package_identification:_identify(rosidl-foxy) by extension 'python'
[14.023s] Level 1:colcon.colcon_core.package_identification:_identify(rosidl-foxy) by extensions ['python_setup_py']
[14.023s] Level 1:colcon.colcon_core.package_identification:_identify(rosidl-foxy) by extension 'python_setup_py'
[14.024s] Level 1:colcon.colcon_core.package_identification:_identify(rosidl-foxy/rosidl_adapter) by extensions ['ignore', 'ignore_ament_install']
[14.024s] Level 1:colcon.colcon_core.package_identification:_identify(rosidl-foxy/rosidl_adapter) by extension 'ignore'
[14.024s] Level 1:colcon.colcon_core.package_identification:_identify(rosidl-foxy/rosidl_adapter) by extension 'ignore_ament_install'
[14.024s] Level 1:colcon.colcon_core.package_identification:_identify(rosidl-foxy/rosidl_adapter) by extensions ['colcon_pkg']
[14.024s] Level 1:colcon.colcon_core.package_identification:_identify(rosidl-foxy/rosidl_adapter) by extension 'colcon_pkg'
[14.024s] Level 1:colcon.colcon_core.package_identification:_identify(rosidl-foxy/rosidl_adapter) by extensions ['colcon_meta']
[14.024s] Level 1:colcon.colcon_core.package_identification:_identify(rosidl-foxy/rosidl_adapter) by extension 'colcon_meta'
[14.025s] Level 1:colcon.colcon_core.package_identification:_identify(rosidl-foxy/rosidl_adapter) by extensions ['ros']
[14.025s] Level 1:colcon.colcon_core.package_identification:_identify(rosidl-foxy/rosidl_adapter) by extension 'ros'
[14.026s] DEBUG:colcon.colcon_core.package_identification:Package 'rosidl-foxy/rosidl_adapter' with type 'ros.ament_cmake' and name 'rosidl_adapter'
[14.026s] Level 1:colcon.colcon_core.package_identification:_identify(rosidl-foxy/rosidl_cmake) by extensions ['ignore', 'ignore_ament_install']
[14.026s] Level 1:colcon.colcon_core.package_identification:_identify(rosidl-foxy/rosidl_cmake) by extension 'ignore'
[14.026s] Level 1:colcon.colcon_core.package_identification:_identify(rosidl-foxy/rosidl_cmake) by extension 'ignore_ament_install'
[14.026s] Level 1:colcon.colcon_core.package_identification:_identify(rosidl-foxy/rosidl_cmake) by extensions ['colcon_pkg']
[14.026s] Level 1:colcon.colcon_core.package_identification:_identify(rosidl-foxy/rosidl_cmake) by extension 'colcon_pkg'
[14.026s] Level 1:colcon.colcon_core.package_identification:_identify(rosidl-foxy/rosidl_cmake) by extensions ['colcon_meta']
[14.026s] Level 1:colcon.colcon_core.package_identification:_identify(rosidl-foxy/rosidl_cmake) by extension 'colcon_meta'
[14.027s] Level 1:colcon.colcon_core.package_identification:_identify(rosidl-foxy/rosidl_cmake) by extensions ['ros']
[14.027s] Level 1:colcon.colcon_core.package_identification:_identify(rosidl-foxy/rosidl_cmake) by extension 'ros'
[14.028s] DEBUG:colcon.colcon_core.package_identification:Package 'rosidl-foxy/rosidl_cmake' with type 'ros.ament_cmake' and name 'rosidl_cmake'
[14.028s] Level 1:colcon.colcon_core.package_identification:_identify(rosidl-foxy/rosidl_generator_c) by extensions ['ignore', 'ignore_ament_install']
[14.028s] Level 1:colcon.colcon_core.package_identification:_identify(rosidl-foxy/rosidl_generator_c) by extension 'ignore'
[14.028s] Level 1:colcon.colcon_core.package_identification:_identify(rosidl-foxy/rosidl_generator_c) by extension 'ignore_ament_install'
[14.028s] Level 1:colcon.colcon_core.package_identification:_identify(rosidl-foxy/rosidl_generator_c) by extensions ['colcon_pkg']
[14.028s] Level 1:colcon.colcon_core.package_identification:_identify(rosidl-foxy/rosidl_generator_c) by extension 'colcon_pkg'
[14.028s] Level 1:colcon.colcon_core.package_identification:_identify(rosidl-foxy/rosidl_generator_c) by extensions ['colcon_meta']
[14.029s] Level 1:colcon.colcon_core.package_identification:_identify(rosidl-foxy/rosidl_generator_c) by extension 'colcon_meta'
[14.029s] Level 1:colcon.colcon_core.package_identification:_identify(rosidl-foxy/rosidl_generator_c) by extensions ['ros']
[14.029s] Level 1:colcon.colcon_core.package_identification:_identify(rosidl-foxy/rosidl_generator_c) by extension 'ros'
[14.030s] DEBUG:colcon.colcon_core.package_identification:Package 'rosidl-foxy/rosidl_generator_c' with type 'ros.ament_cmake' and name 'rosidl_generator_c'
[14.030s] Level 1:colcon.colcon_core.package_identification:_identify(rosidl-foxy/rosidl_generator_cpp) by extensions ['ignore', 'ignore_ament_install']
[14.030s] Level 1:colcon.colcon_core.package_identification:_identify(rosidl-foxy/rosidl_generator_cpp) by extension 'ignore'
[14.030s] Level 1:colcon.colcon_core.package_identification:_identify(rosidl-foxy/rosidl_generator_cpp) by extension 'ignore_ament_install'
[14.030s] Level 1:colcon.colcon_core.package_identification:_identify(rosidl-foxy/rosidl_generator_cpp) by extensions ['colcon_pkg']
[14.031s] Level 1:colcon.colcon_core.package_identification:_identify(rosidl-foxy/rosidl_generator_cpp) by extension 'colcon_pkg'
[14.031s] Level 1:colcon.colcon_core.package_identification:_identify(rosidl-foxy/rosidl_generator_cpp) by extensions ['colcon_meta']
[14.031s] Level 1:colcon.colcon_core.package_identification:_identify(rosidl-foxy/rosidl_generator_cpp) by extension 'colcon_meta'
[14.031s] Level 1:colcon.colcon_core.package_identification:_identify(rosidl-foxy/rosidl_generator_cpp) by extensions ['ros']
[14.031s] Level 1:colcon.colcon_core.package_identification:_identify(rosidl-foxy/rosidl_generator_cpp) by extension 'ros'
[14.032s] DEBUG:colcon.colcon_core.package_identification:Package 'rosidl-foxy/rosidl_generator_cpp' with type 'ros.ament_cmake' and name 'rosidl_generator_cpp'
[14.032s] Level 1:colcon.colcon_core.package_identification:_identify(rosidl-foxy/rosidl_parser) by extensions ['ignore', 'ignore_ament_install']
[14.032s] Level 1:colcon.colcon_core.package_identification:_identify(rosidl-foxy/rosidl_parser) by extension 'ignore'
[14.032s] Level 1:colcon.colcon_core.package_identification:_identify(rosidl-foxy/rosidl_parser) by extension 'ignore_ament_install'
[14.033s] Level 1:colcon.colcon_core.package_identification:_identify(rosidl-foxy/rosidl_parser) by extensions ['colcon_pkg']
[14.033s] Level 1:colcon.colcon_core.package_identification:_identify(rosidl-foxy/rosidl_parser) by extension 'colcon_pkg'
[14.033s] Level 1:colcon.colcon_core.package_identification:_identify(rosidl-foxy/rosidl_parser) by extensions ['colcon_meta']
[14.033s] Level 1:colcon.colcon_core.package_identification:_identify(rosidl-foxy/rosidl_parser) by extension 'colcon_meta'
[14.033s] Level 1:colcon.colcon_core.package_identification:_identify(rosidl-foxy/rosidl_parser) by extensions ['ros']
[14.033s] Level 1:colcon.colcon_core.package_identification:_identify(rosidl-foxy/rosidl_parser) by extension 'ros'
[14.034s] DEBUG:colcon.colcon_core.package_identification:Package 'rosidl-foxy/rosidl_parser' with type 'ros.ament_cmake' and name 'rosidl_parser'
[14.034s] Level 1:colcon.colcon_core.package_identification:_identify(rosidl-foxy/rosidl_runtime_c) by extensions ['ignore', 'ignore_ament_install']
[14.035s] Level 1:colcon.colcon_core.package_identification:_identify(rosidl-foxy/rosidl_runtime_c) by extension 'ignore'
[14.035s] Level 1:colcon.colcon_core.package_identification:_identify(rosidl-foxy/rosidl_runtime_c) by extension 'ignore_ament_install'
[14.035s] Level 1:colcon.colcon_core.package_identification:_identify(rosidl-foxy/rosidl_runtime_c) by extensions ['colcon_pkg']
[14.035s] Level 1:colcon.colcon_core.package_identification:_identify(rosidl-foxy/rosidl_runtime_c) by extension 'colcon_pkg'
[14.035s] Level 1:colcon.colcon_core.package_identification:_identify(rosidl-foxy/rosidl_runtime_c) by extensions ['colcon_meta']
[14.035s] Level 1:colcon.colcon_core.package_identification:_identify(rosidl-foxy/rosidl_runtime_c) by extension 'colcon_meta'
[14.035s] Level 1:colcon.colcon_core.package_identification:_identify(rosidl-foxy/rosidl_runtime_c) by extensions ['ros']
[14.035s] Level 1:colcon.colcon_core.package_identification:_identify(rosidl-foxy/rosidl_runtime_c) by extension 'ros'
[14.036s] DEBUG:colcon.colcon_core.package_identification:Package 'rosidl-foxy/rosidl_runtime_c' with type 'ros.ament_cmake' and name 'rosidl_runtime_c'
[14.037s] Level 1:colcon.colcon_core.package_identification:_identify(rosidl-foxy/rosidl_runtime_cpp) by extensions ['ignore', 'ignore_ament_install']
[14.037s] Level 1:colcon.colcon_core.package_identification:_identify(rosidl-foxy/rosidl_runtime_cpp) by extension 'ignore'
[14.037s] Level 1:colcon.colcon_core.package_identification:_identify(rosidl-foxy/rosidl_runtime_cpp) by extension 'ignore_ament_install'
[14.037s] Level 1:colcon.colcon_core.package_identification:_identify(rosidl-foxy/rosidl_runtime_cpp) by extensions ['colcon_pkg']
[14.037s] Level 1:colcon.colcon_core.package_identification:_identify(rosidl-foxy/rosidl_runtime_cpp) by extension 'colcon_pkg'
[14.037s] Level 1:colcon.colcon_core.package_identification:_identify(rosidl-foxy/rosidl_runtime_cpp) by extensions ['colcon_meta']
[14.037s] Level 1:colcon.colcon_core.package_identification:_identify(rosidl-foxy/rosidl_runtime_cpp) by extension 'colcon_meta'
[14.037s] Level 1:colcon.colcon_core.package_identification:_identify(rosidl-foxy/rosidl_runtime_cpp) by extensions ['ros']
[14.037s] Level 1:colcon.colcon_core.package_identification:_identify(rosidl-foxy/rosidl_runtime_cpp) by extension 'ros'
[14.038s] DEBUG:colcon.colcon_core.package_identification:Package 'rosidl-foxy/rosidl_runtime_cpp' with type 'ros.ament_cmake' and name 'rosidl_runtime_cpp'
[14.038s] Level 1:colcon.colcon_core.package_identification:_identify(rosidl-foxy/rosidl_typesupport_interface) by extensions ['ignore', 'ignore_ament_install']
[14.039s] Level 1:colcon.colcon_core.package_identification:_identify(rosidl-foxy/rosidl_typesupport_interface) by extension 'ignore'
[14.039s] Level 1:colcon.colcon_core.package_identification:_identify(rosidl-foxy/rosidl_typesupport_interface) by extension 'ignore_ament_install'
[14.039s] Level 1:colcon.colcon_core.package_identification:_identify(rosidl-foxy/rosidl_typesupport_interface) by extensions ['colcon_pkg']
[14.039s] Level 1:colcon.colcon_core.package_identification:_identify(rosidl-foxy/rosidl_typesupport_interface) by extension 'colcon_pkg'
[14.039s] Level 1:colcon.colcon_core.package_identification:_identify(rosidl-foxy/rosidl_typesupport_interface) by extensions ['colcon_meta']
[14.039s] Level 1:colcon.colcon_core.package_identification:_identify(rosidl-foxy/rosidl_typesupport_interface) by extension 'colcon_meta'
[14.039s] Level 1:colcon.colcon_core.package_identification:_identify(rosidl-foxy/rosidl_typesupport_interface) by extensions ['ros']
[14.039s] Level 1:colcon.colcon_core.package_identification:_identify(rosidl-foxy/rosidl_typesupport_interface) by extension 'ros'
[14.040s] DEBUG:colcon.colcon_core.package_identification:Package 'rosidl-foxy/rosidl_typesupport_interface' with type 'ros.ament_cmake' and name 'rosidl_typesupport_interface'
[14.040s] Level 1:colcon.colcon_core.package_identification:_identify(rosidl-foxy/rosidl_typesupport_introspection_c) by extensions ['ignore', 'ignore_ament_install']
[14.041s] Level 1:colcon.colcon_core.package_identification:_identify(rosidl-foxy/rosidl_typesupport_introspection_c) by extension 'ignore'
[14.041s] Level 1:colcon.colcon_core.package_identification:_identify(rosidl-foxy/rosidl_typesupport_introspection_c) by extension 'ignore_ament_install'
[14.041s] Level 1:colcon.colcon_core.package_identification:_identify(rosidl-foxy/rosidl_typesupport_introspection_c) by extensions ['colcon_pkg']
[14.041s] Level 1:colcon.colcon_core.package_identification:_identify(rosidl-foxy/rosidl_typesupport_introspection_c) by extension 'colcon_pkg'
[14.041s] Level 1:colcon.colcon_core.package_identification:_identify(rosidl-foxy/rosidl_typesupport_introspection_c) by extensions ['colcon_meta']
[14.041s] Level 1:colcon.colcon_core.package_identification:_identify(rosidl-foxy/rosidl_typesupport_introspection_c) by extension 'colcon_meta'
[14.041s] Level 1:colcon.colcon_core.package_identification:_identify(rosidl-foxy/rosidl_typesupport_introspection_c) by extensions ['ros']
[14.041s] Level 1:colcon.colcon_core.package_identification:_identify(rosidl-foxy/rosidl_typesupport_introspection_c) by extension 'ros'
[14.042s] DEBUG:colcon.colcon_core.package_identification:Package 'rosidl-foxy/rosidl_typesupport_introspection_c' with type 'ros.ament_cmake' and name 'rosidl_typesupport_introspection_c'
[14.042s] Level 1:colcon.colcon_core.package_identification:_identify(rosidl-foxy/rosidl_typesupport_introspection_cpp) by extensions ['ignore', 'ignore_ament_install']
[14.043s] Level 1:colcon.colcon_core.package_identification:_identify(rosidl-foxy/rosidl_typesupport_introspection_cpp) by extension 'ignore'
[14.043s] Level 1:colcon.colcon_core.package_identification:_identify(rosidl-foxy/rosidl_typesupport_introspection_cpp) by extension 'ignore_ament_install'
[14.043s] Level 1:colcon.colcon_core.package_identification:_identify(rosidl-foxy/rosidl_typesupport_introspection_cpp) by extensions ['colcon_pkg']
[14.043s] Level 1:colcon.colcon_core.package_identification:_identify(rosidl-foxy/rosidl_typesupport_introspection_cpp) by extension 'colcon_pkg'
[14.043s] Level 1:colcon.colcon_core.package_identification:_identify(rosidl-foxy/rosidl_typesupport_introspection_cpp) by extensions ['colcon_meta']
[14.043s] Level 1:colcon.colcon_core.package_identification:_identify(rosidl-foxy/rosidl_typesupport_introspection_cpp) by extension 'colcon_meta'
[14.043s] Level 1:colcon.colcon_core.package_identification:_identify(rosidl-foxy/rosidl_typesupport_introspection_cpp) by extensions ['ros']
[14.043s] Level 1:colcon.colcon_core.package_identification:_identify(rosidl-foxy/rosidl_typesupport_introspection_cpp) by extension 'ros'
[14.044s] DEBUG:colcon.colcon_core.package_identification:Package 'rosidl-foxy/rosidl_typesupport_introspection_cpp' with type 'ros.ament_cmake' and name 'rosidl_typesupport_introspection_cpp'
[14.045s] Level 1:colcon.colcon_core.package_identification:_identify(src) by extensions ['ignore', 'ignore_ament_install']
[14.045s] Level 1:colcon.colcon_core.package_identification:_identify(src) by extension 'ignore'
[14.045s] Level 1:colcon.colcon_core.package_identification:_identify(src) by extension 'ignore_ament_install'
[14.045s] Level 1:colcon.colcon_core.package_identification:_identify(src) by extensions ['colcon_pkg']
[14.045s] Level 1:colcon.colcon_core.package_identification:_identify(src) by extension 'colcon_pkg'
[14.045s] Level 1:colcon.colcon_core.package_identification:_identify(src) by extensions ['colcon_meta']
[14.045s] Level 1:colcon.colcon_core.package_identification:_identify(src) by extension 'colcon_meta'
[14.045s] Level 1:colcon.colcon_core.package_identification:_identify(src) by extensions ['ros']
[14.045s] Level 1:colcon.colcon_core.package_identification:_identify(src) by extension 'ros'
[14.046s] Level 1:colcon.colcon_core.package_identification:_identify(src) by extensions ['cmake', 'python']
[14.046s] Level 1:colcon.colcon_core.package_identification:_identify(src) by extension 'cmake'
[14.046s] Level 1:colcon.colcon_core.package_identification:_identify(src) by extension 'python'
[14.046s] Level 1:colcon.colcon_core.package_identification:_identify(src) by extensions ['python_setup_py']
[14.046s] Level 1:colcon.colcon_core.package_identification:_identify(src) by extension 'python_setup_py'
[14.046s] Level 1:colcon.colcon_core.package_identification:_identify(src/micro_ros_setup) by extensions ['ignore', 'ignore_ament_install']
[14.046s] Level 1:colcon.colcon_core.package_identification:_identify(src/micro_ros_setup) by extension 'ignore'
[14.046s] Level 1:colcon.colcon_core.package_identification:_identify(src/micro_ros_setup) by extension 'ignore_ament_install'
[14.047s] Level 1:colcon.colcon_core.package_identification:_identify(src/micro_ros_setup) by extensions ['colcon_pkg']
[14.047s] Level 1:colcon.colcon_core.package_identification:_identify(src/micro_ros_setup) by extension 'colcon_pkg'
[14.047s] Level 1:colcon.colcon_core.package_identification:_identify(src/micro_ros_setup) by extensions ['colcon_meta']
[14.047s] Level 1:colcon.colcon_core.package_identification:_identify(src/micro_ros_setup) by extension 'colcon_meta'
[14.047s] Level 1:colcon.colcon_core.package_identification:_identify(src/micro_ros_setup) by extensions ['ros']
[14.047s] Level 1:colcon.colcon_core.package_identification:_identify(src/micro_ros_setup) by extension 'ros'
[14.050s] DEBUG:colcon.colcon_core.package_identification:Package 'src/micro_ros_setup' with type 'ros.ament_cmake' and name 'micro_ros_setup'
[14.051s] Level 1:colcon.colcon_core.package_identification:_identify(src/uros) by extensions ['ignore', 'ignore_ament_install']
[14.051s] Level 1:colcon.colcon_core.package_identification:_identify(src/uros) by extension 'ignore'
[14.051s] Level 1:colcon.colcon_core.package_identification:_identify(src/uros) by extension 'ignore_ament_install'
[14.051s] Level 1:colcon.colcon_core.package_identification:_identify(src/uros) by extensions ['colcon_pkg']
[14.051s] Level 1:colcon.colcon_core.package_identification:_identify(src/uros) by extension 'colcon_pkg'
[14.051s] Level 1:colcon.colcon_core.package_identification:_identify(src/uros) by extensions ['colcon_meta']
[14.051s] Level 1:colcon.colcon_core.package_identification:_identify(src/uros) by extension 'colcon_meta'
[14.051s] Level 1:colcon.colcon_core.package_identification:_identify(src/uros) by extensions ['ros']
[14.052s] Level 1:colcon.colcon_core.package_identification:_identify(src/uros) by extension 'ros'
[14.052s] Level 1:colcon.colcon_core.package_identification:_identify(src/uros) by extensions ['cmake', 'python']
[14.052s] Level 1:colcon.colcon_core.package_identification:_identify(src/uros) by extension 'cmake'
[14.052s] Level 1:colcon.colcon_core.package_identification:_identify(src/uros) by extension 'python'
[14.052s] Level 1:colcon.colcon_core.package_identification:_identify(src/uros) by extensions ['python_setup_py']
[14.052s] Level 1:colcon.colcon_core.package_identification:_identify(src/uros) by extension 'python_setup_py'
[14.052s] Level 1:colcon.colcon_core.package_identification:_identify(src/uros/drive_base) by extensions ['ignore', 'ignore_ament_install']
[14.053s] Level 1:colcon.colcon_core.package_identification:_identify(src/uros/drive_base) by extension 'ignore'
[14.053s] Level 1:colcon.colcon_core.package_identification:_identify(src/uros/drive_base) by extension 'ignore_ament_install'
[14.053s] Level 1:colcon.colcon_core.package_identification:_identify(src/uros/drive_base) by extensions ['colcon_pkg']
[14.053s] Level 1:colcon.colcon_core.package_identification:_identify(src/uros/drive_base) by extension 'colcon_pkg'
[14.053s] Level 1:colcon.colcon_core.package_identification:_identify(src/uros/drive_base) by extensions ['colcon_meta']
[14.053s] Level 1:colcon.colcon_core.package_identification:_identify(src/uros/drive_base) by extension 'colcon_meta'
[14.053s] Level 1:colcon.colcon_core.package_identification:_identify(src/uros/drive_base) by extensions ['ros']
[14.053s] Level 1:colcon.colcon_core.package_identification:_identify(src/uros/drive_base) by extension 'ros'
[14.054s] Level 1:colcon.colcon_core.package_identification:_identify(src/uros/drive_base) by extensions ['cmake', 'python']
[14.054s] Level 1:colcon.colcon_core.package_identification:_identify(src/uros/drive_base) by extension 'cmake'
[14.054s] Level 1:colcon.colcon_core.package_identification:_identify(src/uros/drive_base) by extension 'python'
[14.054s] Level 1:colcon.colcon_core.package_identification:_identify(src/uros/drive_base) by extensions ['python_setup_py']
[14.054s] Level 1:colcon.colcon_core.package_identification:_identify(src/uros/drive_base) by extension 'python_setup_py'
[14.054s] Level 1:colcon.colcon_core.package_identification:_identify(src/uros/drive_base/drive_base_msgs) by extensions ['ignore', 'ignore_ament_install']
[14.054s] Level 1:colcon.colcon_core.package_identification:_identify(src/uros/drive_base/drive_base_msgs) by extension 'ignore'
[14.055s] Level 1:colcon.colcon_core.package_identification:_identify(src/uros/drive_base/drive_base_msgs) by extension 'ignore_ament_install'
[14.055s] Level 1:colcon.colcon_core.package_identification:_identify(src/uros/drive_base/drive_base_msgs) by extensions ['colcon_pkg']
[14.055s] Level 1:colcon.colcon_core.package_identification:_identify(src/uros/drive_base/drive_base_msgs) by extension 'colcon_pkg'
[14.055s] Level 1:colcon.colcon_core.package_identification:_identify(src/uros/drive_base/drive_base_msgs) by extensions ['colcon_meta']
[14.055s] Level 1:colcon.colcon_core.package_identification:_identify(src/uros/drive_base/drive_base_msgs) by extension 'colcon_meta'
[14.055s] Level 1:colcon.colcon_core.package_identification:_identify(src/uros/drive_base/drive_base_msgs) by extensions ['ros']
[14.055s] Level 1:colcon.colcon_core.package_identification:_identify(src/uros/drive_base/drive_base_msgs) by extension 'ros'
[14.056s] DEBUG:colcon.colcon_core.package_identification:Package 'src/uros/drive_base/drive_base_msgs' with type 'ros.ament_cmake' and name 'drive_base_msgs'
[14.057s] Level 1:colcon.colcon_core.package_identification:_identify(src/uros/micro-ROS-Agent) by extensions ['ignore', 'ignore_ament_install']
[14.057s] Level 1:colcon.colcon_core.package_identification:_identify(src/uros/micro-ROS-Agent) by extension 'ignore'
[14.057s] Level 1:colcon.colcon_core.package_identification:_identify(src/uros/micro-ROS-Agent) by extension 'ignore_ament_install'
[14.057s] Level 1:colcon.colcon_core.package_identification:_identify(src/uros/micro-ROS-Agent) by extensions ['colcon_pkg']
[14.057s] Level 1:colcon.colcon_core.package_identification:_identify(src/uros/micro-ROS-Agent) by extension 'colcon_pkg'
[14.057s] Level 1:colcon.colcon_core.package_identification:_identify(src/uros/micro-ROS-Agent) by extensions ['colcon_meta']
[14.057s] Level 1:colcon.colcon_core.package_identification:_identify(src/uros/micro-ROS-Agent) by extension 'colcon_meta'
[14.057s] Level 1:colcon.colcon_core.package_identification:_identify(src/uros/micro-ROS-Agent) by extensions ['ros']
[14.058s] Level 1:colcon.colcon_core.package_identification:_identify(src/uros/micro-ROS-Agent) by extension 'ros'
[14.058s] Level 1:colcon.colcon_core.package_identification:_identify(src/uros/micro-ROS-Agent) by extensions ['cmake', 'python']
[14.058s] Level 1:colcon.colcon_core.package_identification:_identify(src/uros/micro-ROS-Agent) by extension 'cmake'
[14.058s] Level 1:colcon.colcon_core.package_identification:_identify(src/uros/micro-ROS-Agent) by extension 'python'
[14.058s] Level 1:colcon.colcon_core.package_identification:_identify(src/uros/micro-ROS-Agent) by extensions ['python_setup_py']
[14.058s] Level 1:colcon.colcon_core.package_identification:_identify(src/uros/micro-ROS-Agent) by extension 'python_setup_py'
[14.058s] Level 1:colcon.colcon_core.package_identification:_identify(src/uros/micro-ROS-Agent/micro_ros_agent) by extensions ['ignore', 'ignore_ament_install']
[14.059s] Level 1:colcon.colcon_core.package_identification:_identify(src/uros/micro-ROS-Agent/micro_ros_agent) by extension 'ignore'
[14.059s] Level 1:colcon.colcon_core.package_identification:_identify(src/uros/micro-ROS-Agent/micro_ros_agent) by extension 'ignore_ament_install'
[14.059s] Level 1:colcon.colcon_core.package_identification:_identify(src/uros/micro-ROS-Agent/micro_ros_agent) by extensions ['colcon_pkg']
[14.059s] Level 1:colcon.colcon_core.package_identification:_identify(src/uros/micro-ROS-Agent/micro_ros_agent) by extension 'colcon_pkg'
[14.059s] Level 1:colcon.colcon_core.package_identification:_identify(src/uros/micro-ROS-Agent/micro_ros_agent) by extensions ['colcon_meta']
[14.059s] Level 1:colcon.colcon_core.package_identification:_identify(src/uros/micro-ROS-Agent/micro_ros_agent) by extension 'colcon_meta'
[14.059s] Level 1:colcon.colcon_core.package_identification:_identify(src/uros/micro-ROS-Agent/micro_ros_agent) by extensions ['ros']
[14.059s] Level 1:colcon.colcon_core.package_identification:_identify(src/uros/micro-ROS-Agent/micro_ros_agent) by extension 'ros'
[14.061s] DEBUG:colcon.colcon_core.package_identification:Package 'src/uros/micro-ROS-Agent/micro_ros_agent' with type 'ros.ament_cmake' and name 'micro_ros_agent'
[14.061s] Level 1:colcon.colcon_core.package_identification:_identify(src/uros/micro-ROS-Agent/snap) by extensions ['ignore', 'ignore_ament_install']
[14.062s] Level 1:colcon.colcon_core.package_identification:_identify(src/uros/micro-ROS-Agent/snap) by extension 'ignore'
[14.062s] Level 1:colcon.colcon_core.package_identification:_identify(src/uros/micro-ROS-Agent/snap) by extension 'ignore_ament_install'
[14.062s] Level 1:colcon.colcon_core.package_identification:_identify(src/uros/micro-ROS-Agent/snap) by extensions ['colcon_pkg']
[14.062s] Level 1:colcon.colcon_core.package_identification:_identify(src/uros/micro-ROS-Agent/snap) by extension 'colcon_pkg'
[14.062s] Level 1:colcon.colcon_core.package_identification:_identify(src/uros/micro-ROS-Agent/snap) by extensions ['colcon_meta']
[14.062s] Level 1:colcon.colcon_core.package_identification:_identify(src/uros/micro-ROS-Agent/snap) by extension 'colcon_meta'
[14.062s] Level 1:colcon.colcon_core.package_identification:_identify(src/uros/micro-ROS-Agent/snap) by extensions ['ros']
[14.062s] Level 1:colcon.colcon_core.package_identification:_identify(src/uros/micro-ROS-Agent/snap) by extension 'ros'
[14.063s] Level 1:colcon.colcon_core.package_identification:_identify(src/uros/micro-ROS-Agent/snap) by extensions ['cmake', 'python']
[14.063s] Level 1:colcon.colcon_core.package_identification:_identify(src/uros/micro-ROS-Agent/snap) by extension 'cmake'
[14.063s] Level 1:colcon.colcon_core.package_identification:_identify(src/uros/micro-ROS-Agent/snap) by extension 'python'
[14.063s] Level 1:colcon.colcon_core.package_identification:_identify(src/uros/micro-ROS-Agent/snap) by extensions ['python_setup_py']
[14.063s] Level 1:colcon.colcon_core.package_identification:_identify(src/uros/micro-ROS-Agent/snap) by extension 'python_setup_py'
[14.063s] Level 1:colcon.colcon_core.package_identification:_identify(src/uros/micro-ROS-Agent/snap/hooks) by extensions ['ignore', 'ignore_ament_install']
[14.063s] Level 1:colcon.colcon_core.package_identification:_identify(src/uros/micro-ROS-Agent/snap/hooks) by extension 'ignore'
[14.064s] Level 1:colcon.colcon_core.package_identification:_identify(src/uros/micro-ROS-Agent/snap/hooks) by extension 'ignore_ament_install'
[14.064s] Level 1:colcon.colcon_core.package_identification:_identify(src/uros/micro-ROS-Agent/snap/hooks) by extensions ['colcon_pkg']
[14.064s] Level 1:colcon.colcon_core.package_identification:_identify(src/uros/micro-ROS-Agent/snap/hooks) by extension 'colcon_pkg'
[14.064s] Level 1:colcon.colcon_core.package_identification:_identify(src/uros/micro-ROS-Agent/snap/hooks) by extensions ['colcon_meta']
[14.064s] Level 1:colcon.colcon_core.package_identification:_identify(src/uros/micro-ROS-Agent/snap/hooks) by extension 'colcon_meta'
[14.064s] Level 1:colcon.colcon_core.package_identification:_identify(src/uros/micro-ROS-Agent/snap/hooks) by extensions ['ros']
[14.064s] Level 1:colcon.colcon_core.package_identification:_identify(src/uros/micro-ROS-Agent/snap/hooks) by extension 'ros'
[14.064s] Level 1:colcon.colcon_core.package_identification:_identify(src/uros/micro-ROS-Agent/snap/hooks) by extensions ['cmake', 'python']
[14.064s] Level 1:colcon.colcon_core.package_identification:_identify(src/uros/micro-ROS-Agent/snap/hooks) by extension 'cmake'
[14.064s] Level 1:colcon.colcon_core.package_identification:_identify(src/uros/micro-ROS-Agent/snap/hooks) by extension 'python'
[14.065s] Level 1:colcon.colcon_core.package_identification:_identify(src/uros/micro-ROS-Agent/snap/hooks) by extensions ['python_setup_py']
[14.065s] Level 1:colcon.colcon_core.package_identification:_identify(src/uros/micro-ROS-Agent/snap/hooks) by extension 'python_setup_py'
[14.065s] Level 1:colcon.colcon_core.package_identification:_identify(src/uros/micro-ROS-Agent/snap/local) by extensions ['ignore', 'ignore_ament_install']
[14.065s] Level 1:colcon.colcon_core.package_identification:_identify(src/uros/micro-ROS-Agent/snap/local) by extension 'ignore'
[14.065s] Level 1:colcon.colcon_core.package_identification:_identify(src/uros/micro-ROS-Agent/snap/local) by extension 'ignore_ament_install'
[14.065s] Level 1:colcon.colcon_core.package_identification:_identify(src/uros/micro-ROS-Agent/snap/local) by extensions ['colcon_pkg']
[14.066s] Level 1:colcon.colcon_core.package_identification:_identify(src/uros/micro-ROS-Agent/snap/local) by extension 'colcon_pkg'
[14.066s] Level 1:colcon.colcon_core.package_identification:_identify(src/uros/micro-ROS-Agent/snap/local) by extensions ['colcon_meta']
[14.066s] Level 1:colcon.colcon_core.package_identification:_identify(src/uros/micro-ROS-Agent/snap/local) by extension 'colcon_meta'
[14.066s] Level 1:colcon.colcon_core.package_identification:_identify(src/uros/micro-ROS-Agent/snap/local) by extensions ['ros']
[14.066s] Level 1:colcon.colcon_core.package_identification:_identify(src/uros/micro-ROS-Agent/snap/local) by extension 'ros'
[14.066s] Level 1:colcon.colcon_core.package_identification:_identify(src/uros/micro-ROS-Agent/snap/local) by extensions ['cmake', 'python']
[14.066s] Level 1:colcon.colcon_core.package_identification:_identify(src/uros/micro-ROS-Agent/snap/local) by extension 'cmake'
[14.066s] Level 1:colcon.colcon_core.package_identification:_identify(src/uros/micro-ROS-Agent/snap/local) by extension 'python'
[14.066s] Level 1:colcon.colcon_core.package_identification:_identify(src/uros/micro-ROS-Agent/snap/local) by extensions ['python_setup_py']
[14.066s] Level 1:colcon.colcon_core.package_identification:_identify(src/uros/micro-ROS-Agent/snap/local) by extension 'python_setup_py'
[14.067s] Level 1:colcon.colcon_core.package_identification:_identify(src/uros/micro_ros_msgs) by extensions ['ignore', 'ignore_ament_install']
[14.067s] Level 1:colcon.colcon_core.package_identification:_identify(src/uros/micro_ros_msgs) by extension 'ignore'
[14.067s] Level 1:colcon.colcon_core.package_identification:_identify(src/uros/micro_ros_msgs) by extension 'ignore_ament_install'
[14.067s] Level 1:colcon.colcon_core.package_identification:_identify(src/uros/micro_ros_msgs) by extensions ['colcon_pkg']
[14.067s] Level 1:colcon.colcon_core.package_identification:_identify(src/uros/micro_ros_msgs) by extension 'colcon_pkg'
[14.067s] Level 1:colcon.colcon_core.package_identification:_identify(src/uros/micro_ros_msgs) by extensions ['colcon_meta']
[14.067s] Level 1:colcon.colcon_core.package_identification:_identify(src/uros/micro_ros_msgs) by extension 'colcon_meta'
[14.068s] Level 1:colcon.colcon_core.package_identification:_identify(src/uros/micro_ros_msgs) by extensions ['ros']
[14.068s] Level 1:colcon.colcon_core.package_identification:_identify(src/uros/micro_ros_msgs) by extension 'ros'
[14.069s] DEBUG:colcon.colcon_core.package_identification:Package 'src/uros/micro_ros_msgs' with type 'ros.ament_cmake' and name 'micro_ros_msgs'
[14.069s] Level 1:colcon.colcon_core.package_discovery:discover_packages(recursive) using defaults
[14.069s] Level 1:colcon.colcon_core.package_discovery:discover_packages(ignore) discover
[14.069s] Level 1:colcon.colcon_core.package_discovery:discover_packages(ignore) using defaults
[14.069s] Level 1:colcon.colcon_core.package_discovery:discover_packages(path) discover
[14.069s] Level 1:colcon.colcon_core.package_discovery:discover_packages(path) using defaults
[15.353s] Level 1:colcon.colcon_core.package_discovery:discover_packages(prefix_path) check parameters
[15.353s] Level 1:colcon.colcon_core.package_discovery:discover_packages(prefix_path) discover
[15.844s] DEBUG:colcon.colcon_installed_package_information.package_discovery:Found 3 installed packages in /home/orin_nano/microros_ws/install
[16.087s] DEBUG:colcon.colcon_installed_package_information.package_discovery:Found 2 installed packages in /home/orin_nano/install
[16.331s] DEBUG:colcon.colcon_installed_package_information.package_discovery:Found 260 installed packages in /opt/ros/foxy
[16.333s] Level 1:colcon.colcon_core.package_discovery:discover_packages(prefix_path) using defaults
[16.757s] WARNING:colcon.colcon_core.package_selection:Some selected packages are already built in one or more underlay workspaces:
	'rosidl_runtime_cpp' is in: /opt/ros/foxy
	'rosidl_generator_c' is in: /opt/ros/foxy
	'rosidl_typesupport_introspection_c' is in: /opt/ros/foxy
	'rosidl_runtime_c' is in: /opt/ros/foxy
	'rosidl_generator_cpp' is in: /opt/ros/foxy
	'rosidl_parser' is in: /opt/ros/foxy
	'rosidl_cmake' is in: /opt/ros/foxy
	'rosidl_typesupport_introspection_cpp' is in: /opt/ros/foxy
	'rosidl_typesupport_interface' is in: /opt/ros/foxy
If a package in a merged underlay workspace is overridden and it installs headers, then all packages in the overlay must sort their include directories by workspace order. Failure to do so may result in build failures or undefined behavior at run time.
If the overridden package is used by another package in any underlay, then the overriding package in the overlay must be API and ABI compatible or undefined behavior at run time may occur.

If you understand the risks and want to override a package anyways, add the following to the command line:
	--allow-overriding rosidl_cmake rosidl_generator_c rosidl_generator_cpp rosidl_parser rosidl_runtime_c rosidl_runtime_cpp rosidl_typesupport_interface rosidl_typesupport_introspection_c rosidl_typesupport_introspection_cpp

This may be promoted to an error in a future release of colcon-override-check.
[17.005s] Level 5:colcon.colcon_core.verb:set package 'drive_base_msgs' build argument 'cmake_args' from command line to 'None'
[17.005s] Level 5:colcon.colcon_core.verb:set package 'drive_base_msgs' build argument 'cmake_target' from command line to 'None'
[17.005s] Level 5:colcon.colcon_core.verb:set package 'drive_base_msgs' build argument 'cmake_target_skip_unavailable' from command line to 'False'
[17.005s] Level 5:colcon.colcon_core.verb:set package 'drive_base_msgs' build argument 'cmake_clean_cache' from command line to 'False'
[17.005s] Level 5:colcon.colcon_core.verb:set package 'drive_base_msgs' build argument 'cmake_clean_first' from command line to 'False'
[17.006s] Level 5:colcon.colcon_core.verb:set package 'drive_base_msgs' build argument 'cmake_force_configure' from command line to 'False'
[17.006s] Level 5:colcon.colcon_core.verb:set package 'drive_base_msgs' build argument 'ament_cmake_args' from command line to 'None'
[17.006s] Level 5:colcon.colcon_core.verb:set package 'drive_base_msgs' build argument 'catkin_cmake_args' from command line to 'None'
[17.006s] Level 5:colcon.colcon_core.verb:set package 'drive_base_msgs' build argument 'catkin_skip_building_tests' from command line to 'False'
[17.006s] DEBUG:colcon.colcon_core.verb:Building package 'drive_base_msgs' with the following arguments: {'ament_cmake_args': None, 'build_base': '/home/orin_nano/microros_ws/build/drive_base_msgs', 'catkin_cmake_args': None, 'catkin_skip_building_tests': False, 'cmake_args': None, 'cmake_clean_cache': False, 'cmake_clean_first': False, 'cmake_force_configure': False, 'cmake_target': None, 'cmake_target_skip_unavailable': False, 'install_base': '/home/orin_nano/microros_ws/install/drive_base_msgs', 'merge_install': False, 'path': '/home/orin_nano/microros_ws/src/uros/drive_base/drive_base_msgs', 'symlink_install': False, 'test_result_base': None}
[17.249s] Level 5:colcon.colcon_core.verb:set package 'micro_ros_msgs' build argument 'cmake_args' from command line to 'None'
[17.249s] Level 5:colcon.colcon_core.verb:set package 'micro_ros_msgs' build argument 'cmake_target' from command line to 'None'
[17.249s] Level 5:colcon.colcon_core.verb:set package 'micro_ros_msgs' build argument 'cmake_target_skip_unavailable' from command line to 'False'
[17.249s] Level 5:colcon.colcon_core.verb:set package 'micro_ros_msgs' build argument 'cmake_clean_cache' from command line to 'False'
[17.249s] Level 5:colcon.colcon_core.verb:set package 'micro_ros_msgs' build argument 'cmake_clean_first' from command line to 'False'
[17.249s] Level 5:colcon.colcon_core.verb:set package 'micro_ros_msgs' build argument 'cmake_force_configure' from command line to 'False'
[17.249s] Level 5:colcon.colcon_core.verb:set package 'micro_ros_msgs' build argument 'ament_cmake_args' from command line to 'None'
[17.249s] Level 5:colcon.colcon_core.verb:set package 'micro_ros_msgs' build argument 'catkin_cmake_args' from command line to 'None'
[17.249s] Level 5:colcon.colcon_core.verb:set package 'micro_ros_msgs' build argument 'catkin_skip_building_tests' from command line to 'False'
[17.249s] DEBUG:colcon.colcon_core.verb:Building package 'micro_ros_msgs' with the following arguments: {'ament_cmake_args': None, 'build_base': '/home/orin_nano/microros_ws/build/micro_ros_msgs', 'catkin_cmake_args': None, 'catkin_skip_building_tests': False, 'cmake_args': None, 'cmake_clean_cache': False, 'cmake_clean_first': False, 'cmake_force_configure': False, 'cmake_target': None, 'cmake_target_skip_unavailable': False, 'install_base': '/home/orin_nano/microros_ws/install/micro_ros_msgs', 'merge_install': False, 'path': '/home/orin_nano/microros_ws/src/uros/micro_ros_msgs', 'symlink_install': False, 'test_result_base': None}
[17.494s] Level 5:colcon.colcon_core.verb:set package 'micro_ros_setup' build argument 'cmake_args' from command line to 'None'
[17.494s] Level 5:colcon.colcon_core.verb:set package 'micro_ros_setup' build argument 'cmake_target' from command line to 'None'
[17.494s] Level 5:colcon.colcon_core.verb:set package 'micro_ros_setup' build argument 'cmake_target_skip_unavailable' from command line to 'False'
[17.494s] Level 5:colcon.colcon_core.verb:set package 'micro_ros_setup' build argument 'cmake_clean_cache' from command line to 'False'
[17.494s] Level 5:colcon.colcon_core.verb:set package 'micro_ros_setup' build argument 'cmake_clean_first' from command line to 'False'
[17.494s] Level 5:colcon.colcon_core.verb:set package 'micro_ros_setup' build argument 'cmake_force_configure' from command line to 'False'
[17.494s] Level 5:colcon.colcon_core.verb:set package 'micro_ros_setup' build argument 'ament_cmake_args' from command line to 'None'
[17.494s] Level 5:colcon.colcon_core.verb:set package 'micro_ros_setup' build argument 'catkin_cmake_args' from command line to 'None'
[17.494s] Level 5:colcon.colcon_core.verb:set package 'micro_ros_setup' build argument 'catkin_skip_building_tests' from command line to 'False'
[17.494s] DEBUG:colcon.colcon_core.verb:Building package 'micro_ros_setup' with the following arguments: {'ament_cmake_args': None, 'build_base': '/home/orin_nano/microros_ws/build/micro_ros_setup', 'catkin_cmake_args': None, 'catkin_skip_building_tests': False, 'cmake_args': None, 'cmake_clean_cache': False, 'cmake_clean_first': False, 'cmake_force_configure': False, 'cmake_target': None, 'cmake_target_skip_unavailable': False, 'install_base': '/home/orin_nano/microros_ws/install/micro_ros_setup', 'merge_install': False, 'path': '/home/orin_nano/microros_ws/src/micro_ros_setup', 'symlink_install': False, 'test_result_base': None}
[17.736s] Level 5:colcon.colcon_core.verb:set package 'rosidl_adapter' build argument 'cmake_args' from command line to 'None'
[17.737s] Level 5:colcon.colcon_core.verb:set package 'rosidl_adapter' build argument 'cmake_target' from command line to 'None'
[17.737s] Level 5:colcon.colcon_core.verb:set package 'rosidl_adapter' build argument 'cmake_target_skip_unavailable' from command line to 'False'
[17.737s] Level 5:colcon.colcon_core.verb:set package 'rosidl_adapter' build argument 'cmake_clean_cache' from command line to 'False'
[17.737s] Level 5:colcon.colcon_core.verb:set package 'rosidl_adapter' build argument 'cmake_clean_first' from command line to 'False'
[17.737s] Level 5:colcon.colcon_core.verb:set package 'rosidl_adapter' build argument 'cmake_force_configure' from command line to 'False'
[17.737s] Level 5:colcon.colcon_core.verb:set package 'rosidl_adapter' build argument 'ament_cmake_args' from command line to 'None'
[17.737s] Level 5:colcon.colcon_core.verb:set package 'rosidl_adapter' build argument 'catkin_cmake_args' from command line to 'None'
[17.737s] Level 5:colcon.colcon_core.verb:set package 'rosidl_adapter' build argument 'catkin_skip_building_tests' from command line to 'False'
[17.737s] DEBUG:colcon.colcon_core.verb:Building package 'rosidl_adapter' with the following arguments: {'ament_cmake_args': None, 'build_base': '/home/orin_nano/microros_ws/build/rosidl_adapter', 'catkin_cmake_args': None, 'catkin_skip_building_tests': False, 'cmake_args': None, 'cmake_clean_cache': False, 'cmake_clean_first': False, 'cmake_force_configure': False, 'cmake_target': None, 'cmake_target_skip_unavailable': False, 'install_base': '/home/orin_nano/microros_ws/install/rosidl_adapter', 'merge_install': False, 'path': '/home/orin_nano/microros_ws/rosidl-foxy/rosidl_adapter', 'symlink_install': False, 'test_result_base': None}
[17.979s] Level 5:colcon.colcon_core.verb:set package 'rosidl_runtime_cpp' build argument 'cmake_args' from command line to 'None'
[17.979s] Level 5:colcon.colcon_core.verb:set package 'rosidl_runtime_cpp' build argument 'cmake_target' from command line to 'None'
[17.979s] Level 5:colcon.colcon_core.verb:set package 'rosidl_runtime_cpp' build argument 'cmake_target_skip_unavailable' from command line to 'False'
[17.979s] Level 5:colcon.colcon_core.verb:set package 'rosidl_runtime_cpp' build argument 'cmake_clean_cache' from command line to 'False'
[17.980s] Level 5:colcon.colcon_core.verb:set package 'rosidl_runtime_cpp' build argument 'cmake_clean_first' from command line to 'False'
[17.980s] Level 5:colcon.colcon_core.verb:set package 'rosidl_runtime_cpp' build argument 'cmake_force_configure' from command line to 'False'
[17.980s] Level 5:colcon.colcon_core.verb:set package 'rosidl_runtime_cpp' build argument 'ament_cmake_args' from command line to 'None'
[17.980s] Level 5:colcon.colcon_core.verb:set package 'rosidl_runtime_cpp' build argument 'catkin_cmake_args' from command line to 'None'
[17.980s] Level 5:colcon.colcon_core.verb:set package 'rosidl_runtime_cpp' build argument 'catkin_skip_building_tests' from command line to 'False'
[17.980s] DEBUG:colcon.colcon_core.verb:Building package 'rosidl_runtime_cpp' with the following arguments: {'ament_cmake_args': None, 'build_base': '/home/orin_nano/microros_ws/build/rosidl_runtime_cpp', 'catkin_cmake_args': None, 'catkin_skip_building_tests': False, 'cmake_args': None, 'cmake_clean_cache': False, 'cmake_clean_first': False, 'cmake_force_configure': False, 'cmake_target': None, 'cmake_target_skip_unavailable': False, 'install_base': '/home/orin_nano/microros_ws/install/rosidl_runtime_cpp', 'merge_install': False, 'path': '/home/orin_nano/microros_ws/rosidl-foxy/rosidl_runtime_cpp', 'symlink_install': False, 'test_result_base': None}
[18.223s] Level 5:colcon.colcon_core.verb:set package 'rosidl_typesupport_interface' build argument 'cmake_args' from command line to 'None'
[18.223s] Level 5:colcon.colcon_core.verb:set package 'rosidl_typesupport_interface' build argument 'cmake_target' from command line to 'None'
[18.223s] Level 5:colcon.colcon_core.verb:set package 'rosidl_typesupport_interface' build argument 'cmake_target_skip_unavailable' from command line to 'False'
[18.223s] Level 5:colcon.colcon_core.verb:set package 'rosidl_typesupport_interface' build argument 'cmake_clean_cache' from command line to 'False'
[18.223s] Level 5:colcon.colcon_core.verb:set package 'rosidl_typesupport_interface' build argument 'cmake_clean_first' from command line to 'False'
[18.223s] Level 5:colcon.colcon_core.verb:set package 'rosidl_typesupport_interface' build argument 'cmake_force_configure' from command line to 'False'
[18.223s] Level 5:colcon.colcon_core.verb:set package 'rosidl_typesupport_interface' build argument 'ament_cmake_args' from command line to 'None'
[18.224s] Level 5:colcon.colcon_core.verb:set package 'rosidl_typesupport_interface' build argument 'catkin_cmake_args' from command line to 'None'
[18.224s] Level 5:colcon.colcon_core.verb:set package 'rosidl_typesupport_interface' build argument 'catkin_skip_building_tests' from command line to 'False'
[18.224s] DEBUG:colcon.colcon_core.verb:Building package 'rosidl_typesupport_interface' with the following arguments: {'ament_cmake_args': None, 'build_base': '/home/orin_nano/microros_ws/build/rosidl_typesupport_interface', 'catkin_cmake_args': None, 'catkin_skip_building_tests': False, 'cmake_args': None, 'cmake_clean_cache': False, 'cmake_clean_first': False, 'cmake_force_configure': False, 'cmake_target': None, 'cmake_target_skip_unavailable': False, 'install_base': '/home/orin_nano/microros_ws/install/rosidl_typesupport_interface', 'merge_install': False, 'path': '/home/orin_nano/microros_ws/rosidl-foxy/rosidl_typesupport_interface', 'symlink_install': False, 'test_result_base': None}
[18.467s] Level 5:colcon.colcon_core.verb:set package 'micro_ros_agent' build argument 'cmake_args' from command line to 'None'
[18.467s] Level 5:colcon.colcon_core.verb:set package 'micro_ros_agent' build argument 'cmake_target' from command line to 'None'
[18.467s] Level 5:colcon.colcon_core.verb:set package 'micro_ros_agent' build argument 'cmake_target_skip_unavailable' from command line to 'False'
[18.467s] Level 5:colcon.colcon_core.verb:set package 'micro_ros_agent' build argument 'cmake_clean_cache' from command line to 'False'
[18.467s] Level 5:colcon.colcon_core.verb:set package 'micro_ros_agent' build argument 'cmake_clean_first' from command line to 'False'
[18.467s] Level 5:colcon.colcon_core.verb:set package 'micro_ros_agent' build argument 'cmake_force_configure' from command line to 'False'
[18.467s] Level 5:colcon.colcon_core.verb:set package 'micro_ros_agent' build argument 'ament_cmake_args' from command line to 'None'
[18.467s] Level 5:colcon.colcon_core.verb:set package 'micro_ros_agent' build argument 'catkin_cmake_args' from command line to 'None'
[18.467s] Level 5:colcon.colcon_core.verb:set package 'micro_ros_agent' build argument 'catkin_skip_building_tests' from command line to 'False'
[18.468s] DEBUG:colcon.colcon_core.verb:Building package 'micro_ros_agent' with the following arguments: {'ament_cmake_args': None, 'build_base': '/home/orin_nano/microros_ws/build/micro_ros_agent', 'catkin_cmake_args': None, 'catkin_skip_building_tests': False, 'cmake_args': None, 'cmake_clean_cache': False, 'cmake_clean_first': False, 'cmake_force_configure': False, 'cmake_target': None, 'cmake_target_skip_unavailable': False, 'install_base': '/home/orin_nano/microros_ws/install/micro_ros_agent', 'merge_install': False, 'path': '/home/orin_nano/microros_ws/src/uros/micro-ROS-Agent/micro_ros_agent', 'symlink_install': False, 'test_result_base': None}
[18.711s] Level 5:colcon.colcon_core.verb:set package 'rosidl_parser' build argument 'cmake_args' from command line to 'None'
[18.711s] Level 5:colcon.colcon_core.verb:set package 'rosidl_parser' build argument 'cmake_target' from command line to 'None'
[18.712s] Level 5:colcon.colcon_core.verb:set package 'rosidl_parser' build argument 'cmake_target_skip_unavailable' from command line to 'False'
[18.712s] Level 5:colcon.colcon_core.verb:set package 'rosidl_parser' build argument 'cmake_clean_cache' from command line to 'False'
[18.712s] Level 5:colcon.colcon_core.verb:set package 'rosidl_parser' build argument 'cmake_clean_first' from command line to 'False'
[18.712s] Level 5:colcon.colcon_core.verb:set package 'rosidl_parser' build argument 'cmake_force_configure' from command line to 'False'
[18.712s] Level 5:colcon.colcon_core.verb:set package 'rosidl_parser' build argument 'ament_cmake_args' from command line to 'None'
[18.712s] Level 5:colcon.colcon_core.verb:set package 'rosidl_parser' build argument 'catkin_cmake_args' from command line to 'None'
[18.712s] Level 5:colcon.colcon_core.verb:set package 'rosidl_parser' build argument 'catkin_skip_building_tests' from command line to 'False'
[18.712s] DEBUG:colcon.colcon_core.verb:Building package 'rosidl_parser' with the following arguments: {'ament_cmake_args': None, 'build_base': '/home/orin_nano/microros_ws/build/rosidl_parser', 'catkin_cmake_args': None, 'catkin_skip_building_tests': False, 'cmake_args': None, 'cmake_clean_cache': False, 'cmake_clean_first': False, 'cmake_force_configure': False, 'cmake_target': None, 'cmake_target_skip_unavailable': False, 'install_base': '/home/orin_nano/microros_ws/install/rosidl_parser', 'merge_install': False, 'path': '/home/orin_nano/microros_ws/rosidl-foxy/rosidl_parser', 'symlink_install': False, 'test_result_base': None}
[18.955s] Level 5:colcon.colcon_core.verb:set package 'rosidl_runtime_c' build argument 'cmake_args' from command line to 'None'
[18.955s] Level 5:colcon.colcon_core.verb:set package 'rosidl_runtime_c' build argument 'cmake_target' from command line to 'None'
[18.955s] Level 5:colcon.colcon_core.verb:set package 'rosidl_runtime_c' build argument 'cmake_target_skip_unavailable' from command line to 'False'
[18.955s] Level 5:colcon.colcon_core.verb:set package 'rosidl_runtime_c' build argument 'cmake_clean_cache' from command line to 'False'
[18.955s] Level 5:colcon.colcon_core.verb:set package 'rosidl_runtime_c' build argument 'cmake_clean_first' from command line to 'False'
[18.955s] Level 5:colcon.colcon_core.verb:set package 'rosidl_runtime_c' build argument 'cmake_force_configure' from command line to 'False'
[18.955s] Level 5:colcon.colcon_core.verb:set package 'rosidl_runtime_c' build argument 'ament_cmake_args' from command line to 'None'
[18.955s] Level 5:colcon.colcon_core.verb:set package 'rosidl_runtime_c' build argument 'catkin_cmake_args' from command line to 'None'
[18.955s] Level 5:colcon.colcon_core.verb:set package 'rosidl_runtime_c' build argument 'catkin_skip_building_tests' from command line to 'False'
[18.955s] DEBUG:colcon.colcon_core.verb:Building package 'rosidl_runtime_c' with the following arguments: {'ament_cmake_args': None, 'build_base': '/home/orin_nano/microros_ws/build/rosidl_runtime_c', 'catkin_cmake_args': None, 'catkin_skip_building_tests': False, 'cmake_args': None, 'cmake_clean_cache': False, 'cmake_clean_first': False, 'cmake_force_configure': False, 'cmake_target': None, 'cmake_target_skip_unavailable': False, 'install_base': '/home/orin_nano/microros_ws/install/rosidl_runtime_c', 'merge_install': False, 'path': '/home/orin_nano/microros_ws/rosidl-foxy/rosidl_runtime_c', 'symlink_install': False, 'test_result_base': None}
[19.196s] Level 5:colcon.colcon_core.verb:set package 'rosidl_cmake' build argument 'cmake_args' from command line to 'None'
[19.196s] Level 5:colcon.colcon_core.verb:set package 'rosidl_cmake' build argument 'cmake_target' from command line to 'None'
[19.196s] Level 5:colcon.colcon_core.verb:set package 'rosidl_cmake' build argument 'cmake_target_skip_unavailable' from command line to 'False'
[19.196s] Level 5:colcon.colcon_core.verb:set package 'rosidl_cmake' build argument 'cmake_clean_cache' from command line to 'False'
[19.196s] Level 5:colcon.colcon_core.verb:set package 'rosidl_cmake' build argument 'cmake_clean_first' from command line to 'False'
[19.197s] Level 5:colcon.colcon_core.verb:set package 'rosidl_cmake' build argument 'cmake_force_configure' from command line to 'False'
[19.197s] Level 5:colcon.colcon_core.verb:set package 'rosidl_cmake' build argument 'ament_cmake_args' from command line to 'None'
[19.197s] Level 5:colcon.colcon_core.verb:set package 'rosidl_cmake' build argument 'catkin_cmake_args' from command line to 'None'
[19.197s] Level 5:colcon.colcon_core.verb:set package 'rosidl_cmake' build argument 'catkin_skip_building_tests' from command line to 'False'
[19.197s] DEBUG:colcon.colcon_core.verb:Building package 'rosidl_cmake' with the following arguments: {'ament_cmake_args': None, 'build_base': '/home/orin_nano/microros_ws/build/rosidl_cmake', 'catkin_cmake_args': None, 'catkin_skip_building_tests': False, 'cmake_args': None, 'cmake_clean_cache': False, 'cmake_clean_first': False, 'cmake_force_configure': False, 'cmake_target': None, 'cmake_target_skip_unavailable': False, 'install_base': '/home/orin_nano/microros_ws/install/rosidl_cmake', 'merge_install': False, 'path': '/home/orin_nano/microros_ws/rosidl-foxy/rosidl_cmake', 'symlink_install': False, 'test_result_base': None}
[19.438s] Level 5:colcon.colcon_core.verb:set package 'rosidl_generator_c' build argument 'cmake_args' from command line to 'None'
[19.439s] Level 5:colcon.colcon_core.verb:set package 'rosidl_generator_c' build argument 'cmake_target' from command line to 'None'
[19.439s] Level 5:colcon.colcon_core.verb:set package 'rosidl_generator_c' build argument 'cmake_target_skip_unavailable' from command line to 'False'
[19.439s] Level 5:colcon.colcon_core.verb:set package 'rosidl_generator_c' build argument 'cmake_clean_cache' from command line to 'False'
[19.439s] Level 5:colcon.colcon_core.verb:set package 'rosidl_generator_c' build argument 'cmake_clean_first' from command line to 'False'
[19.439s] Level 5:colcon.colcon_core.verb:set package 'rosidl_generator_c' build argument 'cmake_force_configure' from command line to 'False'
[19.439s] Level 5:colcon.colcon_core.verb:set package 'rosidl_generator_c' build argument 'ament_cmake_args' from command line to 'None'
[19.439s] Level 5:colcon.colcon_core.verb:set package 'rosidl_generator_c' build argument 'catkin_cmake_args' from command line to 'None'
[19.439s] Level 5:colcon.colcon_core.verb:set package 'rosidl_generator_c' build argument 'catkin_skip_building_tests' from command line to 'False'
[19.439s] DEBUG:colcon.colcon_core.verb:Building package 'rosidl_generator_c' with the following arguments: {'ament_cmake_args': None, 'build_base': '/home/orin_nano/microros_ws/build/rosidl_generator_c', 'catkin_cmake_args': None, 'catkin_skip_building_tests': False, 'cmake_args': None, 'cmake_clean_cache': False, 'cmake_clean_first': False, 'cmake_force_configure': False, 'cmake_target': None, 'cmake_target_skip_unavailable': False, 'install_base': '/home/orin_nano/microros_ws/install/rosidl_generator_c', 'merge_install': False, 'path': '/home/orin_nano/microros_ws/rosidl-foxy/rosidl_generator_c', 'symlink_install': False, 'test_result_base': None}
[19.681s] Level 5:colcon.colcon_core.verb:set package 'rosidl_typesupport_introspection_c' build argument 'cmake_args' from command line to 'None'
[19.681s] Level 5:colcon.colcon_core.verb:set package 'rosidl_typesupport_introspection_c' build argument 'cmake_target' from command line to 'None'
[19.681s] Level 5:colcon.colcon_core.verb:set package 'rosidl_typesupport_introspection_c' build argument 'cmake_target_skip_unavailable' from command line to 'False'
[19.681s] Level 5:colcon.colcon_core.verb:set package 'rosidl_typesupport_introspection_c' build argument 'cmake_clean_cache' from command line to 'False'
[19.681s] Level 5:colcon.colcon_core.verb:set package 'rosidl_typesupport_introspection_c' build argument 'cmake_clean_first' from command line to 'False'
[19.681s] Level 5:colcon.colcon_core.verb:set package 'rosidl_typesupport_introspection_c' build argument 'cmake_force_configure' from command line to 'False'
[19.681s] Level 5:colcon.colcon_core.verb:set package 'rosidl_typesupport_introspection_c' build argument 'ament_cmake_args' from command line to 'None'
[19.682s] Level 5:colcon.colcon_core.verb:set package 'rosidl_typesupport_introspection_c' build argument 'catkin_cmake_args' from command line to 'None'
[19.682s] Level 5:colcon.colcon_core.verb:set package 'rosidl_typesupport_introspection_c' build argument 'catkin_skip_building_tests' from command line to 'False'
[19.682s] DEBUG:colcon.colcon_core.verb:Building package 'rosidl_typesupport_introspection_c' with the following arguments: {'ament_cmake_args': None, 'build_base': '/home/orin_nano/microros_ws/build/rosidl_typesupport_introspection_c', 'catkin_cmake_args': None, 'catkin_skip_building_tests': False, 'cmake_args': None, 'cmake_clean_cache': False, 'cmake_clean_first': False, 'cmake_force_configure': False, 'cmake_target': None, 'cmake_target_skip_unavailable': False, 'install_base': '/home/orin_nano/microros_ws/install/rosidl_typesupport_introspection_c', 'merge_install': False, 'path': '/home/orin_nano/microros_ws/rosidl-foxy/rosidl_typesupport_introspection_c', 'symlink_install': False, 'test_result_base': None}
[19.924s] Level 5:colcon.colcon_core.verb:set package 'micro_ros_utilities' build argument 'cmake_args' from command line to 'None'
[19.925s] Level 5:colcon.colcon_core.verb:set package 'micro_ros_utilities' build argument 'cmake_target' from command line to 'None'
[19.925s] Level 5:colcon.colcon_core.verb:set package 'micro_ros_utilities' build argument 'cmake_target_skip_unavailable' from command line to 'False'
[19.925s] Level 5:colcon.colcon_core.verb:set package 'micro_ros_utilities' build argument 'cmake_clean_cache' from command line to 'False'
[19.925s] Level 5:colcon.colcon_core.verb:set package 'micro_ros_utilities' build argument 'cmake_clean_first' from command line to 'False'
[19.925s] Level 5:colcon.colcon_core.verb:set package 'micro_ros_utilities' build argument 'cmake_force_configure' from command line to 'False'
[19.925s] Level 5:colcon.colcon_core.verb:set package 'micro_ros_utilities' build argument 'ament_cmake_args' from command line to 'None'
[19.925s] Level 5:colcon.colcon_core.verb:set package 'micro_ros_utilities' build argument 'catkin_cmake_args' from command line to 'None'
[19.925s] Level 5:colcon.colcon_core.verb:set package 'micro_ros_utilities' build argument 'catkin_skip_building_tests' from command line to 'False'
[19.925s] DEBUG:colcon.colcon_core.verb:Building package 'micro_ros_utilities' with the following arguments: {'ament_cmake_args': None, 'build_base': '/home/orin_nano/microros_ws/build/micro_ros_utilities', 'catkin_cmake_args': None, 'catkin_skip_building_tests': False, 'cmake_args': None, 'cmake_clean_cache': False, 'cmake_clean_first': False, 'cmake_force_configure': False, 'cmake_target': None, 'cmake_target_skip_unavailable': False, 'install_base': '/home/orin_nano/microros_ws/install/micro_ros_utilities', 'merge_install': False, 'path': '/home/orin_nano/microros_ws/micro_ros_utilities/micro_ros_utilities', 'symlink_install': False, 'test_result_base': None}
[20.166s] Level 5:colcon.colcon_core.verb:set package 'rosidl_generator_cpp' build argument 'cmake_args' from command line to 'None'
[20.167s] Level 5:colcon.colcon_core.verb:set package 'rosidl_generator_cpp' build argument 'cmake_target' from command line to 'None'
[20.167s] Level 5:colcon.colcon_core.verb:set package 'rosidl_generator_cpp' build argument 'cmake_target_skip_unavailable' from command line to 'False'
[20.167s] Level 5:colcon.colcon_core.verb:set package 'rosidl_generator_cpp' build argument 'cmake_clean_cache' from command line to 'False'
[20.167s] Level 5:colcon.colcon_core.verb:set package 'rosidl_generator_cpp' build argument 'cmake_clean_first' from command line to 'False'
[20.167s] Level 5:colcon.colcon_core.verb:set package 'rosidl_generator_cpp' build argument 'cmake_force_configure' from command line to 'False'
[20.167s] Level 5:colcon.colcon_core.verb:set package 'rosidl_generator_cpp' build argument 'ament_cmake_args' from command line to 'None'
[20.167s] Level 5:colcon.colcon_core.verb:set package 'rosidl_generator_cpp' build argument 'catkin_cmake_args' from command line to 'None'
[20.167s] Level 5:colcon.colcon_core.verb:set package 'rosidl_generator_cpp' build argument 'catkin_skip_building_tests' from command line to 'False'
[20.167s] DEBUG:colcon.colcon_core.verb:Building package 'rosidl_generator_cpp' with the following arguments: {'ament_cmake_args': None, 'build_base': '/home/orin_nano/microros_ws/build/rosidl_generator_cpp', 'catkin_cmake_args': None, 'catkin_skip_building_tests': False, 'cmake_args': None, 'cmake_clean_cache': False, 'cmake_clean_first': False, 'cmake_force_configure': False, 'cmake_target': None, 'cmake_target_skip_unavailable': False, 'install_base': '/home/orin_nano/microros_ws/install/rosidl_generator_cpp', 'merge_install': False, 'path': '/home/orin_nano/microros_ws/rosidl-foxy/rosidl_generator_cpp', 'symlink_install': False, 'test_result_base': None}
[20.408s] Level 5:colcon.colcon_core.verb:set package 'rosidl_typesupport_introspection_cpp' build argument 'cmake_args' from command line to 'None'
[20.409s] Level 5:colcon.colcon_core.verb:set package 'rosidl_typesupport_introspection_cpp' build argument 'cmake_target' from command line to 'None'
[20.409s] Level 5:colcon.colcon_core.verb:set package 'rosidl_typesupport_introspection_cpp' build argument 'cmake_target_skip_unavailable' from command line to 'False'
[20.409s] Level 5:colcon.colcon_core.verb:set package 'rosidl_typesupport_introspection_cpp' build argument 'cmake_clean_cache' from command line to 'False'
[20.409s] Level 5:colcon.colcon_core.verb:set package 'rosidl_typesupport_introspection_cpp' build argument 'cmake_clean_first' from command line to 'False'
[20.409s] Level 5:colcon.colcon_core.verb:set package 'rosidl_typesupport_introspection_cpp' build argument 'cmake_force_configure' from command line to 'False'
[20.409s] Level 5:colcon.colcon_core.verb:set package 'rosidl_typesupport_introspection_cpp' build argument 'ament_cmake_args' from command line to 'None'
[20.409s] Level 5:colcon.colcon_core.verb:set package 'rosidl_typesupport_introspection_cpp' build argument 'catkin_cmake_args' from command line to 'None'
[20.409s] Level 5:colcon.colcon_core.verb:set package 'rosidl_typesupport_introspection_cpp' build argument 'catkin_skip_building_tests' from command line to 'False'
[20.409s] DEBUG:colcon.colcon_core.verb:Building package 'rosidl_typesupport_introspection_cpp' with the following arguments: {'ament_cmake_args': None, 'build_base': '/home/orin_nano/microros_ws/build/rosidl_typesupport_introspection_cpp', 'catkin_cmake_args': None, 'catkin_skip_building_tests': False, 'cmake_args': None, 'cmake_clean_cache': False, 'cmake_clean_first': False, 'cmake_force_configure': False, 'cmake_target': None, 'cmake_target_skip_unavailable': False, 'install_base': '/home/orin_nano/microros_ws/install/rosidl_typesupport_introspection_cpp', 'merge_install': False, 'path': '/home/orin_nano/microros_ws/rosidl-foxy/rosidl_typesupport_introspection_cpp', 'symlink_install': False, 'test_result_base': None}
[20.651s] INFO:colcon.colcon_core.executor:Executing jobs using 'parallel' executor
[20.894s] DEBUG:colcon.colcon_parallel_executor.executor.parallel:run_until_complete
[20.895s] INFO:colcon.colcon_ros.task.ament_cmake.build:Building ROS package in '/home/orin_nano/microros_ws/rosidl-foxy/rosidl_adapter' with build type 'ament_cmake'
[20.895s] INFO:colcon.colcon_cmake.task.cmake.build:Building CMake package in '/home/orin_nano/microros_ws/rosidl-foxy/rosidl_adapter'
[21.159s] INFO:colcon.colcon_core.plugin_system:Skipping extension 'colcon_core.shell.bat': Not used on non-Windows systems
[21.160s] INFO:colcon.colcon_core.shell:Skip shell extension 'powershell' for command environment: Not usable outside of PowerShell
[21.160s] DEBUG:colcon.colcon_core.shell:Skip shell extension 'dsv' for command environment
[22.162s] INFO:colcon.colcon_ros.task.ament_cmake.build:Building ROS package in '/home/orin_nano/microros_ws/rosidl-foxy/rosidl_typesupport_interface' with build type 'ament_cmake'
[22.162s] INFO:colcon.colcon_cmake.task.cmake.build:Building CMake package in '/home/orin_nano/microros_ws/rosidl-foxy/rosidl_typesupport_interface'
[22.416s] INFO:colcon.colcon_core.shell:Skip shell extension 'powershell' for command environment: Not usable outside of PowerShell
[22.416s] DEBUG:colcon.colcon_core.shell:Skip shell extension 'dsv' for command environment
[23.417s] INFO:colcon.colcon_ros.task.ament_cmake.build:Building ROS package in '/home/orin_nano/microros_ws/rosidl-foxy/rosidl_runtime_cpp' with build type 'ament_cmake'
[23.417s] INFO:colcon.colcon_cmake.task.cmake.build:Building CMake package in '/home/orin_nano/microros_ws/rosidl-foxy/rosidl_runtime_cpp'
[23.668s] INFO:colcon.colcon_core.shell:Skip shell extension 'powershell' for command environment: Not usable outside of PowerShell
[23.668s] DEBUG:colcon.colcon_core.shell:Skip shell extension 'dsv' for command environment
[24.668s] INFO:colcon.colcon_ros.task.ament_cmake.build:Building ROS package in '/home/orin_nano/microros_ws/src/uros/micro_ros_msgs' with build type 'ament_cmake'
[24.669s] INFO:colcon.colcon_cmake.task.cmake.build:Building CMake package in '/home/orin_nano/microros_ws/src/uros/micro_ros_msgs'
[24.919s] INFO:colcon.colcon_core.shell:Skip shell extension 'powershell' for command environment: Not usable outside of PowerShell
[24.920s] DEBUG:colcon.colcon_core.shell:Skip shell extension 'dsv' for command environment
[25.920s] INFO:colcon.colcon_ros.task.ament_cmake.build:Building ROS package in '/home/orin_nano/microros_ws/src/uros/drive_base/drive_base_msgs' with build type 'ament_cmake'
[25.920s] INFO:colcon.colcon_cmake.task.cmake.build:Building CMake package in '/home/orin_nano/microros_ws/src/uros/drive_base/drive_base_msgs'
[26.170s] INFO:colcon.colcon_core.shell:Skip shell extension 'powershell' for command environment: Not usable outside of PowerShell
[26.171s] DEBUG:colcon.colcon_core.shell:Skip shell extension 'dsv' for command environment
[27.167s] INFO:colcon.colcon_ros.task.ament_cmake.build:Building ROS package in '/home/orin_nano/microros_ws/src/micro_ros_setup' with build type 'ament_cmake'
[27.168s] INFO:colcon.colcon_cmake.task.cmake.build:Building CMake package in '/home/orin_nano/microros_ws/src/micro_ros_setup'
[27.417s] INFO:colcon.colcon_core.shell:Skip shell extension 'powershell' for command environment: Not usable outside of PowerShell
[27.417s] DEBUG:colcon.colcon_core.shell:Skip shell extension 'dsv' for command environment
[28.423s] DEBUG:colcon.colcon_core.event_handler.log_command:Invoking command in '/home/orin_nano/microros_ws/build/rosidl_adapter': CMAKE_PREFIX_PATH=${CMAKE_PREFIX_PATH}:/opt/ros/foxy /usr/bin/cmake /home/orin_nano/microros_ws/rosidl-foxy/rosidl_adapter -DCMAKE_INSTALL_PREFIX=/home/orin_nano/microros_ws/install/rosidl_adapter
[28.440s] DEBUG:colcon.colcon_core.event_handler.log_command:Invoking command in '/home/orin_nano/microros_ws/build/rosidl_typesupport_interface': CMAKE_PREFIX_PATH=${CMAKE_PREFIX_PATH}:/opt/ros/foxy /usr/bin/cmake /home/orin_nano/microros_ws/rosidl-foxy/rosidl_typesupport_interface -DCMAKE_INSTALL_PREFIX=/home/orin_nano/microros_ws/install/rosidl_typesupport_interface
[28.448s] DEBUG:colcon.colcon_core.event_handler.log_command:Invoking command in '/home/orin_nano/microros_ws/build/rosidl_runtime_cpp': CMAKE_PREFIX_PATH=${CMAKE_PREFIX_PATH}:/opt/ros/foxy /usr/bin/cmake /home/orin_nano/microros_ws/rosidl-foxy/rosidl_runtime_cpp -DCMAKE_INSTALL_PREFIX=/home/orin_nano/microros_ws/install/rosidl_runtime_cpp
[28.458s] DEBUG:colcon.colcon_core.event_handler.log_command:Invoking command in '/home/orin_nano/microros_ws/build/micro_ros_msgs': CMAKE_PREFIX_PATH=${CMAKE_PREFIX_PATH}:/opt/ros/foxy /usr/bin/cmake /home/orin_nano/microros_ws/src/uros/micro_ros_msgs -DCMAKE_INSTALL_PREFIX=/home/orin_nano/microros_ws/install/micro_ros_msgs
[28.466s] DEBUG:colcon.colcon_core.event_handler.log_command:Invoking command in '/home/orin_nano/microros_ws/build/drive_base_msgs': CMAKE_PREFIX_PATH=${CMAKE_PREFIX_PATH}:/opt/ros/foxy /usr/bin/cmake /home/orin_nano/microros_ws/src/uros/drive_base/drive_base_msgs -DCMAKE_INSTALL_PREFIX=/home/orin_nano/microros_ws/install/drive_base_msgs
[28.476s] DEBUG:colcon.colcon_core.event_handler.log_command:Invoking command in '/home/orin_nano/microros_ws/build/micro_ros_setup': CMAKE_PREFIX_PATH=${CMAKE_PREFIX_PATH}:/opt/ros/foxy /usr/bin/cmake --build /home/orin_nano/microros_ws/build/micro_ros_setup -- -j6 -l6
[30.138s] DEBUG:colcon.colcon_core.event_handler.log_command:Invoked command in '/home/orin_nano/microros_ws/build/rosidl_runtime_cpp' returned '1': CMAKE_PREFIX_PATH=${CMAKE_PREFIX_PATH}:/opt/ros/foxy /usr/bin/cmake /home/orin_nano/microros_ws/rosidl-foxy/rosidl_runtime_cpp -DCMAKE_INSTALL_PREFIX=/home/orin_nano/microros_ws/install/rosidl_runtime_cpp
[30.152s] DEBUG:colcon.colcon_core.event_handler.log_command:Invoked command in '/home/orin_nano/microros_ws/build/micro_ros_setup' returned '0': CMAKE_PREFIX_PATH=${CMAKE_PREFIX_PATH}:/opt/ros/foxy /usr/bin/cmake --build /home/orin_nano/microros_ws/build/micro_ros_setup -- -j6 -l6
[30.171s] Level 1:colcon.colcon_core.environment:create_environment_scripts_only(rosidl_runtime_cpp)
[30.463s] Level 1:colcon.colcon_core.environment:checking '/home/orin_nano/microros_ws/install/rosidl_runtime_cpp' for CMake module files
[30.464s] Level 1:colcon.colcon_core.environment:checking '/home/orin_nano/microros_ws/install/rosidl_runtime_cpp' for CMake config files
[30.466s] Level 1:colcon.colcon_core.environment:checking '/home/orin_nano/microros_ws/install/rosidl_runtime_cpp/bin'
[30.466s] Level 1:colcon.colcon_core.environment:checking '/home/orin_nano/microros_ws/install/rosidl_runtime_cpp/lib/pkgconfig/rosidl_runtime_cpp.pc'
[30.466s] Level 1:colcon.colcon_core.environment:checking '/home/orin_nano/microros_ws/install/rosidl_runtime_cpp/lib/python3.8/site-packages'
[30.467s] Level 1:colcon.colcon_core.environment:checking '/home/orin_nano/microros_ws/install/rosidl_runtime_cpp/bin'
[30.739s] INFO:colcon.colcon_core.shell:Creating package script '/home/orin_nano/microros_ws/install/rosidl_runtime_cpp/share/rosidl_runtime_cpp/package.ps1'
[30.741s] INFO:colcon.colcon_core.shell:Creating package descriptor '/home/orin_nano/microros_ws/install/rosidl_runtime_cpp/share/rosidl_runtime_cpp/package.dsv'
[30.742s] INFO:colcon.colcon_core.shell:Creating package script '/home/orin_nano/microros_ws/install/rosidl_runtime_cpp/share/rosidl_runtime_cpp/package.sh'
[30.743s] INFO:colcon.colcon_core.shell:Creating package script '/home/orin_nano/microros_ws/install/rosidl_runtime_cpp/share/rosidl_runtime_cpp/package.bash'
[30.745s] INFO:colcon.colcon_core.shell:Creating package script '/home/orin_nano/microros_ws/install/rosidl_runtime_cpp/share/rosidl_runtime_cpp/package.zsh'
[30.747s] Level 1:colcon.colcon_core.environment:create_file_with_runtime_dependencies(/home/orin_nano/microros_ws/install/rosidl_runtime_cpp/share/colcon-core/packages/rosidl_runtime_cpp)
[31.988s] DEBUG:colcon.colcon_parallel_executor.executor.parallel:closing loop
[31.989s] DEBUG:colcon.colcon_parallel_executor.executor.parallel:loop closed
[31.989s] DEBUG:colcon.colcon_parallel_executor.executor.parallel:run_until_complete finished with '1'
[31.990s] DEBUG:colcon.colcon_core.event_reactor:joining thread
[32.262s] INFO:colcon.colcon_core.plugin_system:Skipping extension 'colcon_notification.desktop_notification.terminal_notifier': Not used on non-Darwin systems
[32.262s] INFO:colcon.colcon_core.plugin_system:Skipping extension 'colcon_notification.desktop_notification.win32': Not used on non-Windows systems
[32.262s] INFO:colcon.colcon_notification.desktop_notification:Sending desktop notification using 'notify2'
[32.299s] DEBUG:colcon.colcon_core.event_reactor:joined thread
[32.550s] INFO:colcon.colcon_core.shell:Creating prefix script '/home/orin_nano/microros_ws/install/local_setup.ps1'
[32.553s] INFO:colcon.colcon_core.shell:Creating prefix util module '/home/orin_nano/microros_ws/install/_local_setup_util_ps1.py'
[32.556s] INFO:colcon.colcon_core.shell:Creating prefix chain script '/home/orin_nano/microros_ws/install/setup.ps1'
[32.805s] INFO:colcon.colcon_core.shell:Creating prefix script '/home/orin_nano/microros_ws/install/local_setup.sh'
[32.806s] INFO:colcon.colcon_core.shell:Creating prefix util module '/home/orin_nano/microros_ws/install/_local_setup_util_sh.py'
[32.807s] INFO:colcon.colcon_core.shell:Creating prefix chain script '/home/orin_nano/microros_ws/install/setup.sh'
[33.055s] INFO:colcon.colcon_core.shell:Creating prefix script '/home/orin_nano/microros_ws/install/local_setup.bash'
[33.056s] INFO:colcon.colcon_core.shell:Creating prefix chain script '/home/orin_nano/microros_ws/install/setup.bash'
[33.303s] INFO:colcon.colcon_core.shell:Creating prefix script '/home/orin_nano/microros_ws/install/local_setup.zsh'
[33.304s] INFO:colcon.colcon_core.shell:Creating prefix chain script '/home/orin_nano/microros_ws/install/setup.zsh'
